2022-02-26T07:14:52.089Z - info: Website generation (lazy) started at 3:14:47 pm
2022-02-26T07:14:58.408Z - info: Building assets...
2022-02-26T07:15:03.879Z - info: Assets built
2022-02-26T07:15:03.879Z - info: Generating landing page...
2022-02-26T07:15:05.821Z - info: Landing page built, other pages will be built as you navigate to them!
2022-02-26T07:15:06.883Z - info: Site data built
2022-02-26T07:15:06.883Z - info: Website generation (lazy) complete! Total build time: 19.554s
2022-02-26T07:15:07.680Z - info: Serving "C:\repos\nus-cs2103\cs2103-website-base\_site" at http://127.0.0.1:8080
2022-02-26T07:15:07.680Z - info: Press CTRL+C to stop ...
2022-02-26T07:16:47.797Z - info: Building C:\repos\nus-cs2103\cs2103-website-base\admin\mid-semester-survey-results as some of its dependencies were changed since the last visit
2022-02-26T07:16:48.320Z - info: Site data built
2022-02-26T07:16:48.320Z - info: Lazy website regeneration complete! Total build time: 0.524s
2022-02-26T07:25:43.113Z - info: [3:25:43 pm] Reload for file change: C:\repos\nus-cs2103\cs2103-website-base\admin\mid-semester-survey-results.md
2022-02-26T07:25:43.114Z - info: Synchronizing opened pages list before reload
2022-02-26T07:25:43.114Z - info: Current opened pages, from most-to-least recent:
2022-02-26T07:25:43.114Z - info: 1. admin/mid-semester-survey-results
2022-02-26T07:25:44.128Z - info: Rebuilding 1 pages
2022-02-26T07:25:44.272Z - info: Site data built
2022-02-26T07:25:44.272Z - info: Pages rebuilt
2022-02-26T07:25:44.272Z - info: Website regeneration complete! Total build time: 0.146s
2022-02-26T07:26:41.398Z - info: [3:26:41 pm] Reload for file change: C:\repos\nus-cs2103\cs2103-website-base\admin\mid-semester-survey-results.md
2022-02-26T07:26:41.399Z - info: Synchronizing opened pages list before reload
2022-02-26T07:26:41.399Z - info: Current opened pages, from most-to-least recent:
2022-02-26T07:26:41.399Z - info: 1. admin/mid-semester-survey-results
2022-02-26T07:26:42.402Z - info: Rebuilding 1 pages
2022-02-26T07:26:42.602Z - info: Site data built
2022-02-26T07:26:42.602Z - info: Pages rebuilt
2022-02-26T07:26:42.602Z - info: Website regeneration complete! Total build time: 0.202s
2022-02-26T07:36:21.785Z - info: [3:36:21 pm] Reload for file change: C:\repos\nus-cs2103\cs2103-website-base\admin\mid-semester-survey-results.md
2022-02-26T07:36:21.785Z - info: Synchronizing opened pages list before reload
2022-02-26T07:36:21.785Z - info: Current opened pages, from most-to-least recent:
2022-02-26T07:36:21.785Z - info: 1. admin/mid-semester-survey-results
2022-02-26T07:36:22.795Z - info: Rebuilding 1 pages
2022-02-26T07:36:22.966Z - info: Site data built
2022-02-26T07:36:22.966Z - info: Pages rebuilt
2022-02-26T07:36:22.966Z - info: Website regeneration complete! Total build time: 0.172s
2022-02-26T07:40:15.431Z - info: [3:40:15 pm] Reload for file change: C:\repos\nus-cs2103\cs2103-website-base\admin\mid-semester-survey-results.md
2022-02-26T07:40:15.431Z - info: Synchronizing opened pages list before reload
2022-02-26T07:40:15.431Z - info: Current opened pages, from most-to-least recent:
2022-02-26T07:40:15.431Z - info: 1. admin/mid-semester-survey-results
2022-02-26T07:40:16.439Z - info: Rebuilding 1 pages
2022-02-26T07:40:16.576Z - info: Site data built
2022-02-26T07:40:16.576Z - info: Pages rebuilt
2022-02-26T07:40:16.577Z - info: Website regeneration complete! Total build time: 0.138s
2022-02-26T07:50:36.109Z - info: [3:50:36 pm] Reload for file change: C:\repos\nus-cs2103\cs2103-website-base\admin\mid-semester-survey-results.md
2022-02-26T07:50:36.109Z - info: Synchronizing opened pages list before reload
2022-02-26T07:50:36.109Z - info: Current opened pages, from most-to-least recent:
2022-02-26T07:50:36.110Z - info: 1. admin/mid-semester-survey-results
2022-02-26T07:50:37.126Z - info: Rebuilding 1 pages
2022-02-26T07:50:37.285Z - info: Site data built
2022-02-26T07:50:37.285Z - info: Pages rebuilt
2022-02-26T07:50:37.285Z - info: Website regeneration complete! Total build time: 0.159s
2022-02-26T07:52:33.792Z - info: [3:52:33 pm] Reload for file change: C:\repos\nus-cs2103\cs2103-website-base\admin\mid-semester-survey-results.md
2022-02-26T07:52:33.792Z - info: Synchronizing opened pages list before reload
2022-02-26T07:52:33.793Z - info: Current opened pages, from most-to-least recent:
2022-02-26T07:52:33.793Z - info: 1. admin/mid-semester-survey-results
2022-02-26T07:52:34.799Z - info: Rebuilding 1 pages
2022-02-26T07:52:34.953Z - info: Site data built
2022-02-26T07:52:34.954Z - info: Pages rebuilt
2022-02-26T07:52:34.954Z - info: Website regeneration complete! Total build time: 0.158s
2022-02-26T07:53:17.343Z - info: [3:53:17 pm] Reload for file change: C:\repos\nus-cs2103\cs2103-website-base\admin\mid-semester-survey-results.md
2022-02-26T07:53:17.343Z - info: Synchronizing opened pages list before reload
2022-02-26T07:53:17.344Z - info: Current opened pages, from most-to-least recent:
2022-02-26T07:53:17.344Z - info: 1. admin/mid-semester-survey-results
2022-02-26T07:53:18.363Z - info: Rebuilding 1 pages
2022-02-26T07:53:18.629Z - info: Site data built
2022-02-26T07:53:18.629Z - info: Pages rebuilt
2022-02-26T07:53:18.629Z - info: Website regeneration complete! Total build time: 0.269s
2022-02-26T07:53:57.553Z - info: [3:53:57 pm] Reload for file change: C:\repos\nus-cs2103\cs2103-website-base\admin\mid-semester-survey-results.md
2022-02-26T07:53:57.553Z - info: Synchronizing opened pages list before reload
2022-02-26T07:53:57.553Z - info: Current opened pages, from most-to-least recent:
2022-02-26T07:53:57.553Z - info: 1. admin/mid-semester-survey-results
2022-02-26T07:53:58.564Z - info: Rebuilding 1 pages
2022-02-26T07:53:58.721Z - info: Site data built
2022-02-26T07:53:58.721Z - info: Pages rebuilt
2022-02-26T07:53:58.721Z - info: Website regeneration complete! Total build time: 0.159s
2022-02-26T07:56:40.140Z - info: [3:56:40 pm] Reload for file change: C:\repos\nus-cs2103\cs2103-website-base\admin\mid-semester-survey-results.md
2022-02-26T07:56:40.140Z - info: Synchronizing opened pages list before reload
2022-02-26T07:56:40.141Z - info: Current opened pages, from most-to-least recent:
2022-02-26T07:56:40.141Z - info: 1. admin/mid-semester-survey-results
2022-02-26T07:56:41.148Z - info: Rebuilding 1 pages
2022-02-26T07:56:41.311Z - info: Site data built
2022-02-26T07:56:41.311Z - info: Pages rebuilt
2022-02-26T07:56:41.311Z - info: Website regeneration complete! Total build time: 0.165s
2022-02-26T07:57:08.946Z - info: [3:57:08 pm] Reload for file change: C:\repos\nus-cs2103\cs2103-website-base\admin\mid-semester-survey-results.md
2022-02-26T07:57:08.946Z - info: Synchronizing opened pages list before reload
2022-02-26T07:57:08.946Z - info: Current opened pages, from most-to-least recent:
2022-02-26T07:57:08.946Z - info: 1. admin/mid-semester-survey-results
2022-02-26T07:57:09.955Z - info: Rebuilding 1 pages
2022-02-26T07:57:10.238Z - info: Site data built
2022-02-26T07:57:10.238Z - info: Pages rebuilt
2022-02-26T07:57:10.238Z - info: Website regeneration complete! Total build time: 0.285s
2022-02-26T08:02:05.328Z - info: [4:02:05 pm] Reload for file change: C:\repos\nus-cs2103\cs2103-website-base\admin\mid-semester-survey-results.md
2022-02-26T08:02:05.328Z - info: Synchronizing opened pages list before reload
2022-02-26T08:02:05.328Z - info: Current opened pages, from most-to-least recent:
2022-02-26T08:02:05.328Z - info: 1. admin/mid-semester-survey-results
2022-02-26T08:02:06.345Z - info: Rebuilding 1 pages
2022-02-26T08:02:06.512Z - info: Site data built
2022-02-26T08:02:06.512Z - info: Pages rebuilt
2022-02-26T08:02:06.512Z - info: Website regeneration complete! Total build time: 0.169s
2022-02-26T08:05:31.890Z - info: [4:05:31 pm] Reload for file change: C:\repos\nus-cs2103\cs2103-website-base\admin\mid-semester-survey-results.md
2022-02-26T08:05:31.890Z - info: Synchronizing opened pages list before reload
2022-02-26T08:05:31.890Z - info: Current opened pages, from most-to-least recent:
2022-02-26T08:05:31.890Z - info: 1. admin/mid-semester-survey-results
2022-02-26T08:05:32.900Z - info: Rebuilding 1 pages
2022-02-26T08:05:33.065Z - info: Site data built
2022-02-26T08:05:33.065Z - info: Pages rebuilt
2022-02-26T08:05:33.065Z - info: Website regeneration complete! Total build time: 0.168s
2022-02-26T08:09:18.281Z - info: [4:09:18 pm] Reload for file change: C:\repos\nus-cs2103\cs2103-website-base\admin\mid-semester-survey-results.md
2022-02-26T08:09:18.281Z - info: Synchronizing opened pages list before reload
2022-02-26T08:09:18.281Z - info: Current opened pages, from most-to-least recent:
2022-02-26T08:09:18.281Z - info: 1. admin/mid-semester-survey-results
2022-02-26T08:09:19.299Z - info: Rebuilding 1 pages
2022-02-26T08:09:19.477Z - info: Site data built
2022-02-26T08:09:19.477Z - info: Pages rebuilt
2022-02-26T08:09:19.477Z - info: Website regeneration complete! Total build time: 0.179s
2022-02-26T08:09:37.112Z - info: [4:09:37 pm] Reload for file change: C:\repos\nus-cs2103\cs2103-website-base\admin\mid-semester-survey-results.md
2022-02-26T08:09:37.112Z - info: Synchronizing opened pages list before reload
2022-02-26T08:09:37.113Z - info: Current opened pages, from most-to-least recent:
2022-02-26T08:09:37.113Z - info: 1. admin/mid-semester-survey-results
2022-02-26T08:09:38.116Z - info: Rebuilding 1 pages
2022-02-26T08:09:38.378Z - info: Site data built
2022-02-26T08:09:38.379Z - info: Pages rebuilt
2022-02-26T08:09:38.379Z - info: Website regeneration complete! Total build time: 0.264s
2022-02-26T08:10:58.075Z - info: [4:10:58 pm] Reload for file change: C:\repos\nus-cs2103\cs2103-website-base\admin\mid-semester-survey-results.md
2022-02-26T08:10:58.075Z - info: Synchronizing opened pages list before reload
2022-02-26T08:10:58.075Z - info: Current opened pages, from most-to-least recent:
2022-02-26T08:10:58.075Z - info: 1. admin/mid-semester-survey-results
2022-02-26T08:10:59.091Z - info: Rebuilding 1 pages
2022-02-26T08:10:59.245Z - info: Site data built
2022-02-26T08:10:59.245Z - info: Pages rebuilt
2022-02-26T08:10:59.245Z - info: Website regeneration complete! Total build time: 0.155s
2022-02-26T08:12:47.129Z - info: [4:12:47 pm] Reload for file change: C:\repos\nus-cs2103\cs2103-website-base\admin\mid-semester-survey-results.md
2022-02-26T08:12:47.129Z - info: Synchronizing opened pages list before reload
2022-02-26T08:12:47.129Z - info: Current opened pages, from most-to-least recent:
2022-02-26T08:12:47.129Z - info: 1. admin/mid-semester-survey-results
2022-02-26T08:12:48.134Z - info: Rebuilding 1 pages
2022-02-26T08:12:48.307Z - info: Site data built
2022-02-26T08:12:48.307Z - info: Pages rebuilt
2022-02-26T08:12:48.307Z - info: Website regeneration complete! Total build time: 0.176s
2022-02-26T08:14:36.952Z - info: [4:14:36 pm] Reload for file change: C:\repos\nus-cs2103\cs2103-website-base\admin\mid-semester-survey-results.md
2022-02-26T08:14:36.952Z - info: Synchronizing opened pages list before reload
2022-02-26T08:14:36.952Z - info: Current opened pages, from most-to-least recent:
2022-02-26T08:14:36.952Z - info: 1. admin/mid-semester-survey-results
2022-02-26T08:14:37.962Z - info: Rebuilding 1 pages
2022-02-26T08:14:38.215Z - info: Site data built
2022-02-26T08:14:38.215Z - info: Pages rebuilt
2022-02-26T08:14:38.215Z - info: Website regeneration complete! Total build time: 0.255s
2022-02-26T08:24:37.391Z - info: [4:24:37 pm] Reload for file change: C:\repos\nus-cs2103\cs2103-website-base\admin\mid-semester-survey-results.md
2022-02-26T08:24:37.392Z - info: Synchronizing opened pages list before reload
2022-02-26T08:24:37.392Z - info: Current opened pages, from most-to-least recent:
2022-02-26T08:24:37.392Z - info: 1. admin/mid-semester-survey-results
2022-02-26T08:24:38.405Z - info: Rebuilding 1 pages
2022-02-26T08:24:38.612Z - info: Site data built
2022-02-26T08:24:38.612Z - info: Pages rebuilt
2022-02-26T08:24:38.612Z - info: Website regeneration complete! Total build time: 0.209s
2022-02-26T08:25:18.959Z - info: [4:25:18 pm] Reload for file change: C:\repos\nus-cs2103\cs2103-website-base\admin\mid-semester-survey-results.md
2022-02-26T08:25:18.960Z - info: Synchronizing opened pages list before reload
2022-02-26T08:25:18.960Z - info: Current opened pages, from most-to-least recent:
2022-02-26T08:25:18.960Z - info: 1. admin/mid-semester-survey-results
2022-02-26T08:25:19.967Z - info: Rebuilding 1 pages
2022-02-26T08:25:20.142Z - info: Site data built
2022-02-26T08:25:20.142Z - info: Pages rebuilt
2022-02-26T08:25:20.142Z - info: Website regeneration complete! Total build time: 0.177s
2022-02-26T08:25:58.969Z - info: [4:25:58 pm] Reload for file change: C:\repos\nus-cs2103\cs2103-website-base\admin\mid-semester-survey-results.md
2022-02-26T08:25:58.969Z - info: Synchronizing opened pages list before reload
2022-02-26T08:25:58.969Z - info: Current opened pages, from most-to-least recent:
2022-02-26T08:25:58.970Z - info: 1. admin/mid-semester-survey-results
2022-02-26T08:25:59.973Z - info: Rebuilding 1 pages
2022-02-26T08:26:00.284Z - info: Site data built
2022-02-26T08:26:00.284Z - info: Pages rebuilt
2022-02-26T08:26:00.284Z - info: Website regeneration complete! Total build time: 0.312s
2022-02-26T08:34:02.650Z - info: [4:34:02 pm] Reload for file change: C:\repos\nus-cs2103\cs2103-website-base\admin\mid-semester-survey-results.md
2022-02-26T08:34:02.650Z - info: Synchronizing opened pages list before reload
2022-02-26T08:34:02.650Z - info: Current opened pages, from most-to-least recent:
2022-02-26T08:34:02.650Z - info: 1. admin/mid-semester-survey-results
2022-02-26T08:34:03.664Z - info: Rebuilding 1 pages
2022-02-26T08:34:03.836Z - info: Site data built
2022-02-26T08:34:03.836Z - info: Pages rebuilt
2022-02-26T08:34:03.837Z - info: Website regeneration complete! Total build time: 0.174s
2022-02-26T08:35:41.978Z - info: [4:35:41 pm] Reload for file change: C:\repos\nus-cs2103\cs2103-website-base\admin\mid-semester-survey-results.md
2022-02-26T08:35:41.978Z - info: Synchronizing opened pages list before reload
2022-02-26T08:35:41.978Z - info: Current opened pages, from most-to-least recent:
2022-02-26T08:35:41.978Z - info: 1. admin/mid-semester-survey-results
2022-02-26T08:35:42.986Z - info: Rebuilding 1 pages
2022-02-26T08:35:43.152Z - info: Site data built
2022-02-26T08:35:43.152Z - info: Pages rebuilt
2022-02-26T08:35:43.152Z - info: Website regeneration complete! Total build time: 0.167s
2022-02-26T08:43:08.794Z - info: [4:43:08 pm] Reload for file change: C:\repos\nus-cs2103\cs2103-website-base\admin\mid-semester-survey-results.md
2022-02-26T08:43:08.794Z - info: Synchronizing opened pages list before reload
2022-02-26T08:43:08.794Z - info: Current opened pages, from most-to-least recent:
2022-02-26T08:43:08.794Z - info: 1. admin/mid-semester-survey-results
2022-02-26T08:43:09.802Z - info: Rebuilding 1 pages
2022-02-26T08:43:10.022Z - info: Site data built
2022-02-26T08:43:10.022Z - info: Pages rebuilt
2022-02-26T08:43:10.022Z - info: Website regeneration complete! Total build time: 0.222s
2022-02-26T08:50:01.025Z - info: [4:50:01 pm] Reload for file change: C:\repos\nus-cs2103\cs2103-website-base\admin\mid-semester-survey-results.md
2022-02-26T08:50:01.026Z - info: Synchronizing opened pages list before reload
2022-02-26T08:50:01.026Z - info: Current opened pages, from most-to-least recent:
2022-02-26T08:50:01.026Z - info: 1. admin/mid-semester-survey-results
2022-02-26T08:50:02.038Z - info: Rebuilding 1 pages
2022-02-26T08:50:02.335Z - info: Site data built
2022-02-26T08:50:02.335Z - info: Pages rebuilt
2022-02-26T08:50:02.335Z - info: Website regeneration complete! Total build time: 0.299s
2022-02-26T08:53:02.485Z - info: [4:53:02 pm] Reload for file change: C:\repos\nus-cs2103\cs2103-website-base\admin\mid-semester-survey-results.md
2022-02-26T08:53:02.485Z - info: Synchronizing opened pages list before reload
2022-02-26T08:53:02.485Z - info: Current opened pages, from most-to-least recent:
2022-02-26T08:53:02.485Z - info: 1. admin/mid-semester-survey-results
2022-02-26T08:53:03.502Z - info: Rebuilding 1 pages
2022-02-26T08:53:03.698Z - info: Site data built
2022-02-26T08:53:03.699Z - info: Pages rebuilt
2022-02-26T08:53:03.699Z - info: Website regeneration complete! Total build time: 0.2s
2022-02-26T08:53:25.401Z - info: [4:53:25 pm] Reload for file change: C:\repos\nus-cs2103\cs2103-website-base\admin\mid-semester-survey-results.md
2022-02-26T08:53:25.401Z - info: Synchronizing opened pages list before reload
2022-02-26T08:53:25.401Z - info: Current opened pages, from most-to-least recent:
2022-02-26T08:53:25.401Z - info: 1. admin/mid-semester-survey-results
2022-02-26T08:53:26.406Z - info: Rebuilding 1 pages
2022-02-26T08:53:26.580Z - info: Site data built
2022-02-26T08:53:26.580Z - info: Pages rebuilt
2022-02-26T08:53:26.580Z - info: Website regeneration complete! Total build time: 0.176s
2022-02-26T08:53:49.470Z - info: [4:53:49 pm] Reload for file change: C:\repos\nus-cs2103\cs2103-website-base\admin\mid-semester-survey-results.md
2022-02-26T08:53:49.470Z - info: Synchronizing opened pages list before reload
2022-02-26T08:53:49.470Z - info: Current opened pages, from most-to-least recent:
2022-02-26T08:53:49.470Z - info: 1. admin/mid-semester-survey-results
2022-02-26T08:53:50.488Z - info: Rebuilding 1 pages
2022-02-26T08:53:50.678Z - info: Site data built
2022-02-26T08:53:50.678Z - info: Pages rebuilt
2022-02-26T08:53:50.678Z - info: Website regeneration complete! Total build time: 0.192s
2022-02-26T09:05:33.630Z - info: [5:05:33 pm] Reload for file change: C:\repos\nus-cs2103\cs2103-website-base\admin\mid-semester-survey-results.md
2022-02-26T09:05:33.630Z - info: Synchronizing opened pages list before reload
2022-02-26T09:05:33.630Z - info: Current opened pages, from most-to-least recent:
2022-02-26T09:05:33.630Z - info: 1. admin/mid-semester-survey-results
2022-02-26T09:05:34.636Z - info: Rebuilding 1 pages
2022-02-26T09:05:34.807Z - info: Site data built
2022-02-26T09:05:34.808Z - info: Pages rebuilt
2022-02-26T09:05:34.808Z - info: Website regeneration complete! Total build time: 0.175s
2022-02-26T09:08:47.747Z - info: [5:08:47 pm] Reload for file change: C:\repos\nus-cs2103\cs2103-website-base\admin\mid-semester-survey-results.md
2022-02-26T09:08:47.748Z - info: Synchronizing opened pages list before reload
2022-02-26T09:08:47.748Z - info: Current opened pages, from most-to-least recent:
2022-02-26T09:08:47.748Z - info: 1. admin/mid-semester-survey-results
2022-02-26T09:08:48.758Z - info: Rebuilding 1 pages
2022-02-26T09:08:48.928Z - info: Site data built
2022-02-26T09:08:48.928Z - info: Pages rebuilt
2022-02-26T09:08:48.928Z - info: Website regeneration complete! Total build time: 0.17s
2022-02-26T09:11:42.636Z - info: [5:11:42 pm] Reload for file change: C:\repos\nus-cs2103\cs2103-website-base\admin\mid-semester-survey-results.md
2022-02-26T09:11:42.636Z - info: Synchronizing opened pages list before reload
2022-02-26T09:11:42.636Z - info: Current opened pages, from most-to-least recent:
2022-02-26T09:11:42.636Z - info: 1. admin/mid-semester-survey-results
2022-02-26T09:11:43.640Z - info: Rebuilding 1 pages
2022-02-26T09:11:43.828Z - info: Site data built
2022-02-26T09:11:43.828Z - info: Pages rebuilt
2022-02-26T09:11:43.828Z - info: Website regeneration complete! Total build time: 0.19s
2022-02-26T09:12:48.291Z - info: [5:12:48 pm] Reload for file change: C:\repos\nus-cs2103\cs2103-website-base\admin\mid-semester-survey-results.md
2022-02-26T09:12:48.291Z - info: Synchronizing opened pages list before reload
2022-02-26T09:12:48.291Z - info: Current opened pages, from most-to-least recent:
2022-02-26T09:12:48.291Z - info: 1. admin/mid-semester-survey-results
2022-02-26T09:12:49.303Z - info: Rebuilding 1 pages
2022-02-26T09:12:49.491Z - info: Site data built
2022-02-26T09:12:49.491Z - info: Pages rebuilt
2022-02-26T09:12:49.491Z - info: Website regeneration complete! Total build time: 0.19s
2022-02-26T09:13:27.272Z - info: [5:13:27 pm] Reload for file change: C:\repos\nus-cs2103\cs2103-website-base\admin\mid-semester-survey-results.md
2022-02-26T09:13:27.272Z - info: Synchronizing opened pages list before reload
2022-02-26T09:13:27.272Z - info: Current opened pages, from most-to-least recent:
2022-02-26T09:13:27.272Z - info: 1. admin/mid-semester-survey-results
2022-02-26T09:13:28.278Z - info: Rebuilding 1 pages
2022-02-26T09:13:28.564Z - info: Site data built
2022-02-26T09:13:28.565Z - info: Pages rebuilt
2022-02-26T09:13:28.565Z - info: Website regeneration complete! Total build time: 0.289s
2022-02-26T09:19:11.565Z - info: [5:19:11 pm] Reload for file change: C:\repos\nus-cs2103\cs2103-website-base\admin\mid-semester-survey-results.md
2022-02-26T09:19:11.565Z - info: Synchronizing opened pages list before reload
2022-02-26T09:19:11.565Z - info: Current opened pages, from most-to-least recent:
2022-02-26T09:19:11.566Z - info: 1. admin/mid-semester-survey-results
2022-02-26T09:19:12.575Z - info: Rebuilding 1 pages
2022-02-26T09:19:12.772Z - info: Site data built
2022-02-26T09:19:12.772Z - info: Pages rebuilt
2022-02-26T09:19:12.772Z - info: Website regeneration complete! Total build time: 0.198s
2022-02-26T09:22:17.325Z - info: [5:22:17 pm] Reload for file change: C:\repos\nus-cs2103\cs2103-website-base\admin\mid-semester-survey-results.md
2022-02-26T09:22:17.325Z - info: Synchronizing opened pages list before reload
2022-02-26T09:22:17.325Z - info: Current opened pages, from most-to-least recent:
2022-02-26T09:22:17.325Z - info: 1. admin/mid-semester-survey-results
2022-02-26T09:22:18.342Z - info: Rebuilding 1 pages
2022-02-26T09:22:18.524Z - info: Site data built
2022-02-26T09:22:18.524Z - info: Pages rebuilt
2022-02-26T09:22:18.524Z - info: Website regeneration complete! Total build time: 0.184s
2022-02-26T09:24:28.281Z - info: [5:24:28 pm] Reload for file change: C:\repos\nus-cs2103\cs2103-website-base\admin\mid-semester-survey-results.md
2022-02-26T09:24:28.281Z - info: Synchronizing opened pages list before reload
2022-02-26T09:24:28.281Z - info: Current opened pages, from most-to-least recent:
2022-02-26T09:24:28.281Z - info: 1. admin/mid-semester-survey-results
2022-02-26T09:24:29.291Z - info: Rebuilding 1 pages
2022-02-26T09:24:29.478Z - info: Site data built
2022-02-26T09:24:29.478Z - info: Pages rebuilt
2022-02-26T09:24:29.478Z - info: Website regeneration complete! Total build time: 0.188s
2022-02-26T09:26:27.279Z - info: [5:26:27 pm] Reload for file change: C:\repos\nus-cs2103\cs2103-website-base\admin\mid-semester-survey-results.md
2022-02-26T09:26:27.280Z - info: Synchronizing opened pages list before reload
2022-02-26T09:26:27.280Z - info: Current opened pages, from most-to-least recent:
2022-02-26T09:26:27.280Z - info: 1. admin/mid-semester-survey-results
2022-02-26T09:26:28.284Z - info: Rebuilding 1 pages
2022-02-26T09:26:28.471Z - info: Site data built
2022-02-26T09:26:28.472Z - info: Pages rebuilt
2022-02-26T09:26:28.472Z - info: Website regeneration complete! Total build time: 0.189s
2022-02-26T09:28:46.201Z - info: [5:28:46 pm] Reload for file change: C:\repos\nus-cs2103\cs2103-website-base\admin\mid-semester-survey-results.md
2022-02-26T09:28:46.201Z - info: Synchronizing opened pages list before reload
2022-02-26T09:28:46.201Z - info: Current opened pages, from most-to-least recent:
2022-02-26T09:28:46.201Z - info: 1. admin/mid-semester-survey-results
2022-02-26T09:28:47.206Z - info: Rebuilding 1 pages
2022-02-26T09:28:47.368Z - info: Site data built
2022-02-26T09:28:47.368Z - info: Pages rebuilt
2022-02-26T09:28:47.368Z - info: Website regeneration complete! Total build time: 0.166s
2022-02-26T09:29:19.606Z - info: [5:29:19 pm] Reload for file change: C:\repos\nus-cs2103\cs2103-website-base\admin\mid-semester-survey-results.md
2022-02-26T09:29:19.606Z - info: Synchronizing opened pages list before reload
2022-02-26T09:29:19.606Z - info: Current opened pages, from most-to-least recent:
2022-02-26T09:29:19.606Z - info: 1. admin/mid-semester-survey-results
2022-02-26T09:29:20.616Z - info: Rebuilding 1 pages
2022-02-26T09:29:20.804Z - info: Site data built
2022-02-26T09:29:20.804Z - info: Pages rebuilt
2022-02-26T09:29:20.805Z - info: Website regeneration complete! Total build time: 0.19s
2022-02-26T09:29:47.467Z - info: [5:29:47 pm] Reload for file change: C:\repos\nus-cs2103\cs2103-website-base\admin\mid-semester-survey-results.md
2022-02-26T09:29:47.467Z - info: Synchronizing opened pages list before reload
2022-02-26T09:29:47.467Z - info: Current opened pages, from most-to-least recent:
2022-02-26T09:29:47.467Z - info: 1. admin/mid-semester-survey-results
2022-02-26T09:29:48.473Z - info: Rebuilding 1 pages
2022-02-26T09:29:48.636Z - info: Site data built
2022-02-26T09:29:48.636Z - info: Pages rebuilt
2022-02-26T09:29:48.636Z - info: Website regeneration complete! Total build time: 0.165s
2022-02-26T09:30:31.615Z - info: [5:30:31 pm] Reload for file change: C:\repos\nus-cs2103\cs2103-website-base\admin\mid-semester-survey-results.md
2022-02-26T09:30:31.615Z - info: Synchronizing opened pages list before reload
2022-02-26T09:30:31.615Z - info: Current opened pages, from most-to-least recent:
2022-02-26T09:30:31.615Z - info: 1. admin/mid-semester-survey-results
2022-02-26T09:30:32.632Z - info: Rebuilding 1 pages
2022-02-26T09:30:32.836Z - info: Site data built
2022-02-26T09:30:32.837Z - info: Pages rebuilt
2022-02-26T09:30:32.837Z - info: Website regeneration complete! Total build time: 0.207s
2022-02-26T09:31:02.112Z - info: [5:31:02 pm] Reload for file change: C:\repos\nus-cs2103\cs2103-website-base\admin\mid-semester-survey-results.md
2022-02-26T09:31:02.112Z - info: Synchronizing opened pages list before reload
2022-02-26T09:31:02.112Z - info: Current opened pages, from most-to-least recent:
2022-02-26T09:31:02.112Z - info: 1. admin/mid-semester-survey-results
2022-02-26T09:31:03.117Z - info: Rebuilding 1 pages
2022-02-26T09:31:03.411Z - info: Site data built
2022-02-26T09:31:03.411Z - info: Pages rebuilt
2022-02-26T09:31:03.411Z - info: Website regeneration complete! Total build time: 0.296s
2022-02-26T09:32:10.541Z - info: [5:32:10 pm] Reload for file change: C:\repos\nus-cs2103\cs2103-website-base\admin\mid-semester-survey-results.md
2022-02-26T09:32:10.541Z - info: Synchronizing opened pages list before reload
2022-02-26T09:32:10.541Z - info: Current opened pages, from most-to-least recent:
2022-02-26T09:32:10.541Z - info: 1. admin/mid-semester-survey-results
2022-02-26T09:32:11.548Z - info: Rebuilding 1 pages
2022-02-26T09:32:11.737Z - info: Site data built
2022-02-26T09:32:11.737Z - info: Pages rebuilt
2022-02-26T09:32:11.737Z - info: Website regeneration complete! Total build time: 0.191s
2022-02-26T09:32:26.207Z - info: [5:32:26 pm] Reload for file change: C:\repos\nus-cs2103\cs2103-website-base\admin\mid-semester-survey-results.md
2022-02-26T09:32:26.207Z - info: Synchronizing opened pages list before reload
2022-02-26T09:32:26.207Z - info: Current opened pages, from most-to-least recent:
2022-02-26T09:32:26.207Z - info: 1. admin/mid-semester-survey-results
2022-02-26T09:32:27.214Z - info: Rebuilding 1 pages
2022-02-26T09:32:27.392Z - info: Site data built
2022-02-26T09:32:27.392Z - info: Pages rebuilt
2022-02-26T09:32:27.392Z - info: Website regeneration complete! Total build time: 0.178s
2022-02-26T09:39:39.309Z - info: Website generation (lazy) started at 5:39:37 pm
2022-02-26T09:39:44.709Z - info: Building assets...
2022-02-26T09:39:49.282Z - info: Assets built
2022-02-26T09:39:49.283Z - info: Generating landing page...
2022-02-26T09:39:50.600Z - info: Landing page built, other pages will be built as you navigate to them!
2022-02-26T09:39:51.634Z - info: Site data built
2022-02-26T09:39:51.634Z - info: Website generation (lazy) complete! Total build time: 14.187s
2022-02-26T09:39:52.607Z - info: Serving "C:\repos\nus-cs2103\cs2103-website-base\_site" at http://127.0.0.1:8080
2022-02-26T09:39:52.608Z - info: Press CTRL+C to stop ...
2022-02-26T09:43:10.428Z - info: Building C:\repos\nus-cs2103\cs2103-website-base\admin\mid-semester-survey-results as some of its dependencies were changed since the last visit
2022-02-26T09:43:10.981Z - info: Site data built
2022-02-26T09:43:10.982Z - info: Lazy website regeneration complete! Total build time: 0.555s
2022-02-26T09:44:48.445Z - info: [5:44:48 pm] Reload for file change: C:\repos\nus-cs2103\cs2103-website-base\admin\mid-semester-survey-results.md
2022-02-26T09:44:48.445Z - info: Synchronizing opened pages list before reload
2022-02-26T09:44:48.446Z - info: Current opened pages, from most-to-least recent:
2022-02-26T09:44:48.446Z - info: 1. admin/mid-semester-survey-results
2022-02-26T09:44:49.467Z - info: Rebuilding 1 pages
2022-02-26T09:44:49.581Z - info: Site data built
2022-02-26T09:44:49.581Z - info: Pages rebuilt
2022-02-26T09:44:49.581Z - info: Website regeneration complete! Total build time: 0.116s
2022-02-26T09:46:35.842Z - info: [5:46:35 pm] Reload for file change: C:\repos\nus-cs2103\cs2103-website-base\admin\mid-semester-survey-results.md
2022-02-26T09:46:35.842Z - info: Synchronizing opened pages list before reload
2022-02-26T09:46:35.842Z - info: Current opened pages, from most-to-least recent:
2022-02-26T09:46:35.842Z - info: 1. admin/mid-semester-survey-results
2022-02-26T09:46:36.852Z - info: Rebuilding 1 pages
2022-02-26T09:46:36.982Z - info: Site data built
2022-02-26T09:46:36.982Z - info: Pages rebuilt
2022-02-26T09:46:36.982Z - info: Website regeneration complete! Total build time: 0.132s
2022-02-26T09:56:35.035Z - info: [5:56:35 pm] Reload for file change: C:\repos\nus-cs2103\cs2103-website-base\admin\mid-semester-survey-results.md
2022-02-26T09:56:35.035Z - info: Synchronizing opened pages list before reload
2022-02-26T09:56:35.035Z - info: Current opened pages, from most-to-least recent:
2022-02-26T09:56:35.035Z - info: 1. admin/mid-semester-survey-results
2022-02-26T09:56:36.047Z - info: Rebuilding 1 pages
2022-02-26T09:56:36.177Z - info: Site data built
2022-02-26T09:56:36.177Z - info: Pages rebuilt
2022-02-26T09:56:36.177Z - info: Website regeneration complete! Total build time: 0.131s
2022-02-26T10:01:27.923Z - info: [6:01:27 pm] Reload for file change: C:\repos\nus-cs2103\cs2103-website-base\admin\mid-semester-survey-results.md
2022-02-26T10:01:27.923Z - info: Synchronizing opened pages list before reload
2022-02-26T10:01:27.923Z - info: Current opened pages, from most-to-least recent:
2022-02-26T10:01:27.923Z - info: 1. admin/mid-semester-survey-results
2022-02-26T10:01:28.937Z - info: Rebuilding 1 pages
2022-02-26T10:01:29.055Z - info: Site data built
2022-02-26T10:01:29.056Z - info: Pages rebuilt
2022-02-26T10:01:29.056Z - info: Website regeneration complete! Total build time: 0.121s
2022-02-26T10:04:14.745Z - info: [6:04:14 pm] Reload for file change: C:\repos\nus-cs2103\cs2103-website-base\admin\mid-semester-survey-results.md
2022-02-26T10:04:14.745Z - info: Synchronizing opened pages list before reload
2022-02-26T10:04:14.745Z - info: Current opened pages, from most-to-least recent:
2022-02-26T10:04:14.745Z - info: 1. admin/mid-semester-survey-results
2022-02-26T10:04:15.756Z - info: Rebuilding 1 pages
2022-02-26T10:04:15.868Z - info: Site data built
2022-02-26T10:04:15.869Z - info: Pages rebuilt
2022-02-26T10:04:15.869Z - info: Website regeneration complete! Total build time: 0.115s
2022-02-26T10:05:40.704Z - info: [6:05:40 pm] Reload for file change: C:\repos\nus-cs2103\cs2103-website-base\admin\mid-semester-survey-results.md
2022-02-26T10:05:40.704Z - info: Synchronizing opened pages list before reload
2022-02-26T10:05:40.704Z - info: Current opened pages, from most-to-least recent:
2022-02-26T10:05:40.704Z - info: 1. admin/mid-semester-survey-results
2022-02-26T10:05:41.706Z - info: Rebuilding 1 pages
2022-02-26T10:05:41.818Z - info: Site data built
2022-02-26T10:05:41.819Z - info: Pages rebuilt
2022-02-26T10:05:41.819Z - info: Website regeneration complete! Total build time: 0.114s
2022-02-26T10:13:09.548Z - info: Website generation (lazy) started at 6:13:07 pm
2022-02-26T10:13:14.847Z - info: Building assets...
2022-02-26T10:13:19.407Z - info: Assets built
2022-02-26T10:13:19.408Z - info: Generating landing page...
2022-02-26T10:13:20.710Z - info: Landing page built, other pages will be built as you navigate to them!
2022-02-26T10:13:21.705Z - info: Site data built
2022-02-26T10:13:21.705Z - info: Website generation (lazy) complete! Total build time: 14.478s
2022-02-26T10:13:22.536Z - info: Serving "C:\repos\nus-cs2103\cs2103-website-base\_site" at http://127.0.0.1:8080
2022-02-26T10:13:22.536Z - info: Press CTRL+C to stop ...
2022-02-26T10:13:31.791Z - info: Building C:\repos\nus-cs2103\cs2103-website-base\admin\mid-semester-survey-results as some of its dependencies were changed since the last visit
2022-02-26T10:13:32.417Z - info: Site data built
2022-02-26T10:13:32.417Z - info: Lazy website regeneration complete! Total build time: 0.627s
2022-02-26T10:14:44.850Z - info: [6:14:44 pm] Reload for file change: C:\repos\nus-cs2103\cs2103-website-base\_module-CS2103\mid-semester-survey-results.md
2022-02-26T10:14:44.850Z - info: Synchronizing opened pages list before reload
2022-02-26T10:14:44.850Z - info: Current opened pages, from most-to-least recent:
2022-02-26T10:14:44.851Z - info: 1. admin/mid-semester-survey-results
2022-02-26T10:14:45.861Z - info: Rebuilding 1 pages
2022-02-26T10:14:46.227Z - info: Site data built
2022-02-26T10:14:46.227Z - info: Pages rebuilt
2022-02-26T10:14:46.227Z - info: Website regeneration complete! Total build time: 0.369s
2022-02-26T10:15:45.748Z - info: [6:15:45 pm] Reload for file change: C:\repos\nus-cs2103\cs2103-website-base\_module-CS2103\mid-semester-survey-results.md
2022-02-26T10:15:45.749Z - info: Synchronizing opened pages list before reload
2022-02-26T10:15:45.749Z - info: Current opened pages, from most-to-least recent:
2022-02-26T10:15:45.749Z - info: 1. admin/mid-semester-survey-results
2022-02-26T10:15:46.760Z - info: Rebuilding 1 pages
2022-02-26T10:15:46.911Z - info: Site data built
2022-02-26T10:15:46.911Z - info: Pages rebuilt
2022-02-26T10:15:46.911Z - info: Website regeneration complete! Total build time: 0.153s
2022-02-26T10:16:11.106Z - info: [6:16:11 pm] Reload for file change: C:\repos\nus-cs2103\cs2103-website-base\_module-CS2103\mid-semester-survey-results.md
2022-02-26T10:16:11.106Z - info: Synchronizing opened pages list before reload
2022-02-26T10:16:11.106Z - info: Current opened pages, from most-to-least recent:
2022-02-26T10:16:11.106Z - info: 1. admin/mid-semester-survey-results
2022-02-26T10:16:12.111Z - info: Rebuilding 1 pages
2022-02-26T10:16:12.258Z - info: Site data built
2022-02-26T10:16:12.258Z - info: Pages rebuilt
2022-02-26T10:16:12.259Z - info: Website regeneration complete! Total build time: 0.148s
2022-02-26T10:16:52.803Z - info: [6:16:52 pm] Reload for file change: C:\repos\nus-cs2103\cs2103-website-base\_module-CS2103\mid-semester-survey-results.md
2022-02-26T10:16:52.804Z - info: Synchronizing opened pages list before reload
2022-02-26T10:16:52.804Z - info: Current opened pages, from most-to-least recent:
2022-02-26T10:16:52.804Z - info: 1. admin/mid-semester-survey-results
2022-02-26T10:16:53.818Z - info: Rebuilding 1 pages
2022-02-26T10:16:54.035Z - info: Site data built
2022-02-26T10:16:54.036Z - info: Pages rebuilt
2022-02-26T10:16:54.036Z - info: Website regeneration complete! Total build time: 0.22s
2022-02-26T10:17:20.008Z - info: [6:17:20 pm] Reload for file change: C:\repos\nus-cs2103\cs2103-website-base\_module-CS2103\mid-semester-survey-results.md
2022-02-26T10:17:20.008Z - info: Synchronizing opened pages list before reload
2022-02-26T10:17:20.008Z - info: Current opened pages, from most-to-least recent:
2022-02-26T10:17:20.008Z - info: 1. admin/mid-semester-survey-results
2022-02-26T10:17:21.023Z - info: Rebuilding 1 pages
2022-02-26T10:17:21.348Z - info: Site data built
2022-02-26T10:17:21.349Z - info: Pages rebuilt
2022-02-26T10:17:21.349Z - info: Website regeneration complete! Total build time: 0.326s
2022-02-26T10:28:21.011Z - info: Website generation (lazy) started at 6:28:18 pm
2022-02-26T10:28:26.373Z - info: Building assets...
2022-02-26T10:28:32.101Z - info: Assets built
2022-02-26T10:28:32.101Z - info: Generating landing page...
2022-02-26T10:28:32.834Z - info: Landing page built, other pages will be built as you navigate to them!
2022-02-26T10:28:33.773Z - info: Site data built
2022-02-26T10:28:33.773Z - info: Website generation (lazy) complete! Total build time: 14.964s
2022-02-26T10:28:34.559Z - info: Serving "C:\repos\nus-cs2103\cs2103-website-base\_site" at http://127.0.0.1:8080
2022-02-26T10:28:34.559Z - info: Press CTRL+C to stop ...
2022-02-26T10:29:50.202Z - info: Building C:\repos\nus-cs2103\cs2103-website-base\admin\mid-semester-survey-results as some of its dependencies were changed since the last visit
2022-02-26T10:29:50.578Z - info: Site data built
2022-02-26T10:29:50.579Z - info: Lazy website regeneration complete! Total build time: 0.38s
2022-02-26T10:30:18.622Z - info: [6:30:18 pm] Reload for file change: C:\repos\nus-cs2103\cs2103-website-base\admin\mid-semester-survey-results.md
2022-02-26T10:30:18.623Z - info: Synchronizing opened pages list before reload
2022-02-26T10:30:18.623Z - info: Current opened pages, from most-to-least recent:
2022-02-26T10:30:18.624Z - info: 1. admin/mid-semester-survey-results
2022-02-26T10:30:18.625Z - info: 2. index
2022-02-26T10:30:19.633Z - info: Rebuilding 1 pages
2022-02-26T10:30:19.792Z - info: Site data built
2022-02-26T10:30:19.793Z - info: Pages rebuilt
2022-02-26T10:30:19.793Z - info: Website regeneration complete! Total build time: 0.16s
2022-02-26T15:17:34.475Z - info: Website generation (lazy) started at 11:17:31 pm
2022-02-26T15:17:44.222Z - info: Building assets...
2022-02-26T15:17:51.250Z - info: Assets built
2022-02-26T15:17:51.251Z - info: Generating landing page...
2022-02-26T15:17:52.325Z - info: Landing page built, other pages will be built as you navigate to them!
2022-02-26T15:17:53.865Z - info: Site data built
2022-02-26T15:17:53.866Z - info: Website generation (lazy) complete! Total build time: 22.385s
2022-02-26T15:17:54.947Z - info: Serving "C:\repos\nus-cs2103\cs2103-website-base\_site" at http://127.0.0.1:8080
2022-02-26T15:17:54.947Z - info: Press CTRL+C to stop ...
2022-02-26T15:21:48.819Z - info: Building C:\repos\nus-cs2103\cs2103-website-base\admin\index as some of its dependencies were changed since the last visit
2022-02-26T15:21:50.713Z - info: Site data built
2022-02-26T15:21:50.714Z - info: Lazy website regeneration complete! Total build time: 1.897s
2022-02-26T15:23:53.547Z - info: [11:23:53 pm] Reload for file change: C:\repos\nus-cs2103\cs2103-website-base\site.json
2022-02-26T15:23:53.547Z - info: Synchronizing opened pages list before reload
2022-02-26T15:23:53.548Z - info: No pages are currently opened
2022-02-26T15:23:57.568Z - info: Pages or site config modified, updating pages...
2022-02-26T15:24:01.288Z - warn:  RangeError: Invalid array length
    at ProgressBar.render (C:\Users\dcsdcr\AppData\Roaming\npm\node_modules\markbind-cli\node_modules\@markbind\core\src\lib\progress\node-progress.js:182:14)
    at Site.runPageGenerationTasks (C:\Users\dcsdcr\AppData\Roaming\npm\node_modules\markbind-cli\node_modules\@markbind\core\src\Site\index.js:1086:17)
    at Site._rebuildPagesBeingViewed (C:\Users\dcsdcr\AppData\Roaming\npm\node_modules\markbind-cli\node_modules\@markbind\core\src\Site\index.js:773:18)
    at Site.rebuildRequiredPages (C:\Users\dcsdcr\AppData\Roaming\npm\node_modules\markbind-cli\node_modules\@markbind\core\src\Site\index.js:851:18)
    at Site._rebuildSourceFiles (C:\Users\dcsdcr\AppData\Roaming\npm\node_modules\markbind-cli\node_modules\@markbind\core\src\Site\index.js:835:18)
    at async Site.handlePageReload (C:\Users\dcsdcr\AppData\Roaming\npm\node_modules\markbind-cli\node_modules\@markbind\core\src\Site\index.js:948:7)
    at async Site.reloadSiteConfig (C:\Users\dcsdcr\AppData\Roaming\npm\node_modules\markbind-cli\node_modules\@markbind\core\src\Site\index.js:911:5)
2022-02-26T15:24:02.681Z - info: Site data built
2022-02-26T15:24:47.847Z - info: Website generation (lazy) started at 11:24:47 pm
2022-02-26T15:24:54.404Z - info: Building assets...
2022-02-26T15:24:59.737Z - info: Assets built
2022-02-26T15:24:59.738Z - info: Generating landing page...
2022-02-26T15:25:00.570Z - info: Landing page built, other pages will be built as you navigate to them!
2022-02-26T15:25:01.890Z - info: Site data built
2022-02-26T15:25:01.890Z - info: Website generation (lazy) complete! Total build time: 14.068s
2022-02-26T15:25:02.809Z - info: Serving "C:\repos\nus-cs2103\cs2103-website-base\_site" at http://127.0.0.1:8080
2022-02-26T15:25:02.809Z - info: Press CTRL+C to stop ...
2022-02-26T15:25:12.858Z - info: Building C:\repos\nus-cs2103\cs2103-website-base\admin\mid-semester-survey-results as some of its dependencies were changed since the last visit
2022-02-26T15:25:15.382Z - info: Site data built
2022-02-26T15:25:15.383Z - info: Lazy website regeneration complete! Total build time: 2.525s
2022-02-26T15:26:34.804Z - info: [11:26:34 pm] Reload for file change: C:\repos\nus-cs2103\cs2103-website-base\_module-TEE3201\mid-semester-survey-results.md
2022-02-26T15:26:34.804Z - info: Synchronizing opened pages list before reload
2022-02-26T15:26:34.804Z - info: Current opened pages, from most-to-least recent:
2022-02-26T15:26:34.804Z - info: 1. admin/mid-semester-survey-results
2022-02-26T15:26:34.804Z - info: 2. index
2022-02-26T15:26:35.823Z - info: Rebuilding 1 pages
2022-02-26T15:26:35.986Z - info: Site data built
2022-02-26T15:26:35.987Z - info: Pages rebuilt
2022-02-26T15:26:35.987Z - info: Website regeneration complete! Total build time: 0.166s
2022-02-26T15:27:03.364Z - info: [11:27:03 pm] Reload for file change: C:\repos\nus-cs2103\cs2103-website-base\_module-TEE3201\mid-semester-survey-results.md
2022-02-26T15:27:03.364Z - info: Synchronizing opened pages list before reload
2022-02-26T15:27:03.364Z - info: Current opened pages, from most-to-least recent:
2022-02-26T15:27:03.364Z - info: 1. admin/mid-semester-survey-results
2022-02-26T15:27:03.364Z - info: 2. index
2022-02-26T15:27:04.367Z - info: Rebuilding 1 pages
2022-02-26T15:27:04.501Z - info: Site data built
2022-02-26T15:27:04.502Z - info: Pages rebuilt
2022-02-26T15:27:04.502Z - info: Website regeneration complete! Total build time: 0.136s
2022-02-26T15:37:02.263Z - info: [11:37:02 pm] Reload for file change: C:\repos\nus-cs2103\cs2103-website-base\_module-TEE3201\mid-semester-survey-results.md
2022-02-26T15:37:02.263Z - info: Synchronizing opened pages list before reload
2022-02-26T15:37:02.263Z - info: Current opened pages, from most-to-least recent:
2022-02-26T15:37:02.263Z - info: 1. admin/mid-semester-survey-results
2022-02-26T15:37:02.263Z - info: 2. index
2022-02-26T15:37:03.276Z - info: Rebuilding 1 pages
2022-02-26T15:37:03.361Z - info: Site data built
2022-02-26T15:37:03.361Z - info: Pages rebuilt
2022-02-26T15:37:03.361Z - info: Website regeneration complete! Total build time: 0.087s
2022-02-26T15:39:58.904Z - info: [11:39:58 pm] Reload for file change: C:\repos\nus-cs2103\cs2103-website-base\_module-TEE3201\mid-semester-survey-results.md
2022-02-26T15:39:58.905Z - info: Synchronizing opened pages list before reload
2022-02-26T15:39:58.905Z - info: Current opened pages, from most-to-least recent:
2022-02-26T15:39:58.905Z - info: 1. admin/mid-semester-survey-results
2022-02-26T15:39:58.905Z - info: 2. index
2022-02-26T15:39:59.909Z - info: Rebuilding 1 pages
2022-02-26T15:40:00.018Z - info: Site data built
2022-02-26T15:40:00.018Z - info: Pages rebuilt
2022-02-26T15:40:00.019Z - info: Website regeneration complete! Total build time: 0.111s
2022-02-26T15:45:52.936Z - info: [11:45:52 pm] Reload for file change: C:\repos\nus-cs2103\cs2103-website-base\_module-TEE3201\mid-semester-survey-results.md
2022-02-26T15:45:52.936Z - info: Synchronizing opened pages list before reload
2022-02-26T15:45:52.936Z - info: Current opened pages, from most-to-least recent:
2022-02-26T15:45:52.936Z - info: 1. admin/mid-semester-survey-results
2022-02-26T15:45:52.936Z - info: 2. index
2022-02-26T15:45:53.951Z - info: Rebuilding 1 pages
2022-02-26T15:45:54.056Z - info: Site data built
2022-02-26T15:45:54.056Z - info: Pages rebuilt
2022-02-26T15:45:54.057Z - info: Website regeneration complete! Total build time: 0.106s
2022-02-26T15:46:19.402Z - info: [11:46:19 pm] Reload for file change: C:\repos\nus-cs2103\cs2103-website-base\_module-TEE3201\mid-semester-survey-results.md
2022-02-26T15:46:19.402Z - info: Synchronizing opened pages list before reload
2022-02-26T15:46:19.402Z - info: Current opened pages, from most-to-least recent:
2022-02-26T15:46:19.402Z - info: 1. admin/mid-semester-survey-results
2022-02-26T15:46:19.402Z - info: 2. index
2022-02-26T15:46:20.421Z - info: Rebuilding 1 pages
2022-02-26T15:46:20.534Z - info: Site data built
2022-02-26T15:46:20.535Z - info: Pages rebuilt
2022-02-26T15:46:20.535Z - info: Website regeneration complete! Total build time: 0.115s
2022-02-26T15:47:21.708Z - info: [11:47:21 pm] Reload for file change: C:\repos\nus-cs2103\cs2103-website-base\_module-TEE3201\mid-semester-survey-results.md
2022-02-26T15:47:21.708Z - info: Synchronizing opened pages list before reload
2022-02-26T15:47:21.708Z - info: Current opened pages, from most-to-least recent:
2022-02-26T15:47:21.708Z - info: 1. admin/mid-semester-survey-results
2022-02-26T15:47:21.708Z - info: 2. index
2022-02-26T15:47:22.719Z - info: Rebuilding 1 pages
2022-02-26T15:47:22.812Z - info: Site data built
2022-02-26T15:47:22.812Z - info: Pages rebuilt
2022-02-26T15:47:22.812Z - info: Website regeneration complete! Total build time: 0.095s
2022-02-26T15:49:08.762Z - info: Building C:\repos\nus-cs2103\cs2103-website-base\admin\index as some of its dependencies were changed since the last visit
2022-02-26T15:49:10.277Z - info: Site data built
2022-02-26T15:49:10.277Z - info: Lazy website regeneration complete! Total build time: 1.515s
2022-02-26T15:49:26.732Z - info: Building C:\repos\nus-cs2103\cs2103-website-base\programming\chapters\monty as some of its dependencies were changed since the last visit
2022-02-26T15:49:27.766Z - info: Site data built
2022-02-26T15:49:27.766Z - info: Lazy website regeneration complete! Total build time: 1.035s
2022-02-26T15:49:28.620Z - info: Building C:\repos\nus-cs2103\cs2103-website-base\programming\chapters\monty as some of its dependencies were changed since the last visit
2022-02-26T15:49:28.920Z - info: Site data built
2022-02-26T15:49:28.920Z - info: Lazy website regeneration complete! Total build time: 0.3s
2022-02-26T15:50:17.048Z - info: [11:50:17 pm] Reload for file change: C:\repos\nus-cs2103\cs2103-website-base\_module-TEE3201\mid-semester-survey-results.md
2022-02-26T15:50:17.049Z - info: Synchronizing opened pages list before reload
2022-02-26T15:50:17.049Z - info: Current opened pages, from most-to-least recent:
2022-02-26T15:50:17.049Z - info: 1. programming/chapters/monty
2022-02-26T15:50:17.049Z - info: 2. admin/mid-semester-survey-results
2022-02-26T15:50:18.064Z - info: Rebuilding 1 pages
2022-02-26T15:50:18.205Z - info: Site data built
2022-02-26T15:50:18.205Z - info: Pages rebuilt
2022-02-26T15:50:18.205Z - info: Website regeneration complete! Total build time: 0.143s
2022-02-26T15:53:37.630Z - info: [11:53:37 pm] Reload for file change: C:\repos\nus-cs2103\cs2103-website-base\_module-TEE3201\mid-semester-survey-results.md
2022-02-26T15:53:37.631Z - info: Synchronizing opened pages list before reload
2022-02-26T15:53:37.631Z - info: Current opened pages, from most-to-least recent:
2022-02-26T15:53:37.631Z - info: 1. programming/chapters/monty
2022-02-26T15:53:37.631Z - info: 2. admin/mid-semester-survey-results
2022-02-26T15:53:38.642Z - info: Rebuilding 1 pages
2022-02-26T15:53:38.765Z - info: Site data built
2022-02-26T15:53:38.765Z - info: Pages rebuilt
2022-02-26T15:53:38.765Z - info: Website regeneration complete! Total build time: 0.125s
