2022-03-09T04:50:13.932Z - info: Website generation (lazy) started at 12:50:07 pm
2022-03-09T04:50:21.741Z - info: Building assets...
2022-03-09T04:50:28.682Z - info: Assets built
2022-03-09T04:50:28.683Z - info: Generating landing page...
2022-03-09T04:50:30.289Z - info: Landing page built, other pages will be built as you navigate to them!
2022-03-09T04:50:31.540Z - info: Site data built
2022-03-09T04:50:31.541Z - info: Website generation (lazy) complete! Total build time: 24.142s
2022-03-09T04:50:32.709Z - info: Serving "C:\repos\nus-cs2103\cs2103-website-base\_site" at http://127.0.0.1:8080
2022-03-09T04:50:32.709Z - info: Press CTRL+C to stop ...
2022-03-09T04:52:19.330Z - info: Building C:\repos\nus-cs2103\cs2103-website-base\schedule\week8\project as some of its dependencies were changed since the last visit
2022-03-09T04:52:21.506Z - info: Site data built
2022-03-09T04:52:21.507Z - info: Lazy website regeneration complete! Total build time: 2.177s
2022-03-09T04:52:54.279Z - info: Building C:\repos\nus-cs2103\cs2103-website-base\schedule\week9\project as some of its dependencies were changed since the last visit
2022-03-09T04:52:55.350Z - info: Site data built
2022-03-09T04:52:55.351Z - info: Lazy website regeneration complete! Total build time: 1.072s
2022-03-09T04:54:14.606Z - info: [12:54:14 pm] Reload for file change: C:\repos\nus-cs2103\cs2103-website-base\admin\tp-tasks.mbdf
2022-03-09T04:54:14.607Z - info: Synchronizing opened pages list before reload
2022-03-09T04:54:14.607Z - info: Current opened pages, from most-to-least recent:
2022-03-09T04:54:14.607Z - info: 1. schedule/week9/project
2022-03-09T04:54:15.614Z - info: Rebuilding 1 pages
2022-03-09T04:54:16.302Z - info: Site data built
2022-03-09T04:54:16.302Z - info: Pages rebuilt
2022-03-09T04:54:16.303Z - info: Website regeneration complete! Total build time: 0.689s
2022-03-09T04:54:44.520Z - info: [12:54:44 pm] Reload for file change: C:\repos\nus-cs2103\cs2103-website-base\admin\tp-tasks.mbdf
2022-03-09T04:54:44.521Z - info: Synchronizing opened pages list before reload
2022-03-09T04:54:44.521Z - info: Current opened pages, from most-to-least recent:
2022-03-09T04:54:44.522Z - info: 1. schedule/week9/project
2022-03-09T04:54:45.541Z - info: Rebuilding 1 pages
2022-03-09T04:54:46.723Z - info: Site data built
2022-03-09T04:54:46.724Z - info: Pages rebuilt
2022-03-09T04:54:46.724Z - info: Website regeneration complete! Total build time: 1.183s
2022-03-09T04:55:19.185Z - info: [12:55:19 pm] Reload for file change: C:\repos\nus-cs2103\cs2103-website-base\admin\tp-tasks.mbdf
2022-03-09T04:55:19.185Z - info: Synchronizing opened pages list before reload
2022-03-09T04:55:19.185Z - info: Current opened pages, from most-to-least recent:
2022-03-09T04:55:19.185Z - info: 1. schedule/week9/project
2022-03-09T04:55:20.192Z - info: Rebuilding 1 pages
2022-03-09T04:55:21.214Z - info: Site data built
2022-03-09T04:55:21.215Z - info: Pages rebuilt
2022-03-09T04:55:21.215Z - info: Website regeneration complete! Total build time: 1.024s
2022-03-09T04:57:42.373Z - info: [12:57:42 pm] Reload for file change: C:\repos\nus-cs2103\cs2103-website-base\admin\tp-tasks.mbdf
2022-03-09T04:57:42.373Z - info: Synchronizing opened pages list before reload
2022-03-09T04:57:42.374Z - info: Current opened pages, from most-to-least recent:
2022-03-09T04:57:42.374Z - info: 1. schedule/week9/project
2022-03-09T04:57:43.382Z - info: Rebuilding 1 pages
2022-03-09T04:57:44.671Z - info: Site data built
2022-03-09T04:57:44.671Z - info: Pages rebuilt
2022-03-09T04:57:44.672Z - info: Website regeneration complete! Total build time: 1.291s
2022-03-09T04:57:54.554Z - info: [12:57:54 pm] Reload for file change: C:\repos\nus-cs2103\cs2103-website-base\admin\tp-tasks.mbdf
2022-03-09T04:57:54.554Z - info: Synchronizing opened pages list before reload
2022-03-09T04:57:54.554Z - info: Current opened pages, from most-to-least recent:
2022-03-09T04:57:54.554Z - info: 1. schedule/week9/project
2022-03-09T04:57:55.569Z - info: Rebuilding 1 pages
2022-03-09T04:57:56.459Z - info: Site data built
2022-03-09T04:57:56.459Z - info: Pages rebuilt
2022-03-09T04:57:56.459Z - info: Website regeneration complete! Total build time: 0.891s
2022-03-09T04:58:21.955Z - info: [12:58:21 pm] Reload for file change: C:\repos\nus-cs2103\cs2103-website-base\admin\tp-tasks.mbdf
2022-03-09T04:58:21.955Z - info: Synchronizing opened pages list before reload
2022-03-09T04:58:21.955Z - info: Current opened pages, from most-to-least recent:
2022-03-09T04:58:21.956Z - info: 1. schedule/week9/project
2022-03-09T04:58:22.966Z - info: Rebuilding 1 pages
2022-03-09T04:58:24.193Z - info: Site data built
2022-03-09T04:58:24.193Z - info: Pages rebuilt
2022-03-09T04:58:24.193Z - info: Website regeneration complete! Total build time: 1.228s
2022-03-09T04:58:37.513Z - info: [12:58:37 pm] Reload for file change: C:\repos\nus-cs2103\cs2103-website-base\admin\tp-tasks.mbdf
2022-03-09T04:58:37.514Z - info: Synchronizing opened pages list before reload
2022-03-09T04:58:37.514Z - info: Current opened pages, from most-to-least recent:
2022-03-09T04:58:37.514Z - info: 1. schedule/week9/project
2022-03-09T04:58:38.527Z - info: Rebuilding 1 pages
2022-03-09T04:58:39.324Z - info: Site data built
2022-03-09T04:58:39.324Z - info: Pages rebuilt
2022-03-09T04:58:39.324Z - info: Website regeneration complete! Total build time: 0.798s
2022-03-09T04:59:09.432Z - info: Building C:\repos\nus-cs2103\cs2103-website-base\schedule\week8\project as some of its dependencies were changed since the last visit
2022-03-09T04:59:11.467Z - info: Site data built
2022-03-09T04:59:11.467Z - info: Lazy website regeneration complete! Total build time: 2.035s
2022-03-09T05:02:00.036Z - info: [1:02:00 pm] Reload for file change: C:\repos\nus-cs2103\cs2103-website-base\admin\appendixE-gitHub.md
2022-03-09T05:02:00.036Z - info: Synchronizing opened pages list before reload
2022-03-09T05:02:00.037Z - info: Current opened pages, from most-to-least recent:
2022-03-09T05:02:00.037Z - info: 1. schedule/week8/project
2022-03-09T05:02:01.055Z - info: Rebuilding 1 pages
2022-03-09T05:02:02.890Z - info: Site data built
2022-03-09T05:02:02.891Z - info: Pages rebuilt
2022-03-09T05:02:02.891Z - info: Website regeneration complete! Total build time: 1.838s
2022-03-09T05:03:08.572Z - info: [1:03:08 pm] Reload for file change: C:\repos\nus-cs2103\cs2103-website-base\admin\appendixE-gitHub.md
2022-03-09T05:03:08.573Z - info: Synchronizing opened pages list before reload
2022-03-09T05:03:08.573Z - info: Current opened pages, from most-to-least recent:
2022-03-09T05:03:08.573Z - info: 1. schedule/week8/project
2022-03-09T05:03:09.592Z - info: Rebuilding 1 pages
2022-03-09T05:03:11.479Z - info: Site data built
2022-03-09T05:03:11.479Z - info: Pages rebuilt
2022-03-09T05:03:11.480Z - info: Website regeneration complete! Total build time: 1.889s
2022-03-09T05:03:44.743Z - info: [1:03:44 pm] Reload for file change: C:\repos\nus-cs2103\cs2103-website-base\admin\ip-tasks.mbdf
2022-03-09T05:03:44.744Z - info: Synchronizing opened pages list before reload
2022-03-09T05:03:44.744Z - info: Current opened pages, from most-to-least recent:
2022-03-09T05:03:44.744Z - info: 1. schedule/week8/project
2022-03-09T05:03:45.759Z - info: Rebuilding 1 pages
2022-03-09T05:03:47.618Z - info: Site data built
2022-03-09T05:03:47.618Z - info: Pages rebuilt
2022-03-09T05:03:47.618Z - info: Website regeneration complete! Total build time: 1.861s
2022-03-09T05:04:14.645Z - info: Building C:\repos\nus-cs2103\cs2103-website-base\schedule\week9\index as some of its dependencies were changed since the last visit
2022-03-09T05:04:16.037Z - info: Site data built
2022-03-09T05:04:16.037Z - info: Lazy website regeneration complete! Total build time: 1.392s
2022-03-09T05:04:19.459Z - info: Building C:\repos\nus-cs2103\cs2103-website-base\schedule\week9\tutorial as some of its dependencies were changed since the last visit
2022-03-09T05:04:20.209Z - info: Site data built
2022-03-09T05:04:20.209Z - info: Lazy website regeneration complete! Total build time: 0.75s
2022-03-09T05:06:00.319Z - info: Website generation started at 1:05:57 pm
2022-03-09T05:06:07.865Z - info: Building assets...
2022-03-09T05:06:14.658Z - info: Assets built
2022-03-09T05:06:14.659Z - info: Generating pages...
2022-03-09T05:06:25.582Z - debug:  
2022-03-09T05:06:25.583Z - debug:  
2022-03-09T05:06:25.584Z - debug:  
2022-03-09T05:06:25.584Z - debug:  
2022-03-09T05:06:25.584Z - debug:  
2022-03-09T05:06:25.585Z - debug:  
2022-03-09T05:08:49.705Z - debug:  
2022-03-09T05:09:05.413Z - debug:  
2022-03-09T05:09:05.415Z - debug:  
2022-03-09T05:09:14.500Z - info: Pages built
2022-03-09T05:09:15.852Z - info: Site data built
2022-03-09T05:09:15.853Z - info: Website generation complete! Total build time: 198.239s
2022-03-09T05:09:15.853Z - info: Build success!
2022-03-09T05:12:11.455Z - info: The website has been deployed at: https://nus-cs2103-ay2122s2.github.io/website
2022-03-09T05:12:35.279Z - info: Website generation (lazy) started at 1:12:30 pm
2022-03-09T05:12:41.216Z - info: Building assets...
2022-03-09T05:12:46.681Z - info: Assets built
2022-03-09T05:12:46.682Z - info: Generating landing page...
2022-03-09T05:12:47.828Z - info: Landing page built, other pages will be built as you navigate to them!
2022-03-09T05:12:48.921Z - info: Site data built
2022-03-09T05:12:48.921Z - info: Website generation (lazy) complete! Total build time: 18.583s
2022-03-09T05:12:50.043Z - info: Serving "C:\repos\nus-cs2103\cs2103-website-base\_site" at http://127.0.0.1:8080
2022-03-09T05:12:50.043Z - info: Press CTRL+C to stop ...
2022-03-09T05:12:57.797Z - info: Building C:\repos\nus-cs2103\cs2103-website-base\schedule\week8\project as some of its dependencies were changed since the last visit
2022-03-09T05:13:01.310Z - info: Site data built
2022-03-09T05:13:01.311Z - info: Lazy website regeneration complete! Total build time: 3.513s
2022-03-09T05:13:35.489Z - info: [1:13:35 pm] Reload for file change: C:\repos\nus-cs2103\cs2103-website-base\admin\ip-tasks.mbdf
2022-03-09T05:13:35.491Z - info: Synchronizing opened pages list before reload
2022-03-09T05:13:35.492Z - info: Current opened pages, from most-to-least recent:
2022-03-09T05:13:35.492Z - info: 1. schedule/week8/project
2022-03-09T05:13:36.514Z - info: Rebuilding 1 pages
2022-03-09T05:13:39.511Z - info: Site data built
2022-03-09T05:13:39.512Z - info: Pages rebuilt
2022-03-09T05:13:39.513Z - info: Website regeneration complete! Total build time: 3s
2022-03-09T05:14:16.289Z - info: [1:14:16 pm] Reload for file change: C:\repos\nus-cs2103\cs2103-website-base\admin\ip-tasks.mbdf
2022-03-09T05:14:16.291Z - info: Synchronizing opened pages list before reload
2022-03-09T05:14:16.292Z - info: Current opened pages, from most-to-least recent:
2022-03-09T05:14:16.293Z - info: 1. schedule/week8/project
2022-03-09T05:14:17.322Z - info: Rebuilding 1 pages
2022-03-09T05:14:22.970Z - info: Site data built
2022-03-09T05:14:22.971Z - info: Pages rebuilt
2022-03-09T05:14:22.971Z - info: Website regeneration complete! Total build time: 5.651s
2022-03-09T05:15:39.725Z - info: Website generation started at 1:15:32 pm
2022-03-09T05:15:57.866Z - info: Building assets...
2022-03-09T05:16:10.233Z - info: Assets built
2022-03-09T05:16:10.236Z - info: Generating pages...
2022-03-09T05:16:33.289Z - debug:  
2022-03-09T05:16:33.291Z - debug:  
2022-03-09T05:16:33.293Z - debug:  
2022-03-09T05:16:33.304Z - debug:  
2022-03-09T05:16:33.307Z - debug:  
2022-03-09T05:16:37.853Z - debug:  
2022-03-09T05:21:13.965Z - debug:  
2022-03-09T05:21:44.662Z - debug:  
2022-03-09T05:21:44.663Z - debug:  
2022-03-09T05:22:05.869Z - info: Pages built
2022-03-09T05:22:10.004Z - info: Site data built
2022-03-09T05:22:10.005Z - info: Website generation complete! Total build time: 397.939s
2022-03-09T05:22:10.006Z - info: Build success!
2022-03-09T05:31:47.640Z - info: The website has been deployed at: https://nus-cs2103-ay2122s2.github.io/website
2022-03-09T05:38:39.147Z - info: Website generation (lazy) started at 1:38:22 pm
2022-03-09T05:38:57.199Z - info: Building assets...
2022-03-09T05:39:10.064Z - info: Assets built
2022-03-09T05:39:10.067Z - info: Generating landing page...
2022-03-09T05:39:14.109Z - info: Landing page built, other pages will be built as you navigate to them!
2022-03-09T05:39:16.136Z - info: Site data built
2022-03-09T05:39:16.137Z - info: Website generation (lazy) complete! Total build time: 53.84s
2022-03-09T05:39:17.490Z - info: Serving "C:\repos\nus-cs2103\cs2103-website-base\_site" at http://127.0.0.1:8080
2022-03-09T05:39:17.491Z - info: Press CTRL+C to stop ...
2022-03-09T05:39:33.682Z - info: Building C:\repos\nus-cs2103\cs2103-website-base\schedule\week8\project as some of its dependencies were changed since the last visit
2022-03-09T05:39:42.235Z - info: Site data built
2022-03-09T05:39:42.236Z - info: Lazy website regeneration complete! Total build time: 8.555s
2022-03-09T05:43:10.689Z - info: [1:43:10 pm] Reload for file change: C:\repos\nus-cs2103\cs2103-website-base\admin\tp-tasks.mbdf
2022-03-09T05:43:10.690Z - info: Synchronizing opened pages list before reload
2022-03-09T05:43:10.691Z - info: Current opened pages, from most-to-least recent:
2022-03-09T05:43:10.692Z - info: 1. schedule/week8/project
2022-03-09T05:43:11.711Z - info: Rebuilding 1 pages
2022-03-09T05:43:14.094Z - info: Site data built
2022-03-09T05:43:14.095Z - info: Pages rebuilt
2022-03-09T05:43:14.095Z - info: Website regeneration complete! Total build time: 2.386s
2022-03-09T05:43:38.608Z - info: [1:43:38 pm] Reload for file change: C:\repos\nus-cs2103\cs2103-website-base\admin\tp-tasks.mbdf
2022-03-09T05:43:38.609Z - info: Synchronizing opened pages list before reload
2022-03-09T05:43:38.610Z - info: Current opened pages, from most-to-least recent:
2022-03-09T05:43:38.610Z - info: 1. schedule/week8/project
2022-03-09T05:43:39.628Z - info: Rebuilding 1 pages
2022-03-09T05:43:42.107Z - info: Site data built
2022-03-09T05:43:42.107Z - info: Pages rebuilt
2022-03-09T05:43:42.108Z - info: Website regeneration complete! Total build time: 2.483s
2022-03-09T05:45:56.621Z - info: Website generation started at 1:45:48 pm
2022-03-09T05:46:14.726Z - info: Building assets...
2022-03-09T05:46:31.339Z - info: Assets built
2022-03-09T05:46:31.341Z - info: Generating pages...
2022-03-09T05:47:01.741Z - debug:  
2022-03-09T05:47:01.759Z - debug:  
2022-03-09T05:47:01.762Z - debug:  
2022-03-09T05:47:01.766Z - debug:  
2022-03-09T05:47:06.935Z - debug:  
2022-03-09T05:47:07.015Z - debug:  
2022-03-09T05:52:21.408Z - debug:  
2022-03-09T05:52:52.820Z - debug:  
2022-03-09T05:52:52.821Z - debug:  
2022-03-09T05:53:11.783Z - info: Pages built
2022-03-09T05:53:15.189Z - info: Site data built
2022-03-09T05:53:15.190Z - info: Website generation complete! Total build time: 446.401s
2022-03-09T05:53:15.190Z - info: Build success!
2022-03-09T05:58:06.646Z - info: The website has been deployed at: https://nus-cs2103-ay2122s2.github.io/website
2022-03-09T06:29:27.734Z - info: Website generation (lazy) started at 2:29:21 pm
2022-03-09T06:29:33.779Z - info: Building assets...
2022-03-09T06:29:38.625Z - info: Assets built
2022-03-09T06:29:38.626Z - info: Generating landing page...
2022-03-09T06:29:40.051Z - info: Landing page built, other pages will be built as you navigate to them!
2022-03-09T06:29:41.394Z - info: Site data built
2022-03-09T06:29:41.395Z - info: Website generation (lazy) complete! Total build time: 20.017s
2022-03-09T06:29:42.556Z - info: Serving "C:\repos\nus-cs2103\cs2103-website-base\_site" at http://127.0.0.1:8080
2022-03-09T06:29:42.556Z - info: Press CTRL+C to stop ...
2022-03-09T12:05:43.965Z - info: Website generation started at 8:05:42 pm
2022-03-09T12:05:48.091Z - info: Building assets...
2022-03-09T12:05:51.655Z - info: Assets built
2022-03-09T12:05:51.656Z - info: Generating pages...
2022-03-09T12:06:00.524Z - debug:  
2022-03-09T12:06:00.524Z - debug:  
2022-03-09T12:06:00.565Z - debug:  
2022-03-09T12:06:00.565Z - debug:  
2022-03-09T12:06:00.565Z - debug:  
2022-03-09T12:06:27.389Z - debug:  
2022-03-09T12:07:13.977Z - info: Pages built
2022-03-09T12:07:15.318Z - info: Site data built
2022-03-09T12:07:15.318Z - info: Website generation complete! Total build time: 92.898s
2022-03-09T12:07:15.319Z - info: Build success!
2022-03-09T12:13:59.611Z - info: The website has been deployed at: https://nus-tic2002-2022.github.io/website
2022-03-09T15:22:19.081Z - info: Website generation (lazy) started at 11:22:14 pm
2022-03-09T15:22:23.874Z - info: Building assets...
2022-03-09T15:22:28.619Z - info: Assets built
2022-03-09T15:22:28.619Z - info: Generating landing page...
2022-03-09T15:22:29.335Z - info: Landing page built, other pages will be built as you navigate to them!
2022-03-09T15:22:30.220Z - info: Site data built
2022-03-09T15:22:30.220Z - info: Website generation (lazy) complete! Total build time: 15.268s
2022-03-09T15:22:31.078Z - info: Serving "C:\repos\nus-cs2103\cs2103-website-base\_site" at http://127.0.0.1:8080
2022-03-09T15:22:31.078Z - info: Press CTRL+C to stop ...
2022-03-09T15:22:53.181Z - info: Building C:\repos\nus-cs2103\cs2103-website-base\schedule\week8\project as some of its dependencies were changed since the last visit
2022-03-09T15:22:54.211Z - info: Site data built
2022-03-09T15:22:54.211Z - info: Lazy website regeneration complete! Total build time: 1.032s
2022-03-09T15:23:02.156Z - info: Building C:\repos\nus-cs2103\cs2103-website-base\admin\index as some of its dependencies were changed since the last visit
2022-03-09T15:23:02.546Z - info: Site data built
2022-03-09T15:23:02.546Z - info: Lazy website regeneration complete! Total build time: 0.39s
2022-03-09T15:23:10.073Z - info: Building C:\repos\nus-cs2103\cs2103-website-base\admin\tp-w9 as some of its dependencies were changed since the last visit
2022-03-09T15:23:11.082Z - info: Site data built
2022-03-09T15:23:11.082Z - info: Lazy website regeneration complete! Total build time: 1.009s
2022-03-09T15:25:26.068Z - info: [11:25:26 pm] Reload for file change: C:\repos\nus-cs2103\cs2103-website-base\admin\tp-pe-bug-triaging-guidelines.mbdf
2022-03-09T15:25:26.069Z - info: Synchronizing opened pages list before reload
2022-03-09T15:25:26.070Z - info: Current opened pages, from most-to-least recent:
2022-03-09T15:25:26.071Z - info: 1. admin/tp-w9
2022-03-09T15:25:27.079Z - info: Rebuilding 1 pages
2022-03-09T15:25:28.337Z - info: Site data built
2022-03-09T15:25:28.337Z - info: Pages rebuilt
2022-03-09T15:25:28.337Z - info: Website regeneration complete! Total build time: 1.259s
2022-03-09T15:25:35.331Z - info: [11:25:35 pm] Reload for file change: C:\repos\nus-cs2103\cs2103-website-base\admin\tp-pe-bug-triaging-guidelines.mbdf
2022-03-09T15:25:35.331Z - info: Synchronizing opened pages list before reload
2022-03-09T15:25:35.332Z - info: Current opened pages, from most-to-least recent:
2022-03-09T15:25:35.332Z - info: 1. admin/tp-w9
2022-03-09T15:25:36.340Z - info: Rebuilding 1 pages
2022-03-09T15:25:37.251Z - info: Site data built
2022-03-09T15:25:37.252Z - info: Pages rebuilt
2022-03-09T15:25:37.252Z - info: Website regeneration complete! Total build time: 0.914s
2022-03-09T15:26:25.081Z - info: [11:26:25 pm] Reload for file change: C:\repos\nus-cs2103\cs2103-website-base\admin\tp-pe-bug-triaging-guidelines.mbdf
2022-03-09T15:26:25.081Z - info: Synchronizing opened pages list before reload
2022-03-09T15:26:25.082Z - info: Current opened pages, from most-to-least recent:
2022-03-09T15:26:25.082Z - info: 1. admin/tp-w9
2022-03-09T15:26:26.097Z - info: Rebuilding 1 pages
2022-03-09T15:26:27.288Z - info: Site data built
2022-03-09T15:26:27.288Z - info: Pages rebuilt
2022-03-09T15:26:27.288Z - info: Website regeneration complete! Total build time: 1.192s
2022-03-09T15:29:06.877Z - info: [11:29:06 pm] Reload for file change: C:\repos\nus-cs2103\cs2103-website-base\admin\tp-pe-bug-triaging-guidelines.mbdf
2022-03-09T15:29:06.877Z - info: Synchronizing opened pages list before reload
2022-03-09T15:29:06.877Z - info: Current opened pages, from most-to-least recent:
2022-03-09T15:29:06.878Z - info: 1. admin/tp-w9
2022-03-09T15:29:07.887Z - info: Rebuilding 1 pages
2022-03-09T15:29:09.023Z - info: Site data built
2022-03-09T15:29:09.024Z - info: Pages rebuilt
2022-03-09T15:29:09.024Z - info: Website regeneration complete! Total build time: 1.138s
2022-03-09T15:34:42.687Z - info: [11:34:42 pm] Reload for file change: C:\repos\nus-cs2103\cs2103-website-base\admin\tp-tasks.mbdf
2022-03-09T15:34:42.688Z - info: Synchronizing opened pages list before reload
2022-03-09T15:34:42.688Z - info: Current opened pages, from most-to-least recent:
2022-03-09T15:34:42.688Z - info: 1. admin/tp-w9
2022-03-09T15:34:43.704Z - info: Rebuilding 1 pages
2022-03-09T15:34:44.689Z - info: Site data built
2022-03-09T15:34:44.690Z - info: Pages rebuilt
2022-03-09T15:34:44.690Z - info: Website regeneration complete! Total build time: 0.988s
2022-03-09T15:38:50.062Z - info: [11:38:50 pm] Reload for file change: C:\repos\nus-cs2103\cs2103-website-base\admin\tp-tasks.mbdf
2022-03-09T15:38:50.063Z - info: Synchronizing opened pages list before reload
2022-03-09T15:38:50.063Z - info: Current opened pages, from most-to-least recent:
2022-03-09T15:38:50.064Z - info: 1. admin/tp-w9
2022-03-09T15:38:51.081Z - info: Rebuilding 1 pages
2022-03-09T15:38:52.198Z - info: Site data built
2022-03-09T15:38:52.198Z - info: Pages rebuilt
2022-03-09T15:38:52.198Z - info: Website regeneration complete! Total build time: 1.119s
2022-03-09T15:39:18.108Z - info: [11:39:18 pm] Reload for file change: C:\repos\nus-cs2103\cs2103-website-base\admin\tp-tasks.mbdf
2022-03-09T15:39:18.108Z - info: Synchronizing opened pages list before reload
2022-03-09T15:39:18.108Z - info: Current opened pages, from most-to-least recent:
2022-03-09T15:39:18.109Z - info: 1. admin/tp-w9
2022-03-09T15:39:19.125Z - info: Rebuilding 1 pages
2022-03-09T15:39:20.363Z - info: Site data built
2022-03-09T15:39:20.364Z - info: Pages rebuilt
2022-03-09T15:39:20.364Z - info: Website regeneration complete! Total build time: 1.24s
2022-03-09T15:41:41.076Z - info: [11:41:41 pm] Reload for file change: C:\repos\nus-cs2103\cs2103-website-base\admin\tp-tasks.mbdf
2022-03-09T15:41:41.077Z - info: Synchronizing opened pages list before reload
2022-03-09T15:41:41.077Z - info: Current opened pages, from most-to-least recent:
2022-03-09T15:41:41.077Z - info: 1. admin/tp-w9
2022-03-09T15:41:42.090Z - info: Rebuilding 1 pages
2022-03-09T15:41:43.218Z - info: Site data built
2022-03-09T15:41:43.218Z - info: Pages rebuilt
2022-03-09T15:41:43.219Z - info: Website regeneration complete! Total build time: 1.13s
2022-03-09T15:42:16.010Z - info: [11:42:16 pm] Reload for file change: C:\repos\nus-cs2103\cs2103-website-base\admin\tp-tasks.mbdf
2022-03-09T15:42:16.011Z - info: Synchronizing opened pages list before reload
2022-03-09T15:42:16.012Z - info: Current opened pages, from most-to-least recent:
2022-03-09T15:42:16.012Z - info: 1. admin/tp-w9
2022-03-09T15:42:17.021Z - info: Rebuilding 1 pages
2022-03-09T15:42:18.157Z - info: Site data built
2022-03-09T15:42:18.158Z - info: Pages rebuilt
2022-03-09T15:42:18.158Z - info: Website regeneration complete! Total build time: 1.139s
2022-03-09T15:43:08.130Z - info: [11:43:08 pm] Reload for file change: C:\repos\nus-cs2103\cs2103-website-base\admin\tp-tasks.mbdf
2022-03-09T15:43:08.130Z - info: Synchronizing opened pages list before reload
2022-03-09T15:43:08.131Z - info: Current opened pages, from most-to-least recent:
2022-03-09T15:43:08.131Z - info: 1. admin/tp-w9
2022-03-09T15:43:09.143Z - info: Rebuilding 1 pages
2022-03-09T15:43:10.239Z - info: Site data built
2022-03-09T15:43:10.239Z - info: Pages rebuilt
2022-03-09T15:43:10.240Z - info: Website regeneration complete! Total build time: 1.098s
2022-03-09T15:45:13.942Z - info: Building C:\repos\nus-cs2103\cs2103-website-base\admin\tp-w10 as some of its dependencies were changed since the last visit
2022-03-09T15:45:15.021Z - info: Site data built
2022-03-09T15:45:15.021Z - info: Lazy website regeneration complete! Total build time: 1.079s
2022-03-09T15:45:34.335Z - info: Building C:\repos\nus-cs2103\cs2103-website-base\admin\tp-w11 as some of its dependencies were changed since the last visit
2022-03-09T15:45:35.938Z - info: Site data built
2022-03-09T15:45:35.938Z - info: Lazy website regeneration complete! Total build time: 1.604s
2022-03-09T15:46:25.300Z - info: [11:46:25 pm] Reload for file change: C:\repos\nus-cs2103\cs2103-website-base\admin\tp-tasks.mbdf
2022-03-09T15:46:25.300Z - info: Synchronizing opened pages list before reload
2022-03-09T15:46:25.301Z - info: Current opened pages, from most-to-least recent:
2022-03-09T15:46:25.301Z - info: 1. admin/tp-w11
2022-03-09T15:46:26.316Z - info: Rebuilding 1 pages
2022-03-09T15:46:27.555Z - info: Site data built
2022-03-09T15:46:27.555Z - info: Pages rebuilt
2022-03-09T15:46:27.555Z - info: Website regeneration complete! Total build time: 1.241s
2022-03-09T15:47:11.086Z - info: [11:47:11 pm] Reload for file change: C:\repos\nus-cs2103\cs2103-website-base\admin\tp-tasks.mbdf
2022-03-09T15:47:11.087Z - info: Synchronizing opened pages list before reload
2022-03-09T15:47:11.087Z - info: Current opened pages, from most-to-least recent:
2022-03-09T15:47:11.087Z - info: 1. admin/tp-w11
2022-03-09T15:47:12.099Z - info: Rebuilding 1 pages
2022-03-09T15:47:13.377Z - info: Site data built
2022-03-09T15:47:13.377Z - info: Pages rebuilt
2022-03-09T15:47:13.378Z - info: Website regeneration complete! Total build time: 1.279s
2022-03-09T15:47:28.821Z - info: [11:47:28 pm] Reload for file change: C:\repos\nus-cs2103\cs2103-website-base\admin\tp-tasks.mbdf
2022-03-09T15:47:28.821Z - info: Synchronizing opened pages list before reload
2022-03-09T15:47:28.822Z - info: Current opened pages, from most-to-least recent:
2022-03-09T15:47:28.822Z - info: 1. admin/tp-w11
2022-03-09T15:47:29.842Z - info: Rebuilding 1 pages
2022-03-09T15:47:31.142Z - info: Site data built
2022-03-09T15:47:31.142Z - info: Pages rebuilt
2022-03-09T15:47:31.142Z - info: Website regeneration complete! Total build time: 1.302s
2022-03-09T15:48:24.436Z - info: Building C:\repos\nus-cs2103\cs2103-website-base\admin\tp-w12 as some of its dependencies were changed since the last visit
2022-03-09T15:48:25.357Z - info: Site data built
2022-03-09T15:48:25.357Z - info: Lazy website regeneration complete! Total build time: 0.922s
2022-03-09T15:49:03.777Z - info: [11:49:03 pm] Reload for file change: C:\repos\nus-cs2103\cs2103-website-base\admin\tp-tasks.mbdf
2022-03-09T15:49:03.777Z - info: Synchronizing opened pages list before reload
2022-03-09T15:49:03.777Z - info: Current opened pages, from most-to-least recent:
2022-03-09T15:49:03.777Z - info: 1. admin/tp-w12
2022-03-09T15:49:04.785Z - info: Rebuilding 1 pages
2022-03-09T15:49:05.580Z - info: Site data built
2022-03-09T15:49:05.580Z - info: Pages rebuilt
2022-03-09T15:49:05.580Z - info: Website regeneration complete! Total build time: 0.795s
2022-03-09T15:49:20.615Z - info: Building C:\repos\nus-cs2103\cs2103-website-base\index as some of its dependencies were changed since the last visit
2022-03-09T15:49:21.066Z - info: Site data built
2022-03-09T15:49:21.066Z - info: Lazy website regeneration complete! Total build time: 0.451s
2022-03-09T15:49:23.323Z - info: Building C:\repos\nus-cs2103\cs2103-website-base\schedule\week9\index as some of its dependencies were changed since the last visit
2022-03-09T15:49:23.836Z - info: Site data built
2022-03-09T15:49:23.836Z - info: Lazy website regeneration complete! Total build time: 0.513s
2022-03-09T15:49:26.849Z - info: Building C:\repos\nus-cs2103\cs2103-website-base\schedule\week9\admin as some of its dependencies were changed since the last visit
2022-03-09T15:49:27.008Z - info: Site data built
2022-03-09T15:49:27.008Z - info: Lazy website regeneration complete! Total build time: 0.159s
2022-03-09T15:49:32.736Z - info: Building C:\repos\nus-cs2103\cs2103-website-base\schedule\week9\project as some of its dependencies were changed since the last visit
2022-03-09T15:49:33.666Z - info: Site data built
2022-03-09T15:49:33.667Z - info: Lazy website regeneration complete! Total build time: 0.931s
2022-03-09T15:51:36.361Z - info: Website generation started at 11:51:33 pm
2022-03-09T15:51:42.139Z - info: Building assets...
2022-03-09T15:51:47.615Z - info: Assets built
2022-03-09T15:51:47.616Z - info: Generating pages...
2022-03-09T15:51:56.974Z - debug:  
2022-03-09T15:51:56.975Z - debug:  
2022-03-09T15:51:56.976Z - debug:  
2022-03-09T15:51:56.976Z - debug:  
2022-03-09T15:51:56.976Z - debug:  
2022-03-09T15:51:56.977Z - debug:  
2022-03-09T15:53:26.235Z - debug:  
2022-03-09T15:53:36.720Z - debug:  
2022-03-09T15:53:36.720Z - debug:  
2022-03-09T15:53:39.569Z - info: Pages built
2022-03-09T15:53:40.729Z - info: Site data built
2022-03-09T15:53:40.729Z - info: Website generation complete! Total build time: 126.831s
2022-03-09T15:53:40.729Z - info: Build success!
2022-03-09T15:55:54.825Z - info: The website has been deployed at: https://nus-tic4002-ay2122s2.github.io/website
2022-03-09T15:56:18.541Z - info: Website generation (lazy) started at 11:56:13 pm
2022-03-09T15:56:24.351Z - info: Building assets...
2022-03-09T15:56:28.917Z - info: Assets built
2022-03-09T15:56:28.918Z - info: Generating landing page...
2022-03-09T15:56:30.316Z - info: Landing page built, other pages will be built as you navigate to them!
2022-03-09T15:56:31.503Z - info: Site data built
2022-03-09T15:56:31.504Z - info: Website generation (lazy) complete! Total build time: 17.746s
2022-03-09T15:56:32.556Z - info: Serving "C:\repos\nus-cs2103\cs2103-website-base\_site" at http://127.0.0.1:8080
2022-03-09T15:56:32.557Z - info: Press CTRL+C to stop ...
2022-03-09T15:56:48.307Z - info: Building C:\repos\nus-cs2103\cs2103-website-base\schedule\week9\index as some of its dependencies were changed since the last visit
2022-03-09T15:56:49.168Z - info: Site data built
2022-03-09T15:56:49.168Z - info: Lazy website regeneration complete! Total build time: 0.862s
2022-03-09T15:56:53.437Z - info: Building C:\repos\nus-cs2103\cs2103-website-base\schedule\week9\admin as some of its dependencies were changed since the last visit
2022-03-09T15:56:53.691Z - info: Site data built
2022-03-09T15:56:53.692Z - info: Lazy website regeneration complete! Total build time: 0.255s
2022-03-09T15:56:57.335Z - info: Building C:\repos\nus-cs2103\cs2103-website-base\schedule\week9\topics as some of its dependencies were changed since the last visit
2022-03-09T15:57:02.057Z - info: Site data built
2022-03-09T15:57:02.058Z - info: Lazy website regeneration complete! Total build time: 4.722s
2022-03-09T15:57:02.909Z - debug:  
2022-03-09T15:57:03.539Z - debug:  
2022-03-09T15:57:03.639Z - debug:  
2022-03-09T15:58:48.518Z - info: Building C:\repos\nus-cs2103\cs2103-website-base\schedule\week9\project as some of its dependencies were changed since the last visit
2022-03-09T15:58:49.592Z - info: Site data built
2022-03-09T15:58:49.592Z - info: Lazy website regeneration complete! Total build time: 1.074s
