2022-03-21T07:17:32.497Z - info: Website generation (lazy) started at 3:17:27 pm
2022-03-21T07:17:37.854Z - info: Building assets...
2022-03-21T07:17:42.748Z - info: Assets built
2022-03-21T07:17:42.748Z - info: Generating landing page...
2022-03-21T07:17:43.498Z - info: Landing page built, other pages will be built as you navigate to them!
2022-03-21T07:17:44.514Z - info: Site data built
2022-03-21T07:17:44.515Z - info: Website generation (lazy) complete! Total build time: 16.556s
2022-03-21T07:17:45.448Z - info: Serving "C:\repos\nus-cs2103\cs2103-website-base\_site" at http://127.0.0.1:8080
2022-03-21T07:17:45.448Z - info: Press CTRL+C to stop ...
2022-03-21T08:01:53.393Z - info: Building C:\repos\nus-cs2103\cs2103-website-base\schedule\week9\topics as some of its dependencies were changed since the last visit
2022-03-21T08:01:55.042Z - info: Site data built
2022-03-21T08:01:55.043Z - info: Lazy website regeneration complete! Total build time: 1.653s
2022-03-21T08:01:57.020Z - debug:  
2022-03-21T08:01:57.033Z - debug:  
2022-03-21T08:01:58.965Z - info: Building C:\repos\nus-cs2103\cs2103-website-base\schedule\week9\topics-py as some of its dependencies were changed since the last visit
2022-03-21T08:01:59.321Z - info: Site data built
2022-03-21T08:01:59.321Z - info: Lazy website regeneration complete! Total build time: 0.357s
2022-03-21T08:02:14.860Z - info: Building C:\repos\nus-cs2103\cs2103-website-base\schedule\week10\topics-py as some of its dependencies were changed since the last visit
2022-03-21T08:02:15.441Z - info: Site data built
2022-03-21T08:02:15.442Z - info: Lazy website regeneration complete! Total build time: 0.581s
2022-03-21T08:03:12.768Z - info: [4:03:12 pm] Reload for file change: C:\repos\nus-cs2103\cs2103-website-base\programming\oop-inheritance\text.md
2022-03-21T08:03:12.768Z - info: Synchronizing opened pages list before reload
2022-03-21T08:03:12.769Z - info: Current opened pages, from most-to-least recent:
2022-03-21T08:03:12.769Z - info: 1. schedule/week10/topics-py
2022-03-21T08:03:13.784Z - info: Rebuilding 1 pages
2022-03-21T08:03:14.108Z - info: Site data built
2022-03-21T08:03:14.108Z - info: Pages rebuilt
2022-03-21T08:03:14.108Z - info: Website regeneration complete! Total build time: 0.325s
2022-03-21T08:04:23.626Z - info: Building C:\repos\nus-cs2103\cs2103-website-base\programming\index as some of its dependencies were changed since the last visit
2022-03-21T08:04:23.839Z - info: Site data built
2022-03-21T08:04:23.839Z - info: Lazy website regeneration complete! Total build time: 0.214s
2022-03-21T08:04:29.820Z - info: Building C:\repos\nus-cs2103\cs2103-website-base\programming\chapters\oop as some of its dependencies were changed since the last visit
2022-03-21T08:04:30.279Z - info: Site data built
2022-03-21T08:04:30.280Z - info: Lazy website regeneration complete! Total build time: 0.461s
2022-03-21T08:04:55.153Z - info: [4:04:55 pm] Reload for file change: C:\repos\nus-cs2103\cs2103-website-base\programming\oop-classes\text.md
2022-03-21T08:04:55.154Z - info: Synchronizing opened pages list before reload
2022-03-21T08:04:55.154Z - info: Current opened pages, from most-to-least recent:
2022-03-21T08:04:55.155Z - info: 1. programming/chapters/oop
2022-03-21T08:04:56.169Z - info: Rebuilding 1 pages
2022-03-21T08:04:56.484Z - info: Site data built
2022-03-21T08:04:56.484Z - info: Pages rebuilt
2022-03-21T08:04:56.484Z - info: Website regeneration complete! Total build time: 0.316s
2022-03-21T08:05:10.322Z - info: [4:05:10 pm] Reload for file change: C:\repos\nus-cs2103\cs2103-website-base\programming\oop-classes\text.md
2022-03-21T08:05:10.322Z - info: Synchronizing opened pages list before reload
2022-03-21T08:05:10.322Z - info: Current opened pages, from most-to-least recent:
2022-03-21T08:05:10.322Z - info: 1. programming/chapters/oop
2022-03-21T08:05:11.326Z - info: Rebuilding 1 pages
2022-03-21T08:05:11.730Z - info: Site data built
2022-03-21T08:05:11.730Z - info: Pages rebuilt
2022-03-21T08:05:11.730Z - info: Website regeneration complete! Total build time: 0.405s
2022-03-21T08:05:59.370Z - info: [4:05:59 pm] Reload for file change: C:\repos\nus-cs2103\cs2103-website-base\programming\oop-classes\e-stockItemWithPrice.md
2022-03-21T08:05:59.370Z - info: Synchronizing opened pages list before reload
2022-03-21T08:05:59.370Z - info: Current opened pages, from most-to-least recent:
2022-03-21T08:05:59.370Z - info: 1. programming/chapters/oop
2022-03-21T08:06:00.389Z - info: Rebuilding 1 pages
2022-03-21T08:06:00.746Z - info: Site data built
2022-03-21T08:06:00.746Z - info: Pages rebuilt
2022-03-21T08:06:00.746Z - info: Website regeneration complete! Total build time: 0.359s
2022-03-21T08:06:04.445Z - info: [4:06:04 pm] Reload for file change: C:\repos\nus-cs2103\cs2103-website-base\programming\oop-classes\e-stockItemWithPrice.md
2022-03-21T08:06:04.445Z - info: Synchronizing opened pages list before reload
2022-03-21T08:06:04.445Z - info: Current opened pages, from most-to-least recent:
2022-03-21T08:06:04.446Z - info: 1. programming/chapters/oop
2022-03-21T08:06:05.457Z - info: Rebuilding 1 pages
2022-03-21T08:06:05.690Z - info: Site data built
2022-03-21T08:06:05.690Z - info: Pages rebuilt
2022-03-21T08:06:05.690Z - info: Website regeneration complete! Total build time: 0.234s
2022-03-21T08:06:36.936Z - info: [4:06:36 pm] Reload for file change: C:\repos\nus-cs2103\cs2103-website-base\programming\oop-classes\e-stockItemWithPrice.md
2022-03-21T08:06:36.937Z - info: Synchronizing opened pages list before reload
2022-03-21T08:06:36.937Z - info: Current opened pages, from most-to-least recent:
2022-03-21T08:06:36.937Z - info: 1. programming/chapters/oop
2022-03-21T08:06:37.948Z - info: Rebuilding 1 pages
2022-03-21T08:06:38.331Z - info: Site data built
2022-03-21T08:06:38.332Z - info: Pages rebuilt
2022-03-21T08:06:38.332Z - info: Website regeneration complete! Total build time: 0.385s
2022-03-21T08:07:13.276Z - info: [4:07:13 pm] Reload for file change: C:\repos\nus-cs2103\cs2103-website-base\programming\oop-classes\e-stockItemWithPrice.md
2022-03-21T08:07:13.277Z - info: Synchronizing opened pages list before reload
2022-03-21T08:07:13.277Z - info: Current opened pages, from most-to-least recent:
2022-03-21T08:07:13.277Z - info: 1. programming/chapters/oop
2022-03-21T08:07:14.291Z - info: Rebuilding 1 pages
2022-03-21T08:07:14.589Z - info: Site data built
2022-03-21T08:07:14.589Z - info: Pages rebuilt
2022-03-21T08:07:14.589Z - info: Website regeneration complete! Total build time: 0.299s
2022-03-21T08:07:32.981Z - info: [4:07:32 pm] Reload for file change: C:\repos\nus-cs2103\cs2103-website-base\programming\oop-classes\e-createStockItemClass.md
2022-03-21T08:07:32.982Z - info: Synchronizing opened pages list before reload
2022-03-21T08:07:32.982Z - info: Current opened pages, from most-to-least recent:
2022-03-21T08:07:32.982Z - info: 1. programming/chapters/oop
2022-03-21T08:07:33.986Z - info: Rebuilding 1 pages
2022-03-21T08:07:34.363Z - info: Site data built
2022-03-21T08:07:34.363Z - info: Pages rebuilt
2022-03-21T08:07:34.363Z - info: Website regeneration complete! Total build time: 0.379s
2022-03-21T08:08:14.314Z - info: [4:08:14 pm] Reload for file change: C:\repos\nus-cs2103\cs2103-website-base\programming\oop-classLevelMembers\e-addClassLevelMembersToSubjectClass.md
2022-03-21T08:08:14.315Z - info: Synchronizing opened pages list before reload
2022-03-21T08:08:14.315Z - info: Current opened pages, from most-to-least recent:
2022-03-21T08:08:14.315Z - info: 1. programming/chapters/oop
2022-03-21T08:08:15.327Z - info: Rebuilding 1 pages
2022-03-21T08:08:15.660Z - info: Site data built
2022-03-21T08:08:15.660Z - info: Pages rebuilt
2022-03-21T08:08:15.660Z - info: Website regeneration complete! Total build time: 0.334s
2022-03-21T08:08:51.787Z - info: [4:08:51 pm] Reload for file change: C:\repos\nus-cs2103\cs2103-website-base\programming\oop-inheritance\text.md
2022-03-21T08:08:51.787Z - info: Synchronizing opened pages list before reload
2022-03-21T08:08:51.787Z - info: Current opened pages, from most-to-least recent:
2022-03-21T08:08:51.787Z - info: 1. programming/chapters/oop
2022-03-21T08:08:52.795Z - info: Rebuilding 1 pages
2022-03-21T08:08:53.185Z - info: Site data built
2022-03-21T08:08:53.186Z - info: Pages rebuilt
2022-03-21T08:08:53.186Z - info: Website regeneration complete! Total build time: 0.393s
2022-03-21T08:09:08.728Z - info: [4:09:08 pm] Reload for file change: C:\repos\nus-cs2103\cs2103-website-base\programming\oop-inheritance\text.md
2022-03-21T08:09:08.728Z - info: Synchronizing opened pages list before reload
2022-03-21T08:09:08.728Z - info: Current opened pages, from most-to-least recent:
2022-03-21T08:09:08.728Z - info: 1. programming/chapters/oop
2022-03-21T08:09:09.743Z - info: Rebuilding 1 pages
2022-03-21T08:09:10.137Z - info: Site data built
2022-03-21T08:09:10.138Z - info: Pages rebuilt
2022-03-21T08:09:10.138Z - info: Website regeneration complete! Total build time: 0.396s
2022-03-21T08:10:13.950Z - info: [4:10:13 pm] Reload for file change: C:\repos\nus-cs2103\cs2103-website-base\programming\oop-inheritance\text.md
2022-03-21T08:10:13.950Z - info: Synchronizing opened pages list before reload
2022-03-21T08:10:13.950Z - info: Current opened pages, from most-to-least recent:
2022-03-21T08:10:13.951Z - info: 1. programming/chapters/oop
2022-03-21T08:10:14.960Z - info: Rebuilding 1 pages
2022-03-21T08:10:15.518Z - info: Site data built
2022-03-21T08:10:15.519Z - info: Pages rebuilt
2022-03-21T08:10:15.519Z - info: Website regeneration complete! Total build time: 0.56s
2022-03-21T08:10:45.582Z - info: [4:10:45 pm] Reload for file change: C:\repos\nus-cs2103\cs2103-website-base\programming\oop-inheritance\text.md
2022-03-21T08:10:45.582Z - info: Synchronizing opened pages list before reload
2022-03-21T08:10:45.582Z - info: Current opened pages, from most-to-least recent:
2022-03-21T08:10:45.582Z - info: 1. programming/chapters/oop
2022-03-21T08:10:46.584Z - info: Rebuilding 1 pages
2022-03-21T08:10:47.008Z - info: Site data built
2022-03-21T08:10:47.008Z - info: Pages rebuilt
2022-03-21T08:10:47.008Z - info: Website regeneration complete! Total build time: 0.425s
2022-03-21T08:11:31.043Z - info: Building C:\repos\nus-cs2103\cs2103-website-base\programming\chapters\dictionaries as some of its dependencies were changed since the last visit
2022-03-21T08:11:31.616Z - info: Site data built
2022-03-21T08:11:31.617Z - info: Lazy website regeneration complete! Total build time: 0.575s
2022-03-21T08:11:58.619Z - info: [4:11:58 pm] Reload for file change: C:\repos\nus-cs2103\cs2103-website-base\programming\dictionaries-workingWith\text.md
2022-03-21T08:11:58.619Z - info: Synchronizing opened pages list before reload
2022-03-21T08:11:58.620Z - info: Current opened pages, from most-to-least recent:
2022-03-21T08:11:58.620Z - info: 1. programming/chapters/dictionaries
2022-03-21T08:11:59.640Z - info: Rebuilding 1 pages
2022-03-21T08:12:00.063Z - info: Site data built
2022-03-21T08:12:00.063Z - info: Pages rebuilt
2022-03-21T08:12:00.064Z - info: Website regeneration complete! Total build time: 0.424s
2022-03-21T08:12:13.801Z - info: [4:12:13 pm] Reload for file change: C:\repos\nus-cs2103\cs2103-website-base\programming\dictionaries-workingWith\text.md
2022-03-21T08:12:13.801Z - info: Synchronizing opened pages list before reload
2022-03-21T08:12:13.801Z - info: Current opened pages, from most-to-least recent:
2022-03-21T08:12:13.802Z - info: 1. programming/chapters/dictionaries
2022-03-21T08:12:14.809Z - info: Rebuilding 1 pages
2022-03-21T08:12:15.128Z - info: Site data built
2022-03-21T08:12:15.128Z - info: Pages rebuilt
2022-03-21T08:12:15.128Z - info: Website regeneration complete! Total build time: 0.32s
2022-03-21T08:12:47.815Z - info: [4:12:47 pm] Reload for file change: C:\repos\nus-cs2103\cs2103-website-base\programming\dictionaries-workingWith\text.md
2022-03-21T08:12:47.816Z - info: Synchronizing opened pages list before reload
2022-03-21T08:12:47.816Z - info: Current opened pages, from most-to-least recent:
2022-03-21T08:12:47.816Z - info: 1. programming/chapters/dictionaries
2022-03-21T08:12:48.821Z - info: Rebuilding 1 pages
2022-03-21T08:12:49.236Z - info: Site data built
2022-03-21T08:12:49.237Z - info: Pages rebuilt
2022-03-21T08:12:49.237Z - info: Website regeneration complete! Total build time: 0.418s
2022-03-21T08:13:18.373Z - info: [4:13:18 pm] Reload for file change: C:\repos\nus-cs2103\cs2103-website-base\programming\dictionaries-workingWith\text.md
2022-03-21T08:13:18.373Z - info: Synchronizing opened pages list before reload
2022-03-21T08:13:18.373Z - info: Current opened pages, from most-to-least recent:
2022-03-21T08:13:18.374Z - info: 1. programming/chapters/dictionaries
2022-03-21T08:13:19.380Z - info: Rebuilding 1 pages
2022-03-21T08:13:19.717Z - info: Site data built
2022-03-21T08:13:19.718Z - info: Pages rebuilt
2022-03-21T08:13:19.718Z - info: Website regeneration complete! Total build time: 0.339s
2022-03-21T08:14:03.094Z - info: [4:14:03 pm] Reload for file change: C:\repos\nus-cs2103\cs2103-website-base\programming\dictionaries-workingWith\text.md
2022-03-21T08:14:03.095Z - info: Synchronizing opened pages list before reload
2022-03-21T08:14:03.095Z - info: Current opened pages, from most-to-least recent:
2022-03-21T08:14:03.095Z - info: 1. programming/chapters/dictionaries
2022-03-21T08:14:04.112Z - info: Rebuilding 1 pages
2022-03-21T08:14:04.418Z - info: Site data built
2022-03-21T08:14:04.418Z - info: Pages rebuilt
2022-03-21T08:14:04.419Z - info: Website regeneration complete! Total build time: 0.307s
2022-03-21T08:14:15.726Z - info: [4:14:15 pm] Reload for file change: C:\repos\nus-cs2103\cs2103-website-base\programming\dictionaries-workingWith\text.md
2022-03-21T08:14:15.726Z - info: Synchronizing opened pages list before reload
2022-03-21T08:14:15.727Z - info: Current opened pages, from most-to-least recent:
2022-03-21T08:14:15.727Z - info: 1. programming/chapters/dictionaries
2022-03-21T08:14:16.738Z - info: Rebuilding 1 pages
2022-03-21T08:14:17.138Z - info: Site data built
2022-03-21T08:14:17.138Z - info: Pages rebuilt
2022-03-21T08:14:17.138Z - info: Website regeneration complete! Total build time: 0.402s
2022-03-21T08:14:35.600Z - info: [4:14:35 pm] Reload for file change: C:\repos\nus-cs2103\cs2103-website-base\programming\dictionaries-workingWith\text.md
2022-03-21T08:14:35.600Z - info: Synchronizing opened pages list before reload
2022-03-21T08:14:35.600Z - info: Current opened pages, from most-to-least recent:
2022-03-21T08:14:35.600Z - info: 1. programming/chapters/dictionaries
2022-03-21T08:14:36.616Z - info: Rebuilding 1 pages
2022-03-21T08:14:36.947Z - info: Site data built
2022-03-21T08:14:36.947Z - info: Pages rebuilt
2022-03-21T08:14:36.947Z - info: Website regeneration complete! Total build time: 0.332s
2022-03-21T08:14:48.335Z - info: Building C:\repos\nus-cs2103\cs2103-website-base\programming\chapters\files as some of its dependencies were changed since the last visit
2022-03-21T08:14:48.792Z - info: Site data built
2022-03-21T08:14:48.793Z - info: Lazy website regeneration complete! Total build time: 0.457s
2022-03-21T08:15:35.456Z - info: [4:15:35 pm] Reload for file change: C:\repos\nus-cs2103\cs2103-website-base\programming\files-paths\text.md
2022-03-21T08:15:35.457Z - info: Synchronizing opened pages list before reload
2022-03-21T08:15:35.458Z - info: Current opened pages, from most-to-least recent:
2022-03-21T08:15:35.458Z - info: 1. programming/chapters/files
2022-03-21T08:15:36.465Z - info: Rebuilding 1 pages
2022-03-21T08:15:36.765Z - info: Site data built
2022-03-21T08:15:36.765Z - info: Pages rebuilt
2022-03-21T08:15:36.765Z - info: Website regeneration complete! Total build time: 0.301s
2022-03-21T08:16:47.109Z - info: [4:16:47 pm] Reload for file change: C:\repos\nus-cs2103\cs2103-website-base\programming\files-paths\text.md
2022-03-21T08:16:47.109Z - info: Synchronizing opened pages list before reload
2022-03-21T08:16:47.109Z - info: Current opened pages, from most-to-least recent:
2022-03-21T08:16:47.109Z - info: 1. programming/chapters/files
2022-03-21T08:16:48.121Z - info: Rebuilding 1 pages
2022-03-21T08:16:48.466Z - info: Site data built
2022-03-21T08:16:48.466Z - info: Pages rebuilt
2022-03-21T08:16:48.467Z - info: Website regeneration complete! Total build time: 0.347s
2022-03-21T08:17:01.839Z - info: Building C:\repos\nus-cs2103\cs2103-website-base\programming\chapters\strings as some of its dependencies were changed since the last visit
2022-03-21T08:17:02.271Z - info: Site data built
2022-03-21T08:17:02.272Z - info: Lazy website regeneration complete! Total build time: 0.433s
2022-03-21T08:17:29.497Z - info: Building C:\repos\nus-cs2103\cs2103-website-base\programming\chapters\expressions-types-variables as some of its dependencies were changed since the last visit
2022-03-21T08:17:29.803Z - info: Site data built
2022-03-21T08:17:29.803Z - info: Lazy website regeneration complete! Total build time: 0.306s
2022-03-21T08:17:37.755Z - info: Building C:\repos\nus-cs2103\cs2103-website-base\programming\chapters\programs as some of its dependencies were changed since the last visit
2022-03-21T08:17:37.967Z - info: Site data built
2022-03-21T08:17:37.967Z - info: Lazy website regeneration complete! Total build time: 0.212s
2022-03-21T08:17:47.167Z - info: Building C:\repos\nus-cs2103\cs2103-website-base\programming\chapters\flowcontrol as some of its dependencies were changed since the last visit
2022-03-21T08:17:47.856Z - info: Site data built
2022-03-21T08:17:47.856Z - info: Lazy website regeneration complete! Total build time: 0.69s
2022-03-21T08:18:01.424Z - info: Building C:\repos\nus-cs2103\cs2103-website-base\programming\chapters\functions as some of its dependencies were changed since the last visit
2022-03-21T08:18:01.848Z - info: Site data built
2022-03-21T08:18:01.848Z - info: Lazy website regeneration complete! Total build time: 0.425s
2022-03-21T08:18:22.872Z - info: [4:18:22 pm] Reload for file change: C:\repos\nus-cs2103\cs2103-website-base\programming\functions-def\text.md
2022-03-21T08:18:22.872Z - info: Synchronizing opened pages list before reload
2022-03-21T08:18:22.872Z - info: Current opened pages, from most-to-least recent:
2022-03-21T08:18:22.872Z - info: 1. programming/chapters/functions
2022-03-21T08:18:23.882Z - info: Rebuilding 1 pages
2022-03-21T08:18:24.169Z - info: Site data built
2022-03-21T08:18:24.170Z - info: Pages rebuilt
2022-03-21T08:18:24.170Z - info: Website regeneration complete! Total build time: 0.288s
2022-03-21T08:19:33.003Z - info: [4:19:33 pm] Reload for file change: C:\repos\nus-cs2103\cs2103-website-base\programming\functions-scope\text.md
2022-03-21T08:19:33.003Z - info: Synchronizing opened pages list before reload
2022-03-21T08:19:33.003Z - info: Current opened pages, from most-to-least recent:
2022-03-21T08:19:33.003Z - info: 1. programming/chapters/functions
2022-03-21T08:19:34.009Z - info: Rebuilding 1 pages
2022-03-21T08:19:34.423Z - info: Site data built
2022-03-21T08:19:34.423Z - info: Pages rebuilt
2022-03-21T08:19:34.423Z - info: Website regeneration complete! Total build time: 0.415s
2022-03-21T08:19:41.631Z - info: Building C:\repos\nus-cs2103\cs2103-website-base\programming\chapters\lists as some of its dependencies were changed since the last visit
2022-03-21T08:19:42.298Z - info: Site data built
2022-03-21T08:19:42.298Z - info: Lazy website regeneration complete! Total build time: 0.667s
2022-03-21T08:20:22.001Z - info: [4:20:22 pm] Reload for file change: C:\repos\nus-cs2103\cs2103-website-base\programming\lists-intro\e-countries.md
2022-03-21T08:20:22.002Z - info: Synchronizing opened pages list before reload
2022-03-21T08:20:22.002Z - info: Current opened pages, from most-to-least recent:
2022-03-21T08:20:22.002Z - info: 1. programming/chapters/lists
2022-03-21T08:20:23.009Z - info: Rebuilding 1 pages
2022-03-21T08:20:23.578Z - info: Site data built
2022-03-21T08:20:23.578Z - info: Pages rebuilt
2022-03-21T08:20:23.579Z - info: Website regeneration complete! Total build time: 0.57s
2022-03-21T08:20:56.627Z - info: [4:20:56 pm] Reload for file change: C:\repos\nus-cs2103\cs2103-website-base\programming\lists-intro\text.md
2022-03-21T08:20:56.628Z - info: Synchronizing opened pages list before reload
2022-03-21T08:20:56.628Z - info: Current opened pages, from most-to-least recent:
2022-03-21T08:20:56.628Z - info: 1. programming/chapters/lists
2022-03-21T08:20:57.644Z - info: Rebuilding 1 pages
2022-03-21T08:20:58.132Z - info: Site data built
2022-03-21T08:20:58.132Z - info: Pages rebuilt
2022-03-21T08:20:58.132Z - info: Website regeneration complete! Total build time: 0.49s
2022-03-21T08:21:14.029Z - info: [4:21:14 pm] Reload for file change: C:\repos\nus-cs2103\cs2103-website-base\programming\lists-intro\text.md
2022-03-21T08:21:14.030Z - info: Synchronizing opened pages list before reload
2022-03-21T08:21:14.030Z - info: Current opened pages, from most-to-least recent:
2022-03-21T08:21:14.030Z - info: 1. programming/chapters/lists
2022-03-21T08:21:15.047Z - info: Rebuilding 1 pages
2022-03-21T08:21:15.624Z - info: Site data built
2022-03-21T08:21:15.625Z - info: Pages rebuilt
2022-03-21T08:21:15.625Z - info: Website regeneration complete! Total build time: 0.579s
2022-03-21T08:21:50.032Z - info: [4:21:50 pm] Reload for file change: C:\repos\nus-cs2103\cs2103-website-base\programming\objectReferences\e-swapEnds.md
2022-03-21T08:21:50.032Z - info: Synchronizing opened pages list before reload
2022-03-21T08:21:50.032Z - info: Current opened pages, from most-to-least recent:
2022-03-21T08:21:50.032Z - info: 1. programming/chapters/lists
2022-03-21T08:21:51.048Z - info: Rebuilding 1 pages
2022-03-21T08:21:51.585Z - info: Site data built
2022-03-21T08:21:51.585Z - info: Pages rebuilt
2022-03-21T08:21:51.585Z - info: Website regeneration complete! Total build time: 0.537s
2022-03-21T08:22:19.999Z - info: [4:22:19 pm] Reload for file change: C:\repos\nus-cs2103\cs2103-website-base\programming\lists-workingWith\text.md
2022-03-21T08:22:20.000Z - info: Synchronizing opened pages list before reload
2022-03-21T08:22:20.000Z - info: Current opened pages, from most-to-least recent:
2022-03-21T08:22:20.000Z - info: 1. programming/chapters/lists
2022-03-21T08:22:21.006Z - info: Rebuilding 1 pages
2022-03-21T08:22:21.625Z - info: Site data built
2022-03-21T08:22:21.625Z - info: Pages rebuilt
2022-03-21T08:22:21.625Z - info: Website regeneration complete! Total build time: 0.619s
2022-03-21T08:22:33.492Z - info: [4:22:33 pm] Reload for file change: C:\repos\nus-cs2103\cs2103-website-base\programming\lists-workingWith\text.md
2022-03-21T08:22:33.492Z - info: Synchronizing opened pages list before reload
2022-03-21T08:22:33.492Z - info: Current opened pages, from most-to-least recent:
2022-03-21T08:22:33.492Z - info: 1. programming/chapters/lists
2022-03-21T08:22:34.493Z - info: Rebuilding 1 pages
2022-03-21T08:22:34.957Z - info: Site data built
2022-03-21T08:22:34.957Z - info: Pages rebuilt
2022-03-21T08:22:34.958Z - info: Website regeneration complete! Total build time: 0.466s
2022-03-21T08:22:54.305Z - info: [4:22:54 pm] Reload for file change: C:\repos\nus-cs2103\cs2103-website-base\programming\lists-workingWith\text.md
2022-03-21T08:22:54.306Z - info: Synchronizing opened pages list before reload
2022-03-21T08:22:54.306Z - info: Current opened pages, from most-to-least recent:
2022-03-21T08:22:54.306Z - info: 1. programming/chapters/lists
2022-03-21T08:22:55.317Z - info: Rebuilding 1 pages
2022-03-21T08:22:55.907Z - info: Site data built
2022-03-21T08:22:55.907Z - info: Pages rebuilt
2022-03-21T08:22:55.908Z - info: Website regeneration complete! Total build time: 0.592s
2022-03-21T08:23:16.556Z - info: [4:23:16 pm] Reload for file change: C:\repos\nus-cs2103\cs2103-website-base\programming\lists-workingWith\text.md
2022-03-21T08:23:16.556Z - info: Synchronizing opened pages list before reload
2022-03-21T08:23:16.556Z - info: Current opened pages, from most-to-least recent:
2022-03-21T08:23:16.556Z - info: 1. programming/chapters/lists
2022-03-21T08:23:17.573Z - info: Rebuilding 1 pages
2022-03-21T08:23:18.060Z - info: Site data built
2022-03-21T08:23:18.060Z - info: Pages rebuilt
2022-03-21T08:23:18.060Z - info: Website regeneration complete! Total build time: 0.488s
2022-03-21T08:23:37.649Z - info: [4:23:37 pm] Reload for file change: C:\repos\nus-cs2103\cs2103-website-base\programming\lists-workingWith\text.md
2022-03-21T08:23:37.649Z - info: Synchronizing opened pages list before reload
2022-03-21T08:23:37.649Z - info: Current opened pages, from most-to-least recent:
2022-03-21T08:23:37.649Z - info: 1. programming/chapters/lists
2022-03-21T08:23:38.653Z - info: Rebuilding 1 pages
2022-03-21T08:23:39.239Z - info: Site data built
2022-03-21T08:23:39.239Z - info: Pages rebuilt
2022-03-21T08:23:39.239Z - info: Website regeneration complete! Total build time: 0.587s
2022-03-21T08:23:47.119Z - info: [4:23:47 pm] Reload for file change: C:\repos\nus-cs2103\cs2103-website-base\programming\lists-workingWith\text.md
2022-03-21T08:23:47.119Z - info: Synchronizing opened pages list before reload
2022-03-21T08:23:47.119Z - info: Current opened pages, from most-to-least recent:
2022-03-21T08:23:47.119Z - info: 1. programming/chapters/lists
2022-03-21T08:23:48.142Z - info: Rebuilding 1 pages
2022-03-21T08:23:48.585Z - info: Site data built
2022-03-21T08:23:48.585Z - info: Pages rebuilt
2022-03-21T08:23:48.585Z - info: Website regeneration complete! Total build time: 0.444s
2022-03-21T08:24:16.034Z - info: [4:24:16 pm] Reload for file change: C:\repos\nus-cs2103\cs2103-website-base\programming\methods\e-removeExtraSpaces.md
2022-03-21T08:24:16.034Z - info: Synchronizing opened pages list before reload
2022-03-21T08:24:16.034Z - info: Current opened pages, from most-to-least recent:
2022-03-21T08:24:16.034Z - info: 1. programming/chapters/lists
2022-03-21T08:24:17.058Z - info: Rebuilding 1 pages
2022-03-21T08:24:17.726Z - info: Site data built
2022-03-21T08:24:17.726Z - info: Pages rebuilt
2022-03-21T08:24:17.727Z - info: Website regeneration complete! Total build time: 0.669s
2022-03-21T08:24:26.008Z - info: [4:24:26 pm] Reload for file change: C:\repos\nus-cs2103\cs2103-website-base\programming\methods\e-removeExtraSpaces.md
2022-03-21T08:24:26.009Z - info: Synchronizing opened pages list before reload
2022-03-21T08:24:26.009Z - info: Current opened pages, from most-to-least recent:
2022-03-21T08:24:26.009Z - info: 1. programming/chapters/lists
2022-03-21T08:24:27.011Z - info: Rebuilding 1 pages
2022-03-21T08:24:27.564Z - info: Site data built
2022-03-21T08:24:27.564Z - info: Pages rebuilt
2022-03-21T08:24:27.564Z - info: Website regeneration complete! Total build time: 0.554s
2022-03-21T08:24:49.843Z - info: [4:24:49 pm] Reload for file change: C:\repos\nus-cs2103\cs2103-website-base\programming\lists-methods\text.md
2022-03-21T08:24:49.843Z - info: Synchronizing opened pages list before reload
2022-03-21T08:24:49.843Z - info: Current opened pages, from most-to-least recent:
2022-03-21T08:24:49.843Z - info: 1. programming/chapters/lists
2022-03-21T08:24:50.854Z - info: Rebuilding 1 pages
2022-03-21T08:24:51.488Z - info: Site data built
2022-03-21T08:24:51.489Z - info: Pages rebuilt
2022-03-21T08:24:51.489Z - info: Website regeneration complete! Total build time: 0.637s
2022-03-21T08:25:03.269Z - info: [4:25:03 pm] Reload for file change: C:\repos\nus-cs2103\cs2103-website-base\programming\lists-methods\text.md
2022-03-21T08:25:03.270Z - info: Synchronizing opened pages list before reload
2022-03-21T08:25:03.270Z - info: Current opened pages, from most-to-least recent:
2022-03-21T08:25:03.270Z - info: 1. programming/chapters/lists
2022-03-21T08:25:04.286Z - info: Rebuilding 1 pages
2022-03-21T08:25:04.879Z - info: Site data built
2022-03-21T08:25:04.880Z - info: Pages rebuilt
2022-03-21T08:25:04.880Z - info: Website regeneration complete! Total build time: 0.596s
2022-03-21T08:25:13.158Z - info: [4:25:13 pm] Reload for file change: C:\repos\nus-cs2103\cs2103-website-base\programming\lists-methods\text.md
2022-03-21T08:25:13.159Z - info: Synchronizing opened pages list before reload
2022-03-21T08:25:13.159Z - info: Current opened pages, from most-to-least recent:
2022-03-21T08:25:13.159Z - info: 1. programming/chapters/lists
2022-03-21T08:25:14.169Z - info: Rebuilding 1 pages
2022-03-21T08:25:14.817Z - info: Site data built
2022-03-21T08:25:14.817Z - info: Pages rebuilt
2022-03-21T08:25:14.817Z - info: Website regeneration complete! Total build time: 0.649s
2022-03-21T08:25:24.855Z - info: Building C:\repos\nus-cs2103\cs2103-website-base\programming\chapters\errors as some of its dependencies were changed since the last visit
2022-03-21T08:25:25.170Z - info: Site data built
2022-03-21T08:25:25.170Z - info: Lazy website regeneration complete! Total build time: 0.315s
2022-03-21T08:25:59.983Z - info: [4:25:59 pm] Reload for file change: C:\repos\nus-cs2103\cs2103-website-base\programming\errors-exceptions-handling\text.md
2022-03-21T08:25:59.983Z - info: Synchronizing opened pages list before reload
2022-03-21T08:25:59.983Z - info: Current opened pages, from most-to-least recent:
2022-03-21T08:25:59.984Z - info: 1. programming/chapters/errors
2022-03-21T08:26:00.992Z - info: Rebuilding 1 pages
2022-03-21T08:26:01.334Z - info: Site data built
2022-03-21T08:26:01.334Z - info: Pages rebuilt
2022-03-21T08:26:01.335Z - info: Website regeneration complete! Total build time: 0.344s
2022-03-21T08:26:20.855Z - info: [4:26:20 pm] Reload for file change: C:\repos\nus-cs2103\cs2103-website-base\programming\errors-exceptions-handling\text.md
2022-03-21T08:26:20.855Z - info: Synchronizing opened pages list before reload
2022-03-21T08:26:20.855Z - info: Current opened pages, from most-to-least recent:
2022-03-21T08:26:20.856Z - info: 1. programming/chapters/errors
2022-03-21T08:26:21.875Z - info: Rebuilding 1 pages
2022-03-21T08:26:22.197Z - info: Site data built
2022-03-21T08:26:22.198Z - info: Pages rebuilt
2022-03-21T08:26:22.198Z - info: Website regeneration complete! Total build time: 0.323s
2022-03-21T08:26:30.437Z - info: [4:26:30 pm] Reload for file change: C:\repos\nus-cs2103\cs2103-website-base\programming\errors-exceptions-handling\text.md
2022-03-21T08:26:30.437Z - info: Synchronizing opened pages list before reload
2022-03-21T08:26:30.438Z - info: Current opened pages, from most-to-least recent:
2022-03-21T08:26:30.438Z - info: 1. programming/chapters/errors
2022-03-21T08:26:31.451Z - info: Rebuilding 1 pages
2022-03-21T08:26:31.691Z - info: Site data built
2022-03-21T08:26:31.691Z - info: Pages rebuilt
2022-03-21T08:26:31.691Z - info: Website regeneration complete! Total build time: 0.241s
2022-03-21T08:26:41.557Z - info: [4:26:41 pm] Reload for file change: C:\repos\nus-cs2103\cs2103-website-base\programming\errors-exceptions-handling\text.md
2022-03-21T08:26:41.557Z - info: Synchronizing opened pages list before reload
2022-03-21T08:26:41.557Z - info: Current opened pages, from most-to-least recent:
2022-03-21T08:26:41.558Z - info: 1. programming/chapters/errors
2022-03-21T08:26:42.562Z - info: Rebuilding 1 pages
2022-03-21T08:26:42.781Z - info: Site data built
2022-03-21T08:26:42.781Z - info: Pages rebuilt
2022-03-21T08:26:42.781Z - info: Website regeneration complete! Total build time: 0.222s
2022-03-21T08:26:57.978Z - info: [4:26:57 pm] Reload for file change: C:\repos\nus-cs2103\cs2103-website-base\programming\errors-exceptions-handling\text.md
2022-03-21T08:26:57.979Z - info: Synchronizing opened pages list before reload
2022-03-21T08:26:57.979Z - info: Current opened pages, from most-to-least recent:
2022-03-21T08:26:57.979Z - info: 1. programming/chapters/errors
2022-03-21T08:26:58.985Z - info: Rebuilding 1 pages
2022-03-21T08:26:59.239Z - info: Site data built
2022-03-21T08:26:59.240Z - info: Pages rebuilt
2022-03-21T08:26:59.240Z - info: Website regeneration complete! Total build time: 0.255s
2022-03-21T08:27:14.163Z - info: [4:27:14 pm] Reload for file change: C:\repos\nus-cs2103\cs2103-website-base\programming\errors-exceptions-handling\text.md
2022-03-21T08:27:14.163Z - info: Synchronizing opened pages list before reload
2022-03-21T08:27:14.163Z - info: Current opened pages, from most-to-least recent:
2022-03-21T08:27:14.164Z - info: 1. programming/chapters/errors
2022-03-21T08:27:15.173Z - info: Rebuilding 1 pages
2022-03-21T08:27:15.507Z - info: Site data built
2022-03-21T08:27:15.507Z - info: Pages rebuilt
2022-03-21T08:27:15.508Z - info: Website regeneration complete! Total build time: 0.336s
2022-03-21T08:27:27.927Z - info: [4:27:27 pm] Reload for file change: C:\repos\nus-cs2103\cs2103-website-base\programming\errors-exceptions-handling\text.md
2022-03-21T08:27:27.927Z - info: Synchronizing opened pages list before reload
2022-03-21T08:27:27.927Z - info: Current opened pages, from most-to-least recent:
2022-03-21T08:27:27.927Z - info: 1. programming/chapters/errors
2022-03-21T08:27:28.945Z - info: Rebuilding 1 pages
2022-03-21T08:27:29.254Z - info: Site data built
2022-03-21T08:27:29.254Z - info: Pages rebuilt
2022-03-21T08:27:29.254Z - info: Website regeneration complete! Total build time: 0.309s
2022-03-21T08:27:51.486Z - info: [4:27:51 pm] Reload for file change: C:\repos\nus-cs2103\cs2103-website-base\programming\errors-exceptions-raising\text.md
2022-03-21T08:27:51.486Z - info: Synchronizing opened pages list before reload
2022-03-21T08:27:51.487Z - info: Current opened pages, from most-to-least recent:
2022-03-21T08:27:51.487Z - info: 1. programming/chapters/errors
2022-03-21T08:27:52.491Z - info: Rebuilding 1 pages
2022-03-21T08:27:52.719Z - info: Site data built
2022-03-21T08:27:52.719Z - info: Pages rebuilt
2022-03-21T08:27:52.719Z - info: Website regeneration complete! Total build time: 0.23s
2022-03-21T08:28:04.545Z - info: [4:28:04 pm] Reload for file change: C:\repos\nus-cs2103\cs2103-website-base\programming\errors-exceptions-raising\text.md
2022-03-21T08:28:04.545Z - info: Synchronizing opened pages list before reload
2022-03-21T08:28:04.545Z - info: Current opened pages, from most-to-least recent:
2022-03-21T08:28:04.545Z - info: 1. programming/chapters/errors
2022-03-21T08:28:05.558Z - info: Rebuilding 1 pages
2022-03-21T08:28:06.066Z - info: Site data built
2022-03-21T08:28:06.066Z - info: Pages rebuilt
2022-03-21T08:28:06.067Z - info: Website regeneration complete! Total build time: 0.508s
2022-03-21T08:29:03.514Z - info: [4:29:03 pm] Reload for file change: C:\repos\nus-cs2103\cs2103-website-base\programming\strings-literals\text.md
2022-03-21T08:29:03.514Z - info: Synchronizing opened pages list before reload
2022-03-21T08:29:03.514Z - info: Current opened pages, from most-to-least recent:
2022-03-21T08:29:03.515Z - info: 1. programming/chapters/strings
2022-03-21T08:29:04.519Z - info: Rebuilding 1 pages
2022-03-21T08:29:04.862Z - info: Site data built
2022-03-21T08:29:04.863Z - info: Pages rebuilt
2022-03-21T08:29:04.863Z - info: Website regeneration complete! Total build time: 0.345s
2022-03-21T08:29:33.380Z - info: [4:29:33 pm] Reload for file change: C:\repos\nus-cs2103\cs2103-website-base\programming\strings-literals\text.md
2022-03-21T08:29:33.380Z - info: Synchronizing opened pages list before reload
2022-03-21T08:29:33.381Z - info: Current opened pages, from most-to-least recent:
2022-03-21T08:29:33.381Z - info: 1. programming/chapters/strings
2022-03-21T08:29:34.396Z - info: Rebuilding 1 pages
2022-03-21T08:29:34.817Z - info: Site data built
2022-03-21T08:29:34.817Z - info: Pages rebuilt
2022-03-21T08:29:34.817Z - info: Website regeneration complete! Total build time: 0.422s
2022-03-21T08:30:01.385Z - info: [4:30:01 pm] Reload for file change: C:\repos\nus-cs2103\cs2103-website-base\programming\strings-literals\text.md
2022-03-21T08:30:01.385Z - info: Synchronizing opened pages list before reload
2022-03-21T08:30:01.385Z - info: Current opened pages, from most-to-least recent:
2022-03-21T08:30:01.385Z - info: 1. programming/chapters/strings
2022-03-21T08:30:02.389Z - info: Rebuilding 1 pages
2022-03-21T08:30:02.759Z - info: Site data built
2022-03-21T08:30:02.759Z - info: Pages rebuilt
2022-03-21T08:30:02.759Z - info: Website regeneration complete! Total build time: 0.371s
2022-03-21T08:30:14.992Z - info: [4:30:14 pm] Reload for file change: C:\repos\nus-cs2103\cs2103-website-base\programming\strings-literals\text.md
2022-03-21T08:30:14.992Z - info: Synchronizing opened pages list before reload
2022-03-21T08:30:14.992Z - info: Current opened pages, from most-to-least recent:
2022-03-21T08:30:14.993Z - info: 1. programming/chapters/strings
2022-03-21T08:30:16.010Z - info: Rebuilding 1 pages
2022-03-21T08:30:16.409Z - info: Site data built
2022-03-21T08:30:16.410Z - info: Pages rebuilt
2022-03-21T08:30:16.410Z - info: Website regeneration complete! Total build time: 0.401s
2022-03-21T08:30:45.661Z - info: [4:30:45 pm] Reload for file change: C:\repos\nus-cs2103\cs2103-website-base\programming\strings-literals\text.md
2022-03-21T08:30:45.661Z - info: Synchronizing opened pages list before reload
2022-03-21T08:30:45.662Z - info: Current opened pages, from most-to-least recent:
2022-03-21T08:30:45.662Z - info: 1. programming/chapters/strings
2022-03-21T08:30:46.664Z - info: Rebuilding 1 pages
2022-03-21T08:30:46.850Z - error:  Error: Cyclic reference detected.
Last 5 files processed:
	C:\repos\nus-cs2103\cs2103-website-base\programming\strings-literals\inputOutput.md
	C:\repos\nus-cs2103\cs2103-website-base\programming\strings-literals\inputOutput.md
	C:\repos\nus-cs2103\cs2103-website-base\programming\strings-literals\inputOutput.md
	C:\repos\nus-cs2103\cs2103-website-base\programming\strings-literals\inputOutput.md
	C:\repos\nus-cs2103\cs2103-website-base\programming\strings-literals\inputOutput.md
    at processInclude (C:\Users\dcsdcr\AppData\Roaming\npm\node_modules\markbind-cli\node_modules\@markbind\core\src\html\includePanelProcessor.js:247:21)
    at NodeProcessor.processNode (C:\Users\dcsdcr\AppData\Roaming\npm\node_modules\markbind-cli\node_modules\@markbind\core\src\html\NodeProcessor.js:147:16)
    at NodeProcessor._process (C:\Users\dcsdcr\AppData\Roaming\npm\node_modules\markbind-cli\node_modules\@markbind\core\src\html\NodeProcessor.js:289:20)
    at C:\Users\dcsdcr\AppData\Roaming\npm\node_modules\markbind-cli\node_modules\@markbind\core\src\html\NodeProcessor.js:294:14
    at Array.forEach (<anonymous>)
    at NodeProcessor._process (C:\Users\dcsdcr\AppData\Roaming\npm\node_modules\markbind-cli\node_modules\@markbind\core\src\html\NodeProcessor.js:293:21)
    at C:\Users\dcsdcr\AppData\Roaming\npm\node_modules\markbind-cli\node_modules\@markbind\core\src\html\NodeProcessor.js:294:14
    at Array.forEach (<anonymous>)
    at NodeProcessor._process (C:\Users\dcsdcr\AppData\Roaming\npm\node_modules\markbind-cli\node_modules\@markbind\core\src\html\NodeProcessor.js:293:21)
    at C:\Users\dcsdcr\AppData\Roaming\npm\node_modules\markbind-cli\node_modules\@markbind\core\src\html\NodeProcessor.js:294:14
    at Array.forEach (<anonymous>)
    at NodeProcessor._process (C:\Users\dcsdcr\AppData\Roaming\npm\node_modules\markbind-cli\node_modules\@markbind\core\src\html\NodeProcessor.js:293:21)
    at C:\Users\dcsdcr\AppData\Roaming\npm\node_modules\markbind-cli\node_modules\@markbind\core\src\html\NodeProcessor.js:294:14
    at Array.forEach (<anonymous>)
    at NodeProcessor._process (C:\Users\dcsdcr\AppData\Roaming\npm\node_modules\markbind-cli\node_modules\@markbind\core\src\html\NodeProcessor.js:293:21)
    at C:\Users\dcsdcr\AppData\Roaming\npm\node_modules\markbind-cli\node_modules\@markbind\core\src\html\NodeProcessor.js:294:14
2022-03-21T08:30:47.416Z - info: Site data built
2022-03-21T08:30:47.416Z - info: Pages rebuilt
2022-03-21T08:30:47.417Z - info: Website regeneration complete! Total build time: 0.753s
2022-03-21T08:30:55.950Z - info: [4:30:55 pm] Reload for file change: C:\repos\nus-cs2103\cs2103-website-base\programming\strings-literals\text.md
2022-03-21T08:30:55.951Z - info: Synchronizing opened pages list before reload
2022-03-21T08:30:55.951Z - info: Current opened pages, from most-to-least recent:
2022-03-21T08:30:55.951Z - info: 1. programming/chapters/strings
2022-03-21T08:30:56.962Z - info: Rebuilding 1 pages
2022-03-21T08:30:57.312Z - info: Site data built
2022-03-21T08:30:57.312Z - info: Pages rebuilt
2022-03-21T08:30:57.312Z - info: Website regeneration complete! Total build time: 0.351s
2022-03-21T08:31:25.206Z - info: [4:31:25 pm] Reload for file change: C:\repos\nus-cs2103\cs2103-website-base\programming\strings-literals\text.md
2022-03-21T08:31:25.206Z - info: Synchronizing opened pages list before reload
2022-03-21T08:31:25.206Z - info: Current opened pages, from most-to-least recent:
2022-03-21T08:31:25.206Z - info: 1. programming/chapters/strings
2022-03-21T08:31:26.223Z - info: Rebuilding 1 pages
2022-03-21T08:31:26.651Z - info: Site data built
2022-03-21T08:31:26.651Z - info: Pages rebuilt
2022-03-21T08:31:26.651Z - info: Website regeneration complete! Total build time: 0.429s
2022-03-21T08:32:21.536Z - info: [4:32:21 pm] Reload for file change: C:\repos\nus-cs2103\cs2103-website-base\programming\strings-methods\text.md
2022-03-21T08:32:21.536Z - info: Synchronizing opened pages list before reload
2022-03-21T08:32:21.536Z - info: Current opened pages, from most-to-least recent:
2022-03-21T08:32:21.536Z - info: 1. programming/chapters/strings
2022-03-21T08:32:22.551Z - info: Rebuilding 1 pages
2022-03-21T08:32:22.908Z - info: Site data built
2022-03-21T08:32:22.908Z - info: Pages rebuilt
2022-03-21T08:32:22.908Z - info: Website regeneration complete! Total build time: 0.359s
2022-03-21T08:32:30.549Z - info: [4:32:30 pm] Reload for file change: C:\repos\nus-cs2103\cs2103-website-base\programming\strings-methods\text.md
2022-03-21T08:32:30.549Z - info: Synchronizing opened pages list before reload
2022-03-21T08:32:30.549Z - info: Current opened pages, from most-to-least recent:
2022-03-21T08:32:30.549Z - info: 1. programming/chapters/strings
2022-03-21T08:32:31.557Z - info: Rebuilding 1 pages
2022-03-21T08:32:31.865Z - info: Site data built
2022-03-21T08:32:31.865Z - info: Pages rebuilt
2022-03-21T08:32:31.865Z - info: Website regeneration complete! Total build time: 0.312s
2022-03-21T08:32:47.211Z - info: [4:32:47 pm] Reload for file change: C:\repos\nus-cs2103\cs2103-website-base\programming\strings-methods\text.md
2022-03-21T08:32:47.211Z - info: Synchronizing opened pages list before reload
2022-03-21T08:32:47.212Z - info: Current opened pages, from most-to-least recent:
2022-03-21T08:32:47.212Z - info: 1. programming/chapters/strings
2022-03-21T08:32:48.217Z - info: Rebuilding 1 pages
2022-03-21T08:32:48.608Z - info: Site data built
2022-03-21T08:32:48.608Z - info: Pages rebuilt
2022-03-21T08:32:48.608Z - info: Website regeneration complete! Total build time: 0.392s
2022-03-21T08:33:10.710Z - info: [4:33:10 pm] Reload for file change: C:\repos\nus-cs2103\cs2103-website-base\programming\strings-methods\text.md
2022-03-21T08:33:10.710Z - info: Synchronizing opened pages list before reload
2022-03-21T08:33:10.710Z - info: Current opened pages, from most-to-least recent:
2022-03-21T08:33:10.710Z - info: 1. programming/chapters/strings
2022-03-21T08:33:11.721Z - info: Rebuilding 1 pages
2022-03-21T08:33:12.072Z - info: Site data built
2022-03-21T08:33:12.072Z - info: Pages rebuilt
2022-03-21T08:33:12.072Z - info: Website regeneration complete! Total build time: 0.353s
2022-03-21T08:33:34.070Z - info: [4:33:34 pm] Reload for file change: C:\repos\nus-cs2103\cs2103-website-base\programming\strings-methods\e-printFormattedItem.md
2022-03-21T08:33:34.070Z - info: Synchronizing opened pages list before reload
2022-03-21T08:33:34.070Z - info: Current opened pages, from most-to-least recent:
2022-03-21T08:33:34.070Z - info: 1. programming/chapters/strings
2022-03-21T08:33:35.092Z - info: Rebuilding 1 pages
2022-03-21T08:33:35.396Z - info: Site data built
2022-03-21T08:33:35.396Z - info: Pages rebuilt
2022-03-21T08:33:35.396Z - info: Website regeneration complete! Total build time: 0.305s
2022-03-21T08:33:51.190Z - info: [4:33:51 pm] Reload for file change: C:\repos\nus-cs2103\cs2103-website-base\programming\strings-methods\e-removeFromWord.md
2022-03-21T08:33:51.190Z - info: Synchronizing opened pages list before reload
2022-03-21T08:33:51.190Z - info: Current opened pages, from most-to-least recent:
2022-03-21T08:33:51.190Z - info: 1. programming/chapters/strings
2022-03-21T08:33:52.210Z - info: Rebuilding 1 pages
2022-03-21T08:33:52.606Z - info: Site data built
2022-03-21T08:33:52.606Z - info: Pages rebuilt
2022-03-21T08:33:52.607Z - info: Website regeneration complete! Total build time: 0.399s
2022-03-21T08:34:19.671Z - info: [4:34:19 pm] Reload for file change: C:\repos\nus-cs2103\cs2103-website-base\programming\strings-methods\e-isDoctor.md
2022-03-21T08:34:19.672Z - info: Synchronizing opened pages list before reload
2022-03-21T08:34:19.672Z - info: Current opened pages, from most-to-least recent:
2022-03-21T08:34:19.672Z - info: 1. programming/chapters/strings
2022-03-21T08:34:20.678Z - info: Rebuilding 1 pages
2022-03-21T08:34:21.039Z - info: Site data built
2022-03-21T08:34:21.040Z - info: Pages rebuilt
2022-03-21T08:34:21.040Z - info: Website regeneration complete! Total build time: 0.364s
2022-03-21T08:35:07.288Z - info: [4:35:07 pm] Reload for file change: C:\repos\nus-cs2103\cs2103-website-base\programming\strings-methods\text.md
2022-03-21T08:35:07.288Z - info: Synchronizing opened pages list before reload
2022-03-21T08:35:07.288Z - info: Current opened pages, from most-to-least recent:
2022-03-21T08:35:07.288Z - info: 1. programming/chapters/strings
2022-03-21T08:35:08.300Z - info: Rebuilding 1 pages
2022-03-21T08:35:08.712Z - info: Site data built
2022-03-21T08:35:08.713Z - info: Pages rebuilt
2022-03-21T08:35:08.713Z - info: Website regeneration complete! Total build time: 0.415s
2022-03-21T08:35:35.065Z - info: [4:35:35 pm] Reload for file change: C:\repos\nus-cs2103\cs2103-website-base\programming\strings-methods\text.md
2022-03-21T08:35:35.065Z - info: Synchronizing opened pages list before reload
2022-03-21T08:35:35.066Z - info: Current opened pages, from most-to-least recent:
2022-03-21T08:35:35.066Z - info: 1. programming/chapters/strings
2022-03-21T08:35:36.072Z - info: Rebuilding 1 pages
2022-03-21T08:35:36.435Z - info: Site data built
2022-03-21T08:35:36.435Z - info: Pages rebuilt
2022-03-21T08:35:36.435Z - info: Website regeneration complete! Total build time: 0.364s
2022-03-21T08:36:29.756Z - info: Building C:\repos\nus-cs2103\cs2103-website-base\programming\chapters\organizing as some of its dependencies were changed since the last visit
2022-03-21T08:36:29.894Z - info: Site data built
2022-03-21T08:36:29.894Z - info: Lazy website regeneration complete! Total build time: 0.139s
2022-03-21T08:36:34.794Z - info: Building C:\repos\nus-cs2103\cs2103-website-base\programming\chapters\unittesting as some of its dependencies were changed since the last visit
2022-03-21T08:36:34.899Z - info: Site data built
2022-03-21T08:36:34.900Z - info: Lazy website regeneration complete! Total build time: 0.105s
2022-03-21T08:36:41.898Z - info: Building C:\repos\nus-cs2103\cs2103-website-base\programming\chapters\monty as some of its dependencies were changed since the last visit
2022-03-21T08:36:42.420Z - info: Site data built
2022-03-21T08:36:42.421Z - info: Lazy website regeneration complete! Total build time: 0.522s
2022-03-21T08:37:17.158Z - info: [4:37:17 pm] Reload for file change: C:\repos\nus-cs2103\cs2103-website-base\programming\monty\monty.mbdf
2022-03-21T08:37:17.158Z - info: Synchronizing opened pages list before reload
2022-03-21T08:37:17.158Z - info: Current opened pages, from most-to-least recent:
2022-03-21T08:37:17.158Z - info: 1. programming/chapters/monty
2022-03-21T08:37:18.174Z - info: Rebuilding 1 pages
2022-03-21T08:37:18.572Z - info: Site data built
2022-03-21T08:37:18.572Z - info: Pages rebuilt
2022-03-21T08:37:18.572Z - info: Website regeneration complete! Total build time: 0.398s
2022-03-21T08:37:23.149Z - info: [4:37:23 pm] Reload for file change: C:\repos\nus-cs2103\cs2103-website-base\programming\monty\monty.mbdf
2022-03-21T08:37:23.150Z - info: Synchronizing opened pages list before reload
2022-03-21T08:37:23.150Z - info: Current opened pages, from most-to-least recent:
2022-03-21T08:37:23.150Z - info: 1. programming/chapters/monty
2022-03-21T08:37:24.175Z - info: Rebuilding 1 pages
2022-03-21T08:37:24.526Z - info: Site data built
2022-03-21T08:37:24.527Z - info: Pages rebuilt
2022-03-21T08:37:24.527Z - info: Website regeneration complete! Total build time: 0.353s
2022-03-21T08:38:17.479Z - info: Website generation started at 4:38:15 pm
2022-03-21T08:38:23.719Z - info: Building assets...
2022-03-21T08:38:29.193Z - info: Assets built
2022-03-21T08:38:29.194Z - info: Generating pages...
2022-03-21T08:38:39.546Z - debug:  
2022-03-21T08:38:39.547Z - debug:  
2022-03-21T08:38:44.738Z - debug:  
2022-03-21T08:38:44.738Z - debug:  
2022-03-21T08:39:02.454Z - debug:  
2022-03-21T08:39:18.878Z - debug:  
2022-03-21T08:39:58.693Z - info: Pages built
2022-03-21T08:40:00.053Z - info: Site data built
2022-03-21T08:40:00.054Z - info: Website generation complete! Total build time: 104.808s
2022-03-21T08:40:00.054Z - info: Build success!
2022-03-21T08:42:04.702Z - info: The website has been deployed at: https://nus-tee3201.github.io/2022
2022-03-21T14:26:04.914Z - info: Website generation (lazy) started at 10:25:59 pm
2022-03-21T14:26:10.653Z - info: Building assets...
2022-03-21T14:26:15.323Z - info: Assets built
2022-03-21T14:26:15.324Z - info: Generating landing page...
2022-03-21T14:26:16.080Z - info: Landing page built, other pages will be built as you navigate to them!
2022-03-21T14:26:17.080Z - info: Site data built
2022-03-21T14:26:17.080Z - info: Website generation (lazy) complete! Total build time: 17.409s
2022-03-21T14:26:18.063Z - info: Serving "C:\repos\nus-cs2103\cs2103-website-base\_site" at http://127.0.0.1:8080
2022-03-21T14:26:18.064Z - info: Press CTRL+C to stop ...
2022-03-21T14:27:14.482Z - info: [10:27:14 pm] Reload for file change: C:\repos\nus-cs2103\cs2103-website-base\programming\monty\monty.mbdf
2022-03-21T14:27:14.484Z - info: Synchronizing opened pages list before reload
2022-03-21T14:27:14.484Z - info: Current opened pages, from most-to-least recent:
2022-03-21T14:27:14.484Z - info: 1. index
2022-03-21T14:27:15.521Z - info: Assets built
2022-03-21T14:27:16.107Z - info: Building C:\repos\nus-cs2103\cs2103-website-base\schedule\week8\index as some of its dependencies were changed since the last visit
2022-03-21T14:27:16.865Z - info: Site data built
2022-03-21T14:27:16.866Z - info: Lazy website regeneration complete! Total build time: 0.759s
2022-03-21T14:27:23.034Z - info: Building C:\repos\nus-cs2103\cs2103-website-base\schedule\week8\admin as some of its dependencies were changed since the last visit
2022-03-21T14:27:23.372Z - info: Site data built
2022-03-21T14:27:23.372Z - info: Lazy website regeneration complete! Total build time: 0.338s
2022-03-21T14:27:58.515Z - info: [10:27:58 pm] Reload for file change: C:\repos\nus-cs2103\cs2103-website-base\programming\monty\monty.mbdf
2022-03-21T14:27:58.516Z - info: Synchronizing opened pages list before reload
2022-03-21T14:27:58.516Z - info: Current opened pages, from most-to-least recent:
2022-03-21T14:27:58.516Z - info: 1. schedule/week8/admin
2022-03-21T14:27:59.529Z - info: Rebuilding 1 pages
2022-03-21T14:27:59.795Z - info: Site data built
2022-03-21T14:27:59.796Z - info: Pages rebuilt
2022-03-21T14:27:59.796Z - info: Website regeneration complete! Total build time: 0.27s
2022-03-21T14:29:10.914Z - info: [10:29:10 pm] Reload for file change: C:\repos\nus-cs2103\cs2103-website-base\programming\monty\monty.mbdf
2022-03-21T14:29:10.914Z - info: Synchronizing opened pages list before reload
2022-03-21T14:29:10.914Z - info: Current opened pages, from most-to-least recent:
2022-03-21T14:29:10.915Z - info: 1. schedule/week8/admin
2022-03-21T14:29:11.936Z - info: Rebuilding 1 pages
2022-03-21T14:29:12.369Z - info: Site data built
2022-03-21T14:29:12.370Z - info: Pages rebuilt
2022-03-21T14:29:12.370Z - info: Website regeneration complete! Total build time: 0.435s
2022-03-21T14:30:14.724Z - info: [10:30:14 pm] Reload for file change: C:\repos\nus-cs2103\cs2103-website-base\programming\monty\monty.mbdf
2022-03-21T14:30:14.724Z - info: Synchronizing opened pages list before reload
2022-03-21T14:30:14.725Z - info: Current opened pages, from most-to-least recent:
2022-03-21T14:30:14.725Z - info: 1. schedule/week8/admin
2022-03-21T14:30:15.728Z - info: Rebuilding 1 pages
2022-03-21T14:30:16.045Z - info: Site data built
2022-03-21T14:30:16.045Z - info: Pages rebuilt
2022-03-21T14:30:16.045Z - info: Website regeneration complete! Total build time: 0.318s
2022-03-21T14:30:29.211Z - info: [10:30:29 pm] Reload for file change: C:\repos\nus-cs2103\cs2103-website-base\programming\monty\monty.mbdf
2022-03-21T14:30:29.211Z - info: Synchronizing opened pages list before reload
2022-03-21T14:30:29.212Z - info: Current opened pages, from most-to-least recent:
2022-03-21T14:30:29.212Z - info: 1. schedule/week8/admin
2022-03-21T14:30:30.219Z - info: Rebuilding 1 pages
2022-03-21T14:30:30.453Z - info: Site data built
2022-03-21T14:30:30.453Z - info: Pages rebuilt
2022-03-21T14:30:30.453Z - info: Website regeneration complete! Total build time: 0.235s
2022-03-21T14:31:18.564Z - info: Website generation started at 10:31:16 pm
2022-03-21T14:31:23.862Z - info: Building assets...
2022-03-21T14:31:28.162Z - info: Assets built
2022-03-21T14:31:28.163Z - info: Generating pages...
2022-03-21T14:31:35.698Z - debug:  
2022-03-21T14:31:35.699Z - debug:  
2022-03-21T14:31:41.146Z - debug:  
2022-03-21T14:31:41.147Z - debug:  
2022-03-21T14:31:57.339Z - debug:  
2022-03-21T14:32:11.485Z - debug:  
2022-03-21T14:32:50.485Z - info: Pages built
2022-03-21T14:32:51.514Z - info: Site data built
2022-03-21T14:32:51.514Z - info: Website generation complete! Total build time: 95.045s
2022-03-21T14:32:51.514Z - info: Build success!
2022-03-21T14:34:55.057Z - info: The website has been deployed at: https://nus-tee3201.github.io/2022
