2022-04-15T11:58:48.706Z - info: Website generation started at 7:58:44 pm
2022-04-15T11:58:54.288Z - info: Building assets...
2022-04-15T11:58:59.223Z - info: Assets built
2022-04-15T11:58:59.224Z - info: Generating pages...
2022-04-15T11:59:08.867Z - debug:  
2022-04-15T11:59:08.867Z - debug:  
2022-04-15T11:59:08.868Z - debug:  
2022-04-15T11:59:08.868Z - debug:  
2022-04-15T11:59:08.868Z - debug:  
2022-04-15T11:59:08.869Z - debug:  
2022-04-15T12:00:57.836Z - debug:  
2022-04-15T12:01:10.458Z - debug:  
2022-04-15T12:01:10.473Z - debug:  
2022-04-15T12:01:16.189Z - info: Pages built
2022-04-15T12:01:17.176Z - info: Site data built
2022-04-15T12:01:17.176Z - info: Website generation complete! Total build time: 153.046s
2022-04-15T12:01:17.176Z - info: Build success!
2022-04-15T12:03:30.895Z - info: The website has been deployed at: https://nus-cs2103-ay2122s2.github.io/website
2022-04-15T12:10:49.685Z - info: Website generation (lazy) started at 8:10:43 pm
2022-04-15T12:10:57.847Z - info: Building assets...
2022-04-15T12:11:04.715Z - info: Assets built
2022-04-15T12:11:04.716Z - info: Generating landing page...
2022-04-15T12:11:05.670Z - info: Landing page built, other pages will be built as you navigate to them!
2022-04-15T12:11:06.969Z - info: Site data built
2022-04-15T12:11:06.969Z - info: Website generation (lazy) complete! Total build time: 23.902s
2022-04-15T12:11:07.952Z - info: Serving "C:\repos\nus-cs2103\cs2103-website-base\_site" at http://127.0.0.1:8080
2022-04-15T12:11:07.953Z - info: Press CTRL+C to stop ...
2022-04-15T12:18:58.919Z - info: Website generation started at 8:18:57 pm
2022-04-15T12:19:04.283Z - info: Building assets...
2022-04-15T12:19:08.700Z - info: Assets built
2022-04-15T12:19:08.701Z - info: Generating pages...
2022-04-15T12:19:16.397Z - debug:  
2022-04-15T12:19:16.397Z - debug:  
2022-04-15T12:19:16.398Z - debug:  
2022-04-15T12:19:16.398Z - debug:  
2022-04-15T12:19:16.399Z - debug:  
2022-04-15T12:19:16.399Z - debug:  
2022-04-15T12:20:39.213Z - debug:  
2022-04-15T12:20:48.781Z - debug:  
2022-04-15T12:20:48.781Z - debug:  
2022-04-15T12:20:51.187Z - info: Pages built
2022-04-15T12:20:52.101Z - info: Site data built
2022-04-15T12:20:52.101Z - info: Website generation complete! Total build time: 114.964s
2022-04-15T12:20:52.102Z - info: Build success!
2022-04-15T12:22:56.995Z - info: The website has been deployed at: https://nus-tic4002-ay2122s2.github.io/website
