2022-01-11T02:51:39.570Z - info: Website generation (lazy) started at 10:51:30 am
2022-01-11T02:51:46.391Z - info: Building assets...
2022-01-11T02:51:51.451Z - info: Assets built
2022-01-11T02:51:51.451Z - info: Generating landing page...
2022-01-11T02:51:53.282Z - info: Landing page built, other pages will be built as you navigate to them!
2022-01-11T02:51:54.364Z - info: Site data built
2022-01-11T02:51:54.364Z - info: Website generation (lazy) complete! Total build time: 24.23s
2022-01-11T02:51:55.297Z - info: Serving "C:\repos\nus-cs2103\cs2103-website-base\_site" at http://127.0.0.1:8080
2022-01-11T02:51:55.297Z - info: Press CTRL+C to stop ...
2022-01-11T02:53:20.160Z - info: [10:53:20 am] Reload for file change: C:\repos\nus-cs2103\cs2103-website-base\admin\index-tee3201.mbdf
2022-01-11T02:53:20.160Z - info: Synchronizing opened pages list before reload
2022-01-11T02:53:20.161Z - info: Current opened pages, from most-to-least recent:
2022-01-11T02:53:20.161Z - info: 1. index
2022-01-11T02:53:21.172Z - info: Rebuilding 1 pages
2022-01-11T02:53:22.497Z - info: Site data built
2022-01-11T02:53:22.497Z - info: Pages rebuilt
2022-01-11T02:53:22.497Z - info: Website regeneration complete! Total build time: 1.326s
2022-01-11T02:54:37.109Z - info: Website generation started at 10:54:34 am
2022-01-11T02:54:42.729Z - info: Building assets...
2022-01-11T02:54:47.651Z - info: Assets built
2022-01-11T02:54:47.652Z - info: Generating pages...
2022-01-11T02:54:55.045Z - debug:  
2022-01-11T02:54:55.046Z - debug:  
2022-01-11T02:55:00.507Z - debug:  
2022-01-11T02:55:00.516Z - debug:  
2022-01-11T02:55:19.048Z - debug:  
2022-01-11T02:55:33.884Z - debug:  
2022-01-11T02:56:14.297Z - info: Pages built
2022-01-11T02:56:15.279Z - info: Site data built
2022-01-11T02:56:15.279Z - info: Website generation complete! Total build time: 100.972s
2022-01-11T02:56:15.279Z - info: Build success!
2022-01-11T02:57:50.275Z - info: The website has been deployed at: https://nus-tee3201.github.io/2022
2022-01-11T03:13:04.484Z - info: Website generation started at 11:12:59 am
2022-01-11T03:13:10.757Z - info: Building assets...
2022-01-11T03:13:15.518Z - info: Assets built
2022-01-11T03:13:15.519Z - info: Generating pages...
2022-01-11T03:13:22.906Z - debug:  
2022-01-11T03:13:24.638Z - debug:  
2022-01-11T03:13:24.639Z - debug:  
2022-01-11T03:13:24.639Z - debug:  
2022-01-11T03:13:24.639Z - debug:  
2022-01-11T03:13:24.639Z - debug:  
2022-01-11T03:15:15.418Z - debug:  
2022-01-11T03:15:27.345Z - debug:  
2022-01-11T03:15:27.345Z - debug:  
2022-01-11T03:15:32.426Z - info: Pages built
2022-01-11T03:15:33.524Z - info: Site data built
2022-01-11T03:15:33.525Z - info: Website generation complete! Total build time: 154.259s
2022-01-11T03:15:33.525Z - info: Build success!
2022-01-11T03:20:18.169Z - info: The website has been deployed at: https://nus-cs2103-ay2122s2.github.io/website
2022-01-11T15:33:42.687Z - info: Website generation started at 11:33:37 pm
2022-01-11T15:33:48.662Z - info: Building assets...
2022-01-11T15:33:53.839Z - info: Assets built
2022-01-11T15:33:53.840Z - info: Generating pages...
2022-01-11T15:34:01.062Z - debug:  
2022-01-11T15:34:01.062Z - debug:  
2022-01-11T15:34:06.118Z - debug:  
2022-01-11T15:34:06.235Z - debug:  
2022-01-11T15:34:23.437Z - debug:  
2022-01-11T15:34:37.494Z - debug:  
2022-01-11T15:35:16.518Z - info: Pages built
2022-01-11T15:35:17.510Z - info: Site data built
2022-01-11T15:35:17.510Z - info: Website generation complete! Total build time: 99.814s
2022-01-11T15:35:17.510Z - info: Build success!
2022-01-11T15:37:30.291Z - info: The website has been deployed at: https://nus-tee3201.github.io/2022
