2022-02-17T16:59:25.272Z - info: Website generation (lazy) started at 12:59:18 am
2022-02-17T16:59:31.390Z - info: Building assets...
2022-02-17T16:59:36.688Z - info: Assets built
2022-02-17T16:59:36.689Z - info: Generating landing page...
2022-02-17T16:59:38.130Z - info: Landing page built, other pages will be built as you navigate to them!
2022-02-17T16:59:39.271Z - info: Site data built
2022-02-17T16:59:39.272Z - info: Website generation (lazy) complete! Total build time: 20.814s
2022-02-17T16:59:40.060Z - info: Serving "C:\repos\nus-cs2103\cs2103-website-base\_site" at http://127.0.0.1:8080
2022-02-17T16:59:40.061Z - info: Press CTRL+C to stop ...
2022-02-17T16:59:50.595Z - info: Building C:\repos\nus-cs2103\cs2103-website-base\schedule\week6\project as some of its dependencies were changed since the last visit
2022-02-17T16:59:55.451Z - info: Site data built
2022-02-17T16:59:55.451Z - info: Lazy website regeneration complete! Total build time: 4.857s
2022-02-17T17:02:44.933Z - info: [1:02:44 am] Reload for file change: C:\repos\nus-cs2103\cs2103-website-base\admin\tp-tasks.mbdf
2022-02-17T17:02:44.933Z - info: Synchronizing opened pages list before reload
2022-02-17T17:02:44.933Z - info: Current opened pages, from most-to-least recent:
2022-02-17T17:02:44.934Z - info: 1. schedule/week6/project
2022-02-17T17:02:45.956Z - info: Rebuilding 1 pages
2022-02-17T17:02:48.067Z - info: Site data built
2022-02-17T17:02:48.067Z - info: Pages rebuilt
2022-02-17T17:02:48.068Z - info: Website regeneration complete! Total build time: 2.115s
2022-02-17T17:03:10.104Z - info: [1:03:10 am] Reload for file change: C:\repos\nus-cs2103\cs2103-website-base\admin\tp-tasks.mbdf
2022-02-17T17:03:10.104Z - info: Synchronizing opened pages list before reload
2022-02-17T17:03:10.105Z - info: Current opened pages, from most-to-least recent:
2022-02-17T17:03:10.105Z - info: 1. schedule/week6/project
2022-02-17T17:03:11.120Z - info: Rebuilding 1 pages
2022-02-17T17:03:13.153Z - info: Site data built
2022-02-17T17:03:13.153Z - info: Pages rebuilt
2022-02-17T17:03:13.153Z - info: Website regeneration complete! Total build time: 2.035s
2022-02-17T17:04:11.830Z - info: [1:04:11 am] Reload for file change: C:\repos\nus-cs2103\cs2103-website-base\admin\tp-tasks.mbdf
2022-02-17T17:04:11.830Z - info: Synchronizing opened pages list before reload
2022-02-17T17:04:11.831Z - info: Current opened pages, from most-to-least recent:
2022-02-17T17:04:11.832Z - info: 1. schedule/week6/project
2022-02-17T17:04:12.860Z - info: Rebuilding 1 pages
2022-02-17T17:04:14.935Z - info: Site data built
2022-02-17T17:04:14.935Z - info: Pages rebuilt
2022-02-17T17:04:14.935Z - info: Website regeneration complete! Total build time: 2.079s
2022-02-17T17:05:10.256Z - info: Website generation started at 1:05:08 am
2022-02-17T17:05:15.817Z - info: Building assets...
2022-02-17T17:05:20.295Z - info: Assets built
2022-02-17T17:05:20.296Z - info: Generating pages...
2022-02-17T17:05:32.658Z - debug:  
2022-02-17T17:05:32.659Z - debug:  
2022-02-17T17:05:32.659Z - debug:  
2022-02-17T17:05:32.659Z - debug:  
2022-02-17T17:05:32.659Z - debug:  
2022-02-17T17:05:32.660Z - debug:  
2022-02-17T17:07:17.786Z - debug:  
2022-02-17T17:07:30.880Z - debug:  
2022-02-17T17:07:30.880Z - debug:  
2022-02-17T17:07:36.523Z - info: Pages built
2022-02-17T17:07:37.451Z - info: Site data built
2022-02-17T17:07:37.451Z - info: Website generation complete! Total build time: 149.21s
2022-02-17T17:07:37.452Z - info: Build success!
2022-02-17T17:12:09.361Z - info: The website has been deployed at: https://nus-cs2103-ay2122s2.github.io/website
2022-02-18T10:23:11.275Z - info: Website generation started at 6:23:05 pm
2022-02-18T10:23:16.782Z - info: Building assets...
2022-02-18T10:23:21.465Z - info: Assets built
2022-02-18T10:23:21.465Z - info: Generating pages...
2022-02-18T10:23:30.672Z - debug:  
2022-02-18T10:23:30.673Z - debug:  
2022-02-18T10:23:30.673Z - debug:  
2022-02-18T10:23:30.674Z - debug:  
2022-02-18T10:23:30.674Z - debug:  
2022-02-18T10:23:30.674Z - debug:  
2022-02-18T10:25:19.158Z - debug:  
2022-02-18T10:25:32.130Z - debug:  
2022-02-18T10:25:32.130Z - debug:  
2022-02-18T10:25:38.390Z - info: Pages built
2022-02-18T10:25:39.402Z - info: Site data built
2022-02-18T10:25:39.402Z - info: Website generation complete! Total build time: 153.41s
2022-02-18T10:25:39.402Z - info: Build success!
2022-02-18T10:27:35.144Z - info: The website has been deployed at: https://nus-cs2103-ay2122s2.github.io/website
2022-02-18T12:22:38.315Z - info: Website generation started at 8:22:32 pm
2022-02-18T12:22:44.875Z - info: Building assets...
2022-02-18T12:22:49.687Z - info: Assets built
2022-02-18T12:22:49.688Z - info: Generating pages...
2022-02-18T12:22:59.751Z - debug:  
2022-02-18T12:22:59.752Z - debug:  
2022-02-18T12:22:59.752Z - debug:  
2022-02-18T12:22:59.753Z - debug:  
2022-02-18T12:22:59.753Z - debug:  
2022-02-18T12:22:59.753Z - debug:  
2022-02-18T12:24:37.989Z - debug:  
2022-02-18T12:24:49.548Z - debug:  
2022-02-18T12:24:49.636Z - debug:  
2022-02-18T12:24:53.259Z - info: Pages built
2022-02-18T12:24:54.612Z - info: Site data built
2022-02-18T12:24:54.612Z - info: Website generation complete! Total build time: 142.6s
2022-02-18T12:24:54.612Z - info: Build success!
2022-02-18T12:27:33.445Z - info: The website has been deployed at: https://nus-tic4002-ay2122s2.github.io/website
