2022-01-29T08:06:07.399Z - info: Website generation (lazy) started at 4:06:02 pm
2022-01-29T08:06:13.364Z - info: Building assets...
2022-01-29T08:06:18.930Z - info: Assets built
2022-01-29T08:06:18.930Z - info: Generating landing page...
2022-01-29T08:06:20.215Z - info: Landing page built, other pages will be built as you navigate to them!
2022-01-29T08:06:21.206Z - info: Site data built
2022-01-29T08:06:21.206Z - info: Website generation (lazy) complete! Total build time: 18.555s
2022-01-29T08:06:22.086Z - info: Serving "C:\repos\nus-cs2103\cs2103-website-base\_site" at http://127.0.0.1:8080
2022-01-29T08:06:22.086Z - info: Press CTRL+C to stop ...
2022-01-29T08:06:33.109Z - info: Building C:\repos\nus-cs2103\cs2103-website-base\admin\ip-showcase as some of its dependencies were changed since the last visit
2022-01-29T08:06:34.331Z - info: Site data built
2022-01-29T08:06:34.331Z - info: Lazy website regeneration complete! Total build time: 1.223s
2022-01-29T08:12:25.229Z - info: [4:12:25 pm] Reload for file change: C:\repos\nus-cs2103\cs2103-website-base\_module-CS2103\studentData.mbdf
2022-01-29T08:12:25.230Z - info: Synchronizing opened pages list before reload
2022-01-29T08:12:25.230Z - info: Current opened pages, from most-to-least recent:
2022-01-29T08:12:25.230Z - info: 1. admin/ip-showcase
2022-01-29T08:12:26.239Z - info: Rebuilding 1 pages
2022-01-29T08:12:27.175Z - info: Site data built
2022-01-29T08:12:27.175Z - info: Pages rebuilt
2022-01-29T08:12:27.175Z - info: Website regeneration complete! Total build time: 0.937s
2022-01-29T08:12:33.039Z - info: Building C:\repos\nus-cs2103\cs2103-website-base\index as some of its dependencies were changed since the last visit
2022-01-29T08:12:34.300Z - info: Site data built
2022-01-29T08:12:34.300Z - info: Lazy website regeneration complete! Total build time: 1.262s
2022-01-29T08:12:37.883Z - info: Building C:\repos\nus-cs2103\cs2103-website-base\schedule\week4\project as some of its dependencies were changed since the last visit
2022-01-29T08:12:40.417Z - info: Site data built
2022-01-29T08:12:40.417Z - info: Lazy website regeneration complete! Total build time: 2.534s
2022-01-29T08:21:49.678Z - info: Website generation started at 4:21:47 pm
2022-01-29T08:21:55.308Z - info: Building assets...
2022-01-29T08:22:00.639Z - info: Assets built
2022-01-29T08:22:00.640Z - info: Generating pages...
2022-01-29T08:22:09.324Z - debug:  
2022-01-29T08:22:09.324Z - debug:  
2022-01-29T08:22:09.325Z - debug:  
2022-01-29T08:22:09.325Z - debug:  
2022-01-29T08:22:09.325Z - debug:  
2022-01-29T08:22:09.326Z - debug:  
2022-01-29T08:24:04.284Z - debug:  
2022-01-29T08:24:16.972Z - debug:  
2022-01-29T08:24:16.973Z - debug:  
2022-01-29T08:24:23.357Z - info: Pages built
2022-01-29T08:24:24.402Z - info: Site data built
2022-01-29T08:24:24.402Z - info: Website generation complete! Total build time: 156.566s
2022-01-29T08:24:24.402Z - info: Build success!
2022-01-29T08:26:35.235Z - info: The website has been deployed at: https://nus-cs2103-ay2122s2.github.io/website
2022-01-29T08:40:16.573Z - info: Website generation (lazy) started at 4:40:09 pm
2022-01-29T08:40:23.219Z - info: Building assets...
2022-01-29T08:40:28.074Z - info: Assets built
2022-01-29T08:40:28.074Z - info: Generating landing page...
2022-01-29T08:40:29.380Z - info: Landing page built, other pages will be built as you navigate to them!
2022-01-29T08:40:30.445Z - info: Site data built
2022-01-29T08:40:30.445Z - info: Website generation (lazy) complete! Total build time: 21.349s
2022-01-29T08:40:31.397Z - info: Serving "C:\repos\nus-cs2103\cs2103-website-base\_site" at http://127.0.0.1:8080
2022-01-29T08:40:31.397Z - info: Press CTRL+C to stop ...
