2022-02-21T07:40:41.045Z - info: Website generation (lazy) started at 3:40:36 pm
2022-02-21T07:40:46.894Z - info: Building assets...
2022-02-21T07:40:51.178Z - info: Assets built
2022-02-21T07:40:51.178Z - info: Generating landing page...
2022-02-21T07:40:52.841Z - info: Landing page built, other pages will be built as you navigate to them!
2022-02-21T07:40:53.933Z - info: Site data built
2022-02-21T07:40:53.934Z - info: Website generation (lazy) complete! Total build time: 17.789s
2022-02-21T07:40:54.869Z - info: Serving "C:\repos\nus-cs2103\cs2103-website-base\_site" at http://127.0.0.1:8080
2022-02-21T07:40:54.869Z - info: Press CTRL+C to stop ...
2022-02-21T08:00:02.336Z - info: Building C:\repos\nus-cs2103\cs2103-website-base\schedule\week6\index as some of its dependencies were changed since the last visit
2022-02-21T08:00:03.616Z - info: Site data built
2022-02-21T08:00:03.617Z - info: Lazy website regeneration complete! Total build time: 1.281s
2022-02-21T08:00:11.500Z - info: Building C:\repos\nus-cs2103\cs2103-website-base\schedule\week6\project as some of its dependencies were changed since the last visit
2022-02-21T08:00:14.236Z - info: Site data built
2022-02-21T08:00:14.236Z - info: Lazy website regeneration complete! Total build time: 2.736s
2022-02-21T08:01:23.536Z - info: [4:01:23 pm] Reload for file change: C:\repos\nus-cs2103\cs2103-website-base\admin\ip-tasks.mbdf
2022-02-21T08:01:23.537Z - info: Synchronizing opened pages list before reload
2022-02-21T08:01:23.537Z - info: Current opened pages, from most-to-least recent:
2022-02-21T08:01:23.538Z - info: 1. schedule/week6/project
2022-02-21T08:01:24.545Z - info: Rebuilding 1 pages
2022-02-21T08:01:26.557Z - info: Site data built
2022-02-21T08:01:26.557Z - info: Pages rebuilt
2022-02-21T08:01:26.558Z - info: Website regeneration complete! Total build time: 2.014s
2022-02-21T08:02:15.260Z - info: [4:02:15 pm] Reload for file change: C:\repos\nus-cs2103\cs2103-website-base\admin\ip-tasks.mbdf
2022-02-21T08:02:15.261Z - info: Synchronizing opened pages list before reload
2022-02-21T08:02:15.261Z - info: Current opened pages, from most-to-least recent:
2022-02-21T08:02:15.261Z - info: 1. schedule/week6/project
2022-02-21T08:02:16.285Z - info: Rebuilding 1 pages
2022-02-21T08:02:18.444Z - info: Site data built
2022-02-21T08:02:18.444Z - info: Pages rebuilt
2022-02-21T08:02:18.445Z - info: Website regeneration complete! Total build time: 2.163s
2022-02-21T08:02:30.620Z - info: [4:02:30 pm] Reload for file change: C:\repos\nus-cs2103\cs2103-website-base\admin\ip-tasks.mbdf
2022-02-21T08:02:30.620Z - info: Synchronizing opened pages list before reload
2022-02-21T08:02:30.621Z - info: Current opened pages, from most-to-least recent:
2022-02-21T08:02:30.621Z - info: 1. schedule/week6/project
2022-02-21T08:02:31.632Z - info: Rebuilding 1 pages
2022-02-21T08:02:33.327Z - info: Site data built
2022-02-21T08:02:33.327Z - info: Pages rebuilt
2022-02-21T08:02:33.327Z - info: Website regeneration complete! Total build time: 1.696s
2022-02-21T08:20:21.980Z - info: [4:20:21 pm] Reload for file change: C:\repos\nus-cs2103\cs2103-website-base\book\projectDuke\extensions.mbdf
2022-02-21T08:20:21.980Z - info: Synchronizing opened pages list before reload
2022-02-21T08:20:21.980Z - info: Current opened pages, from most-to-least recent:
2022-02-21T08:20:21.980Z - info: 1. schedule/week6/project
2022-02-21T08:20:22.985Z - info: Rebuilding 1 pages
2022-02-21T08:20:24.995Z - info: Site data built
2022-02-21T08:20:24.996Z - info: Pages rebuilt
2022-02-21T08:20:24.996Z - info: Website regeneration complete! Total build time: 2.012s
2022-02-21T08:20:52.133Z - info: [4:20:52 pm] Reload for file change: C:\repos\nus-cs2103\cs2103-website-base\book\projectDuke\extensions.mbdf
2022-02-21T08:20:52.134Z - info: Synchronizing opened pages list before reload
2022-02-21T08:20:52.134Z - info: Current opened pages, from most-to-least recent:
2022-02-21T08:20:52.134Z - info: 1. schedule/week6/project
2022-02-21T08:20:53.154Z - info: Rebuilding 1 pages
2022-02-21T08:20:55.055Z - info: Site data built
2022-02-21T08:20:55.056Z - info: Pages rebuilt
2022-02-21T08:20:55.056Z - info: Website regeneration complete! Total build time: 1.904s
2022-02-21T08:21:27.782Z - info: [4:21:27 pm] Reload for file change: C:\repos\nus-cs2103\cs2103-website-base\book\projectDuke\extensions.mbdf
2022-02-21T08:21:27.783Z - info: Synchronizing opened pages list before reload
2022-02-21T08:21:27.783Z - info: Current opened pages, from most-to-least recent:
2022-02-21T08:21:27.783Z - info: 1. schedule/week6/project
2022-02-21T08:21:28.794Z - info: Rebuilding 1 pages
2022-02-21T08:21:30.716Z - info: Site data built
2022-02-21T08:21:30.716Z - info: Pages rebuilt
2022-02-21T08:21:30.716Z - info: Website regeneration complete! Total build time: 1.925s
2022-02-21T08:47:41.710Z - info: Website generation started at 4:47:39 pm
2022-02-21T08:47:47.174Z - info: Building assets...
2022-02-21T08:47:52.621Z - info: Assets built
2022-02-21T08:47:52.621Z - info: Generating pages...
2022-02-21T08:48:04.223Z - debug:  
2022-02-21T08:48:04.224Z - debug:  
2022-02-21T08:48:04.224Z - debug:  
2022-02-21T08:48:04.224Z - debug:  
2022-02-21T08:48:04.224Z - debug:  
2022-02-21T08:48:04.224Z - debug:  
2022-02-21T08:49:58.512Z - debug:  
2022-02-21T08:50:11.763Z - debug:  
2022-02-21T08:50:11.766Z - debug:  
2022-02-21T08:50:17.635Z - info: Pages built
2022-02-21T08:50:18.662Z - info: Site data built
2022-02-21T08:50:18.662Z - info: Website generation complete! Total build time: 159.139s
2022-02-21T08:50:18.662Z - info: Build success!
2022-02-21T08:54:04.384Z - info: The website has been deployed at: https://nus-cs2103-ay2122s2.github.io/website
