2022-03-11T07:46:42.814Z - info: Website generation started at 3:46:40 pm
2022-03-11T07:46:48.521Z - info: Building assets...
2022-03-11T07:46:53.915Z - info: Assets built
2022-03-11T07:46:53.916Z - info: Generating pages...
2022-03-11T07:47:03.902Z - debug:  
2022-03-11T07:47:03.914Z - debug:  
2022-03-11T07:47:03.914Z - debug:  
2022-03-11T07:47:03.915Z - debug:  
2022-03-11T07:47:03.915Z - debug:  
2022-03-11T07:47:03.916Z - debug:  
2022-03-11T07:49:00.270Z - debug:  
2022-03-11T07:49:13.773Z - debug:  
2022-03-11T07:49:13.774Z - debug:  
2022-03-11T07:49:20.183Z - info: Pages built
2022-03-11T07:49:21.385Z - info: Site data built
2022-03-11T07:49:21.385Z - info: Website generation complete! Total build time: 160.609s
2022-03-11T07:49:21.385Z - info: Build success!
2022-03-11T07:51:42.459Z - info: The website has been deployed at: https://nus-cs2103-ay2122s2.github.io/website
2022-03-11T11:16:55.335Z - info: Website generation started at 7:16:50 pm
2022-03-11T11:17:01.112Z - info: Building assets...
2022-03-11T11:17:06.639Z - info: Assets built
2022-03-11T11:17:06.640Z - info: Generating pages...
2022-03-11T11:17:17.096Z - debug:  
2022-03-11T11:17:17.096Z - debug:  
2022-03-11T11:17:17.097Z - debug:  
2022-03-11T11:17:17.097Z - debug:  
2022-03-11T11:17:17.097Z - debug:  
2022-03-11T11:17:17.097Z - debug:  
2022-03-11T11:18:48.689Z - debug:  
2022-03-11T11:19:00.165Z - debug:  
2022-03-11T11:19:00.165Z - debug:  
2022-03-11T11:19:02.939Z - info: Pages built
2022-03-11T11:19:03.901Z - info: Site data built
2022-03-11T11:19:03.901Z - info: Website generation complete! Total build time: 133.594s
2022-03-11T11:19:03.901Z - info: Build success!
2022-03-11T11:25:31.778Z - info: The website has been deployed at: https://nus-tic4002-ay2122s2.github.io/website
