2022-01-05T13:49:00.185Z - info: Website generation (lazy) started at 9:48:54 pm
2022-01-05T13:49:05.825Z - info: Building assets...
2022-01-05T13:49:10.955Z - info: Assets built
2022-01-05T13:49:10.956Z - info: Generating landing page...
2022-01-05T13:49:13.439Z - info: Landing page built, other pages will be built as you navigate to them!
2022-01-05T13:49:14.435Z - info: Site data built
2022-01-05T13:49:14.436Z - info: Website generation (lazy) complete! Total build time: 19.994s
2022-01-05T13:49:15.210Z - info: Serving "C:\repos\nus-cs2103\cs2103-website-base\_site" at http://127.0.0.1:8080
2022-01-05T13:49:15.210Z - info: Press CTRL+C to stop ...
2022-01-05T13:49:59.260Z - info: Building C:\repos\nus-cs2103\cs2103-website-base\se-book-adapted\index as some of its dependencies were changed since the last visit
2022-01-05T13:49:59.634Z - info: Site data built
2022-01-05T13:49:59.635Z - info: Lazy website regeneration complete! Total build time: 0.376s
2022-01-05T13:50:03.726Z - info: Building C:\repos\nus-cs2103\cs2103-website-base\se-book-adapted\print as some of its dependencies were changed since the last visit
2022-01-05T13:50:12.221Z - debug:  
2022-01-05T13:50:12.602Z - debug:  
2022-01-05T13:50:12.830Z - debug:  
2022-01-05T13:50:14.191Z - debug:  
2022-01-05T13:50:14.191Z - debug:  
2022-01-05T13:50:14.589Z - info: Site data built
2022-01-05T13:50:14.589Z - info: Lazy website regeneration complete! Total build time: 10.864s
2022-01-05T13:52:32.370Z - info: Website generation started at 9:52:30 pm
2022-01-05T13:52:38.396Z - info: Building assets...
2022-01-05T13:52:43.873Z - info: Assets built
2022-01-05T13:52:43.874Z - info: Generating pages...
2022-01-05T13:52:55.937Z - debug:  
2022-01-05T13:52:55.938Z - debug:  
2022-01-05T13:52:55.938Z - debug:  
2022-01-05T13:52:55.938Z - debug:  
2022-01-05T13:52:55.938Z - debug:  
2022-01-05T13:53:28.082Z - debug:  
2022-01-05T13:54:17.318Z - info: Pages built
2022-01-05T13:54:18.138Z - info: Site data built
2022-01-05T13:54:18.138Z - info: Website generation complete! Total build time: 108.064s
2022-01-05T13:54:18.138Z - info: Build success!
2022-01-05T13:54:30.083Z - info: Deployed at https://nus-tic2002-2022.github.io/website!
