2022-03-16T16:03:01.892Z - info: [12:03:01 am] Reload for file change: C:\repos\nus-cs2103\cs2103-website-base\_module-TIC4002\weeklyTpTasks.mbdf
2022-03-16T16:03:01.899Z - info: Synchronizing opened pages list before reload
2022-03-16T16:03:01.900Z - info: Current opened pages, from most-to-least recent:
2022-03-16T16:03:01.900Z - info: 1. schedule/week11/index
2022-03-16T16:03:02.917Z - info: Rebuilding 1 pages
2022-03-16T16:03:03.235Z - info: Site data built
2022-03-16T16:03:03.235Z - info: Pages rebuilt
2022-03-16T16:03:03.235Z - info: Website regeneration complete! Total build time: 0.32s
2022-03-16T16:03:10.957Z - info: [12:03:10 am] Reload for file change: C:\repos\nus-cs2103\cs2103-website-base\_module-TIC4002\weeklyTpTasks.mbdf
2022-03-16T16:03:10.957Z - info: Synchronizing opened pages list before reload
2022-03-16T16:03:10.957Z - info: Current opened pages, from most-to-least recent:
2022-03-16T16:03:10.957Z - info: 1. schedule/week11/index
2022-03-16T16:03:11.959Z - info: Rebuilding 1 pages
2022-03-16T16:03:12.240Z - info: Site data built
2022-03-16T16:03:12.240Z - info: Pages rebuilt
2022-03-16T16:03:12.240Z - info: Website regeneration complete! Total build time: 0.282s
2022-03-16T16:03:36.931Z - info: [12:03:36 am] Reload for file change: C:\repos\nus-cs2103\cs2103-website-base\_module-TIC4002\weeklyTpTasks.mbdf
2022-03-16T16:03:36.931Z - info: Synchronizing opened pages list before reload
2022-03-16T16:03:36.931Z - info: Current opened pages, from most-to-least recent:
2022-03-16T16:03:36.931Z - info: 1. schedule/week11/index
2022-03-16T16:03:37.936Z - info: Rebuilding 1 pages
2022-03-16T16:03:38.249Z - info: Site data built
2022-03-16T16:03:38.249Z - info: Pages rebuilt
2022-03-16T16:03:38.249Z - info: Website regeneration complete! Total build time: 0.314s
2022-03-16T16:03:48.905Z - info: [12:03:48 am] Reload for file change: C:\repos\nus-cs2103\cs2103-website-base\_module-TIC4002\weeklyTpTasks.mbdf
2022-03-16T16:03:48.905Z - info: Synchronizing opened pages list before reload
2022-03-16T16:03:48.905Z - info: Current opened pages, from most-to-least recent:
2022-03-16T16:03:48.905Z - info: 1. schedule/week11/index
2022-03-16T16:03:49.921Z - info: Rebuilding 1 pages
2022-03-16T16:03:50.171Z - info: Site data built
2022-03-16T16:03:50.171Z - info: Pages rebuilt
2022-03-16T16:03:50.172Z - info: Website regeneration complete! Total build time: 0.251s
2022-03-16T16:04:18.349Z - info: Building C:\repos\nus-cs2103\cs2103-website-base\schedule\week11\tutorial as some of its dependencies were changed since the last visit
2022-03-16T16:04:19.427Z - info: Site data built
2022-03-16T16:04:19.427Z - info: Lazy website regeneration complete! Total build time: 1.078s
2022-03-16T16:04:38.768Z - info: Building C:\repos\nus-cs2103\cs2103-website-base\schedule\week11\topics as some of its dependencies were changed since the last visit
2022-03-16T16:04:39.065Z - info: Site data built
2022-03-16T16:04:39.066Z - info: Lazy website regeneration complete! Total build time: 0.297s
2022-03-16T16:04:42.017Z - info: Building C:\repos\nus-cs2103\cs2103-website-base\schedule\week11\admin as some of its dependencies were changed since the last visit
2022-03-16T16:04:42.223Z - info: Site data built
2022-03-16T16:04:42.224Z - info: Lazy website regeneration complete! Total build time: 0.207s
2022-03-16T16:04:45.807Z - info: Building C:\repos\nus-cs2103\cs2103-website-base\schedule\week11\project as some of its dependencies were changed since the last visit
2022-03-16T16:04:47.420Z - info: Site data built
2022-03-16T16:04:47.420Z - info: Lazy website regeneration complete! Total build time: 1.614s
2022-03-16T16:05:46.894Z - info: [12:05:46 am] Reload for file change: C:\repos\nus-cs2103\cs2103-website-base\_module-TIC4002\weeklyTpTasks.mbdf
2022-03-16T16:05:46.894Z - info: Synchronizing opened pages list before reload
2022-03-16T16:05:46.895Z - info: Current opened pages, from most-to-least recent:
2022-03-16T16:05:46.895Z - info: 1. schedule/week11/project
2022-03-16T16:05:47.910Z - info: Rebuilding 1 pages
2022-03-16T16:05:49.445Z - info: Site data built
2022-03-16T16:05:49.446Z - info: Pages rebuilt
2022-03-16T16:05:49.446Z - info: Website regeneration complete! Total build time: 1.538s
2022-03-16T16:06:16.898Z - info: Website generation started at 12:06:14 am
2022-03-16T16:06:22.316Z - info: Building assets...
2022-03-16T16:06:26.512Z - info: Assets built
2022-03-16T16:06:26.512Z - info: Generating pages...
2022-03-16T16:06:33.725Z - debug:  
2022-03-16T16:06:36.283Z - debug:  
2022-03-16T16:06:36.286Z - debug:  
2022-03-16T16:06:36.286Z - debug:  
2022-03-16T16:06:36.286Z - debug:  
2022-03-16T16:06:36.286Z - debug:  
2022-03-16T16:08:11.148Z - debug:  
2022-03-16T16:08:27.752Z - debug:  
2022-03-16T16:08:27.752Z - debug:  
2022-03-16T16:08:30.699Z - info: Pages built
2022-03-16T16:08:31.168Z - info: Site data built
2022-03-16T16:08:31.168Z - info: Website generation complete! Total build time: 136.341s
2022-03-16T16:08:31.168Z - info: Build success!
2022-03-16T16:11:24.650Z - info: The website has been deployed at: https://nus-tic4002-ay2122s2.github.io/website
