2022-04-09T03:54:15.419Z - info: Website generation (lazy) started at 11:54:10 am
2022-04-09T03:54:21.598Z - info: Building assets...
2022-04-09T03:54:26.172Z - info: Assets built
2022-04-09T03:54:26.172Z - info: Generating landing page...
2022-04-09T03:54:27.159Z - info: Landing page built, other pages will be built as you navigate to them!
2022-04-09T03:54:28.136Z - info: Site data built
2022-04-09T03:54:28.136Z - info: Website generation (lazy) complete! Total build time: 17.587s
2022-04-09T03:54:29.062Z - info: Serving "C:\repos\nus-cs2103\cs2103-website-base\_site" at http://127.0.0.1:8080
2022-04-09T03:54:29.062Z - info: Press CTRL+C to stop ...
2022-04-09T03:55:47.085Z - info: Website generation started at 11:55:45 am
2022-04-09T03:55:52.870Z - info: Building assets...
2022-04-09T03:55:57.080Z - info: Assets built
2022-04-09T03:55:57.081Z - info: Generating pages...
2022-04-09T03:56:06.290Z - debug:  
2022-04-09T03:56:06.290Z - debug:  
2022-04-09T03:56:06.291Z - debug:  
2022-04-09T03:56:06.291Z - debug:  
2022-04-09T03:56:06.291Z - debug:  
2022-04-09T03:56:06.291Z - debug:  
2022-04-09T03:57:49.274Z - debug:  
2022-04-09T03:58:01.772Z - debug:  
2022-04-09T03:58:01.772Z - debug:  
2022-04-09T03:58:07.897Z - info: Pages built
2022-04-09T03:58:08.838Z - info: Site data built
2022-04-09T03:58:08.839Z - info: Website generation complete! Total build time: 143.723s
2022-04-09T03:58:08.839Z - info: Build success!
2022-04-09T04:00:26.387Z - info: The website has been deployed at: https://nus-cs2103-ay2122s2.github.io/website
