2022-01-26T07:40:10.661Z - info: Website generation started at 3:40:07 pm
2022-01-26T07:40:19.636Z - info: Building assets...
2022-01-26T07:40:28.459Z - info: Assets built
2022-01-26T07:40:28.460Z - info: Generating pages...
2022-01-26T07:40:43.941Z - debug:  
2022-01-26T07:40:43.949Z - debug:  
2022-01-26T07:40:47.507Z - debug:  
2022-01-26T07:40:47.507Z - debug:  
2022-01-26T07:40:47.508Z - debug:  
2022-01-26T07:40:47.508Z - debug:  
2022-01-26T07:43:28.075Z - debug:  
2022-01-26T07:43:46.097Z - debug:  
2022-01-26T07:43:46.098Z - debug:  
2022-01-26T07:43:52.359Z - info: Pages built
2022-01-26T07:43:54.080Z - info: Site data built
2022-01-26T07:43:54.080Z - info: Website generation complete! Total build time: 226.917s
2022-01-26T07:43:54.080Z - info: Build success!
2022-01-26T07:47:01.638Z - info: The website has been deployed at: https://nus-cs2103-ay2122s2.github.io/website
2022-01-26T12:07:47.174Z - info: Website generation started at 8:07:40 pm
2022-01-26T12:07:53.858Z - info: Building assets...
2022-01-26T12:07:58.568Z - info: Assets built
2022-01-26T12:07:58.568Z - info: Generating pages...
2022-01-26T12:08:08.749Z - debug:  
2022-01-26T12:08:08.750Z - debug:  
2022-01-26T12:08:08.750Z - debug:  
2022-01-26T12:08:08.750Z - debug:  
2022-01-26T12:08:08.751Z - debug:  
2022-01-26T12:08:41.037Z - debug:  
2022-01-26T12:09:31.499Z - info: Pages built
2022-01-26T12:09:32.602Z - info: Site data built
2022-01-26T12:09:32.602Z - info: Website generation complete! Total build time: 111.951s
2022-01-26T12:09:32.602Z - info: Build success!
2022-01-26T12:11:27.244Z - info: The website has been deployed at: https://nus-tic2002-2022.github.io/website
2022-01-26T15:07:28.875Z - info: Website generation (lazy) started at 11:07:23 pm
2022-01-26T15:07:35.661Z - info: Building assets...
2022-01-26T15:07:40.814Z - info: Assets built
2022-01-26T15:07:40.815Z - info: Generating landing page...
2022-01-26T15:07:41.966Z - info: Landing page built, other pages will be built as you navigate to them!
2022-01-26T15:07:43.224Z - info: Site data built
2022-01-26T15:07:43.224Z - info: Website generation (lazy) complete! Total build time: 20.016s
2022-01-26T15:07:44.128Z - info: Serving "C:\repos\nus-cs2103\cs2103-website-base\_site" at http://127.0.0.1:8080
2022-01-26T15:07:44.128Z - info: Press CTRL+C to stop ...
2022-01-26T15:07:46.164Z - info: [11:07:46 pm] Reload for file change: C:\repos\nus-cs2103\cs2103-website-base\schedule\week3\notices-cs2103.mbdf
2022-01-26T15:07:46.164Z - info: Synchronizing opened pages list before reload
2022-01-26T15:07:46.165Z - info: No pages are currently opened
2022-01-26T15:07:47.953Z - info: No pages needed to be rebuilt
2022-01-26T15:07:54.416Z - info: Building C:\repos\nus-cs2103\cs2103-website-base\index as some of its dependencies were changed since the last visit
2022-01-26T15:07:55.246Z - info: Site data built
2022-01-26T15:07:55.246Z - info: Lazy website regeneration complete! Total build time: 0.83s
2022-01-26T15:08:17.062Z - info: [11:08:17 pm] Reload for file change: C:\repos\nus-cs2103\cs2103-website-base\schedule\week3\notices-cs2103.mbdf
2022-01-26T15:08:17.062Z - info: Synchronizing opened pages list before reload
2022-01-26T15:08:17.062Z - info: Current opened pages, from most-to-least recent:
2022-01-26T15:08:17.063Z - info: 1. index
2022-01-26T15:08:18.078Z - info: Rebuilding 1 pages
2022-01-26T15:08:18.608Z - info: Site data built
2022-01-26T15:08:18.608Z - info: Pages rebuilt
2022-01-26T15:08:18.608Z - info: Website regeneration complete! Total build time: 0.53s
2022-01-26T15:18:46.920Z - info: Building C:\repos\nus-cs2103\cs2103-website-base\schedule\week4\index as some of its dependencies were changed since the last visit
2022-01-26T15:18:48.423Z - info: Site data built
2022-01-26T15:18:48.424Z - info: Lazy website regeneration complete! Total build time: 1.504s
2022-01-26T15:21:13.164Z - info: [11:21:13 pm] Reload for file change: C:\repos\nus-cs2103\cs2103-website-base\schedule\week4\notices-cs2103.mbdf
2022-01-26T15:21:13.167Z - info: Synchronizing opened pages list before reload
2022-01-26T15:21:13.168Z - info: Current opened pages, from most-to-least recent:
2022-01-26T15:21:13.168Z - info: 1. schedule/week4/index
2022-01-26T15:21:14.197Z - info: Rebuilding 1 pages
2022-01-26T15:21:15.207Z - info: Site data built
2022-01-26T15:21:15.208Z - info: Pages rebuilt
2022-01-26T15:21:15.208Z - info: Website regeneration complete! Total build time: 1.014s
2022-01-26T15:21:44.877Z - info: [11:21:44 pm] Reload for file change: C:\repos\nus-cs2103\cs2103-website-base\schedule\week4\notices-cs2103.mbdf
2022-01-26T15:21:44.877Z - info: Synchronizing opened pages list before reload
2022-01-26T15:21:44.877Z - info: Current opened pages, from most-to-least recent:
2022-01-26T15:21:44.878Z - info: 1. schedule/week4/index
2022-01-26T15:21:45.889Z - info: Rebuilding 1 pages
2022-01-26T15:21:46.555Z - info: Site data built
2022-01-26T15:21:46.556Z - info: Pages rebuilt
2022-01-26T15:21:46.556Z - info: Website regeneration complete! Total build time: 0.667s
2022-01-26T15:22:08.698Z - info: [11:22:08 pm] Reload for file change: C:\repos\nus-cs2103\cs2103-website-base\schedule\week4\notices-cs2103.mbdf
2022-01-26T15:22:08.699Z - info: Synchronizing opened pages list before reload
2022-01-26T15:22:08.699Z - info: Current opened pages, from most-to-least recent:
2022-01-26T15:22:08.699Z - info: 1. schedule/week4/index
2022-01-26T15:22:09.712Z - info: Rebuilding 1 pages
2022-01-26T15:22:10.612Z - info: Site data built
2022-01-26T15:22:10.613Z - info: Pages rebuilt
2022-01-26T15:22:10.613Z - info: Website regeneration complete! Total build time: 0.902s
2022-01-26T15:22:54.876Z - info: [11:22:54 pm] Reload for file change: C:\repos\nus-cs2103\cs2103-website-base\schedule\week4\notices-cs2103.mbdf
2022-01-26T15:22:54.876Z - info: Synchronizing opened pages list before reload
2022-01-26T15:22:54.876Z - info: Current opened pages, from most-to-least recent:
2022-01-26T15:22:54.876Z - info: 1. schedule/week4/index
2022-01-26T15:22:55.885Z - info: Rebuilding 1 pages
2022-01-26T15:22:56.582Z - info: Site data built
2022-01-26T15:22:56.583Z - info: Pages rebuilt
2022-01-26T15:22:56.583Z - info: Website regeneration complete! Total build time: 0.699s
2022-01-26T15:32:12.882Z - info: Building C:\repos\nus-cs2103\cs2103-website-base\schedule\week4\admin as some of its dependencies were changed since the last visit
2022-01-26T15:32:13.455Z - info: Site data built
2022-01-26T15:32:13.456Z - info: Lazy website regeneration complete! Total build time: 0.575s
2022-01-26T15:32:55.437Z - info: Building C:\repos\nus-cs2103\cs2103-website-base\schedule\week4\topics as some of its dependencies were changed since the last visit
2022-01-26T15:32:59.353Z - info: Site data built
2022-01-26T15:32:59.354Z - info: Lazy website regeneration complete! Total build time: 3.917s
2022-01-26T15:33:01.149Z - debug:  
2022-01-26T15:33:01.172Z - debug:  
2022-01-26T15:33:30.231Z - info: Building C:\repos\nus-cs2103\cs2103-website-base\schedule\week4\project as some of its dependencies were changed since the last visit
2022-01-26T15:33:32.224Z - info: Site data built
2022-01-26T15:33:32.225Z - info: Lazy website regeneration complete! Total build time: 1.994s
2022-01-26T15:35:07.326Z - info: Building C:\repos\nus-cs2103\cs2103-website-base\schedule\week4\tutorial as some of its dependencies were changed since the last visit
2022-01-26T15:35:07.802Z - info: Site data built
2022-01-26T15:35:07.802Z - info: Lazy website regeneration complete! Total build time: 0.477s
2022-01-26T15:36:56.737Z - info: Website generation started at 11:36:54 pm
2022-01-26T15:37:02.606Z - info: Building assets...
2022-01-26T15:37:07.059Z - info: Assets built
2022-01-26T15:37:07.060Z - info: Generating pages...
2022-01-26T15:37:15.894Z - debug:  
2022-01-26T15:37:15.894Z - debug:  
2022-01-26T15:37:15.895Z - debug:  
2022-01-26T15:37:15.895Z - debug:  
2022-01-26T15:37:15.895Z - debug:  
2022-01-26T15:37:15.895Z - debug:  
2022-01-26T15:39:08.198Z - debug:  
2022-01-26T15:39:20.023Z - debug:  
2022-01-26T15:39:20.207Z - debug:  
2022-01-26T15:39:24.737Z - info: Pages built
2022-01-26T15:39:25.749Z - info: Site data built
2022-01-26T15:39:25.750Z - info: Website generation complete! Total build time: 150.979s
2022-01-26T15:39:25.750Z - info: Build success!
2022-01-26T15:43:59.740Z - info: The website has been deployed at: https://nus-cs2103-ay2122s2.github.io/website
