2022-02-04T07:56:06.430Z - info: Website generation (lazy) started at 3:56:00 pm
2022-02-04T07:56:12.370Z - info: Building assets...
2022-02-04T07:56:17.891Z - info: Assets built
2022-02-04T07:56:17.892Z - info: Generating landing page...
2022-02-04T07:56:19.071Z - info: Landing page built, other pages will be built as you navigate to them!
2022-02-04T07:56:20.300Z - info: Site data built
2022-02-04T07:56:20.300Z - info: Website generation (lazy) complete! Total build time: 19.331s
2022-02-04T07:56:21.377Z - info: Serving "C:\repos\nus-cs2103\cs2103-website-base\_site" at http://127.0.0.1:8080
2022-02-04T07:56:21.378Z - info: Press CTRL+C to stop ...
2022-02-04T08:00:53.438Z - info: Building C:\repos\nus-cs2103\cs2103-website-base\admin\teamList as some of its dependencies were changed since the last visit
2022-02-04T08:00:53.937Z - info: Site data built
2022-02-04T08:00:53.938Z - info: Lazy website regeneration complete! Total build time: 0.499s
2022-02-04T08:03:10.391Z - info: Website generation started at 4:03:08 pm
2022-02-04T08:03:16.098Z - info: Building assets...
2022-02-04T08:03:21.823Z - info: Assets built
2022-02-04T08:03:21.824Z - info: Generating pages...
2022-02-04T08:03:31.166Z - debug:  
2022-02-04T08:03:31.167Z - debug:  
2022-02-04T08:03:31.167Z - debug:  
2022-02-04T08:03:31.168Z - debug:  
2022-02-04T08:03:31.168Z - debug:  
2022-02-04T08:03:31.168Z - debug:  
2022-02-04T08:05:07.211Z - debug:  
2022-02-04T08:05:18.321Z - debug:  
2022-02-04T08:05:18.449Z - debug:  
2022-02-04T08:05:21.707Z - info: Pages built
2022-02-04T08:05:22.753Z - info: Site data built
2022-02-04T08:05:22.754Z - info: Website generation complete! Total build time: 134.178s
2022-02-04T08:05:22.754Z - info: Build success!
2022-02-04T08:07:35.009Z - info: The website has been deployed at: https://nus-tic4002-ay2122s2.github.io/website
2022-02-04T08:35:33.722Z - info: Website generation started at 4:35:29 pm
2022-02-04T08:35:39.581Z - info: Building assets...
2022-02-04T08:35:45.110Z - info: Assets built
2022-02-04T08:35:45.111Z - info: Generating pages...
2022-02-04T08:35:54.219Z - debug:  
2022-02-04T08:35:54.220Z - debug:  
2022-02-04T08:35:54.220Z - debug:  
2022-02-04T08:35:54.221Z - debug:  
2022-02-04T08:35:54.221Z - debug:  
2022-02-04T08:35:54.221Z - debug:  
2022-02-04T08:37:42.516Z - debug:  
2022-02-04T08:37:54.870Z - debug:  
2022-02-04T08:37:54.946Z - debug:  
2022-02-04T08:38:00.793Z - info: Pages built
2022-02-04T08:38:01.776Z - info: Site data built
2022-02-04T08:38:01.776Z - info: Website generation complete! Total build time: 152.569s
2022-02-04T08:38:01.776Z - info: Build success!
2022-02-04T08:40:21.013Z - info: The website has been deployed at: https://nus-cs2103-ay2122s2.github.io/website
2022-02-04T12:15:05.242Z - info: Website generation started at 8:14:56 pm
2022-02-04T12:15:13.888Z - info: Building assets...
2022-02-04T12:15:23.943Z - info: Assets built
2022-02-04T12:15:23.948Z - info: Generating pages...
2022-02-04T12:15:43.762Z - debug:  
2022-02-04T12:15:43.779Z - debug:  
2022-02-04T12:15:43.780Z - debug:  
2022-02-04T12:15:46.753Z - debug:  
2022-02-04T12:15:46.753Z - debug:  
2022-02-04T12:15:46.753Z - debug:  
2022-02-04T12:18:01.908Z - debug:  
2022-02-04T12:18:17.297Z - debug:  
2022-02-04T12:18:17.298Z - debug:  
2022-02-04T12:18:21.511Z - info: Pages built
2022-02-04T12:18:23.079Z - info: Site data built
2022-02-04T12:18:23.079Z - info: Website generation complete! Total build time: 206.145s
2022-02-04T12:18:23.079Z - info: Build success!
2022-02-04T12:23:16.506Z - info: The website has been deployed at: https://nus-tic4002-ay2122s2.github.io/website
