2022-03-29T17:13:04.155Z - info: Website generation (lazy) started at 1:12:58 am
2022-03-29T17:13:09.873Z - info: Building assets...
2022-03-29T17:13:14.696Z - info: Assets built
2022-03-29T17:13:14.697Z - info: Generating landing page...
2022-03-29T17:13:15.407Z - info: Landing page built, other pages will be built as you navigate to them!
2022-03-29T17:13:16.454Z - info: Site data built
2022-03-29T17:13:16.455Z - info: Website generation (lazy) complete! Total build time: 17.639s
2022-03-29T17:13:17.368Z - info: Serving "C:\repos\nus-cs2103\cs2103-website-base\_site" at http://127.0.0.1:8080
2022-03-29T17:13:17.369Z - info: Press CTRL+C to stop ...
2022-03-29T17:13:47.743Z - info: Building C:\repos\nus-cs2103\cs2103-website-base\schedule\week12\index as some of its dependencies were changed since the last visit
2022-03-29T17:13:48.351Z - info: Site data built
2022-03-29T17:13:48.352Z - info: Lazy website regeneration complete! Total build time: 0.61s
2022-03-29T17:29:48.943Z - info: Website generation (lazy) started at 1:29:46 am
2022-03-29T17:29:56.260Z - info: Building assets...
2022-03-29T17:30:02.023Z - info: Assets built
2022-03-29T17:30:02.024Z - info: Generating landing page...
2022-03-29T17:30:03.725Z - info: Landing page built, other pages will be built as you navigate to them!
2022-03-29T17:30:05.057Z - info: Site data built
2022-03-29T17:30:05.058Z - info: Website generation (lazy) complete! Total build time: 18.612s
2022-03-29T17:30:06.093Z - info: Serving "C:\repos\nus-cs2103\cs2103-website-base\_site" at http://127.0.0.1:8080
2022-03-29T17:30:06.093Z - info: Press CTRL+C to stop ...
2022-03-29T17:30:23.249Z - info: Building C:\repos\nus-cs2103\cs2103-website-base\schedule\week12\index as some of its dependencies were changed since the last visit
2022-03-29T17:30:23.810Z - info: Site data built
2022-03-29T17:30:23.810Z - info: Lazy website regeneration complete! Total build time: 0.561s
2022-03-29T17:30:26.554Z - info: Building C:\repos\nus-cs2103\cs2103-website-base\schedule\week12\project as some of its dependencies were changed since the last visit
2022-03-29T17:30:29.414Z - info: Site data built
2022-03-29T17:30:29.414Z - info: Lazy website regeneration complete! Total build time: 2.86s
2022-03-29T17:34:45.851Z - info: Building C:\repos\nus-cs2103\cs2103-website-base\schedule\week13\project as some of its dependencies were changed since the last visit
2022-03-29T17:34:48.453Z - info: Site data built
2022-03-29T17:34:48.454Z - info: Lazy website regeneration complete! Total build time: 2.603s
2022-03-29T17:35:05.831Z - info: Building C:\repos\nus-cs2103\cs2103-website-base\schedule\week11\project as some of its dependencies were changed since the last visit
2022-03-29T17:35:07.420Z - info: Site data built
2022-03-29T17:35:07.420Z - info: Lazy website regeneration complete! Total build time: 1.589s
2022-03-29T17:36:09.007Z - info: [1:36:09 am] Reload for file change: C:\repos\nus-cs2103\cs2103-website-base\admin\tp-tasks.mbdf
2022-03-29T17:36:09.007Z - info: Synchronizing opened pages list before reload
2022-03-29T17:36:09.008Z - info: Current opened pages, from most-to-least recent:
2022-03-29T17:36:09.008Z - info: 1. schedule/week11/project
2022-03-29T17:36:10.027Z - info: Rebuilding 1 pages
2022-03-29T17:36:11.134Z - info: Site data built
2022-03-29T17:36:11.135Z - info: Pages rebuilt
2022-03-29T17:36:11.135Z - info: Website regeneration complete! Total build time: 1.109s
2022-03-29T17:36:46.868Z - info: [1:36:46 am] Reload for file change: C:\repos\nus-cs2103\cs2103-website-base\admin\tp-tasks.mbdf
2022-03-29T17:36:46.869Z - info: Synchronizing opened pages list before reload
2022-03-29T17:36:46.869Z - info: Current opened pages, from most-to-least recent:
2022-03-29T17:36:46.870Z - info: 1. schedule/week11/project
2022-03-29T17:36:47.887Z - info: Rebuilding 1 pages
2022-03-29T17:36:48.996Z - info: Site data built
2022-03-29T17:36:48.997Z - info: Pages rebuilt
2022-03-29T17:36:48.997Z - info: Website regeneration complete! Total build time: 1.111s
2022-03-29T17:39:15.193Z - info: [1:39:15 am] Reload for file change: C:\repos\nus-cs2103\cs2103-website-base\admin\tp-tasks.mbdf
2022-03-29T17:39:15.193Z - info: Synchronizing opened pages list before reload
2022-03-29T17:39:15.194Z - info: Current opened pages, from most-to-least recent:
2022-03-29T17:39:15.194Z - info: 1. schedule/week11/project
2022-03-29T17:39:16.207Z - info: Rebuilding 1 pages
2022-03-29T17:39:17.416Z - info: Site data built
2022-03-29T17:39:17.417Z - info: Pages rebuilt
2022-03-29T17:39:17.417Z - info: Website regeneration complete! Total build time: 1.211s
2022-03-29T17:39:52.730Z - info: [1:39:52 am] Reload for file change: C:\repos\nus-cs2103\cs2103-website-base\admin\tp-tasks.mbdf
2022-03-29T17:39:52.730Z - info: Synchronizing opened pages list before reload
2022-03-29T17:39:52.732Z - info: Current opened pages, from most-to-least recent:
2022-03-29T17:39:52.732Z - info: 1. schedule/week11/project
2022-03-29T17:39:53.748Z - info: Rebuilding 1 pages
2022-03-29T17:39:54.803Z - info: Site data built
2022-03-29T17:39:54.803Z - info: Pages rebuilt
2022-03-29T17:39:54.803Z - info: Website regeneration complete! Total build time: 1.056s
2022-03-29T17:40:20.445Z - info: [1:40:20 am] Reload for file change: C:\repos\nus-cs2103\cs2103-website-base\admin\tp-tasks.mbdf
2022-03-29T17:40:20.446Z - info: Synchronizing opened pages list before reload
2022-03-29T17:40:20.446Z - info: Current opened pages, from most-to-least recent:
2022-03-29T17:40:20.447Z - info: 1. schedule/week11/project
2022-03-29T17:40:21.471Z - info: Rebuilding 1 pages
2022-03-29T17:40:22.534Z - info: Site data built
2022-03-29T17:40:22.534Z - info: Pages rebuilt
2022-03-29T17:40:22.534Z - info: Website regeneration complete! Total build time: 1.064s
2022-03-29T17:40:27.025Z - info: [1:40:27 am] Reload for file change: C:\repos\nus-cs2103\cs2103-website-base\admin\tp-tasks.mbdf
2022-03-29T17:40:27.026Z - info: Synchronizing opened pages list before reload
2022-03-29T17:40:27.026Z - info: Current opened pages, from most-to-least recent:
2022-03-29T17:40:27.026Z - info: 1. schedule/week11/project
2022-03-29T17:40:28.033Z - info: Rebuilding 1 pages
2022-03-29T17:40:28.717Z - info: Site data built
2022-03-29T17:40:28.717Z - info: Pages rebuilt
2022-03-29T17:40:28.717Z - info: Website regeneration complete! Total build time: 0.685s
2022-03-29T17:40:33.612Z - info: [1:40:33 am] Reload for file change: C:\repos\nus-cs2103\cs2103-website-base\admin\tp-tasks.mbdf
2022-03-29T17:40:33.612Z - info: Synchronizing opened pages list before reload
2022-03-29T17:40:33.613Z - info: Current opened pages, from most-to-least recent:
2022-03-29T17:40:33.613Z - info: 1. schedule/week11/project
2022-03-29T17:40:34.636Z - info: Rebuilding 1 pages
2022-03-29T17:40:35.258Z - info: Site data built
2022-03-29T17:40:35.258Z - info: Pages rebuilt
2022-03-29T17:40:35.258Z - info: Website regeneration complete! Total build time: 0.623s
2022-03-29T17:44:08.340Z - info: [1:44:08 am] Reload for file change: C:\repos\nus-cs2103\cs2103-website-base\admin\tp-tasks.mbdf
2022-03-29T17:44:08.340Z - info: Synchronizing opened pages list before reload
2022-03-29T17:44:08.340Z - info: Current opened pages, from most-to-least recent:
2022-03-29T17:44:08.340Z - info: 1. schedule/week11/project
2022-03-29T17:44:09.351Z - info: Rebuilding 1 pages
2022-03-29T17:44:10.516Z - info: Site data built
2022-03-29T17:44:10.516Z - info: Pages rebuilt
2022-03-29T17:44:10.516Z - info: Website regeneration complete! Total build time: 1.167s
2022-03-29T17:44:25.143Z - info: [1:44:25 am] Reload for file change: C:\repos\nus-cs2103\cs2103-website-base\admin\tp-tasks.mbdf
2022-03-29T17:44:25.144Z - info: Synchronizing opened pages list before reload
2022-03-29T17:44:25.144Z - info: Current opened pages, from most-to-least recent:
2022-03-29T17:44:25.144Z - info: 1. schedule/week11/project
2022-03-29T17:44:26.152Z - info: Rebuilding 1 pages
2022-03-29T17:44:27.219Z - info: Site data built
2022-03-29T17:44:27.219Z - info: Pages rebuilt
2022-03-29T17:44:27.219Z - info: Website regeneration complete! Total build time: 1.069s
2022-03-29T17:44:33.785Z - info: [1:44:33 am] Reload for file change: C:\repos\nus-cs2103\cs2103-website-base\admin\tp-tasks.mbdf
2022-03-29T17:44:33.785Z - info: Synchronizing opened pages list before reload
2022-03-29T17:44:33.785Z - info: Current opened pages, from most-to-least recent:
2022-03-29T17:44:33.785Z - info: 1. schedule/week11/project
2022-03-29T17:44:34.808Z - info: Rebuilding 1 pages
2022-03-29T17:44:35.524Z - info: Site data built
2022-03-29T17:44:35.524Z - info: Pages rebuilt
2022-03-29T17:44:35.524Z - info: Website regeneration complete! Total build time: 0.718s
2022-03-29T18:18:41.455Z - info: Website generation (lazy) started at 2:18:39 am
2022-03-29T18:18:47.354Z - info: Building assets...
2022-03-29T18:18:52.581Z - info: Assets built
2022-03-29T18:18:52.582Z - info: Generating landing page...
2022-03-29T18:18:53.668Z - info: Landing page built, other pages will be built as you navigate to them!
2022-03-29T18:18:54.827Z - info: Site data built
2022-03-29T18:18:54.827Z - info: Website generation (lazy) complete! Total build time: 15.38s
2022-03-29T18:18:55.987Z - info: Serving "C:\repos\nus-cs2103\cs2103-website-base\_site" at http://127.0.0.1:8080
2022-03-29T18:18:55.987Z - info: Press CTRL+C to stop ...
2022-03-29T18:19:08.199Z - info: Building C:\repos\nus-cs2103\cs2103-website-base\admin\index as some of its dependencies were changed since the last visit
2022-03-29T18:19:11.220Z - info: Site data built
2022-03-29T18:19:11.221Z - info: Lazy website regeneration complete! Total build time: 3.022s
2022-03-29T18:21:00.458Z - info: [2:21:00 am] Reload for file add: C:\repos\nus-cs2103\cs2103-website-base\admin\exams-f2f.md
2022-03-29T18:21:00.459Z - info: Synchronizing opened pages list before reload
2022-03-29T18:21:00.460Z - info: Current opened pages, from most-to-least recent:
2022-03-29T18:21:00.460Z - info: 1. admin/index
2022-03-29T18:21:03.998Z - info: Assets built
2022-03-29T18:21:19.255Z - info: [2:21:19 am] Reload for file change: C:\repos\nus-cs2103\cs2103-website-base\admin\index-tic2002.mbdf
2022-03-29T18:21:19.255Z - info: Synchronizing opened pages list before reload
2022-03-29T18:21:19.255Z - info: Current opened pages, from most-to-least recent:
2022-03-29T18:21:19.256Z - info: 1. admin/index
2022-03-29T18:21:20.274Z - info: Rebuilding 1 pages
2022-03-29T18:21:21.562Z - info: Site data built
2022-03-29T18:21:21.562Z - info: Pages rebuilt
2022-03-29T18:21:21.562Z - info: Website regeneration complete! Total build time: 1.291s
2022-03-29T18:22:02.386Z - info: [2:22:02 am] Reload for file change: C:\repos\nus-cs2103\cs2103-website-base\admin\exams-f2f.md
2022-03-29T18:22:02.386Z - info: Synchronizing opened pages list before reload
2022-03-29T18:22:02.386Z - info: Current opened pages, from most-to-least recent:
2022-03-29T18:22:02.387Z - info: 1. admin/index
2022-03-29T18:22:03.407Z - info: Rebuilding 1 pages
2022-03-29T18:22:04.239Z - error:  Error: No such segment '#main' in file: C:\repos\nus-cs2103\cs2103-website-base\admin\exams-f2f.md
Missing reference in C:\repos\nus-cs2103\cs2103-website-base\admin\index-tic2002.mbdf
    at processInclude (C:\Users\dcsdcr\AppData\Roaming\npm\node_modules\markbind-cli\node_modules\@markbind\core\src\html\includePanelProcessor.js:225:23)
    at NodeProcessor.processNode (C:\Users\dcsdcr\AppData\Roaming\npm\node_modules\markbind-cli\node_modules\@markbind\core\src\html\NodeProcessor.js:147:16)
    at NodeProcessor._process (C:\Users\dcsdcr\AppData\Roaming\npm\node_modules\markbind-cli\node_modules\@markbind\core\src\html\NodeProcessor.js:289:20)
    at C:\Users\dcsdcr\AppData\Roaming\npm\node_modules\markbind-cli\node_modules\@markbind\core\src\html\NodeProcessor.js:294:14
    at Array.forEach (<anonymous>)
    at NodeProcessor._process (C:\Users\dcsdcr\AppData\Roaming\npm\node_modules\markbind-cli\node_modules\@markbind\core\src\html\NodeProcessor.js:293:21)
    at C:\Users\dcsdcr\AppData\Roaming\npm\node_modules\markbind-cli\node_modules\@markbind\core\src\html\NodeProcessor.js:294:14
    at Array.forEach (<anonymous>)
    at NodeProcessor._process (C:\Users\dcsdcr\AppData\Roaming\npm\node_modules\markbind-cli\node_modules\@markbind\core\src\html\NodeProcessor.js:293:21)
    at C:\Users\dcsdcr\AppData\Roaming\npm\node_modules\markbind-cli\node_modules\@markbind\core\src\html\NodeProcessor.js:294:14
    at Array.forEach (<anonymous>)
    at NodeProcessor._process (C:\Users\dcsdcr\AppData\Roaming\npm\node_modules\markbind-cli\node_modules\@markbind\core\src\html\NodeProcessor.js:293:21)
    at C:\Users\dcsdcr\AppData\Roaming\npm\node_modules\markbind-cli\node_modules\@markbind\core\src\html\NodeProcessor.js:294:14
    at Array.forEach (<anonymous>)
    at NodeProcessor._process (C:\Users\dcsdcr\AppData\Roaming\npm\node_modules\markbind-cli\node_modules\@markbind\core\src\html\NodeProcessor.js:293:21)
    at C:\Users\dcsdcr\AppData\Roaming\npm\node_modules\markbind-cli\node_modules\@markbind\core\src\html\NodeProcessor.js:329:30
2022-03-29T18:22:04.738Z - info: Site data built
2022-03-29T18:22:04.739Z - info: Pages rebuilt
2022-03-29T18:22:04.739Z - info: Website regeneration complete! Total build time: 1.335s
2022-03-29T18:22:14.112Z - info: [2:22:14 am] Reload for file change: C:\repos\nus-cs2103\cs2103-website-base\admin\index-tic2002.mbdf
2022-03-29T18:22:14.112Z - info: Synchronizing opened pages list before reload
2022-03-29T18:22:14.112Z - info: Current opened pages, from most-to-least recent:
2022-03-29T18:22:14.112Z - info: 1. admin/index
2022-03-29T18:22:15.131Z - info: Rebuilding 1 pages
2022-03-29T18:22:16.234Z - info: Site data built
2022-03-29T18:22:16.235Z - info: Pages rebuilt
2022-03-29T18:22:16.235Z - info: Website regeneration complete! Total build time: 1.105s
2022-03-29T18:22:46.967Z - info: [2:22:46 am] Reload for file change: C:\repos\nus-cs2103\cs2103-website-base\admin\exams-f2f.md
2022-03-29T18:22:46.967Z - info: Synchronizing opened pages list before reload
2022-03-29T18:22:46.968Z - info: Current opened pages, from most-to-least recent:
2022-03-29T18:22:46.968Z - info: 1. admin/index
2022-03-29T18:22:47.986Z - info: Rebuilding 1 pages
2022-03-29T18:22:49.312Z - info: Site data built
2022-03-29T18:22:49.312Z - info: Pages rebuilt
2022-03-29T18:22:49.313Z - info: Website regeneration complete! Total build time: 1.327s
2022-03-29T18:23:00.800Z - info: [2:23:00 am] Reload for file change: C:\repos\nus-cs2103\cs2103-website-base\admin\exams-f2f.md
2022-03-29T18:23:00.800Z - info: Synchronizing opened pages list before reload
2022-03-29T18:23:00.800Z - info: Current opened pages, from most-to-least recent:
2022-03-29T18:23:00.801Z - info: 1. admin/index
2022-03-29T18:23:01.815Z - info: Rebuilding 1 pages
2022-03-29T18:23:02.899Z - info: Site data built
2022-03-29T18:23:02.899Z - info: Pages rebuilt
2022-03-29T18:23:02.900Z - info: Website regeneration complete! Total build time: 1.086s
2022-03-29T18:23:17.077Z - info: [2:23:17 am] Reload for file change: C:\repos\nus-cs2103\cs2103-website-base\admin\exams-f2f.md
2022-03-29T18:23:17.077Z - info: Synchronizing opened pages list before reload
2022-03-29T18:23:17.078Z - info: Current opened pages, from most-to-least recent:
2022-03-29T18:23:17.078Z - info: 1. admin/index
2022-03-29T18:23:18.087Z - info: Rebuilding 1 pages
2022-03-29T18:23:19.292Z - info: Site data built
2022-03-29T18:23:19.292Z - info: Pages rebuilt
2022-03-29T18:23:19.292Z - info: Website regeneration complete! Total build time: 1.206s
2022-03-29T18:24:05.580Z - info: [2:24:05 am] Reload for file change: C:\repos\nus-cs2103\cs2103-website-base\admin\exams-f2f.md
2022-03-29T18:24:05.581Z - info: Synchronizing opened pages list before reload
2022-03-29T18:24:05.581Z - info: Current opened pages, from most-to-least recent:
2022-03-29T18:24:05.581Z - info: 1. admin/index
2022-03-29T18:24:06.600Z - info: Rebuilding 1 pages
2022-03-29T18:24:07.880Z - info: Site data built
2022-03-29T18:24:07.880Z - info: Pages rebuilt
2022-03-29T18:24:07.880Z - info: Website regeneration complete! Total build time: 1.281s
2022-03-29T18:25:47.831Z - info: [2:25:47 am] Reload for file change: C:\repos\nus-cs2103\cs2103-website-base\admin\exams-f2f.md
2022-03-29T18:25:47.831Z - info: Synchronizing opened pages list before reload
2022-03-29T18:25:47.832Z - info: Current opened pages, from most-to-least recent:
2022-03-29T18:25:47.832Z - info: 1. admin/index
2022-03-29T18:25:48.847Z - info: Rebuilding 1 pages
2022-03-29T18:25:50.358Z - info: Site data built
2022-03-29T18:25:50.358Z - info: Pages rebuilt
2022-03-29T18:25:50.358Z - info: Website regeneration complete! Total build time: 1.512s
2022-03-29T18:29:44.445Z - info: [2:29:44 am] Reload for file change: C:\repos\nus-cs2103\cs2103-website-base\admin\exams-f2f.md
2022-03-29T18:29:44.445Z - info: Synchronizing opened pages list before reload
2022-03-29T18:29:44.446Z - info: Current opened pages, from most-to-least recent:
2022-03-29T18:29:44.446Z - info: 1. admin/index
2022-03-29T18:29:45.461Z - info: Rebuilding 1 pages
2022-03-29T18:29:46.768Z - info: Site data built
2022-03-29T18:29:46.768Z - info: Pages rebuilt
2022-03-29T18:29:46.768Z - info: Website regeneration complete! Total build time: 1.309s
2022-03-29T18:30:18.195Z - info: [2:30:18 am] Reload for file change: C:\repos\nus-cs2103\cs2103-website-base\admin\exams-f2f.md
2022-03-29T18:30:18.195Z - info: Synchronizing opened pages list before reload
2022-03-29T18:30:18.196Z - info: Current opened pages, from most-to-least recent:
2022-03-29T18:30:18.196Z - info: 1. admin/index
2022-03-29T18:30:19.214Z - info: Rebuilding 1 pages
2022-03-29T18:30:20.473Z - info: Site data built
2022-03-29T18:30:20.473Z - info: Pages rebuilt
2022-03-29T18:30:20.474Z - info: Website regeneration complete! Total build time: 1.262s
2022-03-29T18:31:39.243Z - info: [2:31:39 am] Reload for file change: C:\repos\nus-cs2103\cs2103-website-base\admin\exams-f2f.md
2022-03-29T18:31:39.243Z - info: Synchronizing opened pages list before reload
2022-03-29T18:31:39.244Z - info: Current opened pages, from most-to-least recent:
2022-03-29T18:31:39.244Z - info: 1. admin/index
2022-03-29T18:31:40.250Z - info: Rebuilding 1 pages
2022-03-29T18:31:41.504Z - info: Site data built
2022-03-29T18:31:41.505Z - info: Pages rebuilt
2022-03-29T18:31:41.505Z - info: Website regeneration complete! Total build time: 1.256s
2022-03-29T18:32:01.687Z - info: [2:32:01 am] Reload for file change: C:\repos\nus-cs2103\cs2103-website-base\admin\exams-f2f.md
2022-03-29T18:32:01.688Z - info: Synchronizing opened pages list before reload
2022-03-29T18:32:01.688Z - info: Current opened pages, from most-to-least recent:
2022-03-29T18:32:01.689Z - info: 1. admin/index
2022-03-29T18:32:02.698Z - info: Rebuilding 1 pages
2022-03-29T18:32:03.992Z - info: Site data built
2022-03-29T18:32:03.992Z - info: Pages rebuilt
2022-03-29T18:32:03.992Z - info: Website regeneration complete! Total build time: 1.296s
2022-03-29T18:32:32.374Z - info: [2:32:32 am] Reload for file change: C:\repos\nus-cs2103\cs2103-website-base\admin\exams-f2f.md
2022-03-29T18:32:32.374Z - info: Synchronizing opened pages list before reload
2022-03-29T18:32:32.374Z - info: Current opened pages, from most-to-least recent:
2022-03-29T18:32:32.374Z - info: 1. admin/index
2022-03-29T18:32:33.388Z - info: Rebuilding 1 pages
2022-03-29T18:32:35.065Z - info: Site data built
2022-03-29T18:32:35.065Z - info: Pages rebuilt
2022-03-29T18:32:35.066Z - info: Website regeneration complete! Total build time: 1.678s
2022-03-29T18:32:52.620Z - info: [2:32:52 am] Reload for file change: C:\repos\nus-cs2103\cs2103-website-base\admin\exams-f2f.md
2022-03-29T18:32:52.620Z - info: Synchronizing opened pages list before reload
2022-03-29T18:32:52.621Z - info: Current opened pages, from most-to-least recent:
2022-03-29T18:32:52.621Z - info: 1. admin/index
2022-03-29T18:32:53.643Z - info: Rebuilding 1 pages
2022-03-29T18:32:54.901Z - info: Site data built
2022-03-29T18:32:54.902Z - info: Pages rebuilt
2022-03-29T18:32:54.902Z - info: Website regeneration complete! Total build time: 1.263s
2022-03-29T18:33:11.722Z - info: [2:33:11 am] Reload for file change: C:\repos\nus-cs2103\cs2103-website-base\admin\exams-f2f.md
2022-03-29T18:33:11.722Z - info: Synchronizing opened pages list before reload
2022-03-29T18:33:11.722Z - info: Current opened pages, from most-to-least recent:
2022-03-29T18:33:11.722Z - info: 1. admin/index
2022-03-29T18:33:12.731Z - info: Rebuilding 1 pages
2022-03-29T18:33:13.962Z - info: Site data built
2022-03-29T18:33:13.962Z - info: Pages rebuilt
2022-03-29T18:33:13.963Z - info: Website regeneration complete! Total build time: 1.233s
2022-03-29T18:36:01.540Z - info: [2:36:01 am] Reload for file change: C:\repos\nus-cs2103\cs2103-website-base\admin\exams-f2f.md
2022-03-29T18:36:01.540Z - info: Synchronizing opened pages list before reload
2022-03-29T18:36:01.541Z - info: Current opened pages, from most-to-least recent:
2022-03-29T18:36:01.541Z - info: 1. admin/index
2022-03-29T18:36:02.556Z - info: Rebuilding 1 pages
2022-03-29T18:36:03.830Z - info: Site data built
2022-03-29T18:36:03.831Z - info: Pages rebuilt
2022-03-29T18:36:03.831Z - info: Website regeneration complete! Total build time: 1.277s
2022-03-29T18:37:52.394Z - info: [2:37:52 am] Reload for file change: C:\repos\nus-cs2103\cs2103-website-base\admin\exams-f2f.md
2022-03-29T18:37:52.394Z - info: Synchronizing opened pages list before reload
2022-03-29T18:37:52.394Z - info: Current opened pages, from most-to-least recent:
2022-03-29T18:37:52.395Z - info: 1. admin/index
2022-03-29T18:37:53.412Z - info: Rebuilding 1 pages
2022-03-29T18:37:54.877Z - info: Site data built
2022-03-29T18:37:54.878Z - info: Pages rebuilt
2022-03-29T18:37:54.878Z - info: Website regeneration complete! Total build time: 1.469s
2022-03-29T18:38:41.977Z - info: [2:38:41 am] Reload for file change: C:\repos\nus-cs2103\cs2103-website-base\admin\exams-f2f.md
2022-03-29T18:38:41.978Z - info: Synchronizing opened pages list before reload
2022-03-29T18:38:41.978Z - info: Current opened pages, from most-to-least recent:
2022-03-29T18:38:41.978Z - info: 1. admin/index
2022-03-29T18:38:42.982Z - info: Rebuilding 1 pages
2022-03-29T18:38:44.198Z - info: Site data built
2022-03-29T18:38:44.199Z - info: Pages rebuilt
2022-03-29T18:38:44.199Z - info: Website regeneration complete! Total build time: 1.218s
2022-03-29T18:39:49.287Z - info: [2:39:49 am] Reload for file change: C:\repos\nus-cs2103\cs2103-website-base\admin\exams-f2f.md
2022-03-29T18:39:49.287Z - info: Synchronizing opened pages list before reload
2022-03-29T18:39:49.287Z - info: Current opened pages, from most-to-least recent:
2022-03-29T18:39:49.288Z - info: 1. admin/index
2022-03-29T18:39:50.296Z - info: Rebuilding 1 pages
2022-03-29T18:39:51.579Z - info: Site data built
2022-03-29T18:39:51.579Z - info: Pages rebuilt
2022-03-29T18:39:51.579Z - info: Website regeneration complete! Total build time: 1.286s
2022-03-29T18:40:05.754Z - info: [2:40:05 am] Reload for file change: C:\repos\nus-cs2103\cs2103-website-base\admin\exams-f2f.md
2022-03-29T18:40:05.754Z - info: Synchronizing opened pages list before reload
2022-03-29T18:40:05.754Z - info: Current opened pages, from most-to-least recent:
2022-03-29T18:40:05.754Z - info: 1. admin/index
2022-03-29T18:40:06.765Z - info: Rebuilding 1 pages
2022-03-29T18:40:07.668Z - info: Site data built
2022-03-29T18:40:07.668Z - info: Pages rebuilt
2022-03-29T18:40:07.669Z - info: Website regeneration complete! Total build time: 0.905s
2022-03-29T18:40:48.002Z - info: Website generation started at 2:40:45 am
2022-03-29T18:40:53.459Z - info: Building assets...
2022-03-29T18:40:58.652Z - info: Assets built
2022-03-29T18:40:58.653Z - info: Generating pages...
2022-03-29T18:41:08.897Z - debug:  
2022-03-29T18:41:08.898Z - debug:  
2022-03-29T18:41:08.898Z - debug:  
2022-03-29T18:41:08.899Z - debug:  
2022-03-29T18:41:08.899Z - debug:  
2022-03-29T18:41:41.698Z - debug:  
2022-03-29T18:42:34.714Z - info: Pages built
2022-03-29T18:42:35.754Z - info: Site data built
2022-03-29T18:42:35.754Z - info: Website generation complete! Total build time: 109.985s
2022-03-29T18:42:35.754Z - info: Build success!
2022-03-29T18:44:33.737Z - info: The website has been deployed at: https://nus-tic2002-2022.github.io/website
2022-03-29T18:46:55.749Z - info: Website generation started at 2:46:49 am
2022-03-29T18:47:03.014Z - info: Building assets...
2022-03-29T18:47:08.776Z - info: Assets built
2022-03-29T18:47:08.776Z - info: Generating pages...
2022-03-29T18:47:18.057Z - debug:  
2022-03-29T18:47:18.057Z - debug:  
2022-03-29T18:47:25.145Z - debug:  
2022-03-29T18:47:25.146Z - debug:  
2022-03-29T18:47:43.759Z - debug:  
2022-03-29T18:48:01.730Z - debug:  
2022-03-29T18:48:45.374Z - info: Pages built
2022-03-29T18:48:46.585Z - info: Site data built
2022-03-29T18:48:46.585Z - info: Website generation complete! Total build time: 117.14s
2022-03-29T18:48:46.585Z - info: Build success!
2022-03-29T18:52:25.977Z - info: The website has been deployed at: https://nus-tee3201.github.io/2022
2022-03-29T18:54:56.117Z - info: Website generation started at 2:54:49 am
2022-03-29T18:55:02.441Z - info: Building assets...
2022-03-29T18:55:07.889Z - info: Assets built
2022-03-29T18:55:07.890Z - info: Generating pages...
2022-03-29T18:55:15.858Z - debug:  
2022-03-29T18:55:15.859Z - debug:  
2022-03-29T18:55:23.172Z - debug:  
2022-03-29T18:55:23.172Z - debug:  
2022-03-29T18:55:43.347Z - debug:  
2022-03-29T18:55:59.970Z - debug:  
2022-03-29T18:56:41.336Z - info: Pages built
2022-03-29T18:56:42.625Z - info: Site data built
2022-03-29T18:56:42.625Z - info: Website generation complete! Total build time: 112.895s
2022-03-29T18:56:42.625Z - info: Build success!
2022-03-29T18:58:25.402Z - info: The website has been deployed at: https://nus-tee3201.github.io/2022
2022-03-30T11:01:01.799Z - info: Website generation started at 7:00:56 pm
2022-03-30T11:01:06.954Z - info: Building assets...
2022-03-30T11:01:11.878Z - info: Assets built
2022-03-30T11:01:11.878Z - info: Generating pages...
2022-03-30T11:01:21.895Z - debug:  
2022-03-30T11:01:21.896Z - debug:  
2022-03-30T11:01:21.896Z - debug:  
2022-03-30T11:01:21.896Z - debug:  
2022-03-30T11:01:21.897Z - debug:  
2022-03-30T11:01:50.522Z - debug:  
2022-03-30T11:02:34.371Z - info: Pages built
2022-03-30T11:02:35.294Z - info: Site data built
2022-03-30T11:02:35.294Z - info: Website generation complete! Total build time: 98.503s
2022-03-30T11:02:35.294Z - info: Build success!
2022-03-30T11:07:16.525Z - info: The website has been deployed at: https://nus-tic2002-2022.github.io/website
