2022-03-04T07:25:17.497Z - info: Website generation started at 3:25:14 pm
2022-03-04T07:25:23.334Z - info: Building assets...
2022-03-04T07:25:28.563Z - info: Assets built
2022-03-04T07:25:28.563Z - info: Generating pages...
2022-03-04T07:25:40.624Z - debug:  
2022-03-04T07:25:40.624Z - debug:  
2022-03-04T07:25:40.625Z - debug:  
2022-03-04T07:25:40.625Z - debug:  
2022-03-04T07:25:40.625Z - debug:  
2022-03-04T07:25:40.625Z - debug:  
2022-03-04T07:27:36.030Z - debug:  
2022-03-04T07:27:49.210Z - debug:  
2022-03-04T07:27:49.927Z - debug:  
2022-03-04T07:27:57.361Z - info: Pages built
2022-03-04T07:27:58.469Z - info: Site data built
2022-03-04T07:27:58.469Z - info: Website generation complete! Total build time: 163.571s
2022-03-04T07:27:58.470Z - info: Build success!
2022-03-04T07:35:15.540Z - info: The website has been deployed at: https://nus-cs2103-ay2122s2.github.io/website
2022-03-04T11:32:45.485Z - info: Website generation started at 7:32:40 pm
2022-03-04T11:32:50.138Z - info: Building assets...
2022-03-04T11:32:54.883Z - info: Assets built
2022-03-04T11:32:54.884Z - info: Generating pages...
2022-03-04T11:33:03.387Z - debug:  
2022-03-04T11:33:03.387Z - debug:  
2022-03-04T11:33:03.388Z - debug:  
2022-03-04T11:33:03.388Z - debug:  
2022-03-04T11:33:03.388Z - debug:  
2022-03-04T11:33:03.388Z - debug:  
2022-03-04T11:34:40.736Z - debug:  
2022-03-04T11:34:53.330Z - debug:  
2022-03-04T11:34:53.330Z - debug:  
2022-03-04T11:34:56.227Z - info: Pages built
2022-03-04T11:34:57.250Z - info: Site data built
2022-03-04T11:34:57.250Z - info: Website generation complete! Total build time: 136.418s
2022-03-04T11:34:57.250Z - info: Build success!
2022-03-04T11:37:41.840Z - info: The website has been deployed at: https://nus-tic4002-ay2122s2.github.io/website
