2022-03-31T16:17:34.867Z - info: Website generation (lazy) started at 12:17:29 am
2022-03-31T16:17:41.766Z - info: Building assets...
2022-03-31T16:17:47.323Z - info: Assets built
2022-03-31T16:17:47.324Z - info: Generating landing page...
2022-03-31T16:17:48.116Z - info: Landing page built, other pages will be built as you navigate to them!
2022-03-31T16:17:49.220Z - info: Site data built
2022-03-31T16:17:49.220Z - info: Website generation (lazy) complete! Total build time: 19.501s
2022-03-31T16:17:50.195Z - info: Serving "C:\repos\nus-cs2103\cs2103-website-base\_site" at http://127.0.0.1:8080
2022-03-31T16:17:50.195Z - info: Press CTRL+C to stop ...
2022-03-31T16:17:52.299Z - info: [12:17:52 am] Reload for file change: C:\repos\nus-cs2103\cs2103-website-base\_module-CS2113\studentData.mbdf
2022-03-31T16:17:52.300Z - info: Synchronizing opened pages list before reload
2022-03-31T16:17:52.300Z - info: No pages are currently opened
2022-03-31T16:17:56.087Z - info: Assets built
2022-03-31T16:19:12.891Z - info: [12:19:12 am] Reload for file change: C:\repos\nus-cs2103\cs2103-website-base\_module-CS2113\studentData.mbdf
2022-03-31T16:19:12.891Z - info: Synchronizing opened pages list before reload
2022-03-31T16:19:12.892Z - info: Current opened pages, from most-to-least recent:
2022-03-31T16:19:12.892Z - info: 1. index
2022-03-31T16:19:13.909Z - info: Assets built
2022-03-31T16:26:08.530Z - info: [12:26:08 am] Reload for file change: C:\repos\nus-cs2103\cs2103-website-base\_module-CS2113\studentData.mbdf
2022-03-31T16:26:08.530Z - info: Synchronizing opened pages list before reload
2022-03-31T16:26:08.530Z - info: Current opened pages, from most-to-least recent:
2022-03-31T16:26:08.530Z - info: 1. index
2022-03-31T16:26:09.549Z - info: Assets built
2022-03-31T16:26:14.557Z - info: Building C:\repos\nus-cs2103\cs2103-website-base\admin\teamList as some of its dependencies were changed since the last visit
2022-03-31T16:26:15.245Z - info: Site data built
2022-03-31T16:26:15.246Z - info: Lazy website regeneration complete! Total build time: 0.689s
2022-04-01T07:31:57.977Z - info: Website generation started at 3:31:55 pm
2022-04-01T07:32:03.845Z - info: Building assets...
2022-04-01T07:32:08.938Z - info: Assets built
2022-04-01T07:32:08.939Z - info: Generating pages...
2022-04-01T07:32:21.710Z - debug:  
2022-04-01T07:32:21.712Z - debug:  
2022-04-01T07:32:21.712Z - debug:  
2022-04-01T07:32:21.713Z - debug:  
2022-04-01T07:32:21.713Z - debug:  
2022-04-01T07:32:21.715Z - debug:  
2022-04-01T07:34:14.771Z - debug:  
2022-04-01T07:34:27.766Z - debug:  
2022-04-01T07:34:27.767Z - debug:  
2022-04-01T07:34:34.571Z - info: Pages built
2022-04-01T07:34:35.698Z - info: Site data built
2022-04-01T07:34:35.698Z - info: Website generation complete! Total build time: 159.871s
2022-04-01T07:34:35.699Z - info: Build success!
2022-04-01T07:39:54.117Z - info: The website has been deployed at: https://nus-cs2103-ay2122s2.github.io/website
2022-04-01T11:01:53.628Z - info: Website generation started at 7:01:48 pm
2022-04-01T11:01:58.555Z - info: Building assets...
2022-04-01T11:02:02.799Z - info: Assets built
2022-04-01T11:02:02.800Z - info: Generating pages...
2022-04-01T11:02:12.415Z - debug:  
2022-04-01T11:02:12.415Z - debug:  
2022-04-01T11:02:12.416Z - debug:  
2022-04-01T11:02:12.416Z - debug:  
2022-04-01T11:02:12.416Z - debug:  
2022-04-01T11:02:12.416Z - debug:  
2022-04-01T11:03:43.171Z - debug:  
2022-04-01T11:03:53.551Z - debug:  
2022-04-01T11:03:53.710Z - debug:  
2022-04-01T11:03:56.208Z - info: Pages built
2022-04-01T11:03:57.348Z - info: Site data built
2022-04-01T11:03:57.348Z - info: Website generation complete! Total build time: 129.264s
2022-04-01T11:03:57.349Z - info: Build success!
2022-04-01T11:14:20.817Z - info: The website has been deployed at: https://nus-tic4002-ay2122s2.github.io/website
