2022-03-24T07:31:56.712Z - info: Website generation (lazy) started at 3:31:49 pm
2022-03-24T07:32:03.937Z - info: Building assets...
2022-03-24T07:32:11.280Z - info: Assets built
2022-03-24T07:32:11.281Z - info: Generating landing page...
2022-03-24T07:32:12.445Z - info: Landing page built, other pages will be built as you navigate to them!
2022-03-24T07:32:14.034Z - info: Site data built
2022-03-24T07:32:14.035Z - info: Website generation (lazy) complete! Total build time: 24.331s
2022-03-24T07:32:15.246Z - info: Serving "C:\repos\nus-cs2103\cs2103-website-base\_site" at http://127.0.0.1:8080
2022-03-24T07:32:15.246Z - info: Press CTRL+C to stop ...
2022-03-24T07:32:24.016Z - info: Building C:\repos\nus-cs2103\cs2103-website-base\schedule\week10\admin as some of its dependencies were changed since the last visit
2022-03-24T07:32:26.306Z - info: Site data built
2022-03-24T07:32:26.307Z - info: Lazy website regeneration complete! Total build time: 2.291s
2022-03-24T07:33:04.475Z - info: [3:33:04 pm] Reload for file change: C:\repos\nus-cs2103\cs2103-website-base\programming\monty\monty.mbdf
2022-03-24T07:33:04.475Z - info: Synchronizing opened pages list before reload
2022-03-24T07:33:04.476Z - info: Current opened pages, from most-to-least recent:
2022-03-24T07:33:04.476Z - info: 1. schedule/week10/admin
2022-03-24T07:33:05.490Z - info: Rebuilding 1 pages
2022-03-24T07:33:05.923Z - info: Site data built
2022-03-24T07:33:05.924Z - info: Pages rebuilt
2022-03-24T07:33:05.924Z - info: Website regeneration complete! Total build time: 0.435s
2022-03-24T07:33:31.370Z - info: [3:33:31 pm] Reload for file change: C:\repos\nus-cs2103\cs2103-website-base\programming\monty\monty.mbdf
2022-03-24T07:33:31.371Z - info: Synchronizing opened pages list before reload
2022-03-24T07:33:31.371Z - info: Current opened pages, from most-to-least recent:
2022-03-24T07:33:31.371Z - info: 1. schedule/week10/admin
2022-03-24T07:33:32.383Z - info: Rebuilding 1 pages
2022-03-24T07:33:32.696Z - info: Site data built
2022-03-24T07:33:32.696Z - info: Pages rebuilt
2022-03-24T07:33:32.696Z - info: Website regeneration complete! Total build time: 0.314s
2022-03-24T07:35:45.036Z - info: [3:35:45 pm] Reload for file change: C:\repos\nus-cs2103\cs2103-website-base\programming\monty\monty.mbdf
2022-03-24T07:35:45.036Z - info: Synchronizing opened pages list before reload
2022-03-24T07:35:45.036Z - info: Current opened pages, from most-to-least recent:
2022-03-24T07:35:45.037Z - info: 1. schedule/week10/admin
2022-03-24T07:35:46.039Z - info: Rebuilding 1 pages
2022-03-24T07:35:46.331Z - info: Site data built
2022-03-24T07:35:46.331Z - info: Pages rebuilt
2022-03-24T07:35:46.331Z - info: Website regeneration complete! Total build time: 0.293s
2022-03-24T07:36:10.957Z - info: Website generation started at 3:36:08 pm
2022-03-24T07:36:16.101Z - info: Building assets...
2022-03-24T07:36:21.232Z - info: Assets built
2022-03-24T07:36:21.233Z - info: Generating pages...
2022-03-24T07:36:28.842Z - debug:  
2022-03-24T07:36:28.842Z - debug:  
2022-03-24T07:36:34.539Z - debug:  
2022-03-24T07:36:34.540Z - debug:  
2022-03-24T07:36:53.323Z - debug:  
2022-03-24T07:37:10.278Z - debug:  
2022-03-24T07:37:52.892Z - info: Pages built
2022-03-24T07:37:53.908Z - info: Site data built
2022-03-24T07:37:53.908Z - info: Website generation complete! Total build time: 105.224s
2022-03-24T07:37:53.909Z - info: Build success!
2022-03-24T07:39:29.498Z - info: The website has been deployed at: https://nus-tee3201.github.io/2022
2022-03-24T08:12:07.526Z - info: Website generation (lazy) started at 4:12:02 pm
2022-03-24T08:12:13.377Z - info: Building assets...
2022-03-24T08:12:18.200Z - info: Assets built
2022-03-24T08:12:18.201Z - info: Generating landing page...
2022-03-24T08:12:19.013Z - info: Landing page built, other pages will be built as you navigate to them!
2022-03-24T08:12:20.126Z - info: Site data built
2022-03-24T08:12:20.126Z - info: Website generation (lazy) complete! Total build time: 17.606s
2022-03-24T08:12:21.085Z - info: Serving "C:\repos\nus-cs2103\cs2103-website-base\_site" at http://127.0.0.1:8080
2022-03-24T08:12:21.085Z - info: Press CTRL+C to stop ...
2022-03-24T08:13:17.130Z - info: Building C:\repos\nus-cs2103\cs2103-website-base\schedule\week10\admin as some of its dependencies were changed since the last visit
2022-03-24T08:13:17.671Z - info: Site data built
2022-03-24T08:13:17.671Z - info: Lazy website regeneration complete! Total build time: 0.547s
2022-03-24T08:13:53.606Z - info: [4:13:53 pm] Reload for file change: C:\repos\nus-cs2103\cs2103-website-base\schedule\week10\admin-tee3201.mbdf
2022-03-24T08:13:53.607Z - info: Synchronizing opened pages list before reload
2022-03-24T08:13:53.607Z - info: Current opened pages, from most-to-least recent:
2022-03-24T08:13:53.608Z - info: 1. schedule/week10/admin
2022-03-24T08:13:54.621Z - info: Rebuilding 1 pages
2022-03-24T08:13:54.981Z - info: Site data built
2022-03-24T08:13:54.981Z - info: Pages rebuilt
2022-03-24T08:13:54.982Z - info: Website regeneration complete! Total build time: 0.364s
2022-03-24T08:14:07.037Z - info: [4:14:07 pm] Reload for file change: C:\repos\nus-cs2103\cs2103-website-base\schedule\week10\admin-tee3201.mbdf
2022-03-24T08:14:07.038Z - info: Synchronizing opened pages list before reload
2022-03-24T08:14:07.038Z - info: Current opened pages, from most-to-least recent:
2022-03-24T08:14:07.038Z - info: 1. schedule/week10/admin
2022-03-24T08:14:08.046Z - info: Rebuilding 1 pages
2022-03-24T08:14:08.421Z - info: Site data built
2022-03-24T08:14:08.421Z - info: Pages rebuilt
2022-03-24T08:14:08.422Z - info: Website regeneration complete! Total build time: 0.376s
2022-03-24T08:14:34.479Z - info: [4:14:34 pm] Reload for file change: C:\repos\nus-cs2103\cs2103-website-base\schedule\week10\admin-tee3201.mbdf
2022-03-24T08:14:34.479Z - info: Synchronizing opened pages list before reload
2022-03-24T08:14:34.479Z - info: Current opened pages, from most-to-least recent:
2022-03-24T08:14:34.479Z - info: 1. schedule/week10/admin
2022-03-24T08:14:35.487Z - info: Rebuilding 1 pages
2022-03-24T08:14:35.791Z - info: Site data built
2022-03-24T08:14:35.792Z - info: Pages rebuilt
2022-03-24T08:14:35.792Z - info: Website regeneration complete! Total build time: 0.306s
2022-03-24T08:14:50.144Z - info: [4:14:50 pm] Reload for file change: C:\repos\nus-cs2103\cs2103-website-base\schedule\week10\admin-tee3201.mbdf
2022-03-24T08:14:50.144Z - info: Synchronizing opened pages list before reload
2022-03-24T08:14:50.144Z - info: Current opened pages, from most-to-least recent:
2022-03-24T08:14:50.145Z - info: 1. schedule/week10/admin
2022-03-24T08:14:51.148Z - info: Rebuilding 1 pages
2022-03-24T08:14:51.404Z - info: Site data built
2022-03-24T08:14:51.404Z - info: Pages rebuilt
2022-03-24T08:14:51.404Z - info: Website regeneration complete! Total build time: 0.256s
2022-03-24T08:14:57.989Z - info: [4:14:57 pm] Reload for file change: C:\repos\nus-cs2103\cs2103-website-base\schedule\week10\admin-tee3201.mbdf
2022-03-24T08:14:57.990Z - info: Synchronizing opened pages list before reload
2022-03-24T08:14:57.990Z - info: Current opened pages, from most-to-least recent:
2022-03-24T08:14:57.990Z - info: 1. schedule/week10/admin
2022-03-24T08:14:58.995Z - info: Rebuilding 1 pages
2022-03-24T08:14:59.224Z - info: Site data built
2022-03-24T08:14:59.224Z - info: Pages rebuilt
2022-03-24T08:14:59.224Z - info: Website regeneration complete! Total build time: 0.23s
2022-03-24T08:15:26.597Z - info: [4:15:26 pm] Reload for file change: C:\repos\nus-cs2103\cs2103-website-base\schedule\week10\admin-tee3201.mbdf
2022-03-24T08:15:26.597Z - info: Synchronizing opened pages list before reload
2022-03-24T08:15:26.597Z - info: Current opened pages, from most-to-least recent:
2022-03-24T08:15:26.597Z - info: 1. schedule/week10/admin
2022-03-24T08:15:27.614Z - info: Rebuilding 1 pages
2022-03-24T08:15:27.979Z - info: Site data built
2022-03-24T08:15:27.979Z - info: Pages rebuilt
2022-03-24T08:15:27.980Z - info: Website regeneration complete! Total build time: 0.366s
2022-03-24T08:15:48.377Z - info: [4:15:48 pm] Reload for file change: C:\repos\nus-cs2103\cs2103-website-base\schedule\week10\admin-tee3201.mbdf
2022-03-24T08:15:48.378Z - info: Synchronizing opened pages list before reload
2022-03-24T08:15:48.378Z - info: Current opened pages, from most-to-least recent:
2022-03-24T08:15:48.378Z - info: 1. schedule/week10/admin
2022-03-24T08:15:49.384Z - info: Rebuilding 1 pages
2022-03-24T08:15:49.669Z - info: Site data built
2022-03-24T08:15:49.669Z - info: Pages rebuilt
2022-03-24T08:15:49.669Z - info: Website regeneration complete! Total build time: 0.286s
2022-03-24T08:16:07.894Z - info: [4:16:07 pm] Reload for file change: C:\repos\nus-cs2103\cs2103-website-base\schedule\week10\admin-tee3201.mbdf
2022-03-24T08:16:07.894Z - info: Synchronizing opened pages list before reload
2022-03-24T08:16:07.894Z - info: Current opened pages, from most-to-least recent:
2022-03-24T08:16:07.894Z - info: 1. schedule/week10/admin
2022-03-24T08:16:08.902Z - info: Rebuilding 1 pages
2022-03-24T08:16:09.145Z - info: Site data built
2022-03-24T08:16:09.146Z - info: Pages rebuilt
2022-03-24T08:16:09.146Z - info: Website regeneration complete! Total build time: 0.245s
2022-03-24T08:16:18.634Z - info: [4:16:18 pm] Reload for file change: C:\repos\nus-cs2103\cs2103-website-base\schedule\week10\admin-tee3201.mbdf
2022-03-24T08:16:18.634Z - info: Synchronizing opened pages list before reload
2022-03-24T08:16:18.634Z - info: Current opened pages, from most-to-least recent:
2022-03-24T08:16:18.634Z - info: 1. schedule/week10/admin
2022-03-24T08:16:19.639Z - info: Rebuilding 1 pages
2022-03-24T08:16:20.031Z - info: Site data built
2022-03-24T08:16:20.031Z - info: Pages rebuilt
2022-03-24T08:16:20.031Z - info: Website regeneration complete! Total build time: 0.393s
2022-03-24T08:18:22.895Z - info: [4:18:22 pm] Reload for file change: C:\repos\nus-cs2103\cs2103-website-base\schedule\week10\admin-tee3201.mbdf
2022-03-24T08:18:22.895Z - info: Synchronizing opened pages list before reload
2022-03-24T08:18:22.895Z - info: Current opened pages, from most-to-least recent:
2022-03-24T08:18:22.895Z - info: 1. schedule/week10/admin
2022-03-24T08:18:23.916Z - info: Rebuilding 1 pages
2022-03-24T08:18:24.261Z - info: Site data built
2022-03-24T08:18:24.261Z - info: Pages rebuilt
2022-03-24T08:18:24.261Z - info: Website regeneration complete! Total build time: 0.347s
2022-03-24T08:22:02.691Z - info: [4:22:02 pm] Reload for file change: C:\repos\nus-cs2103\cs2103-website-base\schedule\week10\admin-tee3201.mbdf
2022-03-24T08:22:02.691Z - info: Synchronizing opened pages list before reload
2022-03-24T08:22:02.691Z - info: Current opened pages, from most-to-least recent:
2022-03-24T08:22:02.692Z - info: 1. schedule/week10/admin
2022-03-24T08:22:03.703Z - info: Rebuilding 1 pages
2022-03-24T08:22:03.956Z - info: Site data built
2022-03-24T08:22:03.956Z - info: Pages rebuilt
2022-03-24T08:22:03.957Z - info: Website regeneration complete! Total build time: 0.253s
2022-03-24T08:22:33.103Z - info: [4:22:33 pm] Reload for file change: C:\repos\nus-cs2103\cs2103-website-base\schedule\week10\admin-tee3201.mbdf
2022-03-24T08:22:33.103Z - info: Synchronizing opened pages list before reload
2022-03-24T08:22:33.103Z - info: Current opened pages, from most-to-least recent:
2022-03-24T08:22:33.103Z - info: 1. schedule/week10/admin
2022-03-24T08:22:34.124Z - info: Rebuilding 1 pages
2022-03-24T08:22:34.373Z - info: Site data built
2022-03-24T08:22:34.373Z - info: Pages rebuilt
2022-03-24T08:22:34.373Z - info: Website regeneration complete! Total build time: 0.249s
2022-03-24T08:22:42.358Z - info: [4:22:42 pm] Reload for file change: C:\repos\nus-cs2103\cs2103-website-base\schedule\week10\admin-tee3201.mbdf
2022-03-24T08:22:42.358Z - info: Synchronizing opened pages list before reload
2022-03-24T08:22:42.358Z - info: Current opened pages, from most-to-least recent:
2022-03-24T08:22:42.358Z - info: 1. schedule/week10/admin
2022-03-24T08:22:43.367Z - info: Rebuilding 1 pages
2022-03-24T08:22:43.750Z - info: Site data built
2022-03-24T08:22:43.750Z - info: Pages rebuilt
2022-03-24T08:22:43.750Z - info: Website regeneration complete! Total build time: 0.387s
2022-03-24T08:22:49.069Z - info: [4:22:49 pm] Reload for file change: C:\repos\nus-cs2103\cs2103-website-base\schedule\week10\admin-tee3201.mbdf
2022-03-24T08:22:49.069Z - info: Synchronizing opened pages list before reload
2022-03-24T08:22:49.070Z - info: Current opened pages, from most-to-least recent:
2022-03-24T08:22:49.070Z - info: 1. schedule/week10/admin
2022-03-24T08:22:50.082Z - info: Rebuilding 1 pages
2022-03-24T08:22:50.388Z - info: Site data built
2022-03-24T08:22:50.388Z - info: Pages rebuilt
2022-03-24T08:22:50.388Z - info: Website regeneration complete! Total build time: 0.307s
2022-03-24T10:00:42.141Z - info: [6:00:42 pm] Reload for file change: C:\repos\nus-cs2103\cs2103-website-base\schedule\week10\admin-tee3201.mbdf
2022-03-24T10:00:42.146Z - info: Synchronizing opened pages list before reload
2022-03-24T10:00:42.147Z - info: No pages are currently opened
2022-03-24T10:00:43.175Z - info: No pages needed to be rebuilt
