2022-01-02T10:00:50.283Z - info: Website generation (lazy) started at 6:00:45 pm
2022-01-02T10:00:58.442Z - info: Building assets...
2022-01-02T10:01:03.368Z - info: Assets built
2022-01-02T10:01:03.369Z - info: Generating landing page...
2022-01-02T10:01:04.040Z - info: Landing page built, other pages will be built as you navigate to them!
2022-01-02T10:01:05.204Z - info: Site data built
2022-01-02T10:01:05.205Z - info: Website generation (lazy) complete! Total build time: 19.473s
2022-01-02T10:01:06.216Z - info: Serving "C:\repos\nus-cs2103\cs2103-website-base\_site" at http://127.0.0.1:8080
2022-01-02T10:01:06.216Z - info: Press CTRL+C to stop ...
2022-01-02T10:01:15.554Z - info: [6:01:15 pm] Reload for file change: C:\repos\nus-cs2103\cs2103-website-base\admin\ip-tasks.mbdf
2022-01-02T10:01:15.555Z - info: Synchronizing opened pages list before reload
2022-01-02T10:01:15.555Z - info: Current opened pages, from most-to-least recent:
2022-01-02T10:01:15.555Z - info: 1. index
2022-01-02T10:01:16.583Z - info: Assets built
2022-01-02T10:01:19.750Z - info: Building C:\repos\nus-cs2103\cs2103-website-base\schedule\week2\index as some of its dependencies were changed since the last visit
2022-01-02T10:01:20.732Z - info: Site data built
2022-01-02T10:01:20.733Z - info: Lazy website regeneration complete! Total build time: 0.982s
2022-01-02T10:01:25.026Z - info: Building C:\repos\nus-cs2103\cs2103-website-base\schedule\week2\project as some of its dependencies were changed since the last visit
2022-01-02T10:01:26.619Z - info: Site data built
2022-01-02T10:01:26.619Z - info: Lazy website regeneration complete! Total build time: 1.594s
2022-01-02T10:03:28.487Z - info: Website generation started at 6:03:26 pm
2022-01-02T10:03:33.770Z - info: Building assets...
