2022-03-25T08:30:06.664Z - info: Website generation started at 4:30:04 pm
2022-03-25T08:30:12.707Z - info: Building assets...
2022-03-25T08:30:18.042Z - info: Assets built
2022-03-25T08:30:18.043Z - info: Generating pages...
2022-03-25T08:30:31.512Z - debug:  
2022-03-25T08:30:31.512Z - debug:  
2022-03-25T08:30:31.513Z - debug:  
2022-03-25T08:30:31.513Z - debug:  
2022-03-25T08:30:31.513Z - debug:  
2022-03-25T08:30:31.513Z - debug:  
2022-03-25T08:32:23.992Z - debug:  
2022-03-25T08:32:38.635Z - debug:  
2022-03-25T08:32:38.636Z - debug:  
2022-03-25T08:32:45.876Z - info: Pages built
2022-03-25T08:32:47.154Z - info: Site data built
2022-03-25T08:32:47.154Z - info: Website generation complete! Total build time: 162.753s
2022-03-25T08:32:47.154Z - info: Build success!
2022-03-25T08:38:55.560Z - info: The website has been deployed at: https://nus-cs2103-ay2122s2.github.io/website
2022-03-25T11:03:33.898Z - info: Website generation started at 7:03:28 pm
2022-03-25T11:03:39.397Z - info: Building assets...
