2022-01-30T15:01:59.513Z - info: Website generation started at 11:01:57 pm
2022-01-30T15:02:04.222Z - info: Building assets...
2022-01-30T15:02:08.155Z - info: Assets built
2022-01-30T15:02:08.156Z - info: Generating pages...
2022-01-30T15:02:14.954Z - debug:  
2022-01-30T15:02:14.954Z - debug:  
2022-01-30T15:02:19.537Z - debug:  
2022-01-30T15:02:19.537Z - debug:  
2022-01-30T15:02:34.702Z - debug:  
2022-01-30T15:02:47.419Z - debug:  
2022-01-30T15:03:20.690Z - info: Pages built
2022-01-30T15:03:21.716Z - info: Site data built
2022-01-30T15:03:21.716Z - info: Website generation complete! Total build time: 83.799s
2022-01-30T15:03:21.716Z - info: Build success!
2022-01-30T15:05:02.781Z - info: The website has been deployed at: https://nus-tee3201.github.io/2022
2022-01-30T15:11:28.830Z - info: Website generation started at 11:11:24 pm
2022-01-30T15:11:33.711Z - info: Building assets...
2022-01-30T15:11:38.483Z - info: Assets built
2022-01-30T15:11:38.483Z - info: Generating pages...
2022-01-30T15:11:49.626Z - debug:  
2022-01-30T15:11:49.626Z - debug:  
2022-01-30T15:11:49.629Z - debug:  
2022-01-30T15:11:49.629Z - debug:  
2022-01-30T15:11:49.630Z - debug:  
2022-01-30T15:11:49.630Z - debug:  
2022-01-30T15:13:43.788Z - debug:  
2022-01-30T15:13:58.599Z - debug:  
2022-01-30T15:13:58.600Z - debug:  
2022-01-30T15:14:05.639Z - info: Pages built
2022-01-30T15:14:06.882Z - info: Site data built
2022-01-30T15:14:06.882Z - info: Website generation complete! Total build time: 162.132s
2022-01-30T15:14:06.882Z - info: Build success!
2022-01-30T15:16:16.838Z - info: The website has been deployed at: https://nus-cs2103-ay2122s2.github.io/website
