2022-04-06T17:28:32.717Z - info: Website generation (lazy) started at 1:28:28 am
2022-04-06T17:28:38.484Z - info: Building assets...
2022-04-06T17:28:43.153Z - info: Assets built
2022-04-06T17:28:43.154Z - info: Generating landing page...
2022-04-06T17:28:44.245Z - info: Landing page built, other pages will be built as you navigate to them!
2022-04-06T17:28:45.367Z - info: Site data built
2022-04-06T17:28:45.368Z - info: Website generation (lazy) complete! Total build time: 17.13s
2022-04-06T17:28:46.351Z - info: Serving "C:\repos\nus-cs2103\cs2103-website-base\_site" at http://127.0.0.1:8080
2022-04-06T17:28:46.351Z - info: Press CTRL+C to stop ...
2022-04-06T17:29:02.037Z - info: Building C:\repos\nus-cs2103\cs2103-website-base\admin\index as some of its dependencies were changed since the last visit
2022-04-06T17:29:02.490Z - info: Site data built
2022-04-06T17:29:02.490Z - info: Lazy website regeneration complete! Total build time: 0.454s
2022-04-06T17:29:09.461Z - info: Building C:\repos\nus-cs2103\cs2103-website-base\admin\tp-pe as some of its dependencies were changed since the last visit
2022-04-06T17:29:11.105Z - info: Site data built
2022-04-06T17:29:11.106Z - info: Lazy website regeneration complete! Total build time: 1.645s
2022-04-06T17:30:49.476Z - info: [1:30:49 am] Reload for file change: C:\repos\nus-cs2103\cs2103-website-base\admin\tp-pe.mbdf
2022-04-06T17:30:49.476Z - info: Synchronizing opened pages list before reload
2022-04-06T17:30:49.476Z - info: Current opened pages, from most-to-least recent:
2022-04-06T17:30:49.477Z - info: 1. admin/tp-pe
2022-04-06T17:30:50.480Z - info: Rebuilding 1 pages
2022-04-06T17:30:51.990Z - info: Site data built
2022-04-06T17:30:51.991Z - info: Pages rebuilt
2022-04-06T17:30:51.991Z - info: Website regeneration complete! Total build time: 1.512s
2022-04-06T17:32:14.119Z - info: [1:32:14 am] Reload for file change: C:\repos\nus-cs2103\cs2103-website-base\admin\tp-pe.mbdf
2022-04-06T17:32:14.119Z - info: Synchronizing opened pages list before reload
2022-04-06T17:32:14.120Z - info: Current opened pages, from most-to-least recent:
2022-04-06T17:32:14.120Z - info: 1. admin/tp-pe
2022-04-06T17:32:15.132Z - info: Rebuilding 1 pages
2022-04-06T17:32:16.635Z - info: Site data built
2022-04-06T17:32:16.635Z - info: Pages rebuilt
2022-04-06T17:32:16.635Z - info: Website regeneration complete! Total build time: 1.503s
2022-04-06T17:32:26.137Z - info: [1:32:26 am] Reload for file change: C:\repos\nus-cs2103\cs2103-website-base\admin\tp-pe.mbdf
2022-04-06T17:32:26.137Z - info: Synchronizing opened pages list before reload
2022-04-06T17:32:26.138Z - info: Current opened pages, from most-to-least recent:
2022-04-06T17:32:26.138Z - info: 1. admin/tp-pe
2022-04-06T17:32:27.148Z - info: Rebuilding 1 pages
2022-04-06T17:32:28.275Z - info: Site data built
2022-04-06T17:32:28.275Z - info: Pages rebuilt
2022-04-06T17:32:28.275Z - info: Website regeneration complete! Total build time: 1.127s
2022-04-06T17:32:51.238Z - info: Building C:\repos\nus-cs2103\cs2103-website-base\schedule\week13\index as some of its dependencies were changed since the last visit
2022-04-06T17:32:51.894Z - info: Site data built
2022-04-06T17:32:51.894Z - info: Lazy website regeneration complete! Total build time: 0.656s
2022-04-06T17:34:11.379Z - info: Building C:\repos\nus-cs2103\cs2103-website-base\schedule\week13\tutorial as some of its dependencies were changed since the last visit
2022-04-06T17:34:11.629Z - info: Site data built
2022-04-06T17:34:11.629Z - info: Lazy website regeneration complete! Total build time: 0.25s
2022-04-06T17:34:20.201Z - info: Building C:\repos\nus-cs2103\cs2103-website-base\schedule\week13\topics as some of its dependencies were changed since the last visit
2022-04-06T17:34:20.453Z - info: Site data built
2022-04-06T17:34:20.454Z - info: Lazy website regeneration complete! Total build time: 0.253s
2022-04-06T17:34:30.295Z - info: Building C:\repos\nus-cs2103\cs2103-website-base\schedule\week13\admin as some of its dependencies were changed since the last visit
2022-04-06T17:34:30.690Z - info: Site data built
2022-04-06T17:34:30.690Z - info: Lazy website regeneration complete! Total build time: 0.396s
2022-04-06T17:35:14.069Z - info: Building C:\repos\nus-cs2103\cs2103-website-base\schedule\week13\project as some of its dependencies were changed since the last visit
2022-04-06T17:35:16.115Z - info: Site data built
2022-04-06T17:35:16.116Z - info: Lazy website regeneration complete! Total build time: 2.046s
2022-04-06T17:36:29.216Z - info: Website generation started at 1:36:27 am
2022-04-06T17:36:34.358Z - info: Building assets...
2022-04-06T17:36:38.339Z - info: Assets built
2022-04-06T17:36:38.339Z - info: Generating pages...
2022-04-06T17:36:47.536Z - debug:  
2022-04-06T17:36:47.536Z - debug:  
2022-04-06T17:36:47.537Z - debug:  
2022-04-06T17:36:47.538Z - debug:  
2022-04-06T17:36:47.538Z - debug:  
2022-04-06T17:36:47.538Z - debug:  
2022-04-06T17:38:23.369Z - debug:  
2022-04-06T17:38:34.638Z - debug:  
2022-04-06T17:38:34.886Z - debug:  
2022-04-06T17:38:37.810Z - info: Pages built
2022-04-06T17:38:38.836Z - info: Site data built
2022-04-06T17:38:38.837Z - info: Website generation complete! Total build time: 131.359s
2022-04-06T17:38:38.837Z - info: Build success!
2022-04-06T17:40:20.587Z - info: The website has been deployed at: https://nus-tic4002-ay2122s2.github.io/website
