2022-04-05T06:11:18.354Z - info: Website generation (lazy) started at 2:11:13 pm
2022-04-05T06:11:23.998Z - info: Building assets...
2022-04-05T06:11:29.368Z - info: Assets built
2022-04-05T06:11:29.369Z - info: Generating landing page...
2022-04-05T06:11:30.569Z - info: Landing page built, other pages will be built as you navigate to them!
2022-04-05T06:11:31.560Z - info: Site data built
2022-04-05T06:11:31.560Z - info: Website generation (lazy) complete! Total build time: 18.005s
2022-04-05T06:11:32.505Z - info: Serving "C:\repos\nus-cs2103\cs2103-website-base\_site" at http://127.0.0.1:8080
2022-04-05T06:11:32.506Z - info: Press CTRL+C to stop ...
2022-04-05T06:12:34.166Z - info: Building C:\repos\nus-cs2103\cs2103-website-base\schedule\week12\project as some of its dependencies were changed since the last visit
2022-04-05T06:12:37.250Z - info: Site data built
2022-04-05T06:12:37.251Z - info: Lazy website regeneration complete! Total build time: 3.084s
2022-04-05T06:23:26.779Z - info: [2:23:26 pm] Reload for file change: C:\repos\nus-cs2103\cs2103-website-base\admin\tp-tasks.mbdf
2022-04-05T06:23:26.780Z - info: Synchronizing opened pages list before reload
2022-04-05T06:23:26.780Z - info: Current opened pages, from most-to-least recent:
2022-04-05T06:23:26.780Z - info: 1. schedule/week12/project
2022-04-05T06:23:27.785Z - info: Rebuilding 1 pages
2022-04-05T06:23:30.602Z - info: Site data built
2022-04-05T06:23:30.603Z - info: Pages rebuilt
2022-04-05T06:23:30.603Z - info: Website regeneration complete! Total build time: 2.819s
2022-04-05T06:23:43.461Z - info: [2:23:43 pm] Reload for file change: C:\repos\nus-cs2103\cs2103-website-base\admin\tp-tasks.mbdf
2022-04-05T06:23:43.461Z - info: Synchronizing opened pages list before reload
2022-04-05T06:23:43.461Z - info: Current opened pages, from most-to-least recent:
2022-04-05T06:23:43.461Z - info: 1. schedule/week12/project
2022-04-05T06:23:44.474Z - info: Rebuilding 1 pages
2022-04-05T06:23:46.474Z - info: Site data built
2022-04-05T06:23:46.474Z - info: Pages rebuilt
2022-04-05T06:23:46.474Z - info: Website regeneration complete! Total build time: 2s
2022-04-05T06:24:12.232Z - info: [2:24:12 pm] Reload for file change: C:\repos\nus-cs2103\cs2103-website-base\admin\tp-tasks.mbdf
2022-04-05T06:24:12.232Z - info: Synchronizing opened pages list before reload
2022-04-05T06:24:12.233Z - info: Current opened pages, from most-to-least recent:
2022-04-05T06:24:12.233Z - info: 1. schedule/week12/project
2022-04-05T06:24:13.245Z - info: Rebuilding 1 pages
2022-04-05T06:24:15.703Z - info: Site data built
2022-04-05T06:24:15.704Z - info: Pages rebuilt
2022-04-05T06:24:15.704Z - info: Website regeneration complete! Total build time: 2.461s
2022-04-05T06:25:23.967Z - info: [2:25:23 pm] Reload for file change: C:\repos\nus-cs2103\cs2103-website-base\admin\tp-tasks.mbdf
2022-04-05T06:25:23.968Z - info: Synchronizing opened pages list before reload
2022-04-05T06:25:23.968Z - info: Current opened pages, from most-to-least recent:
2022-04-05T06:25:23.968Z - info: 1. schedule/week12/project
2022-04-05T06:25:24.981Z - info: Rebuilding 1 pages
2022-04-05T06:25:27.393Z - info: Site data built
2022-04-05T06:25:27.393Z - info: Pages rebuilt
2022-04-05T06:25:27.393Z - info: Website regeneration complete! Total build time: 2.413s
2022-04-05T06:33:59.485Z - info: [2:33:59 pm] Reload for file change: C:\repos\nus-cs2103\cs2103-website-base\admin\tp-tasks.mbdf
2022-04-05T06:33:59.485Z - info: Synchronizing opened pages list before reload
2022-04-05T06:33:59.486Z - info: Current opened pages, from most-to-least recent:
2022-04-05T06:33:59.486Z - info: 1. schedule/week12/project
2022-04-05T06:34:00.496Z - info: Rebuilding 1 pages
2022-04-05T06:34:03.084Z - info: Site data built
2022-04-05T06:34:03.085Z - info: Pages rebuilt
2022-04-05T06:34:03.085Z - info: Website regeneration complete! Total build time: 2.59s
2022-04-05T06:34:41.121Z - info: [2:34:41 pm] Reload for file change: C:\repos\nus-cs2103\cs2103-website-base\admin\tp-tasks.mbdf
2022-04-05T06:34:41.121Z - info: Synchronizing opened pages list before reload
2022-04-05T06:34:41.121Z - info: Current opened pages, from most-to-least recent:
2022-04-05T06:34:41.121Z - info: 1. schedule/week12/project
2022-04-05T06:34:42.131Z - info: Rebuilding 1 pages
2022-04-05T06:34:44.557Z - info: Site data built
2022-04-05T06:34:44.557Z - info: Pages rebuilt
2022-04-05T06:34:44.558Z - info: Website regeneration complete! Total build time: 2.428s
2022-04-05T06:35:50.775Z - info: [2:35:50 pm] Reload for file change: C:\repos\nus-cs2103\cs2103-website-base\admin\tp-tasks.mbdf
2022-04-05T06:35:50.775Z - info: Synchronizing opened pages list before reload
2022-04-05T06:35:50.776Z - info: Current opened pages, from most-to-least recent:
2022-04-05T06:35:50.776Z - info: 1. schedule/week12/project
2022-04-05T06:35:51.791Z - info: Rebuilding 1 pages
2022-04-05T06:35:54.263Z - info: Site data built
2022-04-05T06:35:54.264Z - info: Pages rebuilt
2022-04-05T06:35:54.264Z - info: Website regeneration complete! Total build time: 2.474s
2022-04-05T06:38:38.474Z - info: [2:38:38 pm] Reload for file change: C:\repos\nus-cs2103\cs2103-website-base\admin\tp-tasks.mbdf
2022-04-05T06:38:38.474Z - info: Synchronizing opened pages list before reload
2022-04-05T06:38:38.475Z - info: Current opened pages, from most-to-least recent:
2022-04-05T06:38:38.475Z - info: 1. schedule/week12/project
2022-04-05T06:38:39.491Z - info: Rebuilding 1 pages
2022-04-05T06:38:41.893Z - info: Site data built
2022-04-05T06:38:41.893Z - info: Pages rebuilt
2022-04-05T06:38:41.893Z - info: Website regeneration complete! Total build time: 2.405s
2022-04-05T06:38:48.761Z - info: [2:38:48 pm] Reload for file change: C:\repos\nus-cs2103\cs2103-website-base\admin\tp-tasks.mbdf
2022-04-05T06:38:48.761Z - info: Synchronizing opened pages list before reload
2022-04-05T06:38:48.762Z - info: Current opened pages, from most-to-least recent:
2022-04-05T06:38:48.762Z - info: 1. schedule/week12/project
2022-04-05T06:38:49.771Z - info: Rebuilding 1 pages
2022-04-05T06:38:51.849Z - info: Site data built
2022-04-05T06:38:51.849Z - info: Pages rebuilt
2022-04-05T06:38:51.849Z - info: Website regeneration complete! Total build time: 2.079s
2022-04-05T06:39:43.719Z - info: [2:39:43 pm] Reload for file change: C:\repos\nus-cs2103\cs2103-website-base\admin\tp-tasks.mbdf
2022-04-05T06:39:43.719Z - info: Synchronizing opened pages list before reload
2022-04-05T06:39:43.719Z - info: Current opened pages, from most-to-least recent:
2022-04-05T06:39:43.720Z - info: 1. schedule/week12/project
2022-04-05T06:39:44.727Z - info: Rebuilding 1 pages
2022-04-05T06:39:47.112Z - info: Site data built
2022-04-05T06:39:47.112Z - info: Pages rebuilt
2022-04-05T06:39:47.112Z - info: Website regeneration complete! Total build time: 2.386s
2022-04-05T06:40:36.576Z - info: [2:40:36 pm] Reload for file change: C:\repos\nus-cs2103\cs2103-website-base\admin\tp-tasks.mbdf
2022-04-05T06:40:36.577Z - info: Synchronizing opened pages list before reload
2022-04-05T06:40:36.577Z - info: Current opened pages, from most-to-least recent:
2022-04-05T06:40:36.577Z - info: 1. schedule/week12/project
2022-04-05T06:40:37.588Z - info: Rebuilding 1 pages
2022-04-05T06:40:39.962Z - info: Site data built
2022-04-05T06:40:39.963Z - info: Pages rebuilt
2022-04-05T06:40:39.963Z - info: Website regeneration complete! Total build time: 2.376s
2022-04-05T06:41:24.683Z - info: [2:41:24 pm] Reload for file change: C:\repos\nus-cs2103\cs2103-website-base\admin\tp-tasks.mbdf
2022-04-05T06:41:24.684Z - info: Synchronizing opened pages list before reload
2022-04-05T06:41:24.684Z - info: Current opened pages, from most-to-least recent:
2022-04-05T06:41:24.684Z - info: 1. schedule/week12/project
2022-04-05T06:41:25.701Z - info: Rebuilding 1 pages
2022-04-05T06:41:28.085Z - info: Site data built
2022-04-05T06:41:28.086Z - info: Pages rebuilt
2022-04-05T06:41:28.086Z - info: Website regeneration complete! Total build time: 2.386s
2022-04-05T06:43:17.832Z - info: [2:43:17 pm] Reload for file change: C:\repos\nus-cs2103\cs2103-website-base\admin\tp-tasks.mbdf
2022-04-05T06:43:17.832Z - info: Synchronizing opened pages list before reload
2022-04-05T06:43:17.832Z - info: Current opened pages, from most-to-least recent:
2022-04-05T06:43:17.833Z - info: 1. schedule/week12/project
2022-04-05T06:43:18.847Z - info: Rebuilding 1 pages
2022-04-05T06:43:21.249Z - info: Site data built
2022-04-05T06:43:21.249Z - info: Pages rebuilt
2022-04-05T06:43:21.249Z - info: Website regeneration complete! Total build time: 2.404s
2022-04-05T06:43:49.018Z - info: [2:43:49 pm] Reload for file change: C:\repos\nus-cs2103\cs2103-website-base\admin\tp-tasks.mbdf
2022-04-05T06:43:49.018Z - info: Synchronizing opened pages list before reload
2022-04-05T06:43:49.019Z - info: Current opened pages, from most-to-least recent:
2022-04-05T06:43:49.019Z - info: 1. schedule/week12/project
2022-04-05T06:43:50.033Z - info: Rebuilding 1 pages
2022-04-05T06:43:52.424Z - info: Site data built
2022-04-05T06:43:52.424Z - info: Pages rebuilt
2022-04-05T06:43:52.425Z - info: Website regeneration complete! Total build time: 2.395s
2022-04-05T06:44:27.760Z - info: [2:44:27 pm] Reload for file change: C:\repos\nus-cs2103\cs2103-website-base\admin\tp-tasks.mbdf
2022-04-05T06:44:27.761Z - info: Synchronizing opened pages list before reload
2022-04-05T06:44:27.761Z - info: Current opened pages, from most-to-least recent:
2022-04-05T06:44:27.761Z - info: 1. schedule/week12/project
2022-04-05T06:44:28.780Z - info: Rebuilding 1 pages
2022-04-05T06:44:31.201Z - info: Site data built
2022-04-05T06:44:31.202Z - info: Pages rebuilt
2022-04-05T06:44:31.202Z - info: Website regeneration complete! Total build time: 2.424s
2022-04-05T06:45:26.535Z - info: Website generation started at 2:45:24 pm
2022-04-05T06:45:32.412Z - info: Building assets...
2022-04-05T06:45:36.521Z - info: Assets built
2022-04-05T06:45:36.522Z - info: Generating pages...
2022-04-05T06:45:45.569Z - debug:  
2022-04-05T06:45:45.569Z - debug:  
2022-04-05T06:45:45.570Z - debug:  
2022-04-05T06:45:45.571Z - debug:  
2022-04-05T06:45:45.571Z - debug:  
2022-04-05T06:45:45.571Z - debug:  
2022-04-05T06:47:46.965Z - debug:  
2022-04-05T06:48:01.576Z - debug:  
2022-04-05T06:48:01.577Z - debug:  
2022-04-05T06:48:08.272Z - info: Pages built
2022-04-05T06:48:09.678Z - info: Site data built
2022-04-05T06:48:09.678Z - info: Website generation complete! Total build time: 165.301s
2022-04-05T06:48:09.679Z - info: Build success!
2022-04-05T06:50:22.063Z - info: The website has been deployed at: https://nus-cs2103-ay2122s2.github.io/website
2022-04-05T07:36:58.730Z - info: Website generation (lazy) started at 3:36:54 pm
2022-04-05T07:37:04.344Z - info: Building assets...
2022-04-05T07:37:09.533Z - info: Assets built
2022-04-05T07:37:09.534Z - info: Generating landing page...
2022-04-05T07:37:10.489Z - info: Landing page built, other pages will be built as you navigate to them!
2022-04-05T07:37:11.551Z - info: Site data built
2022-04-05T07:37:11.552Z - info: Website generation (lazy) complete! Total build time: 17.344s
2022-04-05T07:37:12.519Z - info: Serving "C:\repos\nus-cs2103\cs2103-website-base\_site" at http://127.0.0.1:8080
2022-04-05T07:37:12.520Z - info: Press CTRL+C to stop ...
2022-04-05T07:37:30.242Z - info: Building C:\repos\nus-cs2103\cs2103-website-base\admin\index as some of its dependencies were changed since the last visit
2022-04-05T07:37:30.717Z - info: Site data built
2022-04-05T07:37:30.717Z - info: Lazy website regeneration complete! Total build time: 0.476s
2022-04-05T07:37:40.057Z - info: Building C:\repos\nus-cs2103\cs2103-website-base\admin\tp-pe as some of its dependencies were changed since the last visit
2022-04-05T07:37:42.171Z - info: Site data built
2022-04-05T07:37:42.172Z - info: Lazy website regeneration complete! Total build time: 2.114s
2022-04-05T07:39:18.683Z - info: [3:39:18 pm] Reload for file change: C:\repos\nus-cs2103\cs2103-website-base\admin\tp-pe-bug-triaging-guidelines.mbdf
2022-04-05T07:39:18.684Z - info: Synchronizing opened pages list before reload
2022-04-05T07:39:18.684Z - info: Current opened pages, from most-to-least recent:
2022-04-05T07:39:18.685Z - info: 1. admin/tp-pe
2022-04-05T07:39:19.701Z - info: Rebuilding 1 pages
2022-04-05T07:39:21.384Z - info: Site data built
2022-04-05T07:39:21.385Z - info: Pages rebuilt
2022-04-05T07:39:21.385Z - info: Website regeneration complete! Total build time: 1.687s
2022-04-05T07:40:08.749Z - info: Website generation started at 3:40:06 pm
2022-04-05T07:40:14.188Z - info: Building assets...
2022-04-05T07:40:18.875Z - info: Assets built
2022-04-05T07:40:18.876Z - info: Generating pages...
2022-04-05T07:40:28.874Z - debug:  
2022-04-05T07:40:28.881Z - debug:  
2022-04-05T07:40:28.881Z - debug:  
2022-04-05T07:40:28.882Z - debug:  
2022-04-05T07:40:28.882Z - debug:  
2022-04-05T07:40:28.882Z - debug:  
2022-04-05T07:41:58.526Z - debug:  
2022-04-05T07:42:09.202Z - debug:  
2022-04-05T07:42:09.203Z - debug:  
2022-04-05T07:42:14.051Z - info: Pages built
2022-04-05T07:42:14.901Z - info: Site data built
2022-04-05T07:42:14.901Z - info: Website generation complete! Total build time: 128.139s
2022-04-05T07:42:14.901Z - info: Build success!
2022-04-05T07:44:04.597Z - info: The website has been deployed at: https://nus-cs2103-ay2122s2.github.io/website
2022-04-05T10:54:47.871Z - info: Website generation started at 6:54:42 pm
2022-04-05T10:54:54.228Z - info: Building assets...
2022-04-05T10:54:58.937Z - info: Assets built
2022-04-05T10:54:58.938Z - info: Generating pages...
2022-04-05T10:55:08.631Z - debug:  
2022-04-05T10:55:08.631Z - debug:  
2022-04-05T10:55:15.145Z - debug:  
2022-04-05T10:55:15.146Z - debug:  
2022-04-05T10:55:32.285Z - debug:  
2022-04-05T10:55:48.263Z - debug:  
2022-04-05T10:56:32.365Z - info: Pages built
2022-04-05T10:56:33.536Z - info: Site data built
2022-04-05T10:56:33.537Z - info: Website generation complete! Total build time: 110.634s
2022-04-05T10:56:33.537Z - info: Build success!
2022-04-05T10:58:34.899Z - info: The website has been deployed at: https://nus-tee3201.github.io/2022
