2021-12-31T16:06:53.101Z - info: Website generation (lazy) started at 12:06:49 am
2021-12-31T16:06:57.719Z - info: Building assets...
2021-12-31T16:07:01.899Z - info: Assets built
2021-12-31T16:07:01.900Z - info: Generating landing page...
2021-12-31T16:07:02.502Z - info: Landing page built, other pages will be built as you navigate to them!
2021-12-31T16:07:03.211Z - info: Site data built
2021-12-31T16:07:03.211Z - info: Website generation (lazy) complete! Total build time: 13.573s
2021-12-31T16:07:03.940Z - info: Serving "C:\repos\nus-cs2103\cs2103-website-base\_site" at http://127.0.0.1:8080
2021-12-31T16:07:03.940Z - info: Press CTRL+C to stop ...
2021-12-31T16:07:34.283Z - info: Website generation started at 12:07:32 am
2021-12-31T16:07:39.173Z - info: Building assets...
2021-12-31T16:07:42.776Z - info: Assets built
2021-12-31T16:07:42.777Z - info: Generating pages...
2021-12-31T16:07:51.383Z - debug:  
2021-12-31T16:07:51.383Z - debug:  
2021-12-31T16:07:51.384Z - debug:  
2021-12-31T16:07:51.384Z - debug:  
2021-12-31T16:07:51.384Z - debug:  
2021-12-31T16:07:51.384Z - debug:  
2021-12-31T16:09:23.700Z - debug:  
2021-12-31T16:09:36.643Z - debug:  
2021-12-31T16:09:36.643Z - debug:  
2021-12-31T16:09:41.605Z - info: Pages built
2021-12-31T16:09:42.443Z - info: Site data built
2021-12-31T16:09:42.443Z - info: Website generation complete! Total build time: 130.131s
2021-12-31T16:09:42.443Z - info: Build success!
2021-12-31T16:09:55.650Z - info: Deployed at https://nus-cs2103-ay2122s2.github.io/website!
2021-12-31T16:16:37.193Z - info: Website generation started at 12:16:31 am
2021-12-31T16:16:42.663Z - info: Building assets...
2021-12-31T16:16:47.411Z - info: Assets built
2021-12-31T16:16:47.412Z - info: Generating pages...
2021-12-31T16:16:55.535Z - debug:  
2021-12-31T16:16:55.536Z - debug:  
2021-12-31T16:17:03.071Z - debug:  
2021-12-31T16:17:03.137Z - debug:  
2021-12-31T16:17:18.875Z - debug:  
2021-12-31T16:17:33.929Z - debug:  
2021-12-31T16:18:13.088Z - info: Pages built
2021-12-31T16:18:13.874Z - info: Site data built
2021-12-31T16:18:13.874Z - info: Website generation complete! Total build time: 102.361s
2021-12-31T16:18:13.874Z - info: Build success!
2021-12-31T16:18:27.213Z - info: Deployed at https://nus-tee3201.github.io/2022!
2021-12-31T16:24:20.716Z - info: Website generation started at 12:24:16 am
2021-12-31T16:24:26.255Z - info: Building assets...
2021-12-31T16:24:30.944Z - info: Assets built
2021-12-31T16:24:30.944Z - info: Generating pages...
2021-12-31T16:24:42.314Z - debug:  
2021-12-31T16:24:42.314Z - debug:  
2021-12-31T16:24:42.314Z - debug:  
2021-12-31T16:24:42.314Z - debug:  
2021-12-31T16:24:42.314Z - debug:  
2021-12-31T16:25:14.745Z - debug:  
2021-12-31T16:26:04.437Z - info: Pages built
2021-12-31T16:26:05.330Z - info: Site data built
2021-12-31T16:26:05.330Z - info: Website generation complete! Total build time: 109.062s
2021-12-31T16:26:05.330Z - info: Build success!
2021-12-31T16:26:19.390Z - info: Deployed at https://nus-tic2002-2022.github.io/website!
2021-12-31T16:35:13.858Z - info: Website generation started at 12:35:09 am
2021-12-31T16:35:19.270Z - info: Building assets...
2021-12-31T16:35:24.101Z - info: Assets built
2021-12-31T16:35:24.101Z - info: Generating pages...
2021-12-31T16:35:32.515Z - debug:  
2021-12-31T16:35:32.515Z - debug:  
2021-12-31T16:35:32.516Z - debug:  
2021-12-31T16:35:32.516Z - debug:  
2021-12-31T16:35:32.516Z - debug:  
2021-12-31T16:35:32.516Z - debug:  
2021-12-31T16:37:05.465Z - debug:  
2021-12-31T16:37:15.733Z - debug:  
2021-12-31T16:37:15.736Z - debug:  
2021-12-31T16:37:18.394Z - info: Pages built
2021-12-31T16:37:19.216Z - info: Site data built
2021-12-31T16:37:19.217Z - info: Website generation complete! Total build time: 129.418s
2021-12-31T16:37:19.217Z - info: Build success!
2021-12-31T16:37:30.682Z - info: Deployed at https://nus-tic4002-ay2122s2.github.io/website!
