2022-04-17T08:39:58.204Z - info: Website generation (lazy) started at 4:39:53 pm
2022-04-17T08:40:03.455Z - info: Building assets...
2022-04-17T08:40:08.742Z - info: Assets built
2022-04-17T08:40:08.742Z - info: Generating landing page...
2022-04-17T08:40:10.079Z - info: Landing page built, other pages will be built as you navigate to them!
2022-04-17T08:40:11.349Z - info: Site data built
2022-04-17T08:40:11.349Z - info: Website generation (lazy) complete! Total build time: 17.873s
2022-04-17T08:40:12.867Z - info: Serving "C:\repos\nus-cs2103\cs2103-website-base\_site" at http://127.0.0.1:8080
2022-04-17T08:40:12.867Z - info: Press CTRL+C to stop ...
2022-04-17T08:42:54.620Z - info: [4:42:54 pm] Reload for file change: C:\repos\nus-cs2103\cs2103-website-base\admin\tp-pe-bug-triaging-guidelines.mbdf
2022-04-17T08:42:54.621Z - info: Synchronizing opened pages list before reload
2022-04-17T08:42:54.621Z - info: Current opened pages, from most-to-least recent:
2022-04-17T08:42:54.621Z - info: 1. index
2022-04-17T08:42:55.656Z - info: Assets built
2022-04-17T08:42:58.701Z - info: Building C:\repos\nus-cs2103\cs2103-website-base\admin\tp-pe as some of its dependencies were changed since the last visit
2022-04-17T08:43:01.027Z - info: Site data built
2022-04-17T08:43:01.027Z - info: Lazy website regeneration complete! Total build time: 2.327s
2022-04-17T08:46:18.800Z - info: [4:46:18 pm] Reload for file change: C:\repos\nus-cs2103\cs2103-website-base\admin\tp-pe-bug-triaging-guidelines.mbdf
2022-04-17T08:46:18.801Z - info: Synchronizing opened pages list before reload
2022-04-17T08:46:18.802Z - info: Current opened pages, from most-to-least recent:
2022-04-17T08:46:18.802Z - info: 1. admin/tp-pe
2022-04-17T08:46:19.821Z - info: Rebuilding 1 pages
2022-04-17T08:46:21.488Z - info: Site data built
2022-04-17T08:46:21.488Z - info: Pages rebuilt
2022-04-17T08:46:21.489Z - info: Website regeneration complete! Total build time: 1.669s
2022-04-17T08:47:12.086Z - info: Website generation started at 4:47:09 pm
2022-04-17T08:47:17.071Z - info: Building assets...
2022-04-17T08:47:21.885Z - info: Assets built
2022-04-17T08:47:21.886Z - info: Generating pages...
2022-04-17T08:47:34.518Z - debug:  
2022-04-17T08:47:34.518Z - debug:  
2022-04-17T08:47:34.518Z - debug:  
2022-04-17T08:47:34.519Z - debug:  
2022-04-17T08:47:34.519Z - debug:  
2022-04-17T08:47:34.520Z - debug:  
2022-04-17T08:49:24.123Z - debug:  
2022-04-17T08:49:36.877Z - debug:  
2022-04-17T08:49:36.882Z - debug:  
2022-04-17T08:49:42.761Z - info: Pages built
2022-04-17T08:49:43.822Z - info: Site data built
2022-04-17T08:49:43.823Z - info: Website generation complete! Total build time: 153.856s
2022-04-17T08:49:43.823Z - info: Build success!
2022-04-17T08:53:12.248Z - info: The website has been deployed at: https://nus-cs2103-ay2122s2.github.io/website
2022-04-17T08:59:20.900Z - info: Website generation (lazy) started at 4:59:16 pm
2022-04-17T08:59:26.221Z - info: Building assets...
2022-04-17T08:59:31.249Z - info: Assets built
2022-04-17T08:59:31.250Z - info: Generating landing page...
2022-04-17T08:59:32.259Z - info: Landing page built, other pages will be built as you navigate to them!
2022-04-17T08:59:33.419Z - info: Site data built
2022-04-17T08:59:33.420Z - info: Website generation (lazy) complete! Total build time: 17.036s
2022-04-17T08:59:34.355Z - info: Serving "C:\repos\nus-cs2103\cs2103-website-base\_site" at http://127.0.0.1:8080
2022-04-17T08:59:34.356Z - info: Press CTRL+C to stop ...
2022-04-17T08:59:46.788Z - info: Building C:\repos\nus-cs2103\cs2103-website-base\admin\tp-pe as some of its dependencies were changed since the last visit
2022-04-17T08:59:48.853Z - info: Site data built
2022-04-17T08:59:48.853Z - info: Lazy website regeneration complete! Total build time: 2.065s
2022-04-17T09:00:27.580Z - info: Website generation started at 5:00:25 pm
2022-04-17T09:00:32.853Z - info: Building assets...
2022-04-17T09:00:38.114Z - info: Assets built
2022-04-17T09:00:38.115Z - info: Generating pages...
2022-04-17T09:00:48.344Z - debug:  
2022-04-17T09:00:48.345Z - debug:  
2022-04-17T09:00:48.345Z - debug:  
2022-04-17T09:00:48.346Z - debug:  
2022-04-17T09:00:48.346Z - debug:  
2022-04-17T09:00:48.346Z - debug:  
2022-04-17T09:02:36.827Z - debug:  
2022-04-17T09:02:49.297Z - debug:  
2022-04-17T09:02:49.549Z - debug:  
2022-04-17T09:02:56.068Z - info: Pages built
2022-04-17T09:02:57.089Z - info: Site data built
2022-04-17T09:02:57.090Z - info: Website generation complete! Total build time: 151.623s
2022-04-17T09:02:57.090Z - info: Build success!
2022-04-17T09:09:56.044Z - info: The website has been deployed at: https://nus-cs2103-ay2122s2.github.io/website
2022-04-17T09:39:33.690Z - info: Website generation (lazy) started at 5:39:28 pm
2022-04-17T09:39:40.223Z - info: Building assets...
2022-04-17T09:39:46.279Z - info: Assets built
2022-04-17T09:39:46.280Z - info: Generating landing page...
2022-04-17T09:39:47.467Z - info: Landing page built, other pages will be built as you navigate to them!
2022-04-17T09:39:48.797Z - info: Site data built
2022-04-17T09:39:48.797Z - info: Website generation (lazy) complete! Total build time: 20.435s
2022-04-17T09:39:49.829Z - info: Serving "C:\repos\nus-cs2103\cs2103-website-base\_site" at http://127.0.0.1:8080
2022-04-17T09:39:49.829Z - info: Press CTRL+C to stop ...
2022-04-17T09:40:26.393Z - info: Building C:\repos\nus-cs2103\cs2103-website-base\admin\tp-pe as some of its dependencies were changed since the last visit
2022-04-17T09:40:28.888Z - info: Site data built
2022-04-17T09:40:28.888Z - info: Lazy website regeneration complete! Total build time: 2.495s
2022-04-17T09:41:34.632Z - info: [5:41:34 pm] Reload for file change: C:\repos\nus-cs2103\cs2103-website-base\admin\tp-pe.mbdf
2022-04-17T09:41:34.632Z - info: Synchronizing opened pages list before reload
2022-04-17T09:41:34.633Z - info: Current opened pages, from most-to-least recent:
2022-04-17T09:41:34.633Z - info: 1. admin/tp-pe
2022-04-17T09:41:35.650Z - info: Rebuilding 1 pages
2022-04-17T09:41:37.292Z - info: Site data built
2022-04-17T09:41:37.292Z - info: Pages rebuilt
2022-04-17T09:41:37.292Z - info: Website regeneration complete! Total build time: 1.643s
2022-04-17T09:42:08.002Z - info: [5:42:08 pm] Reload for file change: C:\repos\nus-cs2103\cs2103-website-base\admin\tp-pe.mbdf
2022-04-17T09:42:08.003Z - info: Synchronizing opened pages list before reload
2022-04-17T09:42:08.003Z - info: Current opened pages, from most-to-least recent:
2022-04-17T09:42:08.003Z - info: 1. admin/tp-pe
2022-04-17T09:42:09.012Z - info: Rebuilding 1 pages
2022-04-17T09:42:10.619Z - info: Site data built
2022-04-17T09:42:10.619Z - info: Pages rebuilt
2022-04-17T09:42:10.619Z - info: Website regeneration complete! Total build time: 1.608s
2022-04-17T09:42:19.135Z - info: [5:42:19 pm] Reload for file change: C:\repos\nus-cs2103\cs2103-website-base\admin\tp-pe.mbdf
2022-04-17T09:42:19.135Z - info: Synchronizing opened pages list before reload
2022-04-17T09:42:19.135Z - info: Current opened pages, from most-to-least recent:
2022-04-17T09:42:19.136Z - info: 1. admin/tp-pe
2022-04-17T09:42:20.148Z - info: Rebuilding 1 pages
2022-04-17T09:42:21.372Z - info: Site data built
2022-04-17T09:42:21.373Z - info: Pages rebuilt
2022-04-17T09:42:21.373Z - info: Website regeneration complete! Total build time: 1.227s
2022-04-17T09:42:39.334Z - info: [5:42:39 pm] Reload for file change: C:\repos\nus-cs2103\cs2103-website-base\admin\tp-pe.mbdf
2022-04-17T09:42:39.335Z - info: Synchronizing opened pages list before reload
2022-04-17T09:42:39.335Z - info: Current opened pages, from most-to-least recent:
2022-04-17T09:42:39.335Z - info: 1. admin/tp-pe
2022-04-17T09:42:40.345Z - info: Rebuilding 1 pages
2022-04-17T09:42:41.959Z - info: Site data built
2022-04-17T09:42:41.960Z - info: Pages rebuilt
2022-04-17T09:42:41.960Z - info: Website regeneration complete! Total build time: 1.617s
2022-04-17T09:44:54.780Z - info: [5:44:54 pm] Reload for file change: C:\repos\nus-cs2103\cs2103-website-base\admin\tp-pe.mbdf
2022-04-17T09:44:54.780Z - info: Synchronizing opened pages list before reload
2022-04-17T09:44:54.780Z - info: Current opened pages, from most-to-least recent:
2022-04-17T09:44:54.780Z - info: 1. admin/tp-pe
2022-04-17T09:44:55.790Z - info: Rebuilding 1 pages
2022-04-17T09:44:57.406Z - info: Site data built
2022-04-17T09:44:57.406Z - info: Pages rebuilt
2022-04-17T09:44:57.407Z - info: Website regeneration complete! Total build time: 1.619s
2022-04-17T09:45:41.769Z - info: [5:45:41 pm] Reload for file change: C:\repos\nus-cs2103\cs2103-website-base\admin\tp-pe.mbdf
2022-04-17T09:45:41.769Z - info: Synchronizing opened pages list before reload
2022-04-17T09:45:41.770Z - info: Current opened pages, from most-to-least recent:
2022-04-17T09:45:41.770Z - info: 1. admin/tp-pe
2022-04-17T09:45:42.797Z - info: Rebuilding 1 pages
2022-04-17T09:45:44.352Z - info: Site data built
2022-04-17T09:45:44.352Z - info: Pages rebuilt
2022-04-17T09:45:44.353Z - info: Website regeneration complete! Total build time: 1.559s
2022-04-17T09:46:29.604Z - info: [5:46:29 pm] Reload for file change: C:\repos\nus-cs2103\cs2103-website-base\admin\tp-pe.mbdf
2022-04-17T09:46:29.604Z - info: Synchronizing opened pages list before reload
2022-04-17T09:46:29.605Z - info: Current opened pages, from most-to-least recent:
2022-04-17T09:46:29.605Z - info: 1. admin/tp-pe
2022-04-17T09:46:30.618Z - info: Rebuilding 1 pages
2022-04-17T09:46:32.209Z - info: Site data built
2022-04-17T09:46:32.210Z - info: Pages rebuilt
2022-04-17T09:46:32.210Z - info: Website regeneration complete! Total build time: 1.594s
2022-04-17T09:49:55.884Z - info: [5:49:55 pm] Reload for file change: C:\repos\nus-cs2103\cs2103-website-base\admin\tp-pe.mbdf
2022-04-17T09:49:55.885Z - info: Synchronizing opened pages list before reload
2022-04-17T09:49:55.885Z - info: Current opened pages, from most-to-least recent:
2022-04-17T09:49:55.885Z - info: 1. admin/tp-pe
2022-04-17T09:49:56.902Z - info: Rebuilding 1 pages
2022-04-17T09:49:58.613Z - info: Site data built
2022-04-17T09:49:58.613Z - info: Pages rebuilt
2022-04-17T09:49:58.614Z - info: Website regeneration complete! Total build time: 1.714s
2022-04-17T09:50:08.305Z - info: [5:50:08 pm] Reload for file change: C:\repos\nus-cs2103\cs2103-website-base\admin\tp-pe.mbdf
2022-04-17T09:50:08.306Z - info: Synchronizing opened pages list before reload
2022-04-17T09:50:08.306Z - info: Current opened pages, from most-to-least recent:
2022-04-17T09:50:08.306Z - info: 1. admin/tp-pe
2022-04-17T09:50:09.330Z - info: Rebuilding 1 pages
2022-04-17T09:50:10.596Z - info: Site data built
2022-04-17T09:50:10.596Z - info: Pages rebuilt
2022-04-17T09:50:10.596Z - info: Website regeneration complete! Total build time: 1.268s
2022-04-17T09:51:15.537Z - info: [5:51:15 pm] Reload for file change: C:\repos\nus-cs2103\cs2103-website-base\admin\tp-pe.mbdf
2022-04-17T09:51:15.538Z - info: Synchronizing opened pages list before reload
2022-04-17T09:51:15.539Z - info: Current opened pages, from most-to-least recent:
2022-04-17T09:51:15.539Z - info: 1. admin/tp-pe
2022-04-17T09:51:16.548Z - info: Rebuilding 1 pages
2022-04-17T09:51:18.164Z - info: Site data built
2022-04-17T09:51:18.165Z - info: Pages rebuilt
2022-04-17T09:51:18.165Z - info: Website regeneration complete! Total build time: 1.618s
2022-04-17T09:52:04.850Z - info: [5:52:04 pm] Reload for file change: C:\repos\nus-cs2103\cs2103-website-base\admin\tp-pe.mbdf
2022-04-17T09:52:04.850Z - info: Synchronizing opened pages list before reload
2022-04-17T09:52:04.851Z - info: Current opened pages, from most-to-least recent:
2022-04-17T09:52:04.851Z - info: 1. admin/tp-pe
2022-04-17T09:52:05.867Z - info: Rebuilding 1 pages
2022-04-17T09:52:07.544Z - info: Site data built
2022-04-17T09:52:07.545Z - info: Pages rebuilt
2022-04-17T09:52:07.545Z - info: Website regeneration complete! Total build time: 1.679s
2022-04-17T09:53:13.030Z - info: [5:53:13 pm] Reload for file change: C:\repos\nus-cs2103\cs2103-website-base\admin\tp-pe.mbdf
2022-04-17T09:53:13.031Z - info: Synchronizing opened pages list before reload
2022-04-17T09:53:13.031Z - info: Current opened pages, from most-to-least recent:
2022-04-17T09:53:13.032Z - info: 1. admin/tp-pe
2022-04-17T09:53:14.045Z - info: Rebuilding 1 pages
2022-04-17T09:53:15.623Z - info: Site data built
2022-04-17T09:53:15.623Z - info: Pages rebuilt
2022-04-17T09:53:15.623Z - info: Website regeneration complete! Total build time: 1.581s
2022-04-17T09:54:36.375Z - info: [5:54:36 pm] Reload for file change: C:\repos\nus-cs2103\cs2103-website-base\admin\tp-pe.mbdf
2022-04-17T09:54:36.375Z - info: Synchronizing opened pages list before reload
2022-04-17T09:54:36.375Z - info: Current opened pages, from most-to-least recent:
2022-04-17T09:54:36.376Z - info: 1. admin/tp-pe
2022-04-17T09:54:37.384Z - info: Rebuilding 1 pages
2022-04-17T09:54:38.946Z - info: Site data built
2022-04-17T09:54:38.946Z - info: Pages rebuilt
2022-04-17T09:54:38.946Z - info: Website regeneration complete! Total build time: 1.563s
2022-04-17T09:55:28.631Z - info: [5:55:28 pm] Reload for file change: C:\repos\nus-cs2103\cs2103-website-base\admin\tp-pe.mbdf
2022-04-17T09:55:28.631Z - info: Synchronizing opened pages list before reload
2022-04-17T09:55:28.631Z - info: Current opened pages, from most-to-least recent:
2022-04-17T09:55:28.631Z - info: 1. admin/tp-pe
2022-04-17T09:55:29.641Z - info: Rebuilding 1 pages
2022-04-17T09:55:31.219Z - info: Site data built
2022-04-17T09:55:31.220Z - info: Pages rebuilt
2022-04-17T09:55:31.220Z - info: Website regeneration complete! Total build time: 1.581s
2022-04-17T09:56:15.522Z - info: [5:56:15 pm] Reload for file change: C:\repos\nus-cs2103\cs2103-website-base\admin\tp-pe.mbdf
2022-04-17T09:56:15.523Z - info: Synchronizing opened pages list before reload
2022-04-17T09:56:15.523Z - info: Current opened pages, from most-to-least recent:
2022-04-17T09:56:15.523Z - info: 1. admin/tp-pe
2022-04-17T09:56:16.536Z - info: Rebuilding 1 pages
2022-04-17T09:56:18.087Z - info: Site data built
2022-04-17T09:56:18.088Z - info: Pages rebuilt
2022-04-17T09:56:18.088Z - info: Website regeneration complete! Total build time: 1.555s
2022-04-17T09:57:05.575Z - info: [5:57:05 pm] Reload for file change: C:\repos\nus-cs2103\cs2103-website-base\admin\tp-pe.mbdf
2022-04-17T09:57:05.576Z - info: Synchronizing opened pages list before reload
2022-04-17T09:57:05.576Z - info: Current opened pages, from most-to-least recent:
2022-04-17T09:57:05.576Z - info: 1. admin/tp-pe
2022-04-17T09:57:06.582Z - info: Rebuilding 1 pages
2022-04-17T09:57:08.116Z - info: Site data built
2022-04-17T09:57:08.117Z - info: Pages rebuilt
2022-04-17T09:57:08.117Z - info: Website regeneration complete! Total build time: 1.535s
2022-04-17T10:00:25.812Z - info: [6:00:25 pm] Reload for file change: C:\repos\nus-cs2103\cs2103-website-base\admin\tp-pe.mbdf
2022-04-17T10:00:25.813Z - info: Synchronizing opened pages list before reload
2022-04-17T10:00:25.813Z - info: Current opened pages, from most-to-least recent:
2022-04-17T10:00:25.813Z - info: 1. admin/tp-pe
2022-04-17T10:00:26.825Z - info: Rebuilding 1 pages
2022-04-17T10:00:28.391Z - info: Site data built
2022-04-17T10:00:28.392Z - info: Pages rebuilt
2022-04-17T10:00:28.392Z - info: Website regeneration complete! Total build time: 1.57s
2022-04-17T10:01:13.174Z - info: [6:01:13 pm] Reload for file change: C:\repos\nus-cs2103\cs2103-website-base\admin\tp-pe.mbdf
2022-04-17T10:01:13.174Z - info: Synchronizing opened pages list before reload
2022-04-17T10:01:13.174Z - info: Current opened pages, from most-to-least recent:
2022-04-17T10:01:13.175Z - info: 1. admin/tp-pe
2022-04-17T10:01:14.186Z - info: Rebuilding 1 pages
2022-04-17T10:01:15.764Z - info: Site data built
2022-04-17T10:01:15.764Z - info: Pages rebuilt
2022-04-17T10:01:15.764Z - info: Website regeneration complete! Total build time: 1.581s
2022-04-17T10:01:24.179Z - info: [6:01:24 pm] Reload for file change: C:\repos\nus-cs2103\cs2103-website-base\admin\tp-pe.mbdf
2022-04-17T10:01:24.179Z - info: Synchronizing opened pages list before reload
2022-04-17T10:01:24.179Z - info: Current opened pages, from most-to-least recent:
2022-04-17T10:01:24.179Z - info: 1. admin/tp-pe
2022-04-17T10:01:25.194Z - info: Rebuilding 1 pages
2022-04-17T10:01:26.722Z - info: Site data built
2022-04-17T10:01:26.723Z - info: Pages rebuilt
2022-04-17T10:01:26.723Z - info: Website regeneration complete! Total build time: 1.529s
2022-04-17T10:03:45.927Z - info: [6:03:45 pm] Reload for file change: C:\repos\nus-cs2103\cs2103-website-base\admin\tp-pe.mbdf
2022-04-17T10:03:45.927Z - info: Synchronizing opened pages list before reload
2022-04-17T10:03:45.928Z - info: Current opened pages, from most-to-least recent:
2022-04-17T10:03:45.928Z - info: 1. admin/tp-pe
2022-04-17T10:03:46.937Z - info: Rebuilding 1 pages
2022-04-17T10:03:48.504Z - info: Site data built
2022-04-17T10:03:48.504Z - info: Pages rebuilt
2022-04-17T10:03:48.504Z - info: Website regeneration complete! Total build time: 1.567s
2022-04-17T10:05:05.755Z - info: [6:05:05 pm] Reload for file change: C:\repos\nus-cs2103\cs2103-website-base\admin\tp-pe.mbdf
2022-04-17T10:05:05.756Z - info: Synchronizing opened pages list before reload
2022-04-17T10:05:05.756Z - info: Current opened pages, from most-to-least recent:
2022-04-17T10:05:05.756Z - info: 1. admin/tp-pe
2022-04-17T10:05:06.760Z - info: Rebuilding 1 pages
2022-04-17T10:05:08.363Z - info: Site data built
2022-04-17T10:05:08.364Z - info: Pages rebuilt
2022-04-17T10:05:08.364Z - info: Website regeneration complete! Total build time: 1.605s
2022-04-17T10:07:10.377Z - info: [6:07:10 pm] Reload for file change: C:\repos\nus-cs2103\cs2103-website-base\admin\tp-pe.mbdf
2022-04-17T10:07:10.378Z - info: Synchronizing opened pages list before reload
2022-04-17T10:07:10.379Z - info: Current opened pages, from most-to-least recent:
2022-04-17T10:07:10.379Z - info: 1. admin/tp-pe
2022-04-17T10:07:11.388Z - info: Rebuilding 1 pages
2022-04-17T10:07:12.962Z - info: Site data built
2022-04-17T10:07:12.963Z - info: Pages rebuilt
2022-04-17T10:07:12.963Z - info: Website regeneration complete! Total build time: 1.577s
2022-04-17T10:08:02.434Z - info: Website generation started at 6:08:00 pm
2022-04-17T10:08:08.565Z - info: Building assets...
2022-04-17T10:08:13.696Z - info: Assets built
2022-04-17T10:08:13.697Z - info: Generating pages...
2022-04-17T10:08:22.766Z - debug:  
2022-04-17T10:08:22.786Z - debug:  
2022-04-17T10:08:22.786Z - debug:  
2022-04-17T10:08:22.787Z - debug:  
2022-04-17T10:08:22.787Z - debug:  
2022-04-17T10:08:22.787Z - debug:  
2022-04-17T10:10:10.398Z - debug:  
2022-04-17T10:10:23.377Z - debug:  
2022-04-17T10:10:23.377Z - debug:  
2022-04-17T10:10:29.289Z - info: Pages built
2022-04-17T10:10:30.303Z - info: Site data built
2022-04-17T10:10:30.303Z - info: Website generation complete! Total build time: 150.162s
2022-04-17T10:10:30.304Z - info: Build success!
2022-04-17T10:12:16.565Z - info: The website has been deployed at: https://nus-cs2103-ay2122s2.github.io/website
