2021-12-26T17:09:35.091Z - info: Website generation (lazy) started at 1:09:32 am
2021-12-26T17:09:40.911Z - info: Building assets...
2021-12-26T17:09:46.140Z - info: Assets built
2021-12-26T17:09:46.141Z - info: Generating landing page...
2021-12-26T17:09:48.283Z - info: Landing page built, other pages will be built as you navigate to them!
2021-12-26T17:09:49.314Z - info: Site data built
2021-12-26T17:09:49.314Z - info: Website generation (lazy) complete! Total build time: 16.462s
2021-12-26T17:09:50.074Z - info: Serving "C:\repos\nus-cs2103\cs2103-website-base\_site" at http://127.0.0.1:8080
2021-12-26T17:09:50.074Z - info: Press CTRL+C to stop ...
2021-12-26T17:13:28.834Z - info: [1:13:28 am] Reload for file change: C:\repos\nus-cs2103\cs2103-website-base\admin\index-tic2002.mbdf
2021-12-26T17:13:28.835Z - info: Synchronizing opened pages list before reload
2021-12-26T17:13:28.835Z - info: Current opened pages, from most-to-least recent:
2021-12-26T17:13:28.836Z - info: 1. index
2021-12-26T17:13:29.847Z - info: Rebuilding 1 pages
2021-12-26T17:13:31.172Z - info: Site data built
2021-12-26T17:13:31.173Z - info: Pages rebuilt
2021-12-26T17:13:31.173Z - info: Website regeneration complete! Total build time: 1.326s
2021-12-26T17:13:53.290Z - info: [1:13:53 am] Reload for file change: C:\repos\nus-cs2103\cs2103-website-base\admin\index-tic2002.mbdf
2021-12-26T17:13:53.290Z - info: Synchronizing opened pages list before reload
2021-12-26T17:13:53.291Z - info: Current opened pages, from most-to-least recent:
2021-12-26T17:13:53.291Z - info: 1. index
2021-12-26T17:13:54.300Z - info: Rebuilding 1 pages
2021-12-26T17:13:55.649Z - info: Site data built
2021-12-26T17:13:55.649Z - info: Pages rebuilt
2021-12-26T17:13:55.649Z - info: Website regeneration complete! Total build time: 1.349s
2021-12-26T17:21:46.373Z - info: [1:21:46 am] Reload for file change: C:\repos\nus-cs2103\cs2103-website-base\_markbind\variables.md
2021-12-26T17:21:46.373Z - info: Synchronizing opened pages list before reload
2021-12-26T17:21:46.374Z - info: Current opened pages, from most-to-least recent:
2021-12-26T17:21:46.374Z - info: 1. index
2021-12-26T17:21:47.490Z - warn: Rebuilding all pages as variables file was changed, or the --force-reload flag was set
2021-12-26T17:21:47.493Z - info: Rebuilding 1 pages
2021-12-26T17:21:48.759Z - info: Site data built
2021-12-26T17:21:48.759Z - info: Pages rebuilt
2021-12-26T17:21:48.759Z - info: Website regeneration complete! Total build time: 1.369s
2021-12-26T17:23:04.792Z - info: [1:23:04 am] Reload for file change: C:\repos\nus-cs2103\cs2103-website-base\admin\index-tic2002.mbdf
2021-12-26T17:23:04.792Z - info: Synchronizing opened pages list before reload
2021-12-26T17:23:04.792Z - info: Current opened pages, from most-to-least recent:
2021-12-26T17:23:04.792Z - info: 1. index
2021-12-26T17:23:05.809Z - info: Rebuilding 1 pages
2021-12-26T17:23:07.066Z - info: Site data built
2021-12-26T17:23:07.066Z - info: Pages rebuilt
2021-12-26T17:23:07.066Z - info: Website regeneration complete! Total build time: 1.258s
2021-12-26T17:25:50.077Z - info: [1:25:50 am] Reload for file change: C:\repos\nus-cs2103\cs2103-website-base\admin\index-tic2002.mbdf
2021-12-26T17:25:50.078Z - info: Synchronizing opened pages list before reload
2021-12-26T17:25:50.078Z - info: Current opened pages, from most-to-least recent:
2021-12-26T17:25:50.078Z - info: 1. index
2021-12-26T17:25:51.095Z - info: Rebuilding 1 pages
2021-12-26T17:25:52.336Z - info: Site data built
2021-12-26T17:25:52.337Z - info: Pages rebuilt
2021-12-26T17:25:52.337Z - info: Website regeneration complete! Total build time: 1.243s
2021-12-26T17:26:09.264Z - info: [1:26:09 am] Reload for file change: C:\repos\nus-cs2103\cs2103-website-base\admin\index-tic2002.mbdf
2021-12-26T17:26:09.264Z - info: Synchronizing opened pages list before reload
2021-12-26T17:26:09.265Z - info: Current opened pages, from most-to-least recent:
2021-12-26T17:26:09.265Z - info: 1. index
2021-12-26T17:26:10.275Z - info: Rebuilding 1 pages
2021-12-26T17:26:11.835Z - info: Site data built
2021-12-26T17:26:11.835Z - info: Pages rebuilt
2021-12-26T17:26:11.835Z - info: Website regeneration complete! Total build time: 1.563s
2021-12-26T17:27:05.015Z - info: [1:27:05 am] Reload for file change: C:\repos\nus-cs2103\cs2103-website-base\admin\index-tic2002.mbdf
2021-12-26T17:27:05.015Z - info: Synchronizing opened pages list before reload
2021-12-26T17:27:05.016Z - info: Current opened pages, from most-to-least recent:
2021-12-26T17:27:05.016Z - info: 1. index
2021-12-26T17:27:06.028Z - info: Rebuilding 1 pages
2021-12-26T17:27:07.311Z - info: Site data built
2021-12-26T17:27:07.311Z - info: Pages rebuilt
2021-12-26T17:27:07.312Z - info: Website regeneration complete! Total build time: 1.284s
2021-12-26T17:27:28.010Z - info: Building C:\repos\nus-cs2103\cs2103-website-base\schedule\timeline as some of its dependencies were changed since the last visit
2021-12-26T17:27:33.026Z - info: Site data built
2021-12-26T17:27:33.026Z - info: Lazy website regeneration complete! Total build time: 5.017s
2021-12-26T17:27:33.347Z - info: Building C:\repos\nus-cs2103\cs2103-website-base\schedule\timeline as some of its dependencies were changed since the last visit
2021-12-26T17:27:35.473Z - info: Site data built
2021-12-26T17:27:35.474Z - info: Lazy website regeneration complete! Total build time: 2.128s
2021-12-26T17:28:34.845Z - info: [1:28:34 am] Reload for file change: C:\repos\nus-cs2103\cs2103-website-base\_markbind\variables.md
2021-12-26T17:28:34.846Z - info: Synchronizing opened pages list before reload
2021-12-26T17:28:34.847Z - info: Current opened pages, from most-to-least recent:
2021-12-26T17:28:34.847Z - info: 1. schedule/timeline
2021-12-26T17:28:35.961Z - warn: Rebuilding all pages as variables file was changed, or the --force-reload flag was set
2021-12-26T17:28:35.964Z - info: Rebuilding 1 pages
2021-12-26T17:28:38.419Z - info: Site data built
2021-12-26T17:28:38.419Z - info: Pages rebuilt
2021-12-26T17:28:38.419Z - info: Website regeneration complete! Total build time: 2.555s
2021-12-26T17:29:31.689Z - info: Building C:\repos\nus-cs2103\cs2103-website-base\se-book-adapted\index as some of its dependencies were changed since the last visit
2021-12-26T17:29:32.035Z - info: Site data built
2021-12-26T17:29:32.035Z - info: Lazy website regeneration complete! Total build time: 0.346s
2021-12-26T17:32:01.741Z - info: [1:32:01 am] Reload for file change: C:\repos\nus-cs2103\cs2103-website-base\se-book-adapted\config.njk
2021-12-26T17:32:01.742Z - info: Synchronizing opened pages list before reload
2021-12-26T17:32:01.742Z - info: Current opened pages, from most-to-least recent:
2021-12-26T17:32:01.742Z - info: 1. se-book-adapted/index
2021-12-26T17:32:02.922Z - info: Rebuilding 1 pages
2021-12-26T17:32:03.016Z - info: Site data built
2021-12-26T17:32:03.017Z - info: Pages rebuilt
2021-12-26T17:32:03.017Z - info: Website regeneration complete! Total build time: 0.097s
2021-12-26T17:32:06.595Z - info: Building C:\repos\nus-cs2103\cs2103-website-base\se-book-adapted\chapters\processModels as some of its dependencies were changed since the last visit
2021-12-26T17:32:07.023Z - info: Site data built
2021-12-26T17:32:07.023Z - info: Lazy website regeneration complete! Total build time: 0.428s
2021-12-26T17:32:36.891Z - info: [1:32:36 am] Reload for file change: C:\repos\nus-cs2103\cs2103-website-base\se-book-adapted\config.njk
2021-12-26T17:32:36.891Z - info: Synchronizing opened pages list before reload
2021-12-26T17:32:36.891Z - info: Current opened pages, from most-to-least recent:
2021-12-26T17:32:36.891Z - info: 1. se-book-adapted/chapters/processModels
2021-12-26T17:32:38.031Z - info: Rebuilding 1 pages
2021-12-26T17:32:38.350Z - info: Site data built
2021-12-26T17:32:38.350Z - info: Pages rebuilt
2021-12-26T17:32:38.350Z - info: Website regeneration complete! Total build time: 0.319s
2021-12-26T17:32:49.292Z - info: [1:32:49 am] Reload for file change: C:\repos\nus-cs2103\cs2103-website-base\se-book-adapted\config.njk
2021-12-26T17:32:49.292Z - info: Synchronizing opened pages list before reload
2021-12-26T17:32:49.292Z - info: Current opened pages, from most-to-least recent:
2021-12-26T17:32:49.293Z - info: 1. se-book-adapted/chapters/processModels
2021-12-26T17:32:50.397Z - info: Rebuilding 1 pages
2021-12-26T17:32:50.677Z - info: Site data built
2021-12-26T17:32:50.677Z - info: Pages rebuilt
2021-12-26T17:32:50.677Z - info: Website regeneration complete! Total build time: 0.281s
2021-12-26T17:33:46.583Z - info: Building C:\repos\nus-cs2103\cs2103-website-base\admin\index as some of its dependencies were changed since the last visit
2021-12-26T17:33:47.931Z - info: Site data built
2021-12-26T17:33:47.931Z - info: Lazy website regeneration complete! Total build time: 1.348s
2021-12-26T17:35:37.676Z - info: Website generation started at 1:35:36 am
2021-12-26T17:35:42.240Z - info: Building assets...
2021-12-26T17:35:47.195Z - info: Assets built
2021-12-26T17:35:47.195Z - info: Generating pages...
2021-12-26T17:35:57.688Z - debug:  
2021-12-26T17:35:57.689Z - debug:  
2021-12-26T17:35:57.690Z - debug:  
2021-12-26T17:35:57.690Z - debug:  
2021-12-26T17:35:57.690Z - debug:  
2021-12-26T17:36:25.283Z - debug:  
2021-12-26T17:37:14.707Z - info: Pages built
2021-12-26T17:37:15.504Z - info: Site data built
2021-12-26T17:37:15.504Z - info: Website generation complete! Total build time: 99.461s
2021-12-26T17:37:15.504Z - info: Build success!
2021-12-26T17:37:27.440Z - info: Deployed at https://nus-tic2002-2022.github.io/website!
2021-12-26T17:45:15.049Z - info: Website generation started at 1:45:11 am
2021-12-26T17:45:20.707Z - info: Building assets...
2021-12-26T17:45:25.290Z - info: Assets built
2021-12-26T17:45:25.290Z - info: Generating pages...
2021-12-26T17:45:33.378Z - debug:  
2021-12-26T17:45:33.380Z - debug:  
2021-12-26T17:45:33.380Z - debug:  
2021-12-26T17:45:33.380Z - debug:  
2021-12-26T17:45:33.380Z - debug:  
2021-12-26T17:45:33.380Z - debug:  
2021-12-26T17:47:16.227Z - debug:  
2021-12-26T17:47:27.602Z - debug:  
2021-12-26T17:47:27.682Z - debug:  
2021-12-26T17:47:32.529Z - info: Pages built
2021-12-26T17:47:33.317Z - info: Site data built
2021-12-26T17:47:33.318Z - info: Website generation complete! Total build time: 142.274s
2021-12-26T17:47:33.318Z - info: Build success!
2021-12-26T17:47:44.965Z - info: Deployed at https://nus-cs2103-ay2122s2.github.io/website!
2021-12-26T17:50:56.587Z - info: Website generation (lazy) started at 1:50:50 am
2021-12-26T17:51:05.860Z - info: Building assets...
2021-12-26T17:51:12.701Z - info: Assets built
2021-12-26T17:51:12.702Z - info: Generating landing page...
2021-12-26T17:51:14.715Z - info: Landing page built, other pages will be built as you navigate to them!
2021-12-26T17:51:15.613Z - info: Site data built
2021-12-26T17:51:15.614Z - info: Website generation (lazy) complete! Total build time: 25.129s
2021-12-26T17:51:16.504Z - info: Serving "C:\repos\nus-cs2103\cs2103-website-base\_site" at http://127.0.0.1:8080
2021-12-26T17:51:16.504Z - info: Press CTRL+C to stop ...
2021-12-26T17:56:21.099Z - info: [1:56:21 am] Reload for file change: C:\repos\nus-cs2103\cs2103-website-base\admin\index-tee3201.mbdf
2021-12-26T17:56:21.100Z - info: Synchronizing opened pages list before reload
2021-12-26T17:56:21.100Z - info: Current opened pages, from most-to-least recent:
2021-12-26T17:56:21.101Z - info: 1. index
2021-12-26T17:56:22.120Z - info: Rebuilding 1 pages
2021-12-26T17:56:23.718Z - info: Site data built
2021-12-26T17:56:23.719Z - info: Pages rebuilt
2021-12-26T17:56:23.719Z - info: Website regeneration complete! Total build time: 1.602s
2021-12-26T17:57:11.828Z - info: [1:57:11 am] Reload for file change: C:\repos\nus-cs2103\cs2103-website-base\admin\index-tee3201.mbdf
2021-12-26T17:57:11.828Z - info: Synchronizing opened pages list before reload
2021-12-26T17:57:11.829Z - info: Current opened pages, from most-to-least recent:
2021-12-26T17:57:11.829Z - info: 1. index
2021-12-26T17:57:12.835Z - info: Rebuilding 1 pages
2021-12-26T17:57:14.405Z - info: Site data built
2021-12-26T17:57:14.405Z - info: Pages rebuilt
2021-12-26T17:57:14.406Z - info: Website regeneration complete! Total build time: 1.571s
2021-12-26T17:59:46.894Z - info: [1:59:46 am] Reload for file change: C:\repos\nus-cs2103\cs2103-website-base\admin\index-tee3201.mbdf
2021-12-26T17:59:46.894Z - info: Synchronizing opened pages list before reload
2021-12-26T17:59:46.894Z - info: Current opened pages, from most-to-least recent:
2021-12-26T17:59:46.894Z - info: 1. index
2021-12-26T17:59:47.906Z - info: Rebuilding 1 pages
2021-12-26T17:59:49.274Z - info: Site data built
2021-12-26T17:59:49.274Z - info: Pages rebuilt
2021-12-26T17:59:49.274Z - info: Website regeneration complete! Total build time: 1.371s
2021-12-26T18:00:18.461Z - info: [2:00:18 am] Reload for file change: C:\repos\nus-cs2103\cs2103-website-base\admin\index-tee3201.mbdf
2021-12-26T18:00:18.462Z - info: Synchronizing opened pages list before reload
2021-12-26T18:00:18.462Z - info: Current opened pages, from most-to-least recent:
2021-12-26T18:00:18.462Z - info: 1. index
2021-12-26T18:00:19.483Z - info: Rebuilding 1 pages
2021-12-26T18:00:20.750Z - info: Site data built
2021-12-26T18:00:20.750Z - info: Pages rebuilt
2021-12-26T18:00:20.751Z - info: Website regeneration complete! Total build time: 1.268s
2021-12-26T18:01:46.929Z - info: [2:01:46 am] Reload for file change: C:\repos\nus-cs2103\cs2103-website-base\admin\index-tee3201.mbdf
2021-12-26T18:01:46.929Z - info: Synchronizing opened pages list before reload
2021-12-26T18:01:46.930Z - info: Current opened pages, from most-to-least recent:
2021-12-26T18:01:46.930Z - info: 1. index
2021-12-26T18:01:47.943Z - info: Rebuilding 1 pages
2021-12-26T18:01:49.358Z - info: Site data built
2021-12-26T18:01:49.358Z - info: Pages rebuilt
2021-12-26T18:01:49.358Z - info: Website regeneration complete! Total build time: 1.417s
2021-12-26T18:01:58.566Z - info: [2:01:58 am] Reload for file change: C:\repos\nus-cs2103\cs2103-website-base\admin\index-tee3201.mbdf
2021-12-26T18:01:58.566Z - info: Synchronizing opened pages list before reload
2021-12-26T18:01:58.566Z - info: Current opened pages, from most-to-least recent:
2021-12-26T18:01:58.566Z - info: 1. index
2021-12-26T18:01:59.582Z - info: Rebuilding 1 pages
2021-12-26T18:02:00.676Z - info: Site data built
2021-12-26T18:02:00.676Z - info: Pages rebuilt
2021-12-26T18:02:00.676Z - info: Website regeneration complete! Total build time: 1.095s
2021-12-26T18:06:07.135Z - info: [2:06:07 am] Reload for file change: C:\repos\nus-cs2103\cs2103-website-base\admin\index-tee3201.mbdf
2021-12-26T18:06:07.135Z - info: Synchronizing opened pages list before reload
2021-12-26T18:06:07.136Z - info: Current opened pages, from most-to-least recent:
2021-12-26T18:06:07.136Z - info: 1. index
2021-12-26T18:06:08.154Z - info: Rebuilding 1 pages
2021-12-26T18:06:09.451Z - info: Site data built
2021-12-26T18:06:09.451Z - info: Pages rebuilt
2021-12-26T18:06:09.451Z - info: Website regeneration complete! Total build time: 1.3s
2021-12-26T18:06:44.395Z - info: [2:06:44 am] Reload for file change: C:\repos\nus-cs2103\cs2103-website-base\admin\exams.md
2021-12-26T18:06:44.396Z - info: Synchronizing opened pages list before reload
2021-12-26T18:06:44.396Z - info: Current opened pages, from most-to-least recent:
2021-12-26T18:06:44.396Z - info: 1. index
2021-12-26T18:06:45.402Z - info: Rebuilding 1 pages
2021-12-26T18:06:46.549Z - info: Site data built
2021-12-26T18:06:46.549Z - info: Pages rebuilt
2021-12-26T18:06:46.549Z - info: Website regeneration complete! Total build time: 1.148s
2021-12-26T18:07:36.430Z - info: [2:07:36 am] Reload for file change: C:\repos\nus-cs2103\cs2103-website-base\admin\exams.md
2021-12-26T18:07:36.430Z - info: Synchronizing opened pages list before reload
2021-12-26T18:07:36.431Z - info: Current opened pages, from most-to-least recent:
2021-12-26T18:07:36.431Z - info: 1. index
2021-12-26T18:07:37.449Z - info: Rebuilding 1 pages
2021-12-26T18:07:38.787Z - info: Site data built
2021-12-26T18:07:38.787Z - info: Pages rebuilt
2021-12-26T18:07:38.787Z - info: Website regeneration complete! Total build time: 1.341s
2021-12-26T18:08:21.270Z - info: [2:08:21 am] Reload for file change: C:\repos\nus-cs2103\cs2103-website-base\_markbind\variables.md
2021-12-26T18:08:21.271Z - info: Synchronizing opened pages list before reload
2021-12-26T18:08:21.271Z - info: Current opened pages, from most-to-least recent:
2021-12-26T18:08:21.271Z - info: 1. index
2021-12-26T18:08:22.424Z - warn: Rebuilding all pages as variables file was changed, or the --force-reload flag was set
2021-12-26T18:08:22.428Z - info: Rebuilding 1 pages
2021-12-26T18:08:23.761Z - info: Site data built
2021-12-26T18:08:23.762Z - info: Pages rebuilt
2021-12-26T18:08:23.762Z - info: Website regeneration complete! Total build time: 1.484s
2021-12-26T18:10:32.788Z - info: [2:10:32 am] Reload for file change: C:\repos\nus-cs2103\cs2103-website-base\admin\exams.md
2021-12-26T18:10:32.788Z - info: Synchronizing opened pages list before reload
2021-12-26T18:10:32.789Z - info: Current opened pages, from most-to-least recent:
2021-12-26T18:10:32.789Z - info: 1. index
2021-12-26T18:10:33.806Z - info: Rebuilding 1 pages
2021-12-26T18:10:35.267Z - info: Site data built
2021-12-26T18:10:35.268Z - info: Pages rebuilt
2021-12-26T18:10:35.268Z - info: Website regeneration complete! Total build time: 1.464s
2021-12-26T18:12:41.552Z - info: [2:12:41 am] Reload for file change: C:\repos\nus-cs2103\cs2103-website-base\_markbind\variables.md
2021-12-26T18:12:41.552Z - info: Synchronizing opened pages list before reload
2021-12-26T18:12:41.553Z - info: Current opened pages, from most-to-least recent:
2021-12-26T18:12:41.553Z - info: 1. index
2021-12-26T18:12:42.702Z - warn: Rebuilding all pages as variables file was changed, or the --force-reload flag was set
2021-12-26T18:12:42.705Z - info: Rebuilding 1 pages
2021-12-26T18:12:43.781Z - info: Site data built
2021-12-26T18:12:43.781Z - info: Pages rebuilt
2021-12-26T18:12:43.781Z - info: Website regeneration complete! Total build time: 1.224s
2021-12-26T18:17:54.285Z - info: [2:17:54 am] Reload for file change: C:\repos\nus-cs2103\cs2103-website-base\admin\index-tee3201.mbdf
2021-12-26T18:17:54.285Z - info: Synchronizing opened pages list before reload
2021-12-26T18:17:54.286Z - info: Current opened pages, from most-to-least recent:
2021-12-26T18:17:54.286Z - info: 1. index
2021-12-26T18:17:55.297Z - info: Rebuilding 1 pages
2021-12-26T18:17:56.690Z - info: Site data built
2021-12-26T18:17:56.690Z - info: Pages rebuilt
2021-12-26T18:17:56.691Z - info: Website regeneration complete! Total build time: 1.396s
2021-12-26T18:18:44.374Z - info: Building C:\repos\nus-cs2103\cs2103-website-base\se-book-adapted\index as some of its dependencies were changed since the last visit
2021-12-26T18:18:44.748Z - info: Site data built
2021-12-26T18:18:44.749Z - info: Lazy website regeneration complete! Total build time: 0.376s
2021-12-26T18:18:52.337Z - info: Building C:\repos\nus-cs2103\cs2103-website-base\programming\index as some of its dependencies were changed since the last visit
2021-12-26T18:18:52.595Z - info: Site data built
2021-12-26T18:18:52.596Z - info: Lazy website regeneration complete! Total build time: 0.259s
2021-12-26T18:19:04.382Z - info: Building C:\repos\nus-cs2103\cs2103-website-base\programming\chapters\expressions-types-variables as some of its dependencies were changed since the last visit
2021-12-26T18:19:04.689Z - info: Site data built
2021-12-26T18:19:04.689Z - info: Lazy website regeneration complete! Total build time: 0.307s
2021-12-26T18:19:11.321Z - info: Building C:\repos\nus-cs2103\cs2103-website-base\programming\chapters\programs as some of its dependencies were changed since the last visit
2021-12-26T18:19:11.534Z - info: Site data built
2021-12-26T18:19:11.534Z - info: Lazy website regeneration complete! Total build time: 0.214s
2021-12-26T18:19:48.769Z - info: Building C:\repos\nus-cs2103\cs2103-website-base\programming\chapters\flowcontrol as some of its dependencies were changed since the last visit
2021-12-26T18:19:49.471Z - info: Site data built
2021-12-26T18:19:49.472Z - info: Lazy website regeneration complete! Total build time: 0.703s
2021-12-26T18:20:28.207Z - info: Building C:\repos\nus-cs2103\cs2103-website-base\schedule\timeline as some of its dependencies were changed since the last visit
2021-12-26T18:20:30.844Z - info: Site data built
2021-12-26T18:20:30.844Z - info: Lazy website regeneration complete! Total build time: 2.637s
2021-12-26T18:21:01.630Z - info: [2:21:01 am] Reload for file change: C:\repos\nus-cs2103\cs2103-website-base\_markbind\variables.md
2021-12-26T18:21:01.630Z - info: Synchronizing opened pages list before reload
2021-12-26T18:21:01.631Z - info: Current opened pages, from most-to-least recent:
2021-12-26T18:21:01.631Z - info: 1. schedule/timeline
2021-12-26T18:21:02.767Z - warn: Rebuilding all pages as variables file was changed, or the --force-reload flag was set
2021-12-26T18:21:02.771Z - info: Rebuilding 1 pages
2021-12-26T18:21:04.506Z - info: Site data built
2021-12-26T18:21:04.506Z - info: Pages rebuilt
2021-12-26T18:21:04.506Z - info: Website regeneration complete! Total build time: 1.869s
2021-12-26T18:21:16.469Z - info: Building C:\repos\nus-cs2103\cs2103-website-base\schedule\week1\index as some of its dependencies were changed since the last visit
2021-12-26T18:21:16.761Z - info: Site data built
2021-12-26T18:21:16.761Z - info: Lazy website regeneration complete! Total build time: 0.293s
2021-12-26T18:21:27.744Z - info: Building C:\repos\nus-cs2103\cs2103-website-base\schedule\week1\topics-py as some of its dependencies were changed since the last visit
2021-12-26T18:21:28.391Z - info: Site data built
2021-12-26T18:21:28.392Z - info: Lazy website regeneration complete! Total build time: 0.648s
2021-12-26T18:24:18.295Z - info: Building C:\repos\nus-cs2103\cs2103-website-base\schedule\week1\topics as some of its dependencies were changed since the last visit
2021-12-26T18:24:18.852Z - info: Site data built
2021-12-26T18:24:18.852Z - info: Lazy website regeneration complete! Total build time: 0.558s
2021-12-26T18:24:25.106Z - info: Building C:\repos\nus-cs2103\cs2103-website-base\schedule\week2\topics as some of its dependencies were changed since the last visit
2021-12-26T18:24:26.098Z - info: Site data built
2021-12-26T18:24:26.098Z - info: Lazy website regeneration complete! Total build time: 0.992s
2021-12-26T18:24:45.793Z - info: Building C:\repos\nus-cs2103\cs2103-website-base\schedule\week2\topics-py as some of its dependencies were changed since the last visit
2021-12-26T18:24:46.691Z - info: Site data built
2021-12-26T18:24:46.692Z - info: Lazy website regeneration complete! Total build time: 0.899s
2021-12-26T18:25:05.081Z - info: Building C:\repos\nus-cs2103\cs2103-website-base\schedule\week2\admin as some of its dependencies were changed since the last visit
2021-12-26T18:25:05.365Z - info: Site data built
2021-12-26T18:25:05.365Z - info: Lazy website regeneration complete! Total build time: 0.284s
2021-12-26T18:26:44.620Z - info: Website generation started at 2:26:41 am
2021-12-26T18:26:51.227Z - info: Building assets...
2021-12-26T18:26:57.080Z - info: Assets built
2021-12-26T18:26:57.080Z - info: Generating pages...
2021-12-26T18:27:07.123Z - debug:  
2021-12-26T18:27:07.124Z - debug:  
2021-12-26T18:27:13.646Z - debug:  
2021-12-26T18:27:14.202Z - debug:  
2021-12-26T18:27:33.980Z - debug:  
2021-12-26T18:27:50.623Z - debug:  
2021-12-26T18:28:38.736Z - info: Pages built
2021-12-26T18:28:39.901Z - info: Site data built
2021-12-26T18:28:39.902Z - info: Website generation complete! Total build time: 118.313s
2021-12-26T18:28:39.902Z - info: Build success!
2021-12-26T18:28:55.965Z - info: Deployed at https://nus-tee3201.github.io/2022!
