2022-01-14T08:16:34.063Z - info: Website generation (lazy) started at 4:16:29 pm
2022-01-14T08:16:40.432Z - info: Building assets...
2022-01-14T08:16:45.009Z - info: Assets built
2022-01-14T08:16:45.010Z - info: Generating landing page...
2022-01-14T08:16:46.294Z - info: Landing page built, other pages will be built as you navigate to them!
2022-01-14T08:16:47.404Z - info: Site data built
2022-01-14T08:16:47.404Z - info: Website generation (lazy) complete! Total build time: 18.123s
2022-01-14T08:16:48.213Z - info: Serving "C:\repos\nus-cs2103\cs2103-website-base\_site" at http://127.0.0.1:8080
2022-01-14T08:16:48.213Z - info: Press CTRL+C to stop ...
2022-01-14T08:17:25.458Z - info: Website generation started at 4:17:23 pm
2022-01-14T08:17:30.572Z - info: Building assets...
2022-01-14T08:17:34.880Z - info: Assets built
2022-01-14T08:17:34.881Z - info: Generating pages...
2022-01-14T08:17:47.431Z - debug:  
2022-01-14T08:17:47.431Z - debug:  
2022-01-14T08:17:47.431Z - debug:  
2022-01-14T08:17:47.431Z - debug:  
2022-01-14T08:17:47.431Z - debug:  
2022-01-14T08:17:47.432Z - debug:  
2022-01-14T08:19:47.960Z - debug:  
2022-01-14T08:20:00.955Z - debug:  
2022-01-14T08:20:00.955Z - debug:  
2022-01-14T08:20:06.027Z - info: Pages built
2022-01-14T08:20:07.087Z - info: Site data built
2022-01-14T08:20:07.087Z - info: Website generation complete! Total build time: 163.633s
2022-01-14T08:20:07.088Z - info: Build success!
2022-01-14T08:23:53.283Z - info: The website has been deployed at: https://nus-cs2103-ay2122s2.github.io/website
2022-01-14T12:20:57.068Z - info: Website generation started at 8:20:52 pm
2022-01-14T12:21:03.464Z - info: Building assets...
2022-01-14T12:21:07.944Z - info: Assets built
2022-01-14T12:21:07.944Z - info: Generating pages...
2022-01-14T12:21:16.683Z - debug:  
2022-01-14T12:21:16.697Z - debug:  
2022-01-14T12:21:16.697Z - debug:  
2022-01-14T12:21:16.697Z - debug:  
2022-01-14T12:21:16.698Z - debug:  
2022-01-14T12:21:16.698Z - debug:  
2022-01-14T12:22:50.272Z - debug:  
2022-01-14T12:23:01.007Z - debug:  
2022-01-14T12:23:01.008Z - debug:  
2022-01-14T12:23:03.750Z - info: Pages built
2022-01-14T12:23:04.774Z - info: Site data built
2022-01-14T12:23:04.774Z - info: Website generation complete! Total build time: 132.476s
2022-01-14T12:23:04.774Z - info: Build success!
2022-01-14T12:25:29.389Z - info: The website has been deployed at: https://nus-tic4002-ay2122s2.github.io/website
