2022-04-07T17:42:17.856Z - info: Website generation (lazy) started at 1:42:13 am
2022-04-07T17:42:22.544Z - info: Building assets...
2022-04-07T17:42:27.045Z - info: Assets built
2022-04-07T17:42:27.046Z - info: Generating landing page...
2022-04-07T17:42:27.857Z - info: Landing page built, other pages will be built as you navigate to them!
2022-04-07T17:42:28.712Z - info: Site data built
2022-04-07T17:42:28.712Z - info: Website generation (lazy) complete! Total build time: 15.488s
2022-04-07T17:42:30.531Z - info: Serving "C:\repos\nus-cs2103\cs2103-website-base\_site" at http://127.0.0.1:61777
2022-04-07T17:42:30.531Z - info: Press CTRL+C to stop ...
2022-04-07T17:42:38.196Z - info: Building C:\repos\nus-cs2103\cs2103-website-base\schedule\week12\project as some of its dependencies were changed since the last visit
2022-04-07T17:42:40.638Z - info: Site data built
2022-04-07T17:42:40.639Z - info: Lazy website regeneration complete! Total build time: 2.444s
2022-04-07T17:43:27.007Z - info: [1:43:27 am] Reload for file change: C:\repos\nus-cs2103\cs2103-website-base\admin\tp-ped.mbdf
2022-04-07T17:43:27.008Z - info: Synchronizing opened pages list before reload
2022-04-07T17:43:27.009Z - info: Current opened pages, from most-to-least recent:
2022-04-07T17:43:27.009Z - info: 1. schedule/week12/project
2022-04-07T17:43:28.022Z - info: Rebuilding 1 pages
2022-04-07T17:43:30.362Z - info: Site data built
2022-04-07T17:43:30.362Z - info: Pages rebuilt
2022-04-07T17:43:30.362Z - info: Website regeneration complete! Total build time: 2.341s
2022-04-07T17:44:14.414Z - info: [1:44:14 am] Reload for file change: C:\repos\nus-cs2103\cs2103-website-base\admin\tp-ped.mbdf
2022-04-07T17:44:14.415Z - info: Synchronizing opened pages list before reload
2022-04-07T17:44:14.416Z - info: Current opened pages, from most-to-least recent:
2022-04-07T17:44:14.416Z - info: 1. schedule/week12/project
2022-04-07T17:44:15.421Z - info: Rebuilding 1 pages
2022-04-07T17:44:18.127Z - info: Site data built
2022-04-07T17:44:18.128Z - info: Pages rebuilt
2022-04-07T17:44:18.128Z - info: Website regeneration complete! Total build time: 2.708s
2022-04-07T17:44:39.581Z - info: Website generation started at 1:44:37 am
2022-04-07T17:44:44.895Z - info: Building assets...
2022-04-07T17:44:49.401Z - info: Assets built
2022-04-07T17:44:49.401Z - info: Generating pages...
2022-04-07T17:44:59.915Z - debug:  
2022-04-07T17:44:59.916Z - debug:  
2022-04-07T17:44:59.916Z - debug:  
2022-04-07T17:44:59.916Z - debug:  
2022-04-07T17:44:59.917Z - debug:  
2022-04-07T17:44:59.917Z - debug:  
2022-04-07T17:46:38.433Z - debug:  
2022-04-07T17:46:50.356Z - debug:  
2022-04-07T17:46:50.356Z - debug:  
2022-04-07T17:46:55.649Z - info: Pages built
2022-04-07T17:46:56.592Z - info: Site data built
2022-04-07T17:46:56.592Z - info: Website generation complete! Total build time: 138.952s
2022-04-07T17:46:56.592Z - info: Build success!
2022-04-07T17:50:39.170Z - info: The website has been deployed at: https://nus-cs2103-ay2122s2.github.io/website
2022-04-08T07:16:29.492Z - info: Website generation started at 3:16:23 pm
2022-04-08T07:16:35.283Z - info: Building assets...
2022-04-08T07:16:40.992Z - info: Assets built
2022-04-08T07:16:40.993Z - info: Generating pages...
2022-04-08T07:16:55.031Z - debug:  
2022-04-08T07:16:55.041Z - debug:  
2022-04-08T07:16:55.041Z - debug:  
2022-04-08T07:16:55.041Z - debug:  
2022-04-08T07:16:55.042Z - debug:  
2022-04-08T07:16:55.042Z - debug:  
2022-04-08T07:18:53.869Z - debug:  
2022-04-08T07:19:07.597Z - debug:  
2022-04-08T07:19:07.597Z - debug:  
2022-04-08T07:19:13.550Z - info: Pages built
2022-04-08T07:19:14.641Z - info: Site data built
2022-04-08T07:19:14.641Z - info: Website generation complete! Total build time: 171.156s
2022-04-08T07:19:14.641Z - info: Build success!
2022-04-08T07:20:57.390Z - info: The website has been deployed at: https://nus-cs2103-ay2122s2.github.io/website
2022-04-08T11:02:49.209Z - info: Website generation started at 7:02:44 pm
2022-04-08T11:02:55.358Z - info: Building assets...
