2022-02-05T17:24:37.368Z - info: Website generation started at 1:24:33 am
2022-02-05T17:25:36.461Z - info: Building assets...
2022-02-05T17:26:26.846Z - info: Assets built
2022-02-05T17:26:26.847Z - info: Generating pages...
2022-02-05T17:26:35.892Z - debug:  
2022-02-05T17:26:35.946Z - debug:  
2022-02-05T17:26:35.964Z - debug:  
2022-02-05T17:26:35.984Z - debug:  
2022-02-05T17:26:37.826Z - debug:  
2022-02-05T17:26:37.826Z - debug:  
2022-02-05T17:28:48.155Z - debug:  
2022-02-05T17:29:01.593Z - debug:  
2022-02-05T17:29:01.593Z - debug:  
2022-02-05T17:29:08.174Z - info: Pages built
2022-02-05T17:29:09.300Z - info: Site data built
2022-02-05T17:29:09.301Z - info: Website generation complete! Total build time: 275.38s
2022-02-05T17:29:09.301Z - info: Build success!
2022-02-05T17:31:32.853Z - info: The website has been deployed at: https://nus-cs2103-ay2122s2.github.io/website
2022-02-06T07:16:22.736Z - info: Website generation (lazy) started at 3:16:22 pm
2022-02-06T07:17:28.751Z - info: Building assets...
2022-02-06T07:19:43.315Z - info: Website generation (lazy) started at 3:19:43 pm
2022-02-06T07:21:03.898Z - info: Building assets...
2022-02-06T07:21:42.184Z - info: Assets built
2022-02-06T07:21:42.185Z - info: Generating landing page...
2022-02-06T07:21:43.528Z - info: Landing page built, other pages will be built as you navigate to them!
2022-02-06T07:21:44.342Z - info: Site data built
2022-02-06T07:21:44.342Z - info: Website generation (lazy) complete! Total build time: 121.059s
2022-02-06T07:21:45.073Z - info: Serving "C:\repos\nus-cs2103\cs2103-website-base\_site" at http://127.0.0.1:8080
2022-02-06T07:21:45.074Z - info: Press CTRL+C to stop ...
2022-02-06T07:26:05.211Z - info: Building C:\repos\nus-cs2103\cs2103-website-base\admin\teamList as some of its dependencies were changed since the last visit
2022-02-06T07:26:05.754Z - info: Site data built
2022-02-06T07:26:05.755Z - info: Lazy website regeneration complete! Total build time: 0.544s
2022-02-06T07:26:06.634Z - info: Building C:\repos\nus-cs2103\cs2103-website-base\admin\teamList as some of its dependencies were changed since the last visit
2022-02-06T07:26:06.712Z - info: Site data built
2022-02-06T07:26:06.712Z - info: Lazy website regeneration complete! Total build time: 0.079s
2022-02-06T07:26:49.504Z - info: [3:26:49 pm] Reload for file change: C:\repos\nus-cs2103\cs2103-website-base\_module-CS2103\studentData.mbdf
2022-02-06T07:26:49.504Z - info: Synchronizing opened pages list before reload
2022-02-06T07:26:49.504Z - info: Current opened pages, from most-to-least recent:
2022-02-06T07:26:49.504Z - info: 1. admin/teamList
2022-02-06T07:26:50.514Z - info: Rebuilding 1 pages
2022-02-06T07:26:51.649Z - info: Site data built
2022-02-06T07:26:51.649Z - info: Pages rebuilt
2022-02-06T07:26:51.650Z - info: Website regeneration complete! Total build time: 1.136s
2022-02-06T07:28:19.040Z - info: [3:28:19 pm] Reload for file change: C:\repos\nus-cs2103\cs2103-website-base\admin\teamList.md
2022-02-06T07:28:19.040Z - info: Synchronizing opened pages list before reload
2022-02-06T07:28:19.040Z - info: Current opened pages, from most-to-least recent:
2022-02-06T07:28:19.041Z - info: 1. admin/teamList
2022-02-06T07:28:20.045Z - info: Rebuilding 1 pages
2022-02-06T07:28:20.761Z - info: Site data built
2022-02-06T07:28:20.761Z - info: Pages rebuilt
2022-02-06T07:28:20.761Z - info: Website regeneration complete! Total build time: 0.716s
2022-02-06T07:28:37.029Z - info: [3:28:37 pm] Reload for file change: C:\repos\nus-cs2103\cs2103-website-base\admin\teamList.md
2022-02-06T07:28:37.029Z - info: Synchronizing opened pages list before reload
2022-02-06T07:28:37.029Z - info: Current opened pages, from most-to-least recent:
2022-02-06T07:28:37.029Z - info: 1. admin/teamList
2022-02-06T07:28:38.039Z - info: Rebuilding 1 pages
2022-02-06T07:28:38.783Z - info: Site data built
2022-02-06T07:28:38.783Z - info: Pages rebuilt
2022-02-06T07:28:38.783Z - info: Website regeneration complete! Total build time: 0.744s
2022-02-06T07:30:06.992Z - info: [3:30:06 pm] Reload for file change: C:\repos\nus-cs2103\cs2103-website-base\admin\teamList.md
2022-02-06T07:30:06.993Z - info: Synchronizing opened pages list before reload
2022-02-06T07:30:06.993Z - info: Current opened pages, from most-to-least recent:
2022-02-06T07:30:06.993Z - info: 1. admin/teamList
2022-02-06T07:30:08.006Z - info: Rebuilding 1 pages
2022-02-06T07:30:08.694Z - info: Site data built
2022-02-06T07:30:08.694Z - info: Pages rebuilt
2022-02-06T07:30:08.694Z - info: Website regeneration complete! Total build time: 0.688s
2022-02-06T07:33:11.268Z - info: [3:33:11 pm] Reload for file change: C:\repos\nus-cs2103\cs2103-website-base\admin\teamList.md
2022-02-06T07:33:11.268Z - info: Synchronizing opened pages list before reload
2022-02-06T07:33:11.269Z - info: Current opened pages, from most-to-least recent:
2022-02-06T07:33:11.269Z - info: 1. admin/teamList
2022-02-06T07:33:12.281Z - info: Rebuilding 1 pages
2022-02-06T07:33:13.121Z - info: Site data built
2022-02-06T07:33:13.121Z - info: Pages rebuilt
2022-02-06T07:33:13.121Z - info: Website regeneration complete! Total build time: 0.841s
2022-02-06T07:33:48.556Z - info: [3:33:48 pm] Reload for file change: C:\repos\nus-cs2103\cs2103-website-base\admin\teamList.md
2022-02-06T07:33:48.556Z - info: Synchronizing opened pages list before reload
2022-02-06T07:33:48.556Z - info: Current opened pages, from most-to-least recent:
2022-02-06T07:33:48.556Z - info: 1. admin/teamList
2022-02-06T07:33:49.562Z - info: Rebuilding 1 pages
2022-02-06T07:33:50.412Z - info: Site data built
2022-02-06T07:33:50.412Z - info: Pages rebuilt
2022-02-06T07:33:50.412Z - info: Website regeneration complete! Total build time: 0.85s
2022-02-06T07:34:07.023Z - info: [3:34:07 pm] Reload for file change: C:\repos\nus-cs2103\cs2103-website-base\admin\teamList.md
2022-02-06T07:34:07.023Z - info: Synchronizing opened pages list before reload
2022-02-06T07:34:07.024Z - info: Current opened pages, from most-to-least recent:
2022-02-06T07:34:07.024Z - info: 1. admin/teamList
2022-02-06T07:34:08.030Z - info: Rebuilding 1 pages
2022-02-06T07:34:08.862Z - info: Site data built
2022-02-06T07:34:08.863Z - info: Pages rebuilt
2022-02-06T07:34:08.863Z - info: Website regeneration complete! Total build time: 0.834s
2022-02-06T07:35:02.231Z - info: [3:35:02 pm] Reload for file change: C:\repos\nus-cs2103\cs2103-website-base\_module-CS2103\studentData.mbdf
2022-02-06T07:35:02.231Z - info: Synchronizing opened pages list before reload
2022-02-06T07:35:02.231Z - info: Current opened pages, from most-to-least recent:
2022-02-06T07:35:02.232Z - info: 1. admin/teamList
2022-02-06T07:35:03.245Z - info: Rebuilding 1 pages
2022-02-06T07:35:03.913Z - info: Site data built
2022-02-06T07:35:03.913Z - info: Pages rebuilt
2022-02-06T07:35:03.913Z - info: Website regeneration complete! Total build time: 0.669s
2022-02-06T07:38:12.095Z - info: [3:38:12 pm] Reload for file change: C:\repos\nus-cs2103\cs2103-website-base\_module-CS2103\studentData.mbdf
2022-02-06T07:38:12.096Z - info: Synchronizing opened pages list before reload
2022-02-06T07:38:12.096Z - info: Current opened pages, from most-to-least recent:
2022-02-06T07:38:12.096Z - info: 1. admin/teamList
2022-02-06T07:38:12.121Z - info: [3:38:12 pm] Reload for file change: C:\repos\nus-cs2103\cs2103-website-base\admin\teamList.md
2022-02-06T07:38:12.122Z - info: Synchronizing opened pages list before reload
2022-02-06T07:38:12.122Z - info: Current opened pages, from most-to-least recent:
2022-02-06T07:38:12.122Z - info: 1. admin/teamList
2022-02-06T07:38:13.108Z - info: Rebuilding 1 pages
2022-02-06T07:38:13.925Z - info: Site data built
2022-02-06T07:38:13.925Z - info: Pages rebuilt
2022-02-06T07:38:13.925Z - info: Website regeneration complete! Total build time: 0.818s
2022-02-06T07:39:57.660Z - info: [3:39:57 pm] Reload for file change: C:\repos\nus-cs2103\cs2103-website-base\admin\teamList.md
2022-02-06T07:39:57.660Z - info: Synchronizing opened pages list before reload
2022-02-06T07:39:57.660Z - info: Current opened pages, from most-to-least recent:
2022-02-06T07:39:57.661Z - info: 1. admin/teamList
2022-02-06T07:39:58.674Z - info: Rebuilding 1 pages
2022-02-06T07:39:59.591Z - info: Site data built
2022-02-06T07:39:59.591Z - info: Pages rebuilt
2022-02-06T07:39:59.591Z - info: Website regeneration complete! Total build time: 0.917s
2022-02-06T07:40:24.683Z - info: [3:40:24 pm] Reload for file change: C:\repos\nus-cs2103\cs2103-website-base\_module-CS2103\studentData.mbdf
2022-02-06T07:40:24.684Z - info: Synchronizing opened pages list before reload
2022-02-06T07:40:24.684Z - info: Current opened pages, from most-to-least recent:
2022-02-06T07:40:24.685Z - info: 1. admin/teamList
2022-02-06T07:40:25.689Z - info: Rebuilding 1 pages
2022-02-06T07:40:26.535Z - info: Site data built
2022-02-06T07:40:26.535Z - info: Pages rebuilt
2022-02-06T07:40:26.535Z - info: Website regeneration complete! Total build time: 0.847s
2022-02-06T07:40:35.756Z - info: [3:40:35 pm] Reload for file change: C:\repos\nus-cs2103\cs2103-website-base\_module-CS2103\studentData.mbdf
2022-02-06T07:40:35.756Z - info: Synchronizing opened pages list before reload
2022-02-06T07:40:35.756Z - info: Current opened pages, from most-to-least recent:
2022-02-06T07:40:35.757Z - info: 1. admin/teamList
2022-02-06T07:40:36.760Z - info: Rebuilding 1 pages
2022-02-06T07:40:37.392Z - info: Site data built
2022-02-06T07:40:37.392Z - info: Pages rebuilt
2022-02-06T07:40:37.392Z - info: Website regeneration complete! Total build time: 0.633s
2022-02-06T07:43:14.541Z - info: [3:43:14 pm] Reload for file change: C:\repos\nus-cs2103\cs2103-website-base\_module-CS2103\studentData.mbdf
2022-02-06T07:43:14.541Z - info: Synchronizing opened pages list before reload
2022-02-06T07:43:14.541Z - info: Current opened pages, from most-to-least recent:
2022-02-06T07:43:14.541Z - info: 1. admin/teamList
2022-02-06T07:43:15.546Z - info: Rebuilding 1 pages
2022-02-06T07:43:15.577Z - error:  Template render error: (C:\repos\nus-cs2103\cs2103-website-base\admin\teamList.md)
  Template render error: (C:\repos\nus-cs2103\cs2103-website-base\admin\teamList.md) [Line 426, Column 16]
  parseAggregate: expected comma after expression
    at Object._prettifyError (C:\Users\dcsdcr\AppData\Roaming\npm\node_modules\markbind-cli\node_modules\nunjucks\src\lib.js:36:11)
    at C:\Users\dcsdcr\AppData\Roaming\npm\node_modules\markbind-cli\node_modules\@markbind\core\src\patches\nunjucks\context-overrides-frame.js:383:17
    at Template.root [as rootRenderFunc] (eval at _compile (C:\Users\dcsdcr\AppData\Roaming\npm\node_modules\markbind-cli\node_modules\nunjucks\src\environment.js:631:18), <anonymous>:488:3)
    at Template.render (C:\Users\dcsdcr\AppData\Roaming\npm\node_modules\markbind-cli\node_modules\@markbind\core\src\patches\nunjucks\context-overrides-frame.js:372:8)
    at C:\Users\dcsdcr\AppData\Roaming\npm\node_modules\markbind-cli\node_modules\@markbind\core\src\patches\nunjucks\context-overrides-frame.js:54:25
    at createTemplate (C:\Users\dcsdcr\AppData\Roaming\npm\node_modules\markbind-cli\node_modules\@markbind\core\src\patches\nunjucks\load-event.js:121:7)
    at handle (C:\Users\dcsdcr\AppData\Roaming\npm\node_modules\markbind-cli\node_modules\@markbind\core\src\patches\nunjucks\load-event.js:133:9)
    at C:\Users\dcsdcr\AppData\Roaming\npm\node_modules\markbind-cli\node_modules\@markbind\core\src\patches\nunjucks\load-event.js:145:7
    at next (C:\Users\dcsdcr\AppData\Roaming\npm\node_modules\markbind-cli\node_modules\nunjucks\src\lib.js:326:7)
    at Object.asyncIter (C:\Users\dcsdcr\AppData\Roaming\npm\node_modules\markbind-cli\node_modules\nunjucks\src\lib.js:332:3)
    at Environment.getTemplate (C:\Users\dcsdcr\AppData\Roaming\npm\node_modules\markbind-cli\node_modules\@markbind\core\src\patches\nunjucks\load-event.js:127:7)
    at Environment.render (C:\Users\dcsdcr\AppData\Roaming\npm\node_modules\markbind-cli\node_modules\@markbind\core\src\patches\nunjucks\context-overrides-frame.js:48:8)
    at VariableRenderer.renderFile (C:\Users\dcsdcr\AppData\Roaming\npm\node_modules\markbind-cli\node_modules\@markbind\core\src\variables\VariableRenderer.js:59:20)
    at VariableProcessor.renderWithSiteVariables (C:\Users\dcsdcr\AppData\Roaming\npm\node_modules\markbind-cli\node_modules\@markbind\core\src\variables\VariableProcessor.js:157:53)
    at Page.generate (C:\Users\dcsdcr\AppData\Roaming\npm\node_modules\markbind-cli\node_modules\@markbind\core\src\Page\index.js:472:37)
    at C:\Users\dcsdcr\AppData\Roaming\npm\node_modules\markbind-cli\node_modules\@markbind\core\src\Site\index.js:1127:20
2022-02-06T07:43:15.578Z - warn:  Error: Error while generating undefined
    at C:\Users\dcsdcr\AppData\Roaming\npm\node_modules\markbind-cli\node_modules\@markbind\core\src\Site\index.js:1135:15
    at async sequentialAsyncForEach (C:\Users\dcsdcr\AppData\Roaming\npm\node_modules\markbind-cli\node_modules\@markbind\core\src\utils\async.js:15:7)
    at async Site.generatePagesSequential (C:\Users\dcsdcr\AppData\Roaming\npm\node_modules\markbind-cli\node_modules\@markbind\core\src\Site\index.js:1118:5)
    at async C:\Users\dcsdcr\AppData\Roaming\npm\node_modules\markbind-cli\node_modules\@markbind\core\src\Site\index.js:1099:23
    at async sequentialAsyncForEach (C:\Users\dcsdcr\AppData\Roaming\npm\node_modules\markbind-cli\node_modules\@markbind\core\src\utils\async.js:15:7)
    at async Site.runPageGenerationTasks (C:\Users\dcsdcr\AppData\Roaming\npm\node_modules\markbind-cli\node_modules\@markbind\core\src\Site\index.js:1090:5)
    at async Site.regenerateAffectedPages (C:\Users\dcsdcr\AppData\Roaming\npm\node_modules\markbind-cli\node_modules\@markbind\core\src\Site\index.js:1321:7)
    at async Site._rebuildAffectedSourceFiles (C:\Users\dcsdcr\AppData\Roaming\npm\node_modules\markbind-cli\node_modules\@markbind\core\src\Site\index.js:747:7)
2022-02-06T07:50:01.716Z - info: [3:50:01 pm] Reload for file change: C:\repos\nus-cs2103\cs2103-website-base\_module-CS2103\studentData.mbdf
2022-02-06T07:50:01.716Z - info: Synchronizing opened pages list before reload
2022-02-06T07:50:01.716Z - info: Current opened pages, from most-to-least recent:
2022-02-06T07:50:01.716Z - info: 1. admin/teamList
2022-02-06T07:50:02.732Z - info: No pages needed to be rebuilt
2022-02-06T07:50:29.867Z - info: [3:50:29 pm] Reload for file change: C:\repos\nus-cs2103\cs2103-website-base\_module-CS2103\studentData.mbdf
2022-02-06T07:50:29.867Z - info: Synchronizing opened pages list before reload
2022-02-06T07:50:29.867Z - info: Current opened pages, from most-to-least recent:
2022-02-06T07:50:29.867Z - info: 1. admin/teamList
2022-02-06T07:50:30.869Z - info: No pages needed to be rebuilt
2022-02-06T07:50:49.213Z - info: [3:50:49 pm] Reload for file change: C:\repos\nus-cs2103\cs2103-website-base\admin\teamList.md
2022-02-06T07:50:49.213Z - info: Synchronizing opened pages list before reload
2022-02-06T07:50:49.213Z - info: Current opened pages, from most-to-least recent:
2022-02-06T07:50:49.213Z - info: 1. admin/teamList
2022-02-06T07:50:50.220Z - info: Rebuilding 1 pages
2022-02-06T07:50:51.014Z - info: [3:50:51 pm] Reload for file change: C:\repos\nus-cs2103\cs2103-website-base\admin\teamList.md
2022-02-06T07:50:51.015Z - info: Synchronizing opened pages list before reload
2022-02-06T07:50:51.015Z - info: Current opened pages, from most-to-least recent:
2022-02-06T07:50:51.015Z - info: 1. admin/teamList
2022-02-06T07:50:51.095Z - info: Site data built
2022-02-06T07:50:51.095Z - info: Pages rebuilt
2022-02-06T07:50:51.095Z - info: Website regeneration complete! Total build time: 0.875s
2022-02-06T07:50:52.022Z - info: Rebuilding 1 pages
2022-02-06T07:50:52.452Z - info: Site data built
2022-02-06T07:50:52.452Z - info: Pages rebuilt
2022-02-06T07:50:52.452Z - info: Website regeneration complete! Total build time: 0.43s
2022-02-06T07:52:01.439Z - info: [3:52:01 pm] Reload for file change: C:\repos\nus-cs2103\cs2103-website-base\_module-CS2103\studentData.mbdf
2022-02-06T07:52:01.439Z - info: Synchronizing opened pages list before reload
2022-02-06T07:52:01.439Z - info: Current opened pages, from most-to-least recent:
2022-02-06T07:52:01.439Z - info: 1. admin/teamList
2022-02-06T07:52:01.459Z - info: [3:52:01 pm] Reload for file change: C:\repos\nus-cs2103\cs2103-website-base\admin\teamList.md
2022-02-06T07:52:01.459Z - info: Synchronizing opened pages list before reload
2022-02-06T07:52:01.459Z - info: Current opened pages, from most-to-least recent:
2022-02-06T07:52:01.459Z - info: 1. admin/teamList
2022-02-06T07:52:02.447Z - info: Rebuilding 1 pages
2022-02-06T07:52:02.531Z - error:  Template render error: (C:\repos\nus-cs2103\cs2103-website-base\admin\teamList.md) [Line 90, Column 49]
  Template render error: (C:\repos\nus-cs2103\cs2103-website-base\admin\teamList.md)
  Error: Cannot use "in" operator to search for "CS2103T-W09-1" in unexpected types.
    at Object._prettifyError (C:\Users\dcsdcr\AppData\Roaming\npm\node_modules\markbind-cli\node_modules\nunjucks\src\lib.js:36:11)
    at C:\Users\dcsdcr\AppData\Roaming\npm\node_modules\markbind-cli\node_modules\@markbind\core\src\patches\nunjucks\context-overrides-frame.js:383:17
    at Template.root [as rootRenderFunc] (eval at _compile (C:\Users\dcsdcr\AppData\Roaming\npm\node_modules\markbind-cli\node_modules\nunjucks\src\environment.js:631:18), <anonymous>:490:3)
    at Template.render (C:\Users\dcsdcr\AppData\Roaming\npm\node_modules\markbind-cli\node_modules\@markbind\core\src\patches\nunjucks\context-overrides-frame.js:372:8)
    at C:\Users\dcsdcr\AppData\Roaming\npm\node_modules\markbind-cli\node_modules\@markbind\core\src\patches\nunjucks\context-overrides-frame.js:54:25
    at createTemplate (C:\Users\dcsdcr\AppData\Roaming\npm\node_modules\markbind-cli\node_modules\@markbind\core\src\patches\nunjucks\load-event.js:121:7)
    at handle (C:\Users\dcsdcr\AppData\Roaming\npm\node_modules\markbind-cli\node_modules\@markbind\core\src\patches\nunjucks\load-event.js:133:9)
    at C:\Users\dcsdcr\AppData\Roaming\npm\node_modules\markbind-cli\node_modules\@markbind\core\src\patches\nunjucks\load-event.js:145:7
    at next (C:\Users\dcsdcr\AppData\Roaming\npm\node_modules\markbind-cli\node_modules\nunjucks\src\lib.js:326:7)
    at Object.asyncIter (C:\Users\dcsdcr\AppData\Roaming\npm\node_modules\markbind-cli\node_modules\nunjucks\src\lib.js:332:3)
    at Environment.getTemplate (C:\Users\dcsdcr\AppData\Roaming\npm\node_modules\markbind-cli\node_modules\@markbind\core\src\patches\nunjucks\load-event.js:127:7)
    at Environment.render (C:\Users\dcsdcr\AppData\Roaming\npm\node_modules\markbind-cli\node_modules\@markbind\core\src\patches\nunjucks\context-overrides-frame.js:48:8)
    at VariableRenderer.renderFile (C:\Users\dcsdcr\AppData\Roaming\npm\node_modules\markbind-cli\node_modules\@markbind\core\src\variables\VariableRenderer.js:59:20)
    at VariableProcessor.renderWithSiteVariables (C:\Users\dcsdcr\AppData\Roaming\npm\node_modules\markbind-cli\node_modules\@markbind\core\src\variables\VariableProcessor.js:157:53)
    at Page.generate (C:\Users\dcsdcr\AppData\Roaming\npm\node_modules\markbind-cli\node_modules\@markbind\core\src\Page\index.js:472:37)
    at C:\Users\dcsdcr\AppData\Roaming\npm\node_modules\markbind-cli\node_modules\@markbind\core\src\Site\index.js:1127:20
2022-02-06T07:52:02.531Z - warn:  Error: Error while generating undefined
    at C:\Users\dcsdcr\AppData\Roaming\npm\node_modules\markbind-cli\node_modules\@markbind\core\src\Site\index.js:1135:15
    at async sequentialAsyncForEach (C:\Users\dcsdcr\AppData\Roaming\npm\node_modules\markbind-cli\node_modules\@markbind\core\src\utils\async.js:15:7)
    at async Site.generatePagesSequential (C:\Users\dcsdcr\AppData\Roaming\npm\node_modules\markbind-cli\node_modules\@markbind\core\src\Site\index.js:1118:5)
    at async C:\Users\dcsdcr\AppData\Roaming\npm\node_modules\markbind-cli\node_modules\@markbind\core\src\Site\index.js:1099:23
    at async sequentialAsyncForEach (C:\Users\dcsdcr\AppData\Roaming\npm\node_modules\markbind-cli\node_modules\@markbind\core\src\utils\async.js:15:7)
    at async Site.runPageGenerationTasks (C:\Users\dcsdcr\AppData\Roaming\npm\node_modules\markbind-cli\node_modules\@markbind\core\src\Site\index.js:1090:5)
    at async Site.regenerateAffectedPages (C:\Users\dcsdcr\AppData\Roaming\npm\node_modules\markbind-cli\node_modules\@markbind\core\src\Site\index.js:1321:7)
    at async Site._rebuildAffectedSourceFiles (C:\Users\dcsdcr\AppData\Roaming\npm\node_modules\markbind-cli\node_modules\@markbind\core\src\Site\index.js:747:7)
2022-02-06T07:52:54.482Z - info: [3:52:54 pm] Reload for file change: C:\repos\nus-cs2103\cs2103-website-base\admin\teamList.md
2022-02-06T07:52:54.482Z - info: Synchronizing opened pages list before reload
2022-02-06T07:52:54.482Z - info: Current opened pages, from most-to-least recent:
2022-02-06T07:52:54.482Z - info: 1. admin/teamList
2022-02-06T07:52:55.495Z - info: Rebuilding 1 pages
2022-02-06T07:52:56.404Z - info: Site data built
2022-02-06T07:52:56.404Z - info: Pages rebuilt
2022-02-06T07:52:56.404Z - info: Website regeneration complete! Total build time: 0.91s
2022-02-06T07:53:07.731Z - info: [3:53:07 pm] Reload for file change: C:\repos\nus-cs2103\cs2103-website-base\admin\teamList.md
2022-02-06T07:53:07.732Z - info: Synchronizing opened pages list before reload
2022-02-06T07:53:07.732Z - info: Current opened pages, from most-to-least recent:
2022-02-06T07:53:07.732Z - info: 1. admin/teamList
2022-02-06T07:53:08.747Z - info: Rebuilding 1 pages
2022-02-06T07:53:09.404Z - info: Site data built
2022-02-06T07:53:09.404Z - info: Pages rebuilt
2022-02-06T07:53:09.404Z - info: Website regeneration complete! Total build time: 0.658s
2022-02-06T07:53:53.250Z - info: [3:53:53 pm] Reload for file change: C:\repos\nus-cs2103\cs2103-website-base\admin\teamList.md
2022-02-06T07:53:53.250Z - info: Synchronizing opened pages list before reload
2022-02-06T07:53:53.251Z - info: Current opened pages, from most-to-least recent:
2022-02-06T07:53:53.251Z - info: 1. admin/teamList
2022-02-06T07:53:54.257Z - info: Rebuilding 1 pages
2022-02-06T07:53:55.163Z - info: Site data built
2022-02-06T07:53:55.164Z - info: Pages rebuilt
2022-02-06T07:53:55.164Z - info: Website regeneration complete! Total build time: 0.907s
2022-02-06T07:54:51.810Z - info: [3:54:51 pm] Reload for file change: C:\repos\nus-cs2103\cs2103-website-base\_module-CS2103\studentData.mbdf
2022-02-06T07:54:51.811Z - info: Synchronizing opened pages list before reload
2022-02-06T07:54:51.811Z - info: Current opened pages, from most-to-least recent:
2022-02-06T07:54:51.811Z - info: 1. admin/teamList
2022-02-06T07:54:52.829Z - info: Rebuilding 1 pages
2022-02-06T07:54:53.736Z - info: Site data built
2022-02-06T07:54:53.737Z - info: Pages rebuilt
2022-02-06T07:54:53.737Z - info: Website regeneration complete! Total build time: 0.911s
2022-02-06T07:58:14.647Z - info: [3:58:14 pm] Reload for file change: C:\repos\nus-cs2103\cs2103-website-base\_module-CS2103\studentData.mbdf
2022-02-06T07:58:14.648Z - info: Synchronizing opened pages list before reload
2022-02-06T07:58:14.648Z - info: Current opened pages, from most-to-least recent:
2022-02-06T07:58:14.648Z - info: 1. admin/teamList
2022-02-06T07:58:15.651Z - info: Rebuilding 1 pages
2022-02-06T07:58:16.311Z - info: Site data built
2022-02-06T07:58:16.311Z - info: Pages rebuilt
2022-02-06T07:58:16.311Z - info: Website regeneration complete! Total build time: 0.66s
2022-02-06T08:02:10.838Z - info: [4:02:10 pm] Reload for file change: C:\repos\nus-cs2103\cs2103-website-base\_module-CS2103\studentData.mbdf
2022-02-06T08:02:10.838Z - info: Synchronizing opened pages list before reload
2022-02-06T08:02:10.839Z - info: Current opened pages, from most-to-least recent:
2022-02-06T08:02:10.839Z - info: 1. admin/teamList
2022-02-06T08:02:11.860Z - info: Rebuilding 1 pages
2022-02-06T08:02:12.765Z - info: Site data built
2022-02-06T08:02:12.766Z - info: Pages rebuilt
2022-02-06T08:02:12.766Z - info: Website regeneration complete! Total build time: 0.909s
2022-02-06T08:15:09.491Z - info: [4:15:09 pm] Reload for file change: C:\repos\nus-cs2103\cs2103-website-base\_module-CS2103\studentData.mbdf
2022-02-06T08:15:09.492Z - info: Synchronizing opened pages list before reload
2022-02-06T08:15:09.493Z - info: Current opened pages, from most-to-least recent:
2022-02-06T08:15:09.493Z - info: 1. admin/teamList
2022-02-06T08:15:10.503Z - info: Rebuilding 1 pages
2022-02-06T08:15:11.333Z - info: Site data built
2022-02-06T08:15:11.334Z - info: Pages rebuilt
2022-02-06T08:15:11.334Z - info: Website regeneration complete! Total build time: 0.832s
2022-02-06T08:16:23.673Z - info: [4:16:23 pm] Reload for file change: C:\repos\nus-cs2103\cs2103-website-base\_module-CS2103\studentData.mbdf
2022-02-06T08:16:23.674Z - info: Synchronizing opened pages list before reload
2022-02-06T08:16:23.674Z - info: Current opened pages, from most-to-least recent:
2022-02-06T08:16:23.675Z - info: 1. admin/teamList
2022-02-06T08:16:24.683Z - info: Rebuilding 1 pages
2022-02-06T08:16:25.522Z - info: Site data built
2022-02-06T08:16:25.522Z - info: Pages rebuilt
2022-02-06T08:16:25.522Z - info: Website regeneration complete! Total build time: 0.842s
2022-02-06T08:16:51.513Z - info: [4:16:51 pm] Reload for file change: C:\repos\nus-cs2103\cs2103-website-base\_module-CS2103\studentData.mbdf
2022-02-06T08:16:51.513Z - info: Synchronizing opened pages list before reload
2022-02-06T08:16:51.513Z - info: Current opened pages, from most-to-least recent:
2022-02-06T08:16:51.514Z - info: 1. admin/teamList
2022-02-06T08:16:52.525Z - info: Rebuilding 1 pages
2022-02-06T08:16:53.625Z - info: Site data built
2022-02-06T08:16:53.625Z - info: Pages rebuilt
2022-02-06T08:16:53.626Z - info: Website regeneration complete! Total build time: 1.103s
2022-02-06T08:17:31.272Z - info: [4:17:31 pm] Reload for file change: C:\repos\nus-cs2103\cs2103-website-base\_module-CS2103\studentData.mbdf
2022-02-06T08:17:31.272Z - info: Synchronizing opened pages list before reload
2022-02-06T08:17:31.272Z - info: Current opened pages, from most-to-least recent:
2022-02-06T08:17:31.272Z - info: 1. admin/teamList
2022-02-06T08:17:32.283Z - info: Rebuilding 1 pages
2022-02-06T08:17:33.082Z - info: Site data built
2022-02-06T08:17:33.083Z - info: Pages rebuilt
2022-02-06T08:17:33.083Z - info: Website regeneration complete! Total build time: 0.801s
2022-02-06T08:19:17.875Z - info: Website generation (lazy) started at 4:19:15 pm
2022-02-06T08:20:24.355Z - info: Building assets...
2022-02-06T08:21:12.258Z - info: Assets built
2022-02-06T08:21:12.259Z - info: Generating landing page...
2022-02-06T08:21:13.785Z - info: Landing page built, other pages will be built as you navigate to them!
2022-02-06T08:21:14.861Z - info: Site data built
2022-02-06T08:21:14.861Z - info: Website generation (lazy) complete! Total build time: 118.898s
2022-02-06T08:21:15.788Z - info: Serving "C:\repos\nus-cs2103\cs2103-website-base\_site" at http://127.0.0.1:8080
2022-02-06T08:21:15.788Z - info: Press CTRL+C to stop ...
2022-02-06T08:23:34.279Z - info: Building C:\repos\nus-cs2103\cs2103-website-base\admin\teamList as some of its dependencies were changed since the last visit
2022-02-06T08:23:34.320Z - error:  Template render error: (C:\repos\nus-cs2103\cs2103-website-base\admin\teamList.md)
  Template render error: (C:\repos\nus-cs2103\cs2103-website-base\admin\teamList.md)
  Template render error: (C:\repos\nus-cs2103\cs2103-website-base\admin\teamList.md)
  Error: cannot import 'products'
    at Object._prettifyError (C:\Users\dcsdcr\AppData\Roaming\npm\node_modules\markbind-cli\node_modules\nunjucks\src\lib.js:36:11)
    at C:\Users\dcsdcr\AppData\Roaming\npm\node_modules\markbind-cli\node_modules\@markbind\core\src\patches\nunjucks\context-overrides-frame.js:383:17
    at Template.root [as rootRenderFunc] (eval at _compile (C:\Users\dcsdcr\AppData\Roaming\npm\node_modules\markbind-cli\node_modules\nunjucks\src\environment.js:631:18), <anonymous>:496:3)
    at Template.render (C:\Users\dcsdcr\AppData\Roaming\npm\node_modules\markbind-cli\node_modules\@markbind\core\src\patches\nunjucks\context-overrides-frame.js:372:8)
    at C:\Users\dcsdcr\AppData\Roaming\npm\node_modules\markbind-cli\node_modules\@markbind\core\src\patches\nunjucks\context-overrides-frame.js:54:25
    at createTemplate (C:\Users\dcsdcr\AppData\Roaming\npm\node_modules\markbind-cli\node_modules\@markbind\core\src\patches\nunjucks\load-event.js:121:7)
    at handle (C:\Users\dcsdcr\AppData\Roaming\npm\node_modules\markbind-cli\node_modules\@markbind\core\src\patches\nunjucks\load-event.js:133:9)
    at C:\Users\dcsdcr\AppData\Roaming\npm\node_modules\markbind-cli\node_modules\@markbind\core\src\patches\nunjucks\load-event.js:145:7
    at next (C:\Users\dcsdcr\AppData\Roaming\npm\node_modules\markbind-cli\node_modules\nunjucks\src\lib.js:326:7)
    at Object.asyncIter (C:\Users\dcsdcr\AppData\Roaming\npm\node_modules\markbind-cli\node_modules\nunjucks\src\lib.js:332:3)
    at Environment.getTemplate (C:\Users\dcsdcr\AppData\Roaming\npm\node_modules\markbind-cli\node_modules\@markbind\core\src\patches\nunjucks\load-event.js:127:7)
    at Environment.render (C:\Users\dcsdcr\AppData\Roaming\npm\node_modules\markbind-cli\node_modules\@markbind\core\src\patches\nunjucks\context-overrides-frame.js:48:8)
    at VariableRenderer.renderFile (C:\Users\dcsdcr\AppData\Roaming\npm\node_modules\markbind-cli\node_modules\@markbind\core\src\variables\VariableRenderer.js:59:20)
    at VariableProcessor.renderWithSiteVariables (C:\Users\dcsdcr\AppData\Roaming\npm\node_modules\markbind-cli\node_modules\@markbind\core\src\variables\VariableProcessor.js:157:53)
    at Page.generate (C:\Users\dcsdcr\AppData\Roaming\npm\node_modules\markbind-cli\node_modules\@markbind\core\src\Page\index.js:472:37)
    at C:\Users\dcsdcr\AppData\Roaming\npm\node_modules\markbind-cli\node_modules\@markbind\core\src\Site\index.js:1172:22
2022-02-06T08:23:34.321Z - warn:  Error: Error while generating undefined
    at C:\Users\dcsdcr\AppData\Roaming\npm\node_modules\markbind-cli\node_modules\@markbind\core\src\Site\index.js:1180:18
    at processTicksAndRejections (internal/process/task_queues.js:95:5)
2022-02-06T08:24:39.742Z - info: [4:24:39 pm] Reload for file change: C:\repos\nus-cs2103\cs2103-website-base\_module-TIC4002\studentData.mbdf
2022-02-06T08:24:39.743Z - info: Synchronizing opened pages list before reload
2022-02-06T08:24:39.743Z - info: Current opened pages, from most-to-least recent:
2022-02-06T08:24:39.743Z - info: 1. admin/teamList
2022-02-06T08:24:40.750Z - info: No pages needed to be rebuilt
2022-02-06T08:24:59.657Z - info: [4:24:59 pm] Reload for file change: C:\repos\nus-cs2103\cs2103-website-base\admin\teamList.md
2022-02-06T08:24:59.657Z - info: Synchronizing opened pages list before reload
2022-02-06T08:24:59.657Z - info: Current opened pages, from most-to-least recent:
2022-02-06T08:24:59.657Z - info: 1. admin/teamList
2022-02-06T08:25:00.666Z - info: Rebuilding 1 pages
2022-02-06T08:25:01.143Z - info: Site data built
2022-02-06T08:25:01.144Z - info: Pages rebuilt
2022-02-06T08:25:01.144Z - info: Website regeneration complete! Total build time: 0.479s
2022-02-06T08:25:01.395Z - info: [4:25:01 pm] Reload for file change: C:\repos\nus-cs2103\cs2103-website-base\admin\teamList.md
2022-02-06T08:25:01.395Z - info: Synchronizing opened pages list before reload
2022-02-06T08:25:01.395Z - info: Current opened pages, from most-to-least recent:
2022-02-06T08:25:01.395Z - info: 1. admin/teamList
2022-02-06T08:25:02.412Z - info: Rebuilding 1 pages
2022-02-06T08:25:02.522Z - info: Site data built
2022-02-06T08:25:02.522Z - info: Pages rebuilt
2022-02-06T08:25:02.522Z - info: Website regeneration complete! Total build time: 0.112s
2022-02-06T08:27:58.648Z - info: [4:27:58 pm] Reload for file change: C:\repos\nus-cs2103\cs2103-website-base\_module-TIC4002\studentData.mbdf
2022-02-06T08:27:58.648Z - info: Synchronizing opened pages list before reload
2022-02-06T08:27:58.648Z - info: Current opened pages, from most-to-least recent:
2022-02-06T08:27:58.648Z - info: 1. admin/teamList
2022-02-06T08:27:59.658Z - info: Rebuilding 1 pages
2022-02-06T08:27:59.796Z - info: Site data built
2022-02-06T08:27:59.796Z - info: Pages rebuilt
2022-02-06T08:27:59.796Z - info: Website regeneration complete! Total build time: 0.139s
2022-02-06T08:28:37.113Z - info: Website generation (lazy) started at 4:28:37 pm
2022-02-06T08:29:24.371Z - info: Building assets...
2022-02-06T08:30:12.000Z - info: Assets built
2022-02-06T08:30:12.001Z - info: Generating landing page...
2022-02-06T08:30:13.467Z - info: Landing page built, other pages will be built as you navigate to them!
2022-02-06T08:30:14.375Z - info: Site data built
2022-02-06T08:30:14.376Z - info: Website generation (lazy) complete! Total build time: 97.293s
2022-02-06T08:30:15.272Z - info: Serving "C:\repos\nus-cs2103\cs2103-website-base\_site" at http://127.0.0.1:8080
2022-02-06T08:30:15.272Z - info: Press CTRL+C to stop ...
2022-02-06T08:31:47.183Z - info: Building C:\repos\nus-cs2103\cs2103-website-base\admin\teamList as some of its dependencies were changed since the last visit
2022-02-06T08:31:47.700Z - info: Site data built
2022-02-06T08:31:47.700Z - info: Lazy website regeneration complete! Total build time: 0.518s
2022-02-06T08:32:35.500Z - info: Website generation started at 4:32:33 pm
2022-02-06T08:33:22.360Z - info: Building assets...
2022-02-06T08:34:09.799Z - info: Assets built
2022-02-06T08:34:09.800Z - info: Generating pages...
2022-02-06T08:34:20.871Z - debug:  
2022-02-06T08:34:20.872Z - debug:  
2022-02-06T08:34:20.872Z - debug:  
2022-02-06T08:34:20.872Z - debug:  
2022-02-06T08:34:20.872Z - debug:  
2022-02-06T08:34:20.874Z - debug:  
2022-02-06T08:35:58.396Z - debug:  
2022-02-06T08:36:09.369Z - debug:  
2022-02-06T08:36:09.369Z - debug:  
2022-02-06T08:36:12.679Z - info: Pages built
2022-02-06T08:36:13.708Z - info: Site data built
2022-02-06T08:36:13.708Z - info: Website generation complete! Total build time: 220.121s
2022-02-06T08:36:13.708Z - info: Build success!
2022-02-06T08:38:00.432Z - info: The website has been deployed at: https://nus-tic4002-ay2122s2.github.io/website
2022-02-06T08:39:42.822Z - info: Website generation started at 4:39:38 pm
2022-02-06T08:40:30.231Z - info: Building assets...
2022-02-06T08:41:17.725Z - info: Assets built
2022-02-06T08:41:17.725Z - info: Generating pages...
2022-02-06T08:41:26.328Z - debug:  
2022-02-06T08:41:26.329Z - debug:  
2022-02-06T08:41:26.330Z - debug:  
2022-02-06T08:41:26.330Z - debug:  
2022-02-06T08:41:26.330Z - debug:  
2022-02-06T08:41:26.330Z - debug:  
2022-02-06T08:43:12.206Z - debug:  
2022-02-06T08:43:24.373Z - debug:  
2022-02-06T08:43:24.374Z - debug:  
2022-02-06T08:43:30.155Z - info: Pages built
2022-02-06T08:43:31.119Z - info: Site data built
2022-02-06T08:43:31.120Z - info: Website generation complete! Total build time: 232.723s
2022-02-06T08:43:31.120Z - info: Build success!
2022-02-06T08:48:57.258Z - info: The website has been deployed at: https://nus-cs2103-ay2122s2.github.io/website
2022-02-06T09:35:01.733Z - info: Website generation (lazy) started at 5:34:57 pm
2022-02-06T09:35:56.295Z - info: Building assets...
2022-02-06T09:36:43.909Z - info: Assets built
2022-02-06T09:36:43.909Z - info: Generating landing page...
2022-02-06T09:36:45.316Z - info: Landing page built, other pages will be built as you navigate to them!
2022-02-06T09:36:46.310Z - info: Site data built
2022-02-06T09:36:46.311Z - info: Website generation (lazy) complete! Total build time: 108.82s
2022-02-06T09:36:47.199Z - info: Serving "C:\repos\nus-cs2103\cs2103-website-base\_site" at http://127.0.0.1:8080
2022-02-06T09:36:47.199Z - info: Press CTRL+C to stop ...
2022-02-06T10:08:51.168Z - info: Website generation (lazy) started at 6:08:49 pm
2022-02-06T10:09:28.297Z - info: Building assets...
2022-02-06T10:10:06.586Z - info: Assets built
2022-02-06T10:10:06.587Z - info: Generating landing page...
2022-02-06T10:10:07.750Z - info: Landing page built, other pages will be built as you navigate to them!
2022-02-06T10:10:08.588Z - info: Site data built
2022-02-06T10:10:08.589Z - info: Website generation (lazy) complete! Total build time: 78.925s
2022-02-06T10:10:09.312Z - info: Serving "C:\repos\nus-cs2103\cs2103-website-base\_site" at http://127.0.0.1:8080
2022-02-06T10:10:09.312Z - info: Press CTRL+C to stop ...
2022-02-06T10:14:04.017Z - info: Website generation started at 6:14:02 pm
2022-02-06T10:14:45.430Z - info: Building assets...
2022-02-06T10:15:28.248Z - info: Assets built
2022-02-06T10:15:28.249Z - info: Generating pages...
2022-02-06T10:15:38.870Z - debug:  
2022-02-06T10:15:38.871Z - debug:  
2022-02-06T10:15:38.871Z - debug:  
2022-02-06T10:15:38.871Z - debug:  
2022-02-06T10:15:38.871Z - debug:  
2022-02-06T10:15:38.871Z - debug:  
2022-02-06T10:17:19.199Z - debug:  
2022-02-06T10:17:30.819Z - debug:  
2022-02-06T10:17:31.566Z - debug:  
2022-02-06T10:17:37.146Z - info: Pages built
2022-02-06T10:17:38.022Z - info: Site data built
2022-02-06T10:17:38.022Z - info: Website generation complete! Total build time: 215.464s
2022-02-06T10:17:38.022Z - info: Build success!
2022-02-06T14:05:23.900Z - info: Website generation (lazy) started at 10:05:19 pm
2022-02-06T14:06:20.953Z - info: Building assets...
2022-02-06T14:07:06.376Z - info: Assets built
2022-02-06T14:07:06.378Z - info: Generating landing page...
2022-02-06T14:07:08.274Z - info: Landing page built, other pages will be built as you navigate to them!
2022-02-06T14:07:09.411Z - info: Site data built
2022-02-06T14:07:09.411Z - info: Website generation (lazy) complete! Total build time: 110.143s
2022-02-06T14:07:10.327Z - info: Serving "C:\repos\nus-cs2103\cs2103-website-base\_site" at http://127.0.0.1:8080
2022-02-06T14:07:10.327Z - info: Press CTRL+C to stop ...
