2022-02-11T07:30:32.124Z - info: Website generation started at 3:30:27 pm
2022-02-11T07:30:36.868Z - info: Building assets...
2022-02-11T07:30:41.239Z - info: Assets built
2022-02-11T07:30:41.240Z - info: Generating pages...
2022-02-11T07:30:52.006Z - debug:  
2022-02-11T07:30:52.007Z - debug:  
2022-02-11T07:30:52.009Z - debug:  
2022-02-11T07:30:52.009Z - debug:  
2022-02-11T07:30:52.009Z - debug:  
2022-02-11T07:30:52.009Z - debug:  
2022-02-11T07:32:43.188Z - debug:  
2022-02-11T07:32:55.829Z - debug:  
2022-02-11T07:32:56.573Z - debug:  
2022-02-11T07:33:02.672Z - info: Pages built
2022-02-11T07:33:03.800Z - info: Site data built
2022-02-11T07:33:03.800Z - info: Website generation complete! Total build time: 156.081s
2022-02-11T07:33:03.800Z - info: Build success!
2022-02-11T07:35:23.979Z - info: The website has been deployed at: https://nus-cs2103-ay2122s2.github.io/website
2022-02-11T11:57:23.919Z - info: Website generation started at 7:57:17 pm
2022-02-11T11:57:30.184Z - info: Building assets...
