2021-12-14T03:18:51.603Z - info: Website generation (lazy) started at 11:18:47 am
2021-12-14T03:18:57.305Z - info: Building assets...
2021-12-14T03:19:02.705Z - info: Assets built
2021-12-14T03:19:02.706Z - info: Generating landing page...
2021-12-14T03:19:04.412Z - info: Landing page built, other pages will be built as you navigate to them!
2021-12-14T03:19:05.279Z - info: Site data built
2021-12-14T03:19:05.280Z - info: Website generation (lazy) complete! Total build time: 18.25s
2021-12-14T03:19:06.110Z - info: Serving "C:\repos\nus-cs2103\cs2103-website-base\_site" at http://127.0.0.1:8080
2021-12-14T03:19:06.110Z - info: Press CTRL+C to stop ...
2021-12-14T04:46:09.854Z - info: Website generation (lazy) started at 12:46:08 pm
2021-12-14T04:46:14.369Z - info: Building assets...
2021-12-14T04:46:18.324Z - info: Assets built
2021-12-14T04:46:18.324Z - info: Generating landing page...
2021-12-14T04:46:19.054Z - info: Landing page built, other pages will be built as you navigate to them!
2021-12-14T04:46:19.894Z - info: Site data built
2021-12-14T04:46:19.894Z - info: Website generation (lazy) complete! Total build time: 11.736s
2021-12-14T04:46:20.730Z - info: Serving "C:\repos\nus-cs2103\cs2103-website-base\_site" at http://127.0.0.1:8080
2021-12-14T04:46:20.731Z - info: Press CTRL+C to stop ...
2021-12-14T04:48:44.301Z - info: Building C:\repos\nus-cs2103\cs2103-website-base\admin\usingThisWebsite as some of its dependencies were changed since the last visit
2021-12-14T04:48:44.940Z - info: Site data built
2021-12-14T04:48:44.940Z - info: Lazy website regeneration complete! Total build time: 0.64s
2021-12-14T04:49:01.201Z - info: Building C:\repos\nus-cs2103\cs2103-website-base\admin\lectures as some of its dependencies were changed since the last visit
2021-12-14T04:49:01.388Z - info: Site data built
2021-12-14T04:49:01.388Z - info: Lazy website regeneration complete! Total build time: 0.188s
2021-12-14T04:50:49.168Z - info: [12:50:49 pm] Reload for file change: C:\repos\nus-cs2103\cs2103-website-base\admin\lectures.md
2021-12-14T04:50:49.169Z - info: Synchronizing opened pages list before reload
2021-12-14T04:50:49.169Z - info: Current opened pages, from most-to-least recent:
2021-12-14T04:50:49.169Z - info: 1. admin/lectures
2021-12-14T04:50:50.186Z - info: Rebuilding 1 pages
2021-12-14T04:50:50.336Z - info: Site data built
2021-12-14T04:50:50.336Z - info: Pages rebuilt
2021-12-14T04:50:50.336Z - info: Website regeneration complete! Total build time: 0.151s
2021-12-14T04:55:35.028Z - info: Building C:\repos\nus-cs2103\cs2103-website-base\schedule\week1\index as some of its dependencies were changed since the last visit
2021-12-14T04:55:35.413Z - info: Site data built
2021-12-14T04:55:35.413Z - info: Lazy website regeneration complete! Total build time: 0.385s
2021-12-14T04:56:56.538Z - info: [12:56:56 pm] Reload for file change: C:\repos\nus-cs2103\cs2103-website-base\_markbind\layouts\header.md
2021-12-14T04:56:56.539Z - info: Synchronizing opened pages list before reload
2021-12-14T04:56:56.540Z - info: Current opened pages, from most-to-least recent:
2021-12-14T04:56:56.540Z - info: 1. index
2021-12-14T04:56:57.728Z - info: Rebuilding 1 pages
2021-12-14T04:56:57.930Z - info: Site data built
2021-12-14T04:56:57.930Z - info: Pages rebuilt
2021-12-14T04:56:57.930Z - info: Website regeneration complete! Total build time: 0.203s
2021-12-14T04:59:41.345Z - info: Website generation started at 12:59:39 pm
2021-12-14T04:59:47.384Z - info: Building assets...
2021-12-14T04:59:52.074Z - info: Assets built
2021-12-14T04:59:52.075Z - info: Generating pages...
2021-12-14T05:00:01.925Z - debug:  
2021-12-14T05:00:01.926Z - debug:  
2021-12-14T05:00:01.927Z - debug:  
2021-12-14T05:00:03.801Z - debug:  
2021-12-14T05:00:03.802Z - debug:  
2021-12-14T05:00:03.807Z - debug:  
2021-12-14T05:02:00.480Z - debug:  
2021-12-14T05:02:13.325Z - debug:  
2021-12-14T05:02:13.329Z - debug:  
2021-12-14T05:02:21.171Z - info: Pages built
2021-12-14T05:02:22.052Z - info: Site data built
2021-12-14T05:02:22.053Z - info: Website generation complete! Total build time: 162.272s
2021-12-14T05:02:22.053Z - info: Build success!
2021-12-14T05:02:35.190Z - info: Deployed at https://nus-cs2103-ay2122s2.github.io/website!
2021-12-14T05:10:30.814Z - info: Website generation (lazy) started at 1:10:26 pm
2021-12-14T05:10:35.934Z - info: Building assets...
2021-12-14T05:10:40.263Z - info: Assets built
2021-12-14T05:10:40.264Z - info: Generating landing page...
2021-12-14T05:10:41.065Z - info: Landing page built, other pages will be built as you navigate to them!
2021-12-14T05:10:42.022Z - info: Site data built
2021-12-14T05:10:42.022Z - info: Website generation (lazy) complete! Total build time: 15.62s
2021-12-14T05:10:42.965Z - info: Serving "C:\repos\nus-cs2103\cs2103-website-base\_site" at http://127.0.0.1:8080
2021-12-14T05:10:42.965Z - info: Press CTRL+C to stop ...
2021-12-14T05:11:58.120Z - info: Website generation started at 1:11:56 pm
2021-12-14T05:12:02.100Z - info: Building assets...
