2021-12-12T07:31:42.999Z - info: Website generation (lazy) started at 3:31:36 pm
2021-12-12T07:31:53.555Z - info: Building assets...
2021-12-12T07:31:59.704Z - info: Assets built
2021-12-12T07:31:59.705Z - info: Generating landing page...
2021-12-12T07:32:02.323Z - info: Landing page built, other pages will be built as you navigate to them!
2021-12-12T07:32:03.513Z - info: Site data built
2021-12-12T07:32:03.513Z - info: Website generation (lazy) complete! Total build time: 26.939s
2021-12-12T07:32:04.849Z - info: Serving "C:\repos\nus-cs2103\cs2103-website-base\_site" at http://127.0.0.1:8080
2021-12-12T07:32:04.850Z - info: Press CTRL+C to stop ...
2021-12-12T07:36:02.518Z - info: [3:36:02 pm] Reload for file change: C:\repos\nus-cs2103\cs2103-website-base\_markbind\variables.md
2021-12-12T07:36:02.519Z - info: Synchronizing opened pages list before reload
2021-12-12T07:36:02.519Z - info: Current opened pages, from most-to-least recent:
2021-12-12T07:36:02.520Z - info: 1. index
2021-12-12T07:36:03.684Z - warn: Rebuilding all pages as variables file was changed, or the --force-reload flag was set
2021-12-12T07:36:03.691Z - info: Rebuilding 1 pages
2021-12-12T07:36:05.206Z - info: Site data built
2021-12-12T07:36:05.207Z - info: Pages rebuilt
2021-12-12T07:36:05.207Z - info: Website regeneration complete! Total build time: 1.674s
2021-12-12T07:37:13.931Z - info: Website generation (lazy) started at 3:37:11 pm
2021-12-12T07:37:22.290Z - info: Building assets...
2021-12-12T07:37:27.018Z - info: Assets built
2021-12-12T07:37:27.019Z - info: Generating landing page...
2021-12-12T07:37:28.873Z - info: Landing page built, other pages will be built as you navigate to them!
2021-12-12T07:37:29.335Z - info: Site data built
2021-12-12T07:37:29.336Z - info: Website generation (lazy) complete! Total build time: 17.787s
2021-12-12T07:37:30.024Z - info: Serving "C:\repos\nus-cs2103\cs2103-website-base\_site" at http://127.0.0.1:8080
2021-12-12T07:37:30.025Z - info: Press CTRL+C to stop ...
2021-12-12T07:38:39.347Z - info: [3:38:39 pm] Reload for file change: C:\repos\nus-cs2103\cs2103-website-base\_markbind\layouts\header.md
2021-12-12T07:38:39.347Z - info: Synchronizing opened pages list before reload
2021-12-12T07:38:39.348Z - info: Current opened pages, from most-to-least recent:
2021-12-12T07:38:39.348Z - info: 1. index
2021-12-12T07:38:40.479Z - info: Rebuilding 1 pages
2021-12-12T07:38:41.483Z - info: Site data built
2021-12-12T07:38:41.483Z - info: Pages rebuilt
2021-12-12T07:38:41.483Z - info: Website regeneration complete! Total build time: 1.005s
2021-12-12T07:39:22.137Z - info: [3:39:22 pm] Reload for file change: C:\repos\nus-cs2103\cs2103-website-base\_markbind\variables.md
2021-12-12T07:39:22.137Z - info: Synchronizing opened pages list before reload
2021-12-12T07:39:22.138Z - info: Current opened pages, from most-to-least recent:
2021-12-12T07:39:22.138Z - info: 1. index
2021-12-12T07:39:23.267Z - warn: Rebuilding all pages as variables file was changed, or the --force-reload flag was set
2021-12-12T07:39:23.271Z - info: Rebuilding 1 pages
2021-12-12T07:39:24.354Z - info: Site data built
2021-12-12T07:39:24.354Z - info: Pages rebuilt
2021-12-12T07:39:24.354Z - info: Website regeneration complete! Total build time: 1.21s
2021-12-12T07:48:06.688Z - info: [3:48:06 pm] Reload for file change: C:\repos\nus-cs2103\cs2103-website-base\_markbind\variables.md
2021-12-12T07:48:06.688Z - info: Synchronizing opened pages list before reload
2021-12-12T07:48:06.689Z - info: Current opened pages, from most-to-least recent:
2021-12-12T07:48:06.689Z - info: 1. index
2021-12-12T07:48:07.842Z - warn: Rebuilding all pages as variables file was changed, or the --force-reload flag was set
2021-12-12T07:48:07.845Z - info: Rebuilding 1 pages
2021-12-12T07:48:09.784Z - info: Site data built
2021-12-12T07:48:09.785Z - info: Pages rebuilt
2021-12-12T07:48:09.785Z - info: Website regeneration complete! Total build time: 2.083s
2021-12-12T07:52:10.463Z - info: [3:52:10 pm] Reload for file change: C:\repos\nus-cs2103\cs2103-website-base\_markbind\variables.md
2021-12-12T07:52:10.463Z - info: Synchronizing opened pages list before reload
2021-12-12T07:52:10.464Z - info: Current opened pages, from most-to-least recent:
2021-12-12T07:52:10.464Z - info: 1. index
2021-12-12T07:52:11.569Z - warn: Rebuilding all pages as variables file was changed, or the --force-reload flag was set
2021-12-12T07:52:11.571Z - info: Rebuilding 1 pages
2021-12-12T07:52:12.813Z - info: Site data built
2021-12-12T07:52:12.813Z - info: Pages rebuilt
2021-12-12T07:52:12.814Z - info: Website regeneration complete! Total build time: 1.336s
2021-12-12T07:54:20.278Z - info: Building C:\repos\nus-cs2103\cs2103-website-base\programming\chapters\monty as some of its dependencies were changed since the last visit
2021-12-12T07:54:21.046Z - info: Site data built
2021-12-12T07:54:21.047Z - info: Lazy website regeneration complete! Total build time: 0.769s
2021-12-12T07:55:10.700Z - info: Website generation (lazy) started at 3:55:08 pm
2021-12-12T07:55:15.332Z - info: Building assets...
2021-12-12T07:55:20.429Z - info: Assets built
2021-12-12T07:55:20.429Z - info: Generating landing page...
2021-12-12T07:55:22.566Z - info: Landing page built, other pages will be built as you navigate to them!
2021-12-12T07:55:23.619Z - info: Site data built
2021-12-12T07:55:23.620Z - info: Website generation (lazy) complete! Total build time: 14.78s
2021-12-12T07:55:24.805Z - info: Serving "C:\repos\nus-cs2103\cs2103-website-base\_site" at http://127.0.0.1:8080
2021-12-12T07:55:24.805Z - info: Press CTRL+C to stop ...
2021-12-12T08:00:50.816Z - info: [4:00:50 pm] Reload for file add: C:\repos\nus-cs2103\cs2103-website-base\se-book-adapted\css\tee3201.css
2021-12-12T08:00:50.817Z - info: Synchronizing opened pages list before reload
2021-12-12T08:00:50.817Z - info: Current opened pages, from most-to-least recent:
2021-12-12T08:00:50.817Z - info: 1. index
2021-12-12T08:00:53.824Z - info: [4:00:53 pm] Reload for file deletion: C:\repos\nus-cs2103\cs2103-website-base\se-book-adapted\css\te3201.css
2021-12-12T08:00:53.824Z - info: Synchronizing opened pages list before reload
2021-12-12T08:00:53.824Z - info: Current opened pages, from most-to-least recent:
2021-12-12T08:00:53.824Z - info: 1. index
2021-12-12T08:00:57.143Z - debug: Assets removed
2021-12-12T08:00:57.152Z - info: Assets built
2021-12-12T08:01:02.828Z - info: [4:01:02 pm] Reload for file change: C:\repos\nus-cs2103\cs2103-website-base\programming\oop-classLevelMembers\e-addClassLevelMembersToSubjectClass.md
2021-12-12T08:01:02.828Z - info: Synchronizing opened pages list before reload
2021-12-12T08:01:02.828Z - info: Current opened pages, from most-to-least recent:
2021-12-12T08:01:02.828Z - info: 1. index
2021-12-12T08:01:02.853Z - info: [4:01:02 pm] Reload for file change: C:\repos\nus-cs2103\cs2103-website-base\schedule\week13\admin-te3201.mbdf
2021-12-12T08:01:02.853Z - info: Synchronizing opened pages list before reload
2021-12-12T08:01:02.853Z - info: Current opened pages, from most-to-least recent:
2021-12-12T08:01:02.853Z - info: 1. index
2021-12-12T08:01:02.880Z - info: [4:01:02 pm] Reload for file change: C:\repos\nus-cs2103\cs2103-website-base\admin\common-commentary.mbdf
2021-12-12T08:01:02.881Z - info: Synchronizing opened pages list before reload
2021-12-12T08:01:02.881Z - info: Current opened pages, from most-to-least recent:
2021-12-12T08:01:02.881Z - info: 1. index
2021-12-12T08:01:02.901Z - info: [4:01:02 pm] Reload for file change: C:\repos\nus-cs2103\cs2103-website-base\_markbind\layouts\header.md
2021-12-12T08:01:02.901Z - info: Synchronizing opened pages list before reload
2021-12-12T08:01:02.902Z - info: Current opened pages, from most-to-least recent:
2021-12-12T08:01:02.902Z - info: 1. index
2021-12-12T08:01:02.923Z - info: [4:01:02 pm] Reload for file change: C:\repos\nus-cs2103\cs2103-website-base\programming\dictionaries-nested\text.md
2021-12-12T08:01:02.923Z - info: Synchronizing opened pages list before reload
2021-12-12T08:01:02.923Z - info: Current opened pages, from most-to-least recent:
2021-12-12T08:01:02.923Z - info: 1. index
2021-12-12T08:01:02.952Z - info: [4:01:02 pm] Reload for file change: C:\repos\nus-cs2103\cs2103-website-base\admin\exams.md
2021-12-12T08:01:02.952Z - info: Synchronizing opened pages list before reload
2021-12-12T08:01:02.952Z - info: Current opened pages, from most-to-least recent:
2021-12-12T08:01:02.952Z - info: 1. index
2021-12-12T08:01:02.968Z - info: [4:01:02 pm] Reload for file change: C:\repos\nus-cs2103\cs2103-website-base\schedule\week12\admin-te3201.mbdf
2021-12-12T08:01:02.968Z - info: Synchronizing opened pages list before reload
2021-12-12T08:01:02.968Z - info: Current opened pages, from most-to-least recent:
2021-12-12T08:01:02.968Z - info: 1. index
2021-12-12T08:01:02.983Z - info: [4:01:02 pm] Reload for file change: C:\repos\nus-cs2103\cs2103-website-base\programming\dictionaries-workingWith\text.md
2021-12-12T08:01:02.983Z - info: Synchronizing opened pages list before reload
2021-12-12T08:01:02.983Z - info: Current opened pages, from most-to-least recent:
2021-12-12T08:01:02.983Z - info: 1. index
2021-12-12T08:01:03.009Z - info: [4:01:03 pm] Reload for file change: C:\repos\nus-cs2103\cs2103-website-base\se-book-adapted\chapters\chapter.njk
2021-12-12T08:01:03.009Z - info: Synchronizing opened pages list before reload
2021-12-12T08:01:03.009Z - info: Current opened pages, from most-to-least recent:
2021-12-12T08:01:03.009Z - info: 1. index
2021-12-12T08:01:03.031Z - info: [4:01:03 pm] Reload for file change: C:\repos\nus-cs2103\cs2103-website-base\se-book-adapted\print.md
2021-12-12T08:01:03.031Z - info: Synchronizing opened pages list before reload
2021-12-12T08:01:03.031Z - info: Current opened pages, from most-to-least recent:
2021-12-12T08:01:03.031Z - info: 1. index
2021-12-12T08:01:03.044Z - info: [4:01:03 pm] Reload for file change: C:\repos\nus-cs2103\cs2103-website-base\site.json
2021-12-12T08:01:03.044Z - info: Synchronizing opened pages list before reload
2021-12-12T08:01:03.045Z - info: Current opened pages, from most-to-least recent:
2021-12-12T08:01:03.045Z - info: 1. index
2021-12-12T08:01:06.264Z - info: [4:01:06 pm] Reload for file change: C:\repos\nus-cs2103\cs2103-website-base\programming\dictionaries-intro\text.md
2021-12-12T08:01:06.264Z - info: Synchronizing opened pages list before reload
2021-12-12T08:01:06.264Z - info: Current opened pages, from most-to-least recent:
2021-12-12T08:01:06.264Z - info: 1. index
2021-12-12T08:01:06.276Z - info: Rebuilding 1 pages
2021-12-12T08:01:06.420Z - info: [4:01:06 pm] Reload for file change: C:\repos\nus-cs2103\cs2103-website-base\_markbind\layouts\textbook-sitenav.md
2021-12-12T08:01:06.420Z - info: Synchronizing opened pages list before reload
2021-12-12T08:01:06.420Z - info: Current opened pages, from most-to-least recent:
2021-12-12T08:01:06.420Z - info: 1. index
2021-12-12T08:01:06.421Z - info: [4:01:06 pm] Reload for file change: C:\repos\nus-cs2103\cs2103-website-base\programming\files-paths\text.md
2021-12-12T08:01:06.421Z - info: Synchronizing opened pages list before reload
2021-12-12T08:01:06.421Z - info: Current opened pages, from most-to-least recent:
2021-12-12T08:01:06.421Z - info: 1. index
2021-12-12T08:01:06.495Z - info: [4:01:06 pm] Reload for file change: C:\repos\nus-cs2103\cs2103-website-base\programming\dictionaries-intro\e-getSubjectInfo.md
2021-12-12T08:01:06.495Z - info: Synchronizing opened pages list before reload
2021-12-12T08:01:06.495Z - info: Current opened pages, from most-to-least recent:
2021-12-12T08:01:06.496Z - info: 1. index
2021-12-12T08:01:06.496Z - info: [4:01:06 pm] Reload for file change: C:\repos\nus-cs2103\cs2103-website-base\_markbind\layouts\admin-layout.md
2021-12-12T08:01:06.496Z - info: Synchronizing opened pages list before reload
2021-12-12T08:01:06.496Z - info: Current opened pages, from most-to-least recent:
2021-12-12T08:01:06.496Z - info: 1. index
2021-12-12T08:01:06.497Z - info: [4:01:06 pm] Reload for file change: C:\repos\nus-cs2103\cs2103-website-base\_markbind\variables.md
2021-12-12T08:01:06.497Z - info: Synchronizing opened pages list before reload
2021-12-12T08:01:06.497Z - info: Current opened pages, from most-to-least recent:
2021-12-12T08:01:06.497Z - info: 1. index
2021-12-12T08:01:06.497Z - info: [4:01:06 pm] Reload for file change: C:\repos\nus-cs2103\cs2103-website-base\se-book-adapted\index.md
2021-12-12T08:01:06.497Z - info: Synchronizing opened pages list before reload
2021-12-12T08:01:06.497Z - info: Current opened pages, from most-to-least recent:
2021-12-12T08:01:06.497Z - info: 1. index
2021-12-12T08:01:06.498Z - info: [4:01:06 pm] Reload for file change: C:\repos\nus-cs2103\cs2103-website-base\schedule\week1\admin-te3201.mbdf
2021-12-12T08:01:06.498Z - info: Synchronizing opened pages list before reload
2021-12-12T08:01:06.498Z - info: Current opened pages, from most-to-least recent:
2021-12-12T08:01:06.498Z - info: 1. index
2021-12-12T08:01:06.498Z - info: [4:01:06 pm] Reload for file change: C:\repos\nus-cs2103\cs2103-website-base\schedule\timeline.md
2021-12-12T08:01:06.498Z - info: Synchronizing opened pages list before reload
2021-12-12T08:01:06.499Z - info: Current opened pages, from most-to-least recent:
2021-12-12T08:01:06.499Z - info: 1. index
2021-12-12T08:01:06.499Z - info: [4:01:06 pm] Reload for file change: C:\repos\nus-cs2103\cs2103-website-base\schedule\index.md
2021-12-12T08:01:06.499Z - info: Synchronizing opened pages list before reload
2021-12-12T08:01:06.499Z - info: Current opened pages, from most-to-least recent:
2021-12-12T08:01:06.499Z - info: 1. index
2021-12-12T08:01:06.499Z - info: [4:01:06 pm] Reload for file change: C:\repos\nus-cs2103\cs2103-website-base\admin\usingThisWebsite.md
2021-12-12T08:01:06.499Z - info: Synchronizing opened pages list before reload
2021-12-12T08:01:06.500Z - info: Current opened pages, from most-to-least recent:
2021-12-12T08:01:06.500Z - info: 1. index
2021-12-12T08:01:06.500Z - info: [4:01:06 pm] Reload for file change: C:\repos\nus-cs2103\cs2103-website-base\admin\index-te3201.mbdf
2021-12-12T08:01:06.500Z - info: Synchronizing opened pages list before reload
2021-12-12T08:01:06.500Z - info: Current opened pages, from most-to-least recent:
2021-12-12T08:01:06.500Z - info: 1. index
2021-12-12T08:01:06.500Z - info: [4:01:06 pm] Reload for file change: C:\repos\nus-cs2103\cs2103-website-base\admin\index.md
2021-12-12T08:01:06.500Z - info: Synchronizing opened pages list before reload
2021-12-12T08:01:06.500Z - info: Current opened pages, from most-to-least recent:
2021-12-12T08:01:06.501Z - info: 1. index
2021-12-12T08:01:06.501Z - info: [4:01:06 pm] Reload for file change: C:\repos\nus-cs2103\cs2103-website-base\se-book-adapted\chapters-printable\chapter-printable.njk
2021-12-12T08:01:06.502Z - info: Synchronizing opened pages list before reload
2021-12-12T08:01:06.502Z - info: Current opened pages, from most-to-least recent:
2021-12-12T08:01:06.502Z - info: 1. index
2021-12-12T08:01:06.587Z - info: Assets built
2021-12-12T08:01:06.609Z - info: Site data built
2021-12-12T08:01:06.609Z - info: Pages rebuilt
2021-12-12T08:01:06.609Z - info: Website regeneration complete! Total build time: 0.334s
2021-12-12T08:01:07.142Z - info: Pages or site config modified, updating pages...
2021-12-12T08:01:09.248Z - warn: Rebuilding all pages as variables file was changed, or the --force-reload flag was set
2021-12-12T08:01:09.251Z - info: Rebuilding 1 pages
2021-12-12T08:01:09.258Z - error:  Error: No such file: C:\repos\nus-cs2103\cs2103-website-base\admin\index-tee3201.mbdf
Missing reference in C:\repos\nus-cs2103\cs2103-website-base\admin\index.md
    at _getFileExistsNode (C:\Users\dcsdcr\AppData\Roaming\npm\node_modules\markbind-cli\node_modules\@markbind\core\src\html\includePanelProcessor.js:34:19)
    at processInclude (C:\Users\dcsdcr\AppData\Roaming\npm\node_modules\markbind-cli\node_modules\@markbind\core\src\html\includePanelProcessor.js:181:26)
    at NodeProcessor.processNode (C:\Users\dcsdcr\AppData\Roaming\npm\node_modules\markbind-cli\node_modules\@markbind\core\src\html\NodeProcessor.js:147:16)
    at NodeProcessor._process (C:\Users\dcsdcr\AppData\Roaming\npm\node_modules\markbind-cli\node_modules\@markbind\core\src\html\NodeProcessor.js:289:20)
    at C:\Users\dcsdcr\AppData\Roaming\npm\node_modules\markbind-cli\node_modules\@markbind\core\src\html\NodeProcessor.js:294:14
    at Array.forEach (<anonymous>)
    at NodeProcessor._process (C:\Users\dcsdcr\AppData\Roaming\npm\node_modules\markbind-cli\node_modules\@markbind\core\src\html\NodeProcessor.js:293:21)
    at C:\Users\dcsdcr\AppData\Roaming\npm\node_modules\markbind-cli\node_modules\@markbind\core\src\html\NodeProcessor.js:294:14
    at Array.forEach (<anonymous>)
    at NodeProcessor._process (C:\Users\dcsdcr\AppData\Roaming\npm\node_modules\markbind-cli\node_modules\@markbind\core\src\html\NodeProcessor.js:293:21)
    at C:\Users\dcsdcr\AppData\Roaming\npm\node_modules\markbind-cli\node_modules\@markbind\core\src\html\NodeProcessor.js:294:14
    at Array.forEach (<anonymous>)
    at NodeProcessor._process (C:\Users\dcsdcr\AppData\Roaming\npm\node_modules\markbind-cli\node_modules\@markbind\core\src\html\NodeProcessor.js:293:21)
    at C:\Users\dcsdcr\AppData\Roaming\npm\node_modules\markbind-cli\node_modules\@markbind\core\src\html\NodeProcessor.js:329:30
    at Array.map (<anonymous>)
    at DomHandler._callback (C:\Users\dcsdcr\AppData\Roaming\npm\node_modules\markbind-cli\node_modules\@markbind\core\src\html\NodeProcessor.js:326:35)
2021-12-12T08:01:09.313Z - info: Assets built
2021-12-12T08:01:09.327Z - info: Site data built
2021-12-12T08:01:09.327Z - info: Pages rebuilt
2021-12-12T08:01:09.327Z - info: Website regeneration complete! Total build time: 0.138s
2021-12-12T08:01:10.255Z - info: Building C:\repos\nus-cs2103\cs2103-website-base\index as some of its dependencies were changed since the last visit
2021-12-12T08:01:10.259Z - error:  Error: No such file: C:\repos\nus-cs2103\cs2103-website-base\admin\index-tee3201.mbdf
Missing reference in C:\repos\nus-cs2103\cs2103-website-base\admin\index.md
    at _getFileExistsNode (C:\Users\dcsdcr\AppData\Roaming\npm\node_modules\markbind-cli\node_modules\@markbind\core\src\html\includePanelProcessor.js:34:19)
    at processInclude (C:\Users\dcsdcr\AppData\Roaming\npm\node_modules\markbind-cli\node_modules\@markbind\core\src\html\includePanelProcessor.js:181:26)
    at NodeProcessor.processNode (C:\Users\dcsdcr\AppData\Roaming\npm\node_modules\markbind-cli\node_modules\@markbind\core\src\html\NodeProcessor.js:147:16)
    at NodeProcessor._process (C:\Users\dcsdcr\AppData\Roaming\npm\node_modules\markbind-cli\node_modules\@markbind\core\src\html\NodeProcessor.js:289:20)
    at C:\Users\dcsdcr\AppData\Roaming\npm\node_modules\markbind-cli\node_modules\@markbind\core\src\html\NodeProcessor.js:294:14
    at Array.forEach (<anonymous>)
    at NodeProcessor._process (C:\Users\dcsdcr\AppData\Roaming\npm\node_modules\markbind-cli\node_modules\@markbind\core\src\html\NodeProcessor.js:293:21)
    at C:\Users\dcsdcr\AppData\Roaming\npm\node_modules\markbind-cli\node_modules\@markbind\core\src\html\NodeProcessor.js:294:14
    at Array.forEach (<anonymous>)
    at NodeProcessor._process (C:\Users\dcsdcr\AppData\Roaming\npm\node_modules\markbind-cli\node_modules\@markbind\core\src\html\NodeProcessor.js:293:21)
    at C:\Users\dcsdcr\AppData\Roaming\npm\node_modules\markbind-cli\node_modules\@markbind\core\src\html\NodeProcessor.js:294:14
    at Array.forEach (<anonymous>)
    at NodeProcessor._process (C:\Users\dcsdcr\AppData\Roaming\npm\node_modules\markbind-cli\node_modules\@markbind\core\src\html\NodeProcessor.js:293:21)
    at C:\Users\dcsdcr\AppData\Roaming\npm\node_modules\markbind-cli\node_modules\@markbind\core\src\html\NodeProcessor.js:329:30
    at Array.map (<anonymous>)
    at DomHandler._callback (C:\Users\dcsdcr\AppData\Roaming\npm\node_modules\markbind-cli\node_modules\@markbind\core\src\html\NodeProcessor.js:326:35)
2021-12-12T08:01:10.279Z - error:  Template render error: (C:\repos\nus-cs2103\cs2103-website-base\_markbind\layouts\default.md)
  Template render error: (C:\repos\nus-cs2103\cs2103-website-base\_markbind\layouts\default.md)
  Template render error: (C:\repos\nus-cs2103\cs2103-website-base\_markbind\layouts\css.md)
  Template render error: (C:\repos\nus-cs2103\cs2103-website-base\_markbind\layouts\default.md)
  Template render error: (C:\repos\nus-cs2103\cs2103-website-base\_markbind\layouts\header.md)
  Template render error: (C:\repos\nus-cs2103\cs2103-website-base\_markbind\layouts\default.md)
  Template render error: (C:\repos\nus-cs2103\cs2103-website-base\_markbind\layouts\header.md)
  Template render error: (C:\repos\nus-cs2103\cs2103-website-base\_markbind\layouts\default.md)
  Template render error: (C:\repos\nus-cs2103\cs2103-website-base\_markbind\layouts\header.md)
  Template render error: (C:\repos\nus-cs2103\cs2103-website-base\_markbind\layouts\default.md)
  Template render error: (C:\repos\nus-cs2103\cs2103-website-base\_markbind\layouts\header.md)
  Error: template not found: _module-TEE3201/textbookTopics.mbdf
    at Object._prettifyError (C:\Users\dcsdcr\AppData\Roaming\npm\node_modules\markbind-cli\node_modules\nunjucks\src\lib.js:36:11)
    at C:\Users\dcsdcr\AppData\Roaming\npm\node_modules\markbind-cli\node_modules\@markbind\core\src\patches\nunjucks\context-overrides-frame.js:383:17
    at Template.root [as rootRenderFunc] (eval at _compile (C:\Users\dcsdcr\AppData\Roaming\npm\node_modules\markbind-cli\node_modules\nunjucks\src\environment.js:631:18), <anonymous>:96:3)
    at Template.render (C:\Users\dcsdcr\AppData\Roaming\npm\node_modules\markbind-cli\node_modules\@markbind\core\src\patches\nunjucks\context-overrides-frame.js:372:8)
    at C:\Users\dcsdcr\AppData\Roaming\npm\node_modules\markbind-cli\node_modules\@markbind\core\src\patches\nunjucks\context-overrides-frame.js:54:25
    at createTemplate (C:\Users\dcsdcr\AppData\Roaming\npm\node_modules\markbind-cli\node_modules\@markbind\core\src\patches\nunjucks\load-event.js:121:7)
    at handle (C:\Users\dcsdcr\AppData\Roaming\npm\node_modules\markbind-cli\node_modules\@markbind\core\src\patches\nunjucks\load-event.js:133:9)
    at C:\Users\dcsdcr\AppData\Roaming\npm\node_modules\markbind-cli\node_modules\@markbind\core\src\patches\nunjucks\load-event.js:145:7
    at next (C:\Users\dcsdcr\AppData\Roaming\npm\node_modules\markbind-cli\node_modules\nunjucks\src\lib.js:326:7)
    at Object.asyncIter (C:\Users\dcsdcr\AppData\Roaming\npm\node_modules\markbind-cli\node_modules\nunjucks\src\lib.js:332:3)
    at Environment.getTemplate (C:\Users\dcsdcr\AppData\Roaming\npm\node_modules\markbind-cli\node_modules\@markbind\core\src\patches\nunjucks\load-event.js:127:7)
    at Environment.render (C:\Users\dcsdcr\AppData\Roaming\npm\node_modules\markbind-cli\node_modules\@markbind\core\src\patches\nunjucks\context-overrides-frame.js:48:8)
    at VariableRenderer.renderFile (C:\Users\dcsdcr\AppData\Roaming\npm\node_modules\markbind-cli\node_modules\@markbind\core\src\variables\VariableRenderer.js:59:20)
    at VariableProcessor.renderWithSiteVariables (C:\Users\dcsdcr\AppData\Roaming\npm\node_modules\markbind-cli\node_modules\@markbind\core\src\variables\VariableProcessor.js:157:53)
    at Layout.generate (C:\Users\dcsdcr\AppData\Roaming\npm\node_modules\markbind-cli\node_modules\@markbind\core\src\Layout\Layout.js:48:51)
    at LayoutManager.generateLayoutIfNeeded (C:\Users\dcsdcr\AppData\Roaming\npm\node_modules\markbind-cli\node_modules\@markbind\core\src\Layout\LayoutManager.js:51:61)
2021-12-12T08:01:10.282Z - warn:  Error: Error while generating undefined
    at C:\Users\dcsdcr\AppData\Roaming\npm\node_modules\markbind-cli\node_modules\@markbind\core\src\Site\index.js:1175:18
2021-12-12T08:01:11.751Z - info: Site data built
2021-12-12T08:02:18.431Z - info: [4:02:18 pm] Reload for file add: C:\repos\nus-cs2103\cs2103-website-base\_module-TEE3201\studentData.mbdf
2021-12-12T08:02:18.431Z - info: Synchronizing opened pages list before reload
2021-12-12T08:02:18.431Z - info: No pages are currently opened
2021-12-12T08:02:18.433Z - info: [4:02:18 pm] Reload for file add: C:\repos\nus-cs2103\cs2103-website-base\_module-TEE3201\textbookTopics.mbdf
2021-12-12T08:02:18.433Z - info: Synchronizing opened pages list before reload
2021-12-12T08:02:18.434Z - info: No pages are currently opened
2021-12-12T08:02:18.435Z - info: [4:02:18 pm] Reload for file add: C:\repos\nus-cs2103\cs2103-website-base\_module-TEE3201\weeklyAdminTopics.mbdf
2021-12-12T08:02:18.435Z - info: Synchronizing opened pages list before reload
2021-12-12T08:02:18.435Z - info: No pages are currently opened
2021-12-12T08:02:18.437Z - info: [4:02:18 pm] Reload for file add: C:\repos\nus-cs2103\cs2103-website-base\_module-TEE3201\weeklyAdminTasks.mbdf
2021-12-12T08:02:18.437Z - info: Synchronizing opened pages list before reload
2021-12-12T08:02:18.437Z - info: No pages are currently opened
2021-12-12T08:02:18.439Z - info: [4:02:18 pm] Reload for file add: C:\repos\nus-cs2103\cs2103-website-base\_module-TEE3201\weeklyIpTasks.mbdf
2021-12-12T08:02:18.439Z - info: Synchronizing opened pages list before reload
2021-12-12T08:02:18.439Z - info: No pages are currently opened
2021-12-12T08:02:29.252Z - info: [4:02:29 pm] Reload for file deletion: C:\repos\nus-cs2103\cs2103-website-base\_module-TE3201\studentData.mbdf
2021-12-12T08:02:29.252Z - info: Synchronizing opened pages list before reload
2021-12-12T08:02:29.252Z - info: No pages are currently opened
2021-12-12T08:02:29.252Z - info: [4:02:29 pm] Reload for file deletion: C:\repos\nus-cs2103\cs2103-website-base\_module-TE3201\textbookTopics.mbdf
2021-12-12T08:02:29.252Z - info: Synchronizing opened pages list before reload
2021-12-12T08:02:29.252Z - info: No pages are currently opened
2021-12-12T08:02:29.252Z - info: [4:02:29 pm] Reload for file deletion: C:\repos\nus-cs2103\cs2103-website-base\_module-TE3201\weeklyAdminTasks.mbdf
2021-12-12T08:02:29.253Z - info: Synchronizing opened pages list before reload
2021-12-12T08:02:29.253Z - info: No pages are currently opened
2021-12-12T08:02:29.253Z - info: [4:02:29 pm] Reload for file deletion: C:\repos\nus-cs2103\cs2103-website-base\_module-TE3201\weeklyAdminTopics.mbdf
2021-12-12T08:02:29.253Z - info: Synchronizing opened pages list before reload
2021-12-12T08:02:29.253Z - info: No pages are currently opened
2021-12-12T08:02:29.253Z - info: [4:02:29 pm] Reload for file deletion: C:\repos\nus-cs2103\cs2103-website-base\_module-TE3201\weeklyIpTasks.mbdf
2021-12-12T08:02:29.253Z - info: Synchronizing opened pages list before reload
2021-12-12T08:02:29.253Z - info: No pages are currently opened
2021-12-12T08:02:29.253Z - info: [4:02:29 pm] Reload for file deletion: C:\repos\nus-cs2103\cs2103-website-base\_module-TE3201\weeklyTextbookTopics.mbdf
2021-12-12T08:02:29.253Z - info: Synchronizing opened pages list before reload
2021-12-12T08:02:29.253Z - info: No pages are currently opened
2021-12-12T08:02:29.253Z - info: [4:02:29 pm] Reload for file deletion: C:\repos\nus-cs2103\cs2103-website-base\_module-TE3201\weeklyTpTasks.mbdf
2021-12-12T08:02:29.253Z - info: Synchronizing opened pages list before reload
2021-12-12T08:02:29.253Z - info: No pages are currently opened
2021-12-12T08:02:29.255Z - info: [4:02:29 pm] Reload for file add: C:\repos\nus-cs2103\cs2103-website-base\_module-TEE3201\weeklyTextbookTopics.mbdf
2021-12-12T08:02:29.255Z - info: Synchronizing opened pages list before reload
2021-12-12T08:02:29.255Z - info: No pages are currently opened
2021-12-12T08:02:29.256Z - info: [4:02:29 pm] Reload for file add: C:\repos\nus-cs2103\cs2103-website-base\_module-TEE3201\weeklyTpTasks.mbdf
2021-12-12T08:02:29.256Z - info: Synchronizing opened pages list before reload
2021-12-12T08:02:29.257Z - info: No pages are currently opened
2021-12-12T08:02:46.306Z - error: ENOENT: no such file or directory, lstat 'C:\repos\nus-cs2103\cs2103-website-base\cs2103'
2021-12-12T08:02:46.306Z - debug: Assets removed
2021-12-12T08:02:46.327Z - info: Assets built
2021-12-12T08:02:46.346Z - info: Assets built
2021-12-12T08:02:50.727Z - info: [4:02:50 pm] Reload for file add: C:\repos\nus-cs2103\cs2103-website-base\admin\index-tee3201.mbdf
2021-12-12T08:02:50.727Z - info: Synchronizing opened pages list before reload
2021-12-12T08:02:50.727Z - info: No pages are currently opened
2021-12-12T08:02:53.206Z - info: [4:02:53 pm] Reload for file deletion: C:\repos\nus-cs2103\cs2103-website-base\admin\index-te3201.mbdf
2021-12-12T08:02:53.206Z - info: Synchronizing opened pages list before reload
2021-12-12T08:02:53.206Z - info: No pages are currently opened
2021-12-12T08:02:55.427Z - info: Assets built
2021-12-12T08:02:56.399Z - debug: Assets removed
2021-12-12T08:25:18.103Z - info: Website generation (lazy) started at 4:25:18 pm
2021-12-12T08:25:23.792Z - info: Building assets...
2021-12-12T08:25:29.091Z - info: Assets built
2021-12-12T08:25:29.092Z - info: Generating landing page...
2021-12-12T08:25:30.788Z - info: Landing page built, other pages will be built as you navigate to them!
2021-12-12T08:25:31.600Z - info: Site data built
2021-12-12T08:25:31.600Z - info: Website generation (lazy) complete! Total build time: 13.6s
2021-12-12T08:25:32.376Z - info: Serving "C:\repos\nus-cs2103\cs2103-website-base\_site" at http://127.0.0.1:8080
2021-12-12T08:25:32.376Z - info: Press CTRL+C to stop ...
2021-12-12T08:27:12.265Z - info: Building C:\repos\nus-cs2103\cs2103-website-base\schedule\timeline as some of its dependencies were changed since the last visit
2021-12-12T08:27:15.440Z - info: Site data built
2021-12-12T08:27:15.440Z - info: Lazy website regeneration complete! Total build time: 3.176s
2021-12-12T08:27:27.779Z - info: Building C:\repos\nus-cs2103\cs2103-website-base\schedule\week1\index as some of its dependencies were changed since the last visit
2021-12-12T08:27:28.030Z - info: Site data built
2021-12-12T08:27:28.030Z - info: Lazy website regeneration complete! Total build time: 0.251s
2021-12-12T08:28:32.087Z - info: Website generation started at 4:28:30 pm
2021-12-12T08:28:36.752Z - info: Building assets...
2021-12-12T08:28:40.786Z - info: Assets built
2021-12-12T08:28:40.787Z - info: Generating pages...
2021-12-12T08:28:48.069Z - debug:  
2021-12-12T08:28:48.449Z - debug:  
2021-12-12T08:28:53.950Z - debug:  
2021-12-12T08:28:53.985Z - debug:  
2021-12-12T08:29:09.835Z - debug:  
2021-12-12T08:29:24.320Z - debug:  
2021-12-12T08:30:01.268Z - info: Pages built
2021-12-12T08:30:02.045Z - info: Site data built
2021-12-12T08:30:02.046Z - info: Website generation complete! Total build time: 91.78s
2021-12-12T08:30:02.785Z - info: Serving "C:\repos\nus-cs2103\cs2103-website-base\_site" at http://127.0.0.1:8080
2021-12-12T08:30:02.786Z - info: Press CTRL+C to stop ...
2021-12-12T08:36:13.775Z - info: [4:36:13 pm] Reload for file change: C:\repos\nus-cs2103\cs2103-website-base\admin\index-tee3201.mbdf
2021-12-12T08:36:14.791Z - info: Rebuilding 5 pages
2021-12-12T08:36:18.023Z - info: Site data built
2021-12-12T08:36:18.023Z - info: Pages rebuilt
2021-12-12T08:36:18.024Z - info: Website regeneration complete! Total build time: 3.234s
2021-12-12T08:39:09.082Z - info: [4:39:09 pm] Reload for file change: C:\repos\nus-cs2103\cs2103-website-base\admin\index-tee3201.mbdf
2021-12-12T08:39:10.093Z - info: Rebuilding 5 pages
2021-12-12T08:39:12.284Z - info: Site data built
2021-12-12T08:39:12.285Z - info: Pages rebuilt
2021-12-12T08:39:12.285Z - info: Website regeneration complete! Total build time: 2.193s
2021-12-12T08:41:00.154Z - info: [4:41:00 pm] Reload for file change: C:\repos\nus-cs2103\cs2103-website-base\admin\index-tee3201.mbdf
2021-12-12T08:41:01.165Z - info: Rebuilding 5 pages
2021-12-12T08:41:03.196Z - info: Site data built
2021-12-12T08:41:03.196Z - info: Pages rebuilt
2021-12-12T08:41:03.196Z - info: Website regeneration complete! Total build time: 2.032s
2021-12-12T09:07:22.978Z - info: Website generation (lazy) started at 5:07:18 pm
2021-12-12T09:07:28.258Z - info: Building assets...
2021-12-12T09:07:32.336Z - info: Assets built
2021-12-12T09:07:32.337Z - info: Generating landing page...
2021-12-12T09:07:33.974Z - info: Landing page built, other pages will be built as you navigate to them!
2021-12-12T09:07:34.731Z - info: Site data built
2021-12-12T09:07:34.731Z - info: Website generation (lazy) complete! Total build time: 16.212s
2021-12-12T09:07:35.557Z - info: Serving "C:\repos\nus-cs2103\cs2103-website-base\_site" at http://127.0.0.1:8080
2021-12-12T09:07:35.557Z - info: Press CTRL+C to stop ...
2021-12-12T09:12:22.194Z - info: [5:12:22 pm] Reload for file change: C:\repos\nus-cs2103\cs2103-website-base\admin\index-tee3201.mbdf
2021-12-12T09:12:22.195Z - info: Synchronizing opened pages list before reload
2021-12-12T09:12:22.195Z - info: Current opened pages, from most-to-least recent:
2021-12-12T09:12:22.195Z - info: 1. index
2021-12-12T09:12:23.205Z - info: Rebuilding 1 pages
2021-12-12T09:12:24.578Z - info: Site data built
2021-12-12T09:12:24.578Z - info: Pages rebuilt
2021-12-12T09:12:24.579Z - info: Website regeneration complete! Total build time: 1.377s
2021-12-12T09:44:50.732Z - info: Website generation (lazy) started at 5:44:48 pm
2021-12-12T09:44:56.555Z - info: Building assets...
2021-12-12T09:45:01.616Z - info: Assets built
2021-12-12T09:45:01.616Z - info: Generating landing page...
2021-12-12T09:45:02.322Z - info: Landing page built, other pages will be built as you navigate to them!
2021-12-12T09:45:03.145Z - info: Site data built
2021-12-12T09:45:03.145Z - info: Website generation (lazy) complete! Total build time: 14.782s
2021-12-12T09:45:03.985Z - info: Serving "C:\repos\nus-cs2103\cs2103-website-base\_site" at http://127.0.0.1:8080
2021-12-12T09:45:03.985Z - info: Press CTRL+C to stop ...
2021-12-12T09:45:13.670Z - info: Building C:\repos\nus-cs2103\cs2103-website-base\admin\index as some of its dependencies were changed since the last visit
2021-12-12T09:45:14.015Z - info: Site data built
2021-12-12T09:45:14.015Z - info: Lazy website regeneration complete! Total build time: 0.345s
2021-12-12T09:45:21.734Z - info: Building C:\repos\nus-cs2103\cs2103-website-base\admin\lectures as some of its dependencies were changed since the last visit
2021-12-12T09:45:21.942Z - info: Site data built
2021-12-12T09:45:21.943Z - info: Lazy website regeneration complete! Total build time: 0.21s
2021-12-12T13:49:53.219Z - info: Website generation (lazy) started at 9:49:51 pm
2021-12-12T13:49:57.585Z - info: Building assets...
2021-12-12T13:50:01.745Z - info: Assets built
2021-12-12T13:50:01.745Z - info: Generating landing page...
2021-12-12T13:50:02.288Z - info: Landing page built, other pages will be built as you navigate to them!
2021-12-12T13:50:03.012Z - info: Site data built
2021-12-12T13:50:03.012Z - info: Website generation (lazy) complete! Total build time: 11.272s
2021-12-12T13:50:03.688Z - info: Serving "C:\repos\nus-cs2103\cs2103-website-base\_site" at http://127.0.0.1:8080
2021-12-12T13:50:03.688Z - info: Press CTRL+C to stop ...
2021-12-12T14:32:51.147Z - info: [10:32:51 pm] Reload for file change: C:\repos\nus-cs2103\cs2103-website-base\_markbind\layouts\header.md
2021-12-12T14:32:51.149Z - info: Synchronizing opened pages list before reload
2021-12-12T14:32:51.150Z - info: Current opened pages, from most-to-least recent:
2021-12-12T14:32:51.151Z - info: 1. index
2021-12-12T14:32:52.408Z - info: Rebuilding 1 pages
2021-12-12T14:32:52.681Z - info: Site data built
2021-12-12T14:32:52.682Z - info: Pages rebuilt
2021-12-12T14:32:52.682Z - info: Website regeneration complete! Total build time: 0.275s
2021-12-12T14:33:09.330Z - info: [10:33:09 pm] Reload for file change: C:\repos\nus-cs2103\cs2103-website-base\_markbind\layouts\header.md
2021-12-12T14:33:09.330Z - info: Synchronizing opened pages list before reload
2021-12-12T14:33:09.330Z - info: Current opened pages, from most-to-least recent:
2021-12-12T14:33:09.330Z - info: 1. index
2021-12-12T14:33:10.484Z - info: Rebuilding 1 pages
2021-12-12T14:33:10.688Z - info: Site data built
2021-12-12T14:33:10.689Z - info: Pages rebuilt
2021-12-12T14:33:10.689Z - info: Website regeneration complete! Total build time: 0.205s
2021-12-12T14:33:35.493Z - info: [10:33:35 pm] Reload for file change: C:\repos\nus-cs2103\cs2103-website-base\_markbind\layouts\header.md
2021-12-12T14:33:35.493Z - info: Synchronizing opened pages list before reload
2021-12-12T14:33:35.493Z - info: Current opened pages, from most-to-least recent:
2021-12-12T14:33:35.493Z - info: 1. index
2021-12-12T14:33:36.682Z - info: Rebuilding 1 pages
2021-12-12T14:33:36.905Z - info: Site data built
2021-12-12T14:33:36.905Z - info: Pages rebuilt
2021-12-12T14:33:36.905Z - info: Website regeneration complete! Total build time: 0.223s
2021-12-12T14:37:35.115Z - info: [10:37:35 pm] Reload for file change: C:\repos\nus-cs2103\cs2103-website-base\_module-CS2113\textbookTopics.mbdf
2021-12-12T14:37:35.115Z - info: Synchronizing opened pages list before reload
2021-12-12T14:37:35.115Z - info: Current opened pages, from most-to-least recent:
2021-12-12T14:37:35.115Z - info: 1. index
2021-12-12T14:37:36.236Z - info: Rebuilding 1 pages
2021-12-12T14:37:36.467Z - info: Site data built
2021-12-12T14:37:36.467Z - info: Pages rebuilt
2021-12-12T14:37:36.467Z - info: Website regeneration complete! Total build time: 0.231s
2021-12-12T14:37:44.017Z - info: [10:37:44 pm] Reload for file change: C:\repos\nus-cs2103\cs2103-website-base\_module-CS2113\textbookTopics.mbdf
2021-12-12T14:37:44.017Z - info: Synchronizing opened pages list before reload
2021-12-12T14:37:44.017Z - info: Current opened pages, from most-to-least recent:
2021-12-12T14:37:44.017Z - info: 1. index
2021-12-12T14:37:45.121Z - info: Rebuilding 1 pages
2021-12-12T14:37:45.272Z - info: Site data built
2021-12-12T14:37:45.272Z - info: Pages rebuilt
2021-12-12T14:37:45.272Z - info: Website regeneration complete! Total build time: 0.152s
2021-12-12T14:38:13.684Z - info: [10:38:13 pm] Reload for file change: C:\repos\nus-cs2103\cs2103-website-base\_module-CS2113\weeklyAdminTopics.mbdf
2021-12-12T14:38:13.684Z - info: Synchronizing opened pages list before reload
2021-12-12T14:38:13.685Z - info: Current opened pages, from most-to-least recent:
2021-12-12T14:38:13.685Z - info: 1. index
2021-12-12T14:38:14.857Z - info: Rebuilding 1 pages
2021-12-12T14:38:15.067Z - info: Site data built
2021-12-12T14:38:15.068Z - info: Pages rebuilt
2021-12-12T14:38:15.068Z - info: Website regeneration complete! Total build time: 0.211s
2021-12-12T14:39:49.930Z - info: [10:39:49 pm] Reload for file change: C:\repos\nus-cs2103\cs2103-website-base\_module-CS2113\weeklyTextbookTopics.mbdf
2021-12-12T14:39:49.930Z - info: Synchronizing opened pages list before reload
2021-12-12T14:39:49.930Z - info: Current opened pages, from most-to-least recent:
2021-12-12T14:39:49.930Z - info: 1. index
2021-12-12T14:39:50.958Z - info: Assets built
2021-12-12T14:40:10.291Z - info: [10:40:10 pm] Reload for file change: C:\repos\nus-cs2103\cs2103-website-base\_module-CS2113\weeklyTextbookTopics.mbdf
2021-12-12T14:40:10.291Z - info: Synchronizing opened pages list before reload
2021-12-12T14:40:10.291Z - info: Current opened pages, from most-to-least recent:
2021-12-12T14:40:10.291Z - info: 1. index
2021-12-12T14:40:11.318Z - info: Assets built
2021-12-12T14:41:15.901Z - info: [10:41:15 pm] Reload for file change: C:\repos\nus-cs2103\cs2103-website-base\admin\admin-tasks.mbdf
2021-12-12T14:41:15.901Z - info: Synchronizing opened pages list before reload
2021-12-12T14:41:15.901Z - info: Current opened pages, from most-to-least recent:
2021-12-12T14:41:15.902Z - info: 1. index
2021-12-12T14:41:16.927Z - info: Assets built
2021-12-12T14:42:09.915Z - info: [10:42:09 pm] Reload for file change: C:\repos\nus-cs2103\cs2103-website-base\admin\admin-tasks.mbdf
2021-12-12T14:42:09.916Z - info: Synchronizing opened pages list before reload
2021-12-12T14:42:09.916Z - info: Current opened pages, from most-to-least recent:
2021-12-12T14:42:09.916Z - info: 1. index
2021-12-12T14:42:10.943Z - info: Assets built
2021-12-12T14:44:36.822Z - info: [10:44:36 pm] Reload for file change: C:\repos\nus-cs2103\cs2103-website-base\_module-CS2113\weeklyAdminTasks.mbdf
2021-12-12T14:44:36.822Z - info: Synchronizing opened pages list before reload
2021-12-12T14:44:36.822Z - info: Current opened pages, from most-to-least recent:
2021-12-12T14:44:36.822Z - info: 1. index
2021-12-12T14:44:36.845Z - info: [10:44:36 pm] Reload for file change: C:\repos\nus-cs2103\cs2103-website-base\admin\admin-tasks.mbdf
2021-12-12T14:44:36.845Z - info: Synchronizing opened pages list before reload
2021-12-12T14:44:36.845Z - info: Current opened pages, from most-to-least recent:
2021-12-12T14:44:36.845Z - info: 1. index
2021-12-12T14:44:37.850Z - info: Assets built
2021-12-12T14:52:20.826Z - info: [10:52:20 pm] Reload for file change: C:\repos\nus-cs2103\cs2103-website-base\admin\appendixE-gitHub.md
2021-12-12T14:52:20.826Z - info: Synchronizing opened pages list before reload
2021-12-12T14:52:20.826Z - info: Current opened pages, from most-to-least recent:
2021-12-12T14:52:20.826Z - info: 1. index
2021-12-12T14:52:21.839Z - info: Assets built
2021-12-12T14:52:29.843Z - info: Building C:\repos\nus-cs2103\cs2103-website-base\admin\appendixE-gitHub as some of its dependencies were changed since the last visit
2021-12-12T14:52:30.661Z - info: Site data built
2021-12-12T14:52:30.661Z - info: Lazy website regeneration complete! Total build time: 0.818s
2021-12-12T14:55:16.094Z - info: [10:55:16 pm] Reload for file change: C:\repos\nus-cs2103\cs2103-website-base\admin\common-commentary.mbdf
2021-12-12T14:55:16.094Z - info: Synchronizing opened pages list before reload
2021-12-12T14:55:16.094Z - info: Current opened pages, from most-to-least recent:
2021-12-12T14:55:16.094Z - info: 1. admin/appendixE-gitHub
2021-12-12T14:55:17.130Z - info: Assets built
2021-12-12T14:56:55.801Z - info: [10:56:55 pm] Reload for file change: C:\repos\nus-cs2103\cs2103-website-base\admin\common-commentary.mbdf
2021-12-12T14:56:55.802Z - info: Synchronizing opened pages list before reload
2021-12-12T14:56:55.802Z - info: Current opened pages, from most-to-least recent:
2021-12-12T14:56:55.802Z - info: 1. admin/appendixE-gitHub
2021-12-12T14:56:56.833Z - info: Assets built
2021-12-12T14:57:30.820Z - info: Building C:\repos\nus-cs2103\cs2103-website-base\schedule\timeline as some of its dependencies were changed since the last visit
2021-12-12T14:57:38.456Z - info: Site data built
2021-12-12T14:57:38.457Z - info: Lazy website regeneration complete! Total build time: 7.638s
2021-12-12T14:58:23.903Z - info: [10:58:23 pm] Reload for file change: C:\repos\nus-cs2103\cs2103-website-base\admin\common-commentary.mbdf
2021-12-12T14:58:23.903Z - info: Synchronizing opened pages list before reload
2021-12-12T14:58:23.903Z - info: Current opened pages, from most-to-least recent:
2021-12-12T14:58:23.903Z - info: 1. schedule/timeline
2021-12-12T14:58:24.945Z - info: Assets built
2021-12-12T15:00:12.400Z - info: [11:00:12 pm] Reload for file change: C:\repos\nus-cs2103\cs2103-website-base\admin\common-tutorials.mbdf
2021-12-12T15:00:12.401Z - info: Synchronizing opened pages list before reload
2021-12-12T15:00:12.401Z - info: Current opened pages, from most-to-least recent:
2021-12-12T15:00:12.401Z - info: 1. schedule/timeline
2021-12-12T15:00:13.432Z - info: Assets built
2021-12-12T15:00:32.331Z - info: [11:00:32 pm] Reload for file change: C:\repos\nus-cs2103\cs2103-website-base\admin\common-tutorials.mbdf
2021-12-12T15:00:32.331Z - info: Synchronizing opened pages list before reload
2021-12-12T15:00:32.331Z - info: Current opened pages, from most-to-least recent:
2021-12-12T15:00:32.331Z - info: 1. schedule/timeline
2021-12-12T15:00:33.359Z - info: Assets built
2021-12-12T15:02:34.638Z - info: [11:02:34 pm] Reload for file change: C:\repos\nus-cs2103\cs2103-website-base\admin\exams.md
2021-12-12T15:02:34.638Z - info: Synchronizing opened pages list before reload
2021-12-12T15:02:34.638Z - info: Current opened pages, from most-to-least recent:
2021-12-12T15:02:34.639Z - info: 1. schedule/timeline
2021-12-12T15:02:35.646Z - info: Assets built
2021-12-12T15:04:19.412Z - info: [11:04:19 pm] Reload for file deletion: C:\repos\nus-cs2103\cs2103-website-base\admin\githubClassroomInfo.md
2021-12-12T15:04:19.413Z - info: Synchronizing opened pages list before reload
2021-12-12T15:04:19.413Z - info: Current opened pages, from most-to-least recent:
2021-12-12T15:04:19.413Z - info: 1. schedule/timeline
2021-12-12T15:04:22.720Z - debug: Assets removed
2021-12-12T15:04:23.909Z - info: [11:04:23 pm] Reload for file change: C:\repos\nus-cs2103\cs2103-website-base\_markbind\layouts\header.md
2021-12-12T15:04:23.909Z - info: Synchronizing opened pages list before reload
2021-12-12T15:04:23.909Z - info: Current opened pages, from most-to-least recent:
2021-12-12T15:04:23.909Z - info: 1. schedule/timeline
2021-12-12T15:04:25.149Z - info: Rebuilding 1 pages
2021-12-12T15:04:29.727Z - info: Site data built
2021-12-12T15:04:29.727Z - info: Pages rebuilt
2021-12-12T15:04:29.728Z - info: Website regeneration complete! Total build time: 4.579s
2021-12-12T15:05:46.062Z - info: [11:05:46 pm] Reload for file change: C:\repos\nus-cs2103\cs2103-website-base\admin\ip-tasks.mbdf
2021-12-12T15:05:46.062Z - info: Synchronizing opened pages list before reload
2021-12-12T15:05:46.063Z - info: Current opened pages, from most-to-least recent:
2021-12-12T15:05:46.063Z - info: 1. schedule/timeline
2021-12-12T15:05:47.073Z - info: Rebuilding 1 pages
2021-12-12T15:05:51.760Z - info: Site data built
2021-12-12T15:05:51.761Z - info: Pages rebuilt
2021-12-12T15:05:51.761Z - info: Website regeneration complete! Total build time: 4.69s
2021-12-12T15:06:27.443Z - info: Building C:\repos\nus-cs2103\cs2103-website-base\schedule\week4\project as some of its dependencies were changed since the last visit
2021-12-12T15:06:29.983Z - info: Site data built
2021-12-12T15:06:29.983Z - info: Lazy website regeneration complete! Total build time: 2.541s
2021-12-12T15:08:31.734Z - info: [11:08:31 pm] Reload for file change: C:\repos\nus-cs2103\cs2103-website-base\admin\lectures.md
2021-12-12T15:08:31.735Z - info: Synchronizing opened pages list before reload
2021-12-12T15:08:31.735Z - info: Current opened pages, from most-to-least recent:
2021-12-12T15:08:31.735Z - info: 1. schedule/week4/project
2021-12-12T15:08:32.744Z - info: Assets built
2021-12-12T15:10:10.526Z - info: [11:10:10 pm] Reload for file change: C:\repos\nus-cs2103\cs2103-website-base\admin\lectures.md
2021-12-12T15:10:10.526Z - info: Synchronizing opened pages list before reload
2021-12-12T15:10:10.527Z - info: Current opened pages, from most-to-least recent:
2021-12-12T15:10:10.527Z - info: 1. schedule/week4/project
2021-12-12T15:10:11.533Z - info: Assets built
2021-12-12T15:10:44.780Z - info: [11:10:44 pm] Reload for file change: C:\repos\nus-cs2103\cs2103-website-base\admin\lectures.md
2021-12-12T15:10:44.780Z - info: Synchronizing opened pages list before reload
2021-12-12T15:10:44.781Z - info: Current opened pages, from most-to-least recent:
2021-12-12T15:10:44.781Z - info: 1. schedule/week4/project
2021-12-12T15:10:45.797Z - info: Assets built
2021-12-12T15:11:37.392Z - info: [11:11:37 pm] Reload for file change: C:\repos\nus-cs2103\cs2103-website-base\admin\lectures.md
2021-12-12T15:11:37.392Z - info: Synchronizing opened pages list before reload
2021-12-12T15:11:37.392Z - info: Current opened pages, from most-to-least recent:
2021-12-12T15:11:37.392Z - info: 1. schedule/week4/project
2021-12-12T15:11:38.395Z - info: Assets built
2021-12-12T15:11:40.750Z - info: Building C:\repos\nus-cs2103\cs2103-website-base\admin\index as some of its dependencies were changed since the last visit
2021-12-12T15:11:41.218Z - info: Site data built
2021-12-12T15:11:41.218Z - info: Lazy website regeneration complete! Total build time: 0.469s
2021-12-12T15:11:52.891Z - info: Building C:\repos\nus-cs2103\cs2103-website-base\admin\lectures as some of its dependencies were changed since the last visit
2021-12-12T15:11:53.140Z - info: Site data built
2021-12-12T15:11:53.140Z - info: Lazy website regeneration complete! Total build time: 0.249s
2021-12-12T15:19:23.486Z - info: [11:19:23 pm] Reload for file change: C:\repos\nus-cs2103\cs2103-website-base\admin\tools.md
2021-12-12T15:19:23.486Z - info: Synchronizing opened pages list before reload
2021-12-12T15:19:23.486Z - info: Current opened pages, from most-to-least recent:
2021-12-12T15:19:23.486Z - info: 1. admin/lectures
2021-12-12T15:19:24.490Z - info: No pages needed to be rebuilt
2021-12-12T15:20:04.014Z - info: [11:20:04 pm] Reload for file change: C:\repos\nus-cs2103\cs2103-website-base\admin\tp-tasks.mbdf
2021-12-12T15:20:04.014Z - info: Synchronizing opened pages list before reload
2021-12-12T15:20:04.014Z - info: Current opened pages, from most-to-least recent:
2021-12-12T15:20:04.014Z - info: 1. admin/lectures
2021-12-12T15:20:04.045Z - info: [11:20:04 pm] Reload for file change: C:\repos\nus-cs2103\cs2103-website-base\admin\tp-deliverables-ppp.mbdf
2021-12-12T15:20:04.045Z - info: Synchronizing opened pages list before reload
2021-12-12T15:20:04.045Z - info: Current opened pages, from most-to-least recent:
2021-12-12T15:20:04.046Z - info: 1. admin/lectures
2021-12-12T15:20:05.025Z - info: No pages needed to be rebuilt
2021-12-12T15:27:14.581Z - info: [11:27:14 pm] Reload for file change: C:\repos\nus-cs2103\cs2103-website-base\admin\tp-tasks.mbdf
2021-12-12T15:27:14.581Z - info: Synchronizing opened pages list before reload
2021-12-12T15:27:14.581Z - info: Current opened pages, from most-to-least recent:
2021-12-12T15:27:14.581Z - info: 1. admin/lectures
2021-12-12T15:27:15.588Z - info: No pages needed to be rebuilt
2021-12-12T15:27:29.713Z - info: Building C:\repos\nus-cs2103\cs2103-website-base\admin\tp-w12 as some of its dependencies were changed since the last visit
2021-12-12T15:27:32.215Z - info: Site data built
2021-12-12T15:27:32.215Z - info: Lazy website regeneration complete! Total build time: 2.502s
2021-12-12T15:28:41.256Z - info: [11:28:41 pm] Reload for file change: C:\repos\nus-cs2103\cs2103-website-base\schedule\week7\notices-cs2113.mbdf
2021-12-12T15:28:41.257Z - info: Synchronizing opened pages list before reload
2021-12-12T15:28:41.257Z - info: Current opened pages, from most-to-least recent:
2021-12-12T15:28:41.258Z - info: 1. admin/tp-w12
2021-12-12T15:28:42.311Z - info: Assets built
2021-12-12T15:37:29.262Z - info: Website generation (lazy) started at 11:37:27 pm
2021-12-12T15:37:34.835Z - info: Building assets...
2021-12-12T15:37:39.977Z - info: Assets built
2021-12-12T15:37:39.978Z - info: Generating landing page...
2021-12-12T15:37:40.646Z - info: Landing page built, other pages will be built as you navigate to them!
2021-12-12T15:37:41.542Z - info: Site data built
2021-12-12T15:37:41.542Z - info: Website generation (lazy) complete! Total build time: 14.53s
2021-12-12T15:37:42.371Z - info: Serving "C:\repos\nus-cs2103\cs2103-website-base\_site" at http://127.0.0.1:8080
2021-12-12T15:37:42.371Z - info: Press CTRL+C to stop ...
2021-12-12T15:56:33.174Z - info: Website generation started at 11:56:31 pm
2021-12-12T15:56:38.728Z - info: Building assets...
2021-12-12T15:56:44.378Z - info: Assets built
2021-12-12T15:56:44.378Z - info: Generating pages...
2021-12-12T15:56:52.341Z - debug:  
2021-12-12T15:56:52.342Z - debug:  
2021-12-12T15:56:52.342Z - debug:  
2021-12-12T15:56:52.343Z - debug:  
2021-12-12T15:56:52.343Z - debug:  
2021-12-12T15:56:52.398Z - debug:  
2021-12-12T15:58:37.557Z - debug:  
2021-12-12T15:58:51.506Z - debug:  
2021-12-12T15:58:51.507Z - debug:  
2021-12-12T15:58:56.895Z - info: Pages built
2021-12-12T15:58:57.714Z - info: Site data built
2021-12-12T15:58:57.714Z - info: Website generation complete! Total build time: 146.47s
2021-12-12T15:58:57.714Z - info: Build success!
2021-12-12T15:59:10.030Z - info: Deployed at https://nus-cs2113-ay2122s2.github.io/website!
