2022-01-18T12:27:29.548Z - info: Website generation (lazy) started at 8:27:24 pm
2022-01-18T12:27:36.194Z - info: Building assets...
2022-01-18T12:27:41.036Z - info: Assets built
2022-01-18T12:27:41.037Z - info: Generating landing page...
2022-01-18T12:27:41.710Z - info: Landing page built, other pages will be built as you navigate to them!
2022-01-18T12:27:42.841Z - info: Site data built
2022-01-18T12:27:42.842Z - info: Website generation (lazy) complete! Total build time: 18.802s
2022-01-18T12:27:43.752Z - info: Serving "C:\repos\nus-cs2103\cs2103-website-base\_site" at http://127.0.0.1:8080
2022-01-18T12:27:43.752Z - info: Press CTRL+C to stop ...
2022-01-18T12:27:56.602Z - info: [8:27:56 pm] Reload for file change: C:\repos\nus-cs2103\cs2103-website-base\_markbind\variables.md
2022-01-18T12:27:56.602Z - info: Synchronizing opened pages list before reload
2022-01-18T12:27:56.602Z - info: Current opened pages, from most-to-least recent:
2022-01-18T12:27:56.602Z - info: 1. index
2022-01-18T12:27:57.675Z - warn: Rebuilding all pages as variables file was changed, or the --force-reload flag was set
2022-01-18T12:27:57.679Z - info: Rebuilding 1 pages
2022-01-18T12:27:58.020Z - info: Site data built
2022-01-18T12:27:58.020Z - info: Pages rebuilt
2022-01-18T12:27:58.020Z - info: Website regeneration complete! Total build time: 0.411s
2022-01-18T12:28:01.865Z - info: Building C:\repos\nus-cs2103\cs2103-website-base\schedule\week2\topics-py as some of its dependencies were changed since the last visit
2022-01-18T12:28:02.747Z - info: Site data built
2022-01-18T12:28:02.747Z - info: Lazy website regeneration complete! Total build time: 0.882s
2022-01-18T12:30:07.222Z - info: [8:30:07 pm] Reload for file change: C:\repos\nus-cs2103\cs2103-website-base\programming\if\e-gradeAnalyzerExtended.md
2022-01-18T12:30:07.223Z - info: Synchronizing opened pages list before reload
2022-01-18T12:30:07.223Z - info: Current opened pages, from most-to-least recent:
2022-01-18T12:30:07.223Z - info: 1. schedule/week2/topics-py
2022-01-18T12:30:08.230Z - info: Rebuilding 1 pages
2022-01-18T12:30:09.056Z - info: Site data built
2022-01-18T12:30:09.056Z - info: Pages rebuilt
2022-01-18T12:30:09.057Z - info: Website regeneration complete! Total build time: 0.828s
2022-01-18T12:30:24.332Z - info: [8:30:24 pm] Reload for file change: C:\repos\nus-cs2103\cs2103-website-base\programming\if\e-even.md
2022-01-18T12:30:24.332Z - info: Synchronizing opened pages list before reload
2022-01-18T12:30:24.333Z - info: Current opened pages, from most-to-least recent:
2022-01-18T12:30:24.333Z - info: 1. schedule/week2/topics-py
2022-01-18T12:30:25.338Z - info: Rebuilding 1 pages
2022-01-18T12:30:25.978Z - info: Site data built
2022-01-18T12:30:25.978Z - info: Pages rebuilt
2022-01-18T12:30:25.978Z - info: Website regeneration complete! Total build time: 0.641s
2022-01-18T12:30:43.684Z - info: [8:30:43 pm] Reload for file change: C:\repos\nus-cs2103\cs2103-website-base\programming\if\e-grades.md
2022-01-18T12:30:43.684Z - info: Synchronizing opened pages list before reload
2022-01-18T12:30:43.685Z - info: Current opened pages, from most-to-least recent:
2022-01-18T12:30:43.685Z - info: 1. schedule/week2/topics-py
2022-01-18T12:30:44.702Z - info: Rebuilding 1 pages
2022-01-18T12:30:45.490Z - info: Site data built
2022-01-18T12:30:45.490Z - info: Pages rebuilt
2022-01-18T12:30:45.491Z - info: Website regeneration complete! Total build time: 0.789s
2022-01-18T12:31:24.787Z - info: [8:31:24 pm] Reload for file change: C:\repos\nus-cs2103\cs2103-website-base\programming\while\e-vending-oneCoin.md
2022-01-18T12:31:24.788Z - info: Synchronizing opened pages list before reload
2022-01-18T12:31:24.789Z - info: Current opened pages, from most-to-least recent:
2022-01-18T12:31:24.789Z - info: 1. schedule/week2/topics-py
2022-01-18T12:31:25.807Z - info: Rebuilding 1 pages
2022-01-18T12:31:26.583Z - info: Site data built
2022-01-18T12:31:26.583Z - info: Pages rebuilt
2022-01-18T12:31:26.583Z - info: Website regeneration complete! Total build time: 0.777s
2022-01-18T12:31:47.504Z - info: [8:31:47 pm] Reload for file change: C:\repos\nus-cs2103\cs2103-website-base\programming\while\e-vending-multipleCoins.md
2022-01-18T12:31:47.505Z - info: Synchronizing opened pages list before reload
2022-01-18T12:31:47.505Z - info: Current opened pages, from most-to-least recent:
2022-01-18T12:31:47.505Z - info: 1. schedule/week2/topics-py
2022-01-18T12:31:48.521Z - info: Rebuilding 1 pages
2022-01-18T12:31:49.133Z - info: Site data built
2022-01-18T12:31:49.133Z - info: Pages rebuilt
2022-01-18T12:31:49.133Z - info: Website regeneration complete! Total build time: 0.613s
2022-01-18T12:32:08.237Z - info: [8:32:08 pm] Reload for file change: C:\repos\nus-cs2103\cs2103-website-base\programming\while\e-vending-allowAbort.md
2022-01-18T12:32:08.238Z - info: Synchronizing opened pages list before reload
2022-01-18T12:32:08.238Z - info: Current opened pages, from most-to-least recent:
2022-01-18T12:32:08.239Z - info: 1. schedule/week2/topics-py
2022-01-18T12:32:09.252Z - info: Rebuilding 1 pages
2022-01-18T12:32:09.949Z - info: Site data built
2022-01-18T12:32:09.949Z - info: Pages rebuilt
2022-01-18T12:32:09.949Z - info: Website regeneration complete! Total build time: 0.697s
2022-01-18T12:32:28.537Z - info: [8:32:28 pm] Reload for file change: C:\repos\nus-cs2103\cs2103-website-base\programming\while\e-vending-legitCoins.md
2022-01-18T12:32:28.538Z - info: Synchronizing opened pages list before reload
2022-01-18T12:32:28.538Z - info: Current opened pages, from most-to-least recent:
2022-01-18T12:32:28.538Z - info: 1. schedule/week2/topics-py
2022-01-18T12:32:29.546Z - info: Rebuilding 1 pages
2022-01-18T12:32:30.161Z - info: Site data built
2022-01-18T12:32:30.162Z - info: Pages rebuilt
2022-01-18T12:32:30.162Z - info: Website regeneration complete! Total build time: 0.618s
2022-01-18T12:32:54.822Z - info: [8:32:54 pm] Reload for file change: C:\repos\nus-cs2103\cs2103-website-base\programming\for\e-multiplicationTableExtended.md
2022-01-18T12:32:54.823Z - info: Synchronizing opened pages list before reload
2022-01-18T12:32:54.823Z - info: Current opened pages, from most-to-least recent:
2022-01-18T12:32:54.823Z - info: 1. schedule/week2/topics-py
2022-01-18T12:32:55.841Z - info: Rebuilding 1 pages
2022-01-18T12:32:56.625Z - info: Site data built
2022-01-18T12:32:56.625Z - info: Pages rebuilt
2022-01-18T12:32:56.625Z - info: Website regeneration complete! Total build time: 0.787s
2022-01-18T12:33:16.317Z - info: [8:33:16 pm] Reload for file change: C:\repos\nus-cs2103\cs2103-website-base\programming\for\e-threeDiceThrows.md
2022-01-18T12:33:16.317Z - info: Synchronizing opened pages list before reload
2022-01-18T12:33:16.317Z - info: Current opened pages, from most-to-least recent:
2022-01-18T12:33:16.318Z - info: 1. schedule/week2/topics-py
2022-01-18T12:33:17.333Z - info: Rebuilding 1 pages
2022-01-18T12:33:18.059Z - info: Site data built
2022-01-18T12:33:18.059Z - info: Pages rebuilt
2022-01-18T12:33:18.059Z - info: Website regeneration complete! Total build time: 0.728s
2022-01-18T12:33:31.663Z - info: [8:33:31 pm] Reload for file change: C:\repos\nus-cs2103\cs2103-website-base\programming\import\e-circleArea.md
2022-01-18T12:33:31.663Z - info: Synchronizing opened pages list before reload
2022-01-18T12:33:31.663Z - info: Current opened pages, from most-to-least recent:
2022-01-18T12:33:31.663Z - info: 1. schedule/week2/topics-py
2022-01-18T12:33:32.671Z - info: Rebuilding 1 pages
2022-01-18T12:33:33.167Z - info: Site data built
2022-01-18T12:33:33.167Z - info: Pages rebuilt
2022-01-18T12:33:33.168Z - info: Website regeneration complete! Total build time: 0.497s
2022-01-18T12:34:37.958Z - info: Website generation started at 8:34:36 pm
2022-01-18T12:34:43.558Z - info: Building assets...
2022-01-18T12:34:48.542Z - info: Assets built
2022-01-18T12:34:48.542Z - info: Generating pages...
2022-01-18T12:34:57.663Z - debug:  
2022-01-18T12:34:57.663Z - debug:  
2022-01-18T12:35:01.641Z - debug:  
2022-01-18T12:35:01.740Z - debug:  
2022-01-18T12:35:17.927Z - debug:  
2022-01-18T12:35:32.544Z - debug:  
2022-01-18T12:36:11.261Z - info: Pages built
2022-01-18T12:36:12.201Z - info: Site data built
2022-01-18T12:36:12.201Z - info: Website generation complete! Total build time: 96.027s
2022-01-18T12:36:12.202Z - info: Build success!
2022-01-18T12:38:07.649Z - info: The website has been deployed at: https://nus-tee3201.github.io/2022
