2022-01-28T07:33:41.071Z - info: Website generation started at 3:33:36 pm
2022-01-28T07:33:46.715Z - info: Building assets...
2022-01-28T07:33:52.075Z - info: Assets built
2022-01-28T07:33:52.076Z - info: Generating pages...
2022-01-28T07:34:01.392Z - debug:  
2022-01-28T07:34:01.393Z - debug:  
2022-01-28T07:34:01.393Z - debug:  
2022-01-28T07:34:01.393Z - debug:  
2022-01-28T07:34:01.393Z - debug:  
2022-01-28T07:34:01.394Z - debug:  
2022-01-28T07:35:52.219Z - debug:  
2022-01-28T07:36:04.914Z - debug:  
2022-01-28T07:36:04.915Z - debug:  
2022-01-28T07:36:09.722Z - info: Pages built
2022-01-28T07:36:10.732Z - info: Site data built
2022-01-28T07:36:10.733Z - info: Website generation complete! Total build time: 154.211s
2022-01-28T07:36:10.733Z - info: Build success!
2022-01-28T07:37:56.030Z - info: The website has been deployed at: https://nus-cs2103-ay2122s2.github.io/website
2022-01-28T12:53:45.245Z - info: Website generation started at 8:53:40 pm
2022-01-28T12:53:53.516Z - info: Building assets...
