2022-01-19T09:32:35.774Z - info: Website generation (lazy) started at 5:32:30 pm
2022-01-19T09:32:42.030Z - info: Building assets...
2022-01-19T09:32:47.777Z - info: Assets built
2022-01-19T09:32:47.778Z - info: Generating landing page...
2022-01-19T09:32:48.822Z - info: Landing page built, other pages will be built as you navigate to them!
2022-01-19T09:32:49.811Z - info: Site data built
2022-01-19T09:32:49.811Z - info: Website generation (lazy) complete! Total build time: 19.732s
2022-01-19T09:32:50.611Z - info: Serving "C:\repos\nus-cs2103\cs2103-website-base\_site" at http://127.0.0.1:8080
2022-01-19T09:32:50.611Z - info: Press CTRL+C to stop ...
2022-01-19T09:34:27.247Z - info: [5:34:27 pm] Reload for file change: C:\repos\nus-cs2103\cs2103-website-base\admin\participation.md
2022-01-19T09:34:27.248Z - info: Synchronizing opened pages list before reload
2022-01-19T09:34:27.249Z - info: Current opened pages, from most-to-least recent:
2022-01-19T09:34:27.249Z - info: 1. index
2022-01-19T09:34:28.262Z - info: Assets built
2022-01-19T09:34:33.318Z - info: Building C:\repos\nus-cs2103\cs2103-website-base\admin\index as some of its dependencies were changed since the last visit
2022-01-19T09:34:34.162Z - info: Site data built
2022-01-19T09:34:34.162Z - info: Lazy website regeneration complete! Total build time: 0.845s
2022-01-19T09:34:56.071Z - info: Building C:\repos\nus-cs2103\cs2103-website-base\admin\participation as some of its dependencies were changed since the last visit
2022-01-19T09:34:56.362Z - info: Site data built
2022-01-19T09:34:56.362Z - info: Lazy website regeneration complete! Total build time: 0.291s
2022-01-19T09:35:11.421Z - info: [5:35:11 pm] Reload for file change: C:\repos\nus-cs2103\cs2103-website-base\admin\participation.md
2022-01-19T09:35:11.422Z - info: Synchronizing opened pages list before reload
2022-01-19T09:35:11.422Z - info: Current opened pages, from most-to-least recent:
2022-01-19T09:35:11.422Z - info: 1. admin/participation
2022-01-19T09:35:12.432Z - info: Rebuilding 1 pages
2022-01-19T09:35:12.664Z - info: Site data built
2022-01-19T09:35:12.665Z - info: Pages rebuilt
2022-01-19T09:35:12.665Z - info: Website regeneration complete! Total build time: 0.234s
2022-01-19T09:36:01.486Z - info: Building C:\repos\nus-cs2103\cs2103-website-base\schedule\week2\index as some of its dependencies were changed since the last visit
2022-01-19T09:36:02.438Z - info: Site data built
2022-01-19T09:36:02.439Z - info: Lazy website regeneration complete! Total build time: 0.954s
2022-01-19T09:37:04.904Z - info: [5:37:04 pm] Reload for file change: C:\repos\nus-cs2103\cs2103-website-base\schedule\week2\notices-cs2103.mbdf
2022-01-19T09:37:04.905Z - info: Synchronizing opened pages list before reload
2022-01-19T09:37:04.905Z - info: Current opened pages, from most-to-least recent:
2022-01-19T09:37:04.905Z - info: 1. schedule/week2/index
2022-01-19T09:37:05.922Z - info: Rebuilding 1 pages
2022-01-19T09:37:06.456Z - info: Site data built
2022-01-19T09:37:06.456Z - info: Pages rebuilt
2022-01-19T09:37:06.456Z - info: Website regeneration complete! Total build time: 0.535s
2022-01-19T09:37:12.031Z - info: [5:37:12 pm] Reload for file change: C:\repos\nus-cs2103\cs2103-website-base\schedule\week2\notices-cs2103.mbdf
2022-01-19T09:37:12.031Z - info: Synchronizing opened pages list before reload
2022-01-19T09:37:12.031Z - info: Current opened pages, from most-to-least recent:
2022-01-19T09:37:12.031Z - info: 1. schedule/week2/index
2022-01-19T09:37:13.039Z - info: Rebuilding 1 pages
2022-01-19T09:37:13.455Z - info: Site data built
2022-01-19T09:37:13.456Z - info: Pages rebuilt
2022-01-19T09:37:13.456Z - info: Website regeneration complete! Total build time: 0.418s
2022-01-19T09:37:38.723Z - info: [5:37:38 pm] Reload for file change: C:\repos\nus-cs2103\cs2103-website-base\schedule\week2\notices-cs2103.mbdf
2022-01-19T09:37:38.724Z - info: Synchronizing opened pages list before reload
2022-01-19T09:37:38.724Z - info: Current opened pages, from most-to-least recent:
2022-01-19T09:37:38.724Z - info: 1. schedule/week2/index
2022-01-19T09:37:39.743Z - info: Rebuilding 1 pages
2022-01-19T09:37:40.453Z - info: Site data built
2022-01-19T09:37:40.454Z - info: Pages rebuilt
2022-01-19T09:37:40.454Z - info: Website regeneration complete! Total build time: 0.713s
2022-01-19T09:37:48.966Z - info: [5:37:48 pm] Reload for file change: C:\repos\nus-cs2103\cs2103-website-base\schedule\week2\notices-cs2103.mbdf
2022-01-19T09:37:48.966Z - info: Synchronizing opened pages list before reload
2022-01-19T09:37:48.966Z - info: Current opened pages, from most-to-least recent:
2022-01-19T09:37:48.966Z - info: 1. schedule/week2/index
2022-01-19T09:37:49.974Z - info: Rebuilding 1 pages
2022-01-19T09:37:50.431Z - info: Site data built
2022-01-19T09:37:50.431Z - info: Pages rebuilt
2022-01-19T09:37:50.431Z - info: Website regeneration complete! Total build time: 0.457s
2022-01-19T09:38:34.448Z - info: [5:38:34 pm] Reload for file change: C:\repos\nus-cs2103\cs2103-website-base\schedule\week2\notices-cs2103.mbdf
2022-01-19T09:38:34.448Z - info: Synchronizing opened pages list before reload
2022-01-19T09:38:34.449Z - info: Current opened pages, from most-to-least recent:
2022-01-19T09:38:34.449Z - info: 1. schedule/week2/index
2022-01-19T09:38:35.460Z - info: Rebuilding 1 pages
2022-01-19T09:38:35.889Z - info: Site data built
2022-01-19T09:38:35.890Z - info: Pages rebuilt
2022-01-19T09:38:35.890Z - info: Website regeneration complete! Total build time: 0.43s
2022-01-19T09:38:47.867Z - info: [5:38:47 pm] Reload for file change: C:\repos\nus-cs2103\cs2103-website-base\schedule\week2\notices-cs2103.mbdf
2022-01-19T09:38:47.867Z - info: Synchronizing opened pages list before reload
2022-01-19T09:38:47.868Z - info: Current opened pages, from most-to-least recent:
2022-01-19T09:38:47.868Z - info: 1. schedule/week2/index
2022-01-19T09:38:48.876Z - info: Rebuilding 1 pages
2022-01-19T09:38:49.274Z - info: Site data built
2022-01-19T09:38:49.274Z - info: Pages rebuilt
2022-01-19T09:38:49.274Z - info: Website regeneration complete! Total build time: 0.399s
2022-01-19T09:39:10.372Z - info: [5:39:10 pm] Reload for file change: C:\repos\nus-cs2103\cs2103-website-base\schedule\week2\notices-cs2103.mbdf
2022-01-19T09:39:10.372Z - info: Synchronizing opened pages list before reload
2022-01-19T09:39:10.372Z - info: Current opened pages, from most-to-least recent:
2022-01-19T09:39:10.373Z - info: 1. schedule/week2/index
2022-01-19T09:39:11.385Z - info: Rebuilding 1 pages
2022-01-19T09:39:12.106Z - info: Site data built
2022-01-19T09:39:12.107Z - info: Pages rebuilt
2022-01-19T09:39:12.107Z - info: Website regeneration complete! Total build time: 0.724s
2022-01-19T09:39:15.902Z - info: Building C:\repos\nus-cs2103\cs2103-website-base\schedule\week1\index as some of its dependencies were changed since the last visit
2022-01-19T09:39:16.760Z - info: Site data built
2022-01-19T09:39:16.761Z - info: Lazy website regeneration complete! Total build time: 0.859s
2022-01-19T09:39:29.878Z - info: [5:39:29 pm] Reload for file change: C:\repos\nus-cs2103\cs2103-website-base\schedule\week2\notices-cs2103.mbdf
2022-01-19T09:39:29.878Z - info: Synchronizing opened pages list before reload
2022-01-19T09:39:29.878Z - info: Current opened pages, from most-to-least recent:
2022-01-19T09:39:29.878Z - info: 1. schedule/week2/index
2022-01-19T09:39:30.891Z - info: Rebuilding 1 pages
2022-01-19T09:39:31.288Z - info: Site data built
2022-01-19T09:39:31.288Z - info: Pages rebuilt
2022-01-19T09:39:31.288Z - info: Website regeneration complete! Total build time: 0.398s
2022-01-19T09:39:42.859Z - info: [5:39:42 pm] Reload for file change: C:\repos\nus-cs2103\cs2103-website-base\schedule\week2\notices-cs2103.mbdf
2022-01-19T09:39:42.860Z - info: Synchronizing opened pages list before reload
2022-01-19T09:39:42.860Z - info: Current opened pages, from most-to-least recent:
2022-01-19T09:39:42.861Z - info: 1. schedule/week2/index
2022-01-19T09:39:43.876Z - info: Rebuilding 1 pages
2022-01-19T09:39:44.251Z - info: Site data built
2022-01-19T09:39:44.252Z - info: Pages rebuilt
2022-01-19T09:39:44.252Z - info: Website regeneration complete! Total build time: 0.377s
2022-01-19T09:40:00.474Z - info: [5:40:00 pm] Reload for file change: C:\repos\nus-cs2103\cs2103-website-base\schedule\week2\notices-cs2103.mbdf
2022-01-19T09:40:00.474Z - info: Synchronizing opened pages list before reload
2022-01-19T09:40:00.475Z - info: Current opened pages, from most-to-least recent:
2022-01-19T09:40:00.475Z - info: 1. schedule/week2/index
2022-01-19T09:40:01.487Z - info: Rebuilding 1 pages
2022-01-19T09:40:02.122Z - info: Site data built
2022-01-19T09:40:02.122Z - info: Pages rebuilt
2022-01-19T09:40:02.123Z - info: Website regeneration complete! Total build time: 0.636s
2022-01-19T09:40:15.103Z - info: [5:40:15 pm] Reload for file change: C:\repos\nus-cs2103\cs2103-website-base\schedule\week2\notices-cs2103.mbdf
2022-01-19T09:40:15.103Z - info: Synchronizing opened pages list before reload
2022-01-19T09:40:15.103Z - info: Current opened pages, from most-to-least recent:
2022-01-19T09:40:15.103Z - info: 1. schedule/week2/index
2022-01-19T09:40:16.110Z - info: Rebuilding 1 pages
2022-01-19T09:40:16.546Z - info: Site data built
2022-01-19T09:40:16.546Z - info: Pages rebuilt
2022-01-19T09:40:16.546Z - info: Website regeneration complete! Total build time: 0.437s
2022-01-19T09:40:50.390Z - info: [5:40:50 pm] Reload for file change: C:\repos\nus-cs2103\cs2103-website-base\schedule\week2\notices-cs2103.mbdf
2022-01-19T09:40:50.390Z - info: Synchronizing opened pages list before reload
2022-01-19T09:40:50.391Z - info: Current opened pages, from most-to-least recent:
2022-01-19T09:40:50.391Z - info: 1. schedule/week2/index
2022-01-19T09:40:51.409Z - info: Rebuilding 1 pages
2022-01-19T09:40:51.815Z - info: Site data built
2022-01-19T09:40:51.815Z - info: Pages rebuilt
2022-01-19T09:40:51.815Z - info: Website regeneration complete! Total build time: 0.407s
2022-01-19T09:40:58.252Z - info: [5:40:58 pm] Reload for file change: C:\repos\nus-cs2103\cs2103-website-base\schedule\week2\notices-cs2103.mbdf
2022-01-19T09:40:58.252Z - info: Synchronizing opened pages list before reload
2022-01-19T09:40:58.252Z - info: Current opened pages, from most-to-least recent:
2022-01-19T09:40:58.252Z - info: 1. schedule/week2/index
2022-01-19T09:40:59.255Z - info: Rebuilding 1 pages
2022-01-19T09:40:59.643Z - info: Site data built
2022-01-19T09:40:59.643Z - info: Pages rebuilt
2022-01-19T09:40:59.643Z - info: Website regeneration complete! Total build time: 0.388s
2022-01-19T09:41:27.086Z - info: Website generation started at 5:41:25 pm
2022-01-19T09:41:32.273Z - info: Building assets...
2022-01-19T09:41:37.138Z - info: Assets built
2022-01-19T09:41:37.138Z - info: Generating pages...
2022-01-19T09:41:50.171Z - debug:  
2022-01-19T09:41:50.173Z - debug:  
2022-01-19T09:41:50.173Z - debug:  
2022-01-19T09:41:50.174Z - debug:  
2022-01-19T09:41:50.174Z - debug:  
2022-01-19T09:41:50.174Z - debug:  
2022-01-19T09:43:43.673Z - debug:  
2022-01-19T09:43:55.747Z - debug:  
2022-01-19T09:43:55.825Z - debug:  
2022-01-19T09:44:00.593Z - info: Pages built
2022-01-19T09:44:01.594Z - info: Site data built
2022-01-19T09:44:01.594Z - info: Website generation complete! Total build time: 156.531s
2022-01-19T09:44:01.594Z - info: Build success!
2022-01-19T09:45:45.902Z - info: The website has been deployed at: https://nus-cs2103-ay2122s2.github.io/website
2022-01-19T12:04:21.354Z - info: Website generation (lazy) started at 8:04:16 pm
2022-01-19T12:04:26.086Z - info: Building assets...
2022-01-19T12:04:30.790Z - info: Assets built
2022-01-19T12:04:30.790Z - info: Generating landing page...
2022-01-19T12:04:31.708Z - info: Landing page built, other pages will be built as you navigate to them!
2022-01-19T12:04:32.576Z - info: Site data built
2022-01-19T12:04:32.576Z - info: Website generation (lazy) complete! Total build time: 15.929s
2022-01-19T12:04:33.294Z - info: Serving "C:\repos\nus-cs2103\cs2103-website-base\_site" at http://127.0.0.1:8080
2022-01-19T12:04:33.294Z - info: Press CTRL+C to stop ...
2022-01-19T12:04:35.421Z - info: [8:04:35 pm] Reload for file change: C:\repos\nus-cs2103\cs2103-website-base\site.json
2022-01-19T12:04:35.422Z - info: Synchronizing opened pages list before reload
2022-01-19T12:04:35.422Z - info: No pages are currently opened
2022-01-19T12:04:39.592Z - info: Pages or site config modified, updating pages...
2022-01-19T12:04:44.448Z - warn:  RangeError: Invalid array length
    at ProgressBar.render (C:\Users\dcsdcr\AppData\Roaming\npm\node_modules\markbind-cli\node_modules\@markbind\core\src\lib\progress\node-progress.js:182:14)
    at Site.runPageGenerationTasks (C:\Users\dcsdcr\AppData\Roaming\npm\node_modules\markbind-cli\node_modules\@markbind\core\src\Site\index.js:1086:17)
    at Site._rebuildPagesBeingViewed (C:\Users\dcsdcr\AppData\Roaming\npm\node_modules\markbind-cli\node_modules\@markbind\core\src\Site\index.js:773:18)
    at Site.rebuildRequiredPages (C:\Users\dcsdcr\AppData\Roaming\npm\node_modules\markbind-cli\node_modules\@markbind\core\src\Site\index.js:851:18)
    at Site._rebuildSourceFiles (C:\Users\dcsdcr\AppData\Roaming\npm\node_modules\markbind-cli\node_modules\@markbind\core\src\Site\index.js:835:18)
    at async Site.handlePageReload (C:\Users\dcsdcr\AppData\Roaming\npm\node_modules\markbind-cli\node_modules\@markbind\core\src\Site\index.js:948:7)
    at async Site.reloadSiteConfig (C:\Users\dcsdcr\AppData\Roaming\npm\node_modules\markbind-cli\node_modules\@markbind\core\src\Site\index.js:911:5)
2022-01-19T12:04:48.952Z - info: Site data built
2022-01-19T12:05:11.844Z - info: Website generation (lazy) started at 8:05:11 pm
2022-01-19T12:05:16.366Z - info: Building assets...
2022-01-19T12:05:20.406Z - info: Assets built
2022-01-19T12:05:20.407Z - info: Generating landing page...
2022-01-19T12:05:21.256Z - info: Landing page built, other pages will be built as you navigate to them!
2022-01-19T12:05:21.877Z - info: Site data built
2022-01-19T12:05:21.877Z - info: Website generation (lazy) complete! Total build time: 10.05s
2022-01-19T12:05:22.611Z - info: Serving "C:\repos\nus-cs2103\cs2103-website-base\_site" at http://127.0.0.1:8080
2022-01-19T12:05:22.611Z - info: Press CTRL+C to stop ...
2022-01-19T12:05:52.759Z - info: Website generation started at 8:05:50 pm
2022-01-19T12:05:58.310Z - info: Building assets...
2022-01-19T12:06:03.386Z - info: Assets built
2022-01-19T12:06:03.387Z - info: Generating pages...
2022-01-19T12:06:14.500Z - debug:  
2022-01-19T12:06:14.500Z - debug:  
2022-01-19T12:06:14.501Z - debug:  
2022-01-19T12:06:14.501Z - debug:  
2022-01-19T12:06:14.501Z - debug:  
2022-01-19T12:06:14.501Z - debug:  
2022-01-19T12:08:07.375Z - debug:  
2022-01-19T12:08:21.925Z - debug:  
2022-01-19T12:08:22.074Z - debug:  
2022-01-19T12:08:27.324Z - info: Pages built
2022-01-19T12:08:28.485Z - info: Site data built
2022-01-19T12:08:28.486Z - info: Website generation complete! Total build time: 157.615s
2022-01-19T12:08:29.438Z - info: Serving "C:\repos\nus-cs2103\cs2103-website-base\_site" at http://127.0.0.1:8080
2022-01-19T12:08:29.438Z - info: Press CTRL+C to stop ...
2022-01-19T12:09:40.563Z - info: [8:09:40 pm] Reload for file change: C:\repos\nus-cs2103\cs2103-website-base\site.json
2022-01-19T12:09:44.583Z - info: Pages or site config modified, updating pages...
2022-01-19T12:09:47.906Z - warn: Rebuilding all pages...
2022-01-19T12:09:47.907Z - info: Generating pages...
2022-01-19T12:10:22.041Z - info: Website generation started at 8:10:16 pm
2022-01-19T12:10:28.595Z - info: Building assets...
2022-01-19T12:10:34.681Z - info: Assets built
2022-01-19T12:10:34.682Z - info: Generating pages...
2022-01-19T12:10:44.005Z - debug:  
2022-01-19T12:10:46.446Z - debug:  
2022-01-19T12:10:46.447Z - debug:  
2022-01-19T12:10:46.447Z - debug:  
2022-01-19T12:10:46.447Z - debug:  
2022-01-19T12:10:46.447Z - debug:  
2022-01-19T12:12:52.872Z - debug:  
2022-01-19T12:13:07.555Z - debug:  
2022-01-19T12:13:07.558Z - debug:  
2022-01-19T12:13:13.372Z - info: Pages built
2022-01-19T12:13:14.556Z - info: Site data built
2022-01-19T12:13:14.556Z - info: Website generation complete! Total build time: 178.326s
2022-01-19T12:13:15.427Z - info: Serving "C:\repos\nus-cs2103\cs2103-website-base\_site" at http://127.0.0.1:8080
2022-01-19T12:13:15.427Z - info: Press CTRL+C to stop ...
2022-01-19T12:14:40.286Z - info: [8:14:40 pm] Reload for file change: C:\repos\nus-cs2103\cs2103-website-base\site.json
2022-01-19T12:14:44.535Z - info: Pages or site config modified, updating pages...
2022-01-19T12:14:47.887Z - warn: Rebuilding all pages...
2022-01-19T12:14:47.888Z - info: Generating pages...
2022-01-19T12:14:57.044Z - info: [8:14:57 pm] Reload for file change: C:\repos\nus-cs2103\cs2103-website-base\site.json
2022-01-19T12:15:00.401Z - debug:  
2022-01-19T12:15:00.404Z - debug:  
2022-01-19T12:15:00.404Z - debug:  
2022-01-19T12:15:00.405Z - debug:  
2022-01-19T12:15:00.405Z - debug:  
2022-01-19T12:15:00.405Z - debug:  
2022-01-19T12:15:01.772Z - info: Pages or site config modified, updating pages...
2022-01-19T12:15:05.377Z - warn: Rebuilding all pages...
2022-01-19T12:15:05.377Z - info: Generating pages...
2022-01-19T12:15:14.195Z - debug:  
2022-01-19T12:15:14.198Z - debug:  
2022-01-19T12:15:16.653Z - debug:  
2022-01-19T12:15:16.653Z - debug:  
2022-01-19T12:15:16.659Z - debug:  
2022-01-19T12:15:16.666Z - debug:  
2022-01-19T12:15:16.672Z - debug:  
2022-01-19T12:15:16.706Z - debug:  
2022-01-19T12:15:47.054Z - info: [8:15:47 pm] Reload for file change: C:\repos\nus-cs2103\cs2103-website-base\site.json
2022-01-19T12:15:50.809Z - info: Pages or site config modified, updating pages...
2022-01-19T12:16:12.875Z - info: Website generation (lazy) started at 8:16:08 pm
2022-01-19T12:16:18.166Z - info: Building assets...
2022-01-19T12:16:22.886Z - info: Assets built
2022-01-19T12:16:22.887Z - info: Generating landing page...
2022-01-19T12:16:23.834Z - info: Landing page built, other pages will be built as you navigate to them!
2022-01-19T12:16:24.781Z - info: Site data built
2022-01-19T12:16:24.781Z - info: Website generation (lazy) complete! Total build time: 16.499s
2022-01-19T12:16:25.675Z - info: Serving "C:\repos\nus-cs2103\cs2103-website-base\_site" at http://127.0.0.1:8080
2022-01-19T12:16:25.675Z - info: Press CTRL+C to stop ...
2022-01-19T12:16:25.934Z - info: Building files that are not viewed in the background...
2022-01-19T12:16:40.011Z - debug:  
2022-01-19T12:16:40.011Z - debug:  
2022-01-19T12:16:40.011Z - debug:  
2022-01-19T12:16:40.011Z - debug:  
2022-01-19T12:16:40.011Z - debug:  
2022-01-19T12:16:40.403Z - debug:  
2022-01-19T12:16:51.813Z - warn:  Error: UNKNOWN: unknown error, open 'C:\repos\nus-cs2103\cs2103-website-base\_site\siteData.json'
2022-01-19T12:16:55.195Z - error:  Error: ENOENT: no such file or directory, open 'C:\repos\nus-cs2103\cs2103-website-base\_site\book\testing\testingTypes\unitTesting\what\unit-inElsewhere-asFlat._include_.html'
    at Object.openSync (fs.js:498:3)
    at Object.readFileSync (fs.js:394:35)
    at Object.<anonymous> (C:\Users\dcsdcr\AppData\Roaming\npm\node_modules\markbind-cli\node_modules\@markbind\core\src\Page\index.js:277:37)
    at initialize.exports.each (C:\Users\dcsdcr\AppData\Roaming\npm\node_modules\markbind-cli\node_modules\cheerio\lib\api\traversing.js:300:24)
    at Page.collectHeadingsAndKeywordsInContent (C:\Users\dcsdcr\AppData\Roaming\npm\node_modules\markbind-cli\node_modules\@markbind\core\src\Page\index.js:254:8)
    at Page.collectHeadingsAndKeywords (C:\Users\dcsdcr\AppData\Roaming\npm\node_modules\markbind-cli\node_modules\@markbind\core\src\Page\index.js:232:10)
    at Page.generate (C:\Users\dcsdcr\AppData\Roaming\npm\node_modules\markbind-cli\node_modules\@markbind\core\src\Page\index.js:489:10)
    at async C:\Users\dcsdcr\AppData\Roaming\npm\node_modules\markbind-cli\node_modules\@markbind\core\src\Site\index.js:1172:11
2022-01-19T12:16:55.611Z - error:  Error: ENOENT: no such file or directory, open 'C:\repos\nus-cs2103\cs2103-website-base\_site\book\testing\testingTypes\unitTesting\what\unit-inElsewhere-asFlat._include_.html'
    at Object.openSync (fs.js:498:3)
    at Object.readFileSync (fs.js:394:35)
    at Object.<anonymous> (C:\Users\dcsdcr\AppData\Roaming\npm\node_modules\markbind-cli\node_modules\@markbind\core\src\Page\index.js:277:37)
    at initialize.exports.each (C:\Users\dcsdcr\AppData\Roaming\npm\node_modules\markbind-cli\node_modules\cheerio\lib\api\traversing.js:300:24)
    at Page.collectHeadingsAndKeywordsInContent (C:\Users\dcsdcr\AppData\Roaming\npm\node_modules\markbind-cli\node_modules\@markbind\core\src\Page\index.js:254:8)
    at Page.collectHeadingsAndKeywords (C:\Users\dcsdcr\AppData\Roaming\npm\node_modules\markbind-cli\node_modules\@markbind\core\src\Page\index.js:232:10)
    at Page.generate (C:\Users\dcsdcr\AppData\Roaming\npm\node_modules\markbind-cli\node_modules\@markbind\core\src\Page\index.js:489:10)
    at async C:\Users\dcsdcr\AppData\Roaming\npm\node_modules\markbind-cli\node_modules\@markbind\core\src\Site\index.js:1172:11
2022-01-19T12:16:55.694Z - error:  Error: ENOENT: no such file or directory, open 'C:\repos\nus-cs2103\cs2103-website-base\_site\book\testing\testingTypes\unitTesting\what\unit-inElsewhere-asFlat._include_.html'
    at Object.openSync (fs.js:498:3)
    at Object.readFileSync (fs.js:394:35)
    at Object.<anonymous> (C:\Users\dcsdcr\AppData\Roaming\npm\node_modules\markbind-cli\node_modules\@markbind\core\src\Page\index.js:277:37)
    at initialize.exports.each (C:\Users\dcsdcr\AppData\Roaming\npm\node_modules\markbind-cli\node_modules\cheerio\lib\api\traversing.js:300:24)
    at Page.collectHeadingsAndKeywordsInContent (C:\Users\dcsdcr\AppData\Roaming\npm\node_modules\markbind-cli\node_modules\@markbind\core\src\Page\index.js:254:8)
    at Object.<anonymous> (C:\Users\dcsdcr\AppData\Roaming\npm\node_modules\markbind-cli\node_modules\@markbind\core\src\Page\index.js:288:18)
    at initialize.exports.each (C:\Users\dcsdcr\AppData\Roaming\npm\node_modules\markbind-cli\node_modules\cheerio\lib\api\traversing.js:300:24)
    at Page.collectHeadingsAndKeywordsInContent (C:\Users\dcsdcr\AppData\Roaming\npm\node_modules\markbind-cli\node_modules\@markbind\core\src\Page\index.js:254:8)
    at Page.collectHeadingsAndKeywords (C:\Users\dcsdcr\AppData\Roaming\npm\node_modules\markbind-cli\node_modules\@markbind\core\src\Page\index.js:232:10)
    at Page.generate (C:\Users\dcsdcr\AppData\Roaming\npm\node_modules\markbind-cli\node_modules\@markbind\core\src\Page\index.js:489:10)
    at async C:\Users\dcsdcr\AppData\Roaming\npm\node_modules\markbind-cli\node_modules\@markbind\core\src\Site\index.js:1172:11
2022-01-19T12:20:28.705Z - info: Website generation started at 8:20:28 pm
2022-01-19T12:20:33.338Z - info: Building assets...
2022-01-19T12:20:37.561Z - info: Assets built
2022-01-19T12:20:37.562Z - info: Generating pages...
2022-01-19T12:20:44.967Z - debug:  
2022-01-19T12:20:46.536Z - debug:  
2022-01-19T12:20:46.536Z - debug:  
2022-01-19T12:20:46.536Z - debug:  
2022-01-19T12:20:46.537Z - debug:  
2022-01-19T12:20:46.537Z - debug:  
2022-01-19T12:22:45.370Z - debug:  
2022-01-19T12:22:58.538Z - debug:  
2022-01-19T12:22:58.539Z - debug:  
2022-01-19T12:23:03.688Z - info: Pages built
2022-01-19T12:23:04.751Z - info: Site data built
2022-01-19T12:23:04.752Z - info: Website generation complete! Total build time: 156.272s
2022-01-19T12:23:05.633Z - info: Serving "C:\repos\nus-cs2103\cs2103-website-base\_site" at http://127.0.0.1:8080
2022-01-19T12:23:05.633Z - info: Press CTRL+C to stop ...
2022-01-19T12:24:11.660Z - info: [8:24:11 pm] Reload for file change: C:\repos\nus-cs2103\cs2103-website-base\site.json
2022-01-19T12:24:16.098Z - info: Pages or site config modified, updating pages...
2022-01-19T12:24:39.868Z - info: Website generation (lazy) started at 8:24:33 pm
2022-01-19T12:24:46.764Z - info: Building assets...
2022-01-19T12:24:52.274Z - info: Assets built
2022-01-19T12:24:52.275Z - info: Generating landing page...
2022-01-19T12:24:53.474Z - info: Landing page built, other pages will be built as you navigate to them!
2022-01-19T12:24:54.177Z - info: Site data built
2022-01-19T12:24:54.177Z - info: Website generation (lazy) complete! Total build time: 20.569s
2022-01-19T12:24:55.042Z - info: Serving "C:\repos\nus-cs2103\cs2103-website-base\_site" at http://127.0.0.1:8080
2022-01-19T12:24:55.042Z - info: Press CTRL+C to stop ...
2022-01-19T12:26:15.267Z - info: [8:26:15 pm] Reload for file change: C:\repos\nus-cs2103\cs2103-website-base\site.json
2022-01-19T12:26:15.269Z - info: Synchronizing opened pages list before reload
2022-01-19T12:26:15.269Z - info: Current opened pages, from most-to-least recent:
2022-01-19T12:26:15.270Z - info: 1. index
2022-01-19T12:26:19.691Z - info: Pages or site config modified, updating pages...
2022-01-19T12:26:23.419Z - info: Building C:\repos\nus-cs2103\cs2103-website-base\index as some of its dependencies were changed since the last visit
2022-01-19T12:26:24.444Z - info: Site data built
2022-01-19T12:26:24.444Z - info: Lazy website regeneration complete! Total build time: 1.025s
2022-01-19T12:26:24.458Z - info: Site data built
2022-01-19T12:26:34.607Z - info: [8:26:34 pm] Reload for file change: C:\repos\nus-cs2103\cs2103-website-base\site.json
2022-01-19T12:26:34.608Z - info: Synchronizing opened pages list before reload
2022-01-19T12:26:34.608Z - info: Current opened pages, from most-to-least recent:
2022-01-19T12:26:34.608Z - info: 1. index
2022-01-19T12:26:38.866Z - info: Pages or site config modified, updating pages...
2022-01-19T12:26:42.516Z - info: Building C:\repos\nus-cs2103\cs2103-website-base\index as some of its dependencies were changed since the last visit
2022-01-19T12:26:43.166Z - info: Site data built
2022-01-19T12:26:43.166Z - info: Lazy website regeneration complete! Total build time: 0.651s
2022-01-19T12:26:43.175Z - info: Site data built
2022-01-19T12:28:26.113Z - info: [8:28:26 pm] Reload for file change: C:\repos\nus-cs2103\cs2103-website-base\site.json
2022-01-19T12:28:26.114Z - info: Synchronizing opened pages list before reload
2022-01-19T12:28:26.114Z - info: Current opened pages, from most-to-least recent:
2022-01-19T12:28:26.114Z - info: 1. index
2022-01-19T12:28:28.928Z - info: [8:28:28 pm] Reload for file change: C:\repos\nus-cs2103\cs2103-website-base\site.json
2022-01-19T12:28:28.928Z - info: Synchronizing opened pages list before reload
2022-01-19T12:28:28.928Z - info: Current opened pages, from most-to-least recent:
2022-01-19T12:28:28.928Z - info: 1. index
2022-01-19T12:28:32.095Z - info: No pages needed to be rebuilt
2022-01-19T12:28:32.103Z - info: Pages or site config modified, updating pages...
2022-01-19T12:28:35.489Z - info: Building C:\repos\nus-cs2103\cs2103-website-base\index as some of its dependencies were changed since the last visit
2022-01-19T12:28:36.272Z - info: Site data built
2022-01-19T12:28:36.273Z - info: Lazy website regeneration complete! Total build time: 0.785s
2022-01-19T12:28:36.283Z - info: Site data built
2022-01-19T12:32:28.011Z - info: [8:32:28 pm] Reload for file change: C:\repos\nus-cs2103\cs2103-website-base\site.json
2022-01-19T12:32:28.012Z - info: Synchronizing opened pages list before reload
2022-01-19T12:32:28.012Z - info: Current opened pages, from most-to-least recent:
2022-01-19T12:32:28.012Z - info: 1. index
2022-01-19T12:32:31.629Z - info: Pages or site config modified, updating pages...
2022-01-19T12:32:34.549Z - info: Building C:\repos\nus-cs2103\cs2103-website-base\index as some of its dependencies were changed since the last visit
2022-01-19T12:32:35.008Z - info: Site data built
2022-01-19T12:32:35.008Z - info: Lazy website regeneration complete! Total build time: 0.459s
2022-01-19T12:32:35.016Z - info: Site data built
2022-01-19T12:33:11.903Z - info: [8:33:11 pm] Reload for file change: C:\repos\nus-cs2103\cs2103-website-base\site.json
2022-01-19T12:33:11.904Z - info: Synchronizing opened pages list before reload
2022-01-19T12:33:11.904Z - info: Current opened pages, from most-to-least recent:
2022-01-19T12:33:11.904Z - info: 1. index
2022-01-19T12:33:15.125Z - info: Pages or site config modified, updating pages...
2022-01-19T12:33:17.925Z - info: Building C:\repos\nus-cs2103\cs2103-website-base\index as some of its dependencies were changed since the last visit
2022-01-19T12:33:18.453Z - info: Site data built
2022-01-19T12:33:18.453Z - info: Lazy website regeneration complete! Total build time: 0.528s
2022-01-19T12:33:18.462Z - info: Site data built
2022-01-19T12:33:40.611Z - info: Website generation (lazy) started at 8:33:39 pm
2022-01-19T12:33:45.070Z - info: Building assets...
2022-01-19T12:33:49.382Z - info: Assets built
2022-01-19T12:33:49.382Z - info: Generating landing page...
2022-01-19T12:33:50.110Z - info: Landing page built, other pages will be built as you navigate to them!
2022-01-19T12:33:50.907Z - info: Site data built
2022-01-19T12:33:50.907Z - info: Website generation (lazy) complete! Total build time: 11.762s
2022-01-19T12:33:51.604Z - info: Serving "C:\repos\nus-cs2103\cs2103-website-base\_site" at http://127.0.0.1:8080
2022-01-19T12:33:51.604Z - info: Press CTRL+C to stop ...
2022-01-19T12:37:14.677Z - info: [8:37:14 pm] Reload for file change: C:\repos\nus-cs2103\cs2103-website-base\site.json
2022-01-19T12:37:14.681Z - info: Synchronizing opened pages list before reload
2022-01-19T12:37:14.683Z - info: Current opened pages, from most-to-least recent:
2022-01-19T12:37:14.684Z - info: 1. index
2022-01-19T12:37:18.163Z - info: Pages or site config modified, updating pages...
2022-01-19T12:37:21.039Z - info: Building C:\repos\nus-cs2103\cs2103-website-base\index as some of its dependencies were changed since the last visit
2022-01-19T12:37:21.671Z - info: Site data built
2022-01-19T12:37:21.671Z - info: Lazy website regeneration complete! Total build time: 0.632s
2022-01-19T12:37:21.679Z - info: Site data built
2022-01-19T12:42:42.595Z - info: [8:42:42 pm] Reload for file change: C:\repos\nus-cs2103\cs2103-website-base\site.json
2022-01-19T12:42:42.596Z - info: Synchronizing opened pages list before reload
2022-01-19T12:42:42.598Z - info: Current opened pages, from most-to-least recent:
2022-01-19T12:42:42.598Z - info: 1. index
2022-01-19T12:42:46.110Z - info: Pages or site config modified, updating pages...
2022-01-19T12:42:48.940Z - info: Building C:\repos\nus-cs2103\cs2103-website-base\index as some of its dependencies were changed since the last visit
2022-01-19T12:42:49.532Z - info: Site data built
2022-01-19T12:42:49.533Z - info: Lazy website regeneration complete! Total build time: 0.592s
2022-01-19T12:42:49.540Z - info: Site data built
2022-01-19T12:43:37.196Z - info: [8:43:37 pm] Reload for file change: C:\repos\nus-cs2103\cs2103-website-base\site.json
2022-01-19T12:43:37.196Z - info: Synchronizing opened pages list before reload
2022-01-19T12:43:37.196Z - info: Current opened pages, from most-to-least recent:
2022-01-19T12:43:37.196Z - info: 1. index
2022-01-19T12:43:40.401Z - info: Pages or site config modified, updating pages...
2022-01-19T12:43:43.207Z - info: Building C:\repos\nus-cs2103\cs2103-website-base\index as some of its dependencies were changed since the last visit
2022-01-19T12:43:43.614Z - info: Site data built
2022-01-19T12:43:43.614Z - info: Lazy website regeneration complete! Total build time: 0.407s
2022-01-19T12:43:43.622Z - info: Site data built
2022-01-19T12:44:33.174Z - info: [8:44:33 pm] Reload for file change: C:\repos\nus-cs2103\cs2103-website-base\site.json
2022-01-19T12:44:33.174Z - info: Synchronizing opened pages list before reload
2022-01-19T12:44:33.174Z - info: Current opened pages, from most-to-least recent:
2022-01-19T12:44:33.174Z - info: 1. index
2022-01-19T12:44:36.386Z - info: Pages or site config modified, updating pages...
2022-01-19T12:44:39.194Z - info: Building C:\repos\nus-cs2103\cs2103-website-base\index as some of its dependencies were changed since the last visit
2022-01-19T12:44:39.738Z - info: Site data built
2022-01-19T12:44:39.738Z - info: Lazy website regeneration complete! Total build time: 0.544s
2022-01-19T12:44:39.745Z - info: Site data built
2022-01-19T12:45:30.264Z - info: [8:45:30 pm] Reload for file change: C:\repos\nus-cs2103\cs2103-website-base\site.json
2022-01-19T12:45:30.264Z - info: Synchronizing opened pages list before reload
2022-01-19T12:45:30.265Z - info: Current opened pages, from most-to-least recent:
2022-01-19T12:45:30.265Z - info: 1. index
2022-01-19T12:45:33.508Z - info: Pages or site config modified, updating pages...
2022-01-19T12:45:36.382Z - info: Building C:\repos\nus-cs2103\cs2103-website-base\index as some of its dependencies were changed since the last visit
2022-01-19T12:45:36.822Z - info: Site data built
2022-01-19T12:45:36.822Z - info: Lazy website regeneration complete! Total build time: 0.44s
2022-01-19T12:45:36.829Z - info: Site data built
2022-01-19T12:47:42.092Z - info: [8:47:42 pm] Reload for file change: C:\repos\nus-cs2103\cs2103-website-base\site.json
2022-01-19T12:47:42.093Z - info: Synchronizing opened pages list before reload
2022-01-19T12:47:42.093Z - info: Current opened pages, from most-to-least recent:
2022-01-19T12:47:42.093Z - info: 1. index
2022-01-19T12:47:45.510Z - info: Pages or site config modified, updating pages...
2022-01-19T12:47:48.393Z - info: Building C:\repos\nus-cs2103\cs2103-website-base\index as some of its dependencies were changed since the last visit
2022-01-19T12:47:48.951Z - info: Site data built
2022-01-19T12:47:48.952Z - info: Lazy website regeneration complete! Total build time: 0.559s
2022-01-19T12:47:48.959Z - info: Site data built
2022-01-19T12:55:07.655Z - info: [8:55:07 pm] Reload for file change: C:\repos\nus-cs2103\cs2103-website-base\site.json
2022-01-19T12:55:07.655Z - info: Synchronizing opened pages list before reload
2022-01-19T12:55:07.655Z - info: Current opened pages, from most-to-least recent:
2022-01-19T12:55:07.655Z - info: 1. index
2022-01-19T12:55:10.988Z - info: Pages or site config modified, updating pages...
2022-01-19T12:55:13.800Z - info: Building C:\repos\nus-cs2103\cs2103-website-base\index as some of its dependencies were changed since the last visit
2022-01-19T12:55:14.354Z - info: Site data built
2022-01-19T12:55:14.354Z - info: Lazy website regeneration complete! Total build time: 0.555s
2022-01-19T12:55:14.361Z - info: Site data built
2022-01-19T12:55:22.734Z - info: [8:55:22 pm] Reload for file change: C:\repos\nus-cs2103\cs2103-website-base\site.json
2022-01-19T12:55:22.734Z - info: Synchronizing opened pages list before reload
2022-01-19T12:55:22.735Z - info: Current opened pages, from most-to-least recent:
2022-01-19T12:55:22.735Z - info: 1. index
2022-01-19T12:55:26.018Z - info: Pages or site config modified, updating pages...
2022-01-19T12:55:28.844Z - info: Building C:\repos\nus-cs2103\cs2103-website-base\index as some of its dependencies were changed since the last visit
2022-01-19T12:55:29.214Z - info: Site data built
2022-01-19T12:55:29.214Z - info: Lazy website regeneration complete! Total build time: 0.37s
2022-01-19T12:55:29.224Z - info: Site data built
2022-01-19T12:55:41.483Z - info: [8:55:41 pm] Reload for file change: C:\repos\nus-cs2103\cs2103-website-base\site.json
2022-01-19T12:55:41.484Z - info: Synchronizing opened pages list before reload
2022-01-19T12:55:41.484Z - info: Current opened pages, from most-to-least recent:
2022-01-19T12:55:41.484Z - info: 1. index
2022-01-19T12:55:44.814Z - info: Pages or site config modified, updating pages...
2022-01-19T12:55:47.697Z - info: Building C:\repos\nus-cs2103\cs2103-website-base\index as some of its dependencies were changed since the last visit
2022-01-19T12:55:48.054Z - info: Site data built
2022-01-19T12:55:48.054Z - info: Lazy website regeneration complete! Total build time: 0.357s
2022-01-19T12:55:48.063Z - info: Site data built
2022-01-19T13:05:43.434Z - info: [9:05:43 pm] Reload for file change: C:\repos\nus-cs2103\cs2103-website-base\site.json
2022-01-19T13:05:43.434Z - info: Synchronizing opened pages list before reload
2022-01-19T13:05:43.435Z - info: Current opened pages, from most-to-least recent:
2022-01-19T13:05:43.435Z - info: 1. index
2022-01-19T13:05:46.868Z - info: Pages or site config modified, updating pages...
2022-01-19T13:05:49.771Z - info: Building C:\repos\nus-cs2103\cs2103-website-base\index as some of its dependencies were changed since the last visit
2022-01-19T13:05:50.509Z - info: Site data built
2022-01-19T13:05:50.509Z - info: Lazy website regeneration complete! Total build time: 0.738s
2022-01-19T13:05:50.517Z - info: Site data built
2022-01-19T13:06:05.755Z - info: [9:06:05 pm] Reload for file change: C:\repos\nus-cs2103\cs2103-website-base\site.json
2022-01-19T13:06:05.755Z - info: Synchronizing opened pages list before reload
2022-01-19T13:06:05.755Z - info: Current opened pages, from most-to-least recent:
2022-01-19T13:06:05.755Z - info: 1. index
2022-01-19T13:06:09.081Z - info: Pages or site config modified, updating pages...
2022-01-19T13:06:12.006Z - info: Building C:\repos\nus-cs2103\cs2103-website-base\index as some of its dependencies were changed since the last visit
2022-01-19T13:06:12.485Z - info: Site data built
2022-01-19T13:06:12.485Z - info: Lazy website regeneration complete! Total build time: 0.479s
2022-01-19T13:06:12.492Z - info: Site data built
2022-01-19T13:06:15.401Z - info: [9:06:15 pm] Reload for file change: C:\repos\nus-cs2103\cs2103-website-base\site.json
2022-01-19T13:06:15.401Z - info: Synchronizing opened pages list before reload
2022-01-19T13:06:15.401Z - info: Current opened pages, from most-to-least recent:
2022-01-19T13:06:15.401Z - info: 1. index
2022-01-19T13:06:18.683Z - info: Pages or site config modified, updating pages...
2022-01-19T13:06:21.549Z - info: Building C:\repos\nus-cs2103\cs2103-website-base\index as some of its dependencies were changed since the last visit
2022-01-19T13:06:21.933Z - info: Site data built
2022-01-19T13:06:21.933Z - info: Lazy website regeneration complete! Total build time: 0.384s
2022-01-19T13:06:21.939Z - info: Site data built
2022-01-19T13:06:41.862Z - info: [9:06:41 pm] Reload for file change: C:\repos\nus-cs2103\cs2103-website-base\site.json
2022-01-19T13:06:41.862Z - info: Synchronizing opened pages list before reload
2022-01-19T13:06:41.862Z - info: Current opened pages, from most-to-least recent:
2022-01-19T13:06:41.862Z - info: 1. index
2022-01-19T13:06:45.075Z - info: Pages or site config modified, updating pages...
2022-01-19T13:06:48.010Z - info: Building C:\repos\nus-cs2103\cs2103-website-base\index as some of its dependencies were changed since the last visit
2022-01-19T13:06:48.394Z - info: Site data built
2022-01-19T13:06:48.394Z - info: Lazy website regeneration complete! Total build time: 0.384s
2022-01-19T13:06:48.402Z - info: Site data built
2022-01-19T13:07:44.178Z - info: [9:07:44 pm] Reload for file change: C:\repos\nus-cs2103\cs2103-website-base\site.json
2022-01-19T13:07:44.178Z - info: Synchronizing opened pages list before reload
2022-01-19T13:07:44.178Z - info: Current opened pages, from most-to-least recent:
2022-01-19T13:07:44.179Z - info: 1. index
2022-01-19T13:07:47.752Z - info: Pages or site config modified, updating pages...
2022-01-19T13:07:50.713Z - info: Building C:\repos\nus-cs2103\cs2103-website-base\index as some of its dependencies were changed since the last visit
2022-01-19T13:07:51.299Z - info: Site data built
2022-01-19T13:07:51.300Z - info: Lazy website regeneration complete! Total build time: 0.587s
2022-01-19T13:07:51.307Z - info: Site data built
2022-01-19T13:07:57.743Z - info: [9:07:57 pm] Reload for file change: C:\repos\nus-cs2103\cs2103-website-base\site.json
2022-01-19T13:07:57.744Z - info: Synchronizing opened pages list before reload
2022-01-19T13:07:57.744Z - info: Current opened pages, from most-to-least recent:
2022-01-19T13:07:57.744Z - info: 1. index
2022-01-19T13:08:01.015Z - info: Pages or site config modified, updating pages...
2022-01-19T13:08:03.963Z - info: Building C:\repos\nus-cs2103\cs2103-website-base\index as some of its dependencies were changed since the last visit
2022-01-19T13:08:04.451Z - info: Site data built
2022-01-19T13:08:04.452Z - info: Lazy website regeneration complete! Total build time: 0.489s
2022-01-19T13:08:04.458Z - info: Site data built
2022-01-19T13:09:10.321Z - info: [9:09:10 pm] Reload for file change: C:\repos\nus-cs2103\cs2103-website-base\site.json
2022-01-19T13:09:10.322Z - info: Synchronizing opened pages list before reload
2022-01-19T13:09:10.323Z - info: Current opened pages, from most-to-least recent:
2022-01-19T13:09:10.323Z - info: 1. index
2022-01-19T13:09:13.652Z - info: Pages or site config modified, updating pages...
2022-01-19T13:09:16.499Z - info: Building C:\repos\nus-cs2103\cs2103-website-base\index as some of its dependencies were changed since the last visit
2022-01-19T13:09:17.139Z - info: Site data built
2022-01-19T13:09:17.140Z - info: Lazy website regeneration complete! Total build time: 0.641s
2022-01-19T13:09:17.148Z - info: Site data built
2022-01-19T13:53:05.882Z - info: Website generation started at 9:53:03 pm
2022-01-19T13:53:11.808Z - info: Building assets...
2022-01-19T13:53:16.993Z - info: Assets built
2022-01-19T13:53:16.994Z - info: Generating pages...
2022-01-19T13:53:28.432Z - debug:  
2022-01-19T13:53:28.468Z - debug:  
2022-01-19T13:53:28.470Z - debug:  
2022-01-19T13:53:28.470Z - debug:  
2022-01-19T13:53:28.470Z - debug:  
2022-01-19T13:54:00.493Z - debug:  
2022-01-19T13:54:50.031Z - info: Pages built
2022-01-19T13:54:51.042Z - info: Site data built
2022-01-19T13:54:51.042Z - info: Website generation complete! Total build time: 107.255s
2022-01-19T13:54:51.042Z - info: Build success!
2022-01-19T13:56:50.978Z - info: The website has been deployed at: https://nus-tic2002-2022.github.io/website
2022-01-19T14:40:40.373Z - info: Website generation (lazy) started at 10:40:35 pm
2022-01-19T14:40:46.101Z - info: Building assets...
2022-01-19T14:40:51.619Z - info: Assets built
2022-01-19T14:40:51.619Z - info: Generating landing page...
2022-01-19T14:40:52.620Z - info: Landing page built, other pages will be built as you navigate to them!
2022-01-19T14:40:53.550Z - info: Site data built
2022-01-19T14:40:53.550Z - info: Website generation (lazy) complete! Total build time: 17.839s
2022-01-19T14:40:54.462Z - info: Serving "C:\repos\nus-cs2103\cs2103-website-base\_site" at http://127.0.0.1:8080
2022-01-19T14:40:54.462Z - info: Press CTRL+C to stop ...
2022-01-19T14:41:02.026Z - info: Building C:\repos\nus-cs2103\cs2103-website-base\schedule\week3\index as some of its dependencies were changed since the last visit
2022-01-19T14:41:04.382Z - info: Site data built
2022-01-19T14:41:04.382Z - info: Lazy website regeneration complete! Total build time: 2.356s
2022-01-19T14:41:32.602Z - info: Building C:\repos\nus-cs2103\cs2103-website-base\schedule\week3\admin as some of its dependencies were changed since the last visit
2022-01-19T14:41:33.657Z - info: Site data built
2022-01-19T14:41:33.657Z - info: Lazy website regeneration complete! Total build time: 1.056s
2022-01-19T14:41:41.376Z - info: Building C:\repos\nus-cs2103\cs2103-website-base\schedule\week3\topics as some of its dependencies were changed since the last visit
2022-01-19T14:41:43.186Z - info: Site data built
2022-01-19T14:41:43.186Z - info: Lazy website regeneration complete! Total build time: 1.811s
2022-01-19T14:42:57.374Z - info: Building C:\repos\nus-cs2103\cs2103-website-base\schedule\week3\project as some of its dependencies were changed since the last visit
2022-01-19T14:42:59.208Z - info: Site data built
2022-01-19T14:42:59.208Z - info: Lazy website regeneration complete! Total build time: 1.834s
2022-01-19T14:45:17.510Z - info: Building C:\repos\nus-cs2103\cs2103-website-base\schedule\week3\tutorial as some of its dependencies were changed since the last visit
2022-01-19T14:45:18.221Z - info: Site data built
2022-01-19T14:45:18.221Z - info: Lazy website regeneration complete! Total build time: 0.711s
2022-01-19T14:53:16.763Z - info: Website generation started at 10:53:14 pm
2022-01-19T14:53:23.474Z - info: Building assets...
2022-01-19T14:53:29.152Z - info: Assets built
2022-01-19T14:53:29.153Z - info: Generating pages...
2022-01-19T14:53:39.253Z - debug:  
2022-01-19T14:53:41.615Z - debug:  
2022-01-19T14:53:41.654Z - debug:  
2022-01-19T14:53:41.664Z - debug:  
2022-01-19T14:53:41.664Z - debug:  
2022-01-19T14:53:41.665Z - debug:  
2022-01-19T14:56:14.773Z - debug:  
2022-01-19T14:56:32.872Z - debug:  
2022-01-19T14:56:32.908Z - debug:  
2022-01-19T14:56:40.476Z - info: Pages built
2022-01-19T14:56:42.099Z - info: Site data built
2022-01-19T14:56:42.099Z - info: Website generation complete! Total build time: 207.746s
2022-01-19T14:56:42.100Z - info: Build success!
2022-01-19T14:59:54.450Z - info: The website has been deployed at: https://nus-cs2103-ay2122s2.github.io/website
