2022-03-16T12:16:03.598Z - info: Website generation started at 8:15:56 pm
2022-03-16T12:16:09.102Z - info: Building assets...
2022-03-16T12:16:14.601Z - info: Assets built
2022-03-16T12:16:14.602Z - info: Generating pages...
2022-03-16T12:16:24.720Z - debug:  
2022-03-16T12:16:24.731Z - debug:  
2022-03-16T12:16:24.731Z - debug:  
2022-03-16T12:16:24.732Z - debug:  
2022-03-16T12:16:24.732Z - debug:  
2022-03-16T12:16:59.426Z - debug:  
2022-03-16T12:17:53.309Z - info: Pages built
2022-03-16T12:17:54.581Z - info: Site data built
2022-03-16T12:17:54.582Z - info: Website generation complete! Total build time: 117.833s
2022-03-16T12:17:54.582Z - info: Build success!
2022-03-16T12:20:14.386Z - info: The website has been deployed at: https://nus-tic2002-2022.github.io/website
2022-03-16T15:49:04.257Z - info: Website generation (lazy) started at 11:48:59 pm
2022-03-16T15:49:10.278Z - info: Building assets...
2022-03-16T15:49:14.549Z - info: Assets built
2022-03-16T15:49:14.549Z - info: Generating landing page...
2022-03-16T15:49:15.668Z - info: Landing page built, other pages will be built as you navigate to them!
2022-03-16T15:49:16.711Z - info: Site data built
2022-03-16T15:49:16.711Z - info: Website generation (lazy) complete! Total build time: 17.478s
2022-03-16T15:49:17.685Z - info: Serving "C:\repos\nus-cs2103\cs2103-website-base\_site" at http://127.0.0.1:8080
2022-03-16T15:49:17.685Z - info: Press CTRL+C to stop ...
2022-03-16T15:53:03.716Z - info: Building C:\repos\nus-cs2103\cs2103-website-base\schedule\week10\index as some of its dependencies were changed since the last visit
2022-03-16T15:53:04.643Z - info: Site data built
2022-03-16T15:53:04.643Z - info: Lazy website regeneration complete! Total build time: 0.928s
2022-03-16T15:53:11.171Z - info: Building C:\repos\nus-cs2103\cs2103-website-base\schedule\week10\tutorial as some of its dependencies were changed since the last visit
2022-03-16T15:53:11.363Z - info: Site data built
2022-03-16T15:53:11.363Z - info: Lazy website regeneration complete! Total build time: 0.192s
2022-03-16T15:53:14.240Z - info: Building C:\repos\nus-cs2103\cs2103-website-base\schedule\week10\topics as some of its dependencies were changed since the last visit
2022-03-16T15:53:15.566Z - info: Site data built
2022-03-16T15:53:15.567Z - info: Lazy website regeneration complete! Total build time: 1.328s
2022-03-16T15:53:33.409Z - info: Building C:\repos\nus-cs2103\cs2103-website-base\schedule\week10\admin as some of its dependencies were changed since the last visit
2022-03-16T15:53:33.837Z - info: Site data built
2022-03-16T15:53:33.838Z - info: Lazy website regeneration complete! Total build time: 0.43s
2022-03-16T15:53:44.215Z - info: Building C:\repos\nus-cs2103\cs2103-website-base\schedule\week10\project as some of its dependencies were changed since the last visit
2022-03-16T15:53:45.341Z - info: Site data built
2022-03-16T15:53:45.342Z - info: Lazy website regeneration complete! Total build time: 1.128s
2022-03-16T15:59:50.289Z - info: Building C:\repos\nus-cs2103\cs2103-website-base\schedule\week11\index as some of its dependencies were changed since the last visit
2022-03-16T15:59:50.855Z - info: Site data built
2022-03-16T15:59:50.855Z - info: Lazy website regeneration complete! Total build time: 0.567s
