2022-01-11T16:04:52.311Z - info: Website generation (lazy) started at 12:04:45 am
2022-01-11T16:04:59.342Z - info: Building assets...
2022-01-11T16:05:04.712Z - info: Assets built
2022-01-11T16:05:04.713Z - info: Generating landing page...
2022-01-11T16:05:06.859Z - info: Landing page built, other pages will be built as you navigate to them!
2022-01-11T16:05:07.834Z - info: Site data built
2022-01-11T16:05:07.835Z - info: Website generation (lazy) complete! Total build time: 22.223s
2022-01-11T16:05:08.807Z - info: Serving "C:\repos\nus-cs2103\cs2103-website-base\_site" at http://127.0.0.1:8080
2022-01-11T16:05:08.807Z - info: Press CTRL+C to stop ...
2022-01-11T16:06:13.550Z - info: Building C:\repos\nus-cs2103\cs2103-website-base\schedule\week1\index as some of its dependencies were changed since the last visit
2022-01-11T16:06:14.185Z - info: Site data built
2022-01-11T16:06:14.187Z - info: Lazy website regeneration complete! Total build time: 0.636s
2022-01-11T16:06:23.781Z - info: Building C:\repos\nus-cs2103\cs2103-website-base\schedule\week1\topics as some of its dependencies were changed since the last visit
2022-01-11T16:06:25.468Z - info: Site data built
2022-01-11T16:06:25.469Z - info: Lazy website regeneration complete! Total build time: 1.687s
2022-01-11T16:06:35.038Z - info: Building C:\repos\nus-cs2103\cs2103-website-base\schedule\week1\admin as some of its dependencies were changed since the last visit
2022-01-11T16:06:35.548Z - info: Site data built
2022-01-11T16:06:35.549Z - info: Lazy website regeneration complete! Total build time: 0.511s
2022-01-11T16:09:05.007Z - info: [12:09:05 am] Reload for file change: C:\repos\nus-cs2103\cs2103-website-base\admin\index-tic2002.mbdf
2022-01-11T16:09:05.007Z - info: Synchronizing opened pages list before reload
2022-01-11T16:09:05.007Z - info: Current opened pages, from most-to-least recent:
2022-01-11T16:09:05.008Z - info: 1. schedule/week1/admin
2022-01-11T16:09:06.027Z - info: Rebuilding 1 pages
2022-01-11T16:09:06.583Z - info: Site data built
2022-01-11T16:09:06.583Z - info: Pages rebuilt
2022-01-11T16:09:06.583Z - info: Website regeneration complete! Total build time: 0.558s
2022-01-11T16:09:17.334Z - info: Building C:\repos\nus-cs2103\cs2103-website-base\admin\index as some of its dependencies were changed since the last visit
2022-01-11T16:09:18.595Z - info: Site data built
2022-01-11T16:09:18.595Z - info: Lazy website regeneration complete! Total build time: 1.261s
2022-01-11T16:11:40.146Z - info: Website generation started at 12:11:38 am
2022-01-11T16:11:44.733Z - info: Building assets...
2022-01-11T16:11:48.686Z - info: Assets built
2022-01-11T16:11:48.686Z - info: Generating pages...
2022-01-11T16:12:00.187Z - debug:  
2022-01-11T16:12:00.188Z - debug:  
2022-01-11T16:12:00.188Z - debug:  
2022-01-11T16:12:00.189Z - debug:  
2022-01-11T16:12:00.189Z - debug:  
2022-01-11T16:12:31.492Z - debug:  
2022-01-11T16:13:24.732Z - info: Pages built
2022-01-11T16:13:25.646Z - info: Site data built
2022-01-11T16:13:25.646Z - info: Website generation complete! Total build time: 107.123s
2022-01-11T16:13:25.646Z - info: Build success!
2022-01-11T16:15:19.012Z - info: The website has been deployed at: https://nus-tic2002-2022.github.io/website
2022-01-12T03:13:33.208Z - info: Website generation (lazy) started at 11:13:28 am
2022-01-12T03:13:39.270Z - info: Building assets...
2022-01-12T03:13:44.533Z - info: Assets built
2022-01-12T03:13:44.534Z - info: Generating landing page...
2022-01-12T03:13:45.278Z - info: Landing page built, other pages will be built as you navigate to them!
2022-01-12T03:13:46.299Z - info: Site data built
2022-01-12T03:13:46.299Z - info: Website generation (lazy) complete! Total build time: 17.799s
2022-01-12T03:13:47.217Z - info: Serving "C:\repos\nus-cs2103\cs2103-website-base\_site" at http://127.0.0.1:8080
2022-01-12T03:13:47.217Z - info: Press CTRL+C to stop ...
2022-01-12T03:14:19.482Z - info: Building C:\repos\nus-cs2103\cs2103-website-base\admin\tutorials as some of its dependencies were changed since the last visit
2022-01-12T03:14:20.131Z - info: Site data built
2022-01-12T03:14:20.132Z - info: Lazy website regeneration complete! Total build time: 0.651s
2022-01-12T03:15:47.756Z - info: [11:15:47 am] Reload for file change: C:\repos\nus-cs2103\cs2103-website-base\admin\common-notices.mbdf
2022-01-12T03:15:47.756Z - info: Synchronizing opened pages list before reload
2022-01-12T03:15:47.757Z - info: Current opened pages, from most-to-least recent:
2022-01-12T03:15:47.757Z - info: 1. admin/tutorials
2022-01-12T03:15:48.789Z - info: Assets built
2022-01-12T03:15:52.280Z - info: Building C:\repos\nus-cs2103\cs2103-website-base\schedule\week1\index as some of its dependencies were changed since the last visit
2022-01-12T03:15:53.281Z - info: Site data built
2022-01-12T03:15:53.281Z - info: Lazy website regeneration complete! Total build time: 1.001s
2022-01-12T03:16:28.666Z - info: [11:16:28 am] Reload for file change: C:\repos\nus-cs2103\cs2103-website-base\admin\common-notices.mbdf
2022-01-12T03:16:28.667Z - info: Synchronizing opened pages list before reload
2022-01-12T03:16:28.667Z - info: Current opened pages, from most-to-least recent:
2022-01-12T03:16:28.667Z - info: 1. schedule/week1/index
2022-01-12T03:16:29.681Z - info: Rebuilding 1 pages
2022-01-12T03:16:30.406Z - info: Site data built
2022-01-12T03:16:30.406Z - info: Pages rebuilt
2022-01-12T03:16:30.406Z - info: Website regeneration complete! Total build time: 0.725s
2022-01-12T03:16:52.041Z - info: [11:16:52 am] Reload for file change: C:\repos\nus-cs2103\cs2103-website-base\admin\common-notices.mbdf
2022-01-12T03:16:52.041Z - info: Synchronizing opened pages list before reload
2022-01-12T03:16:52.041Z - info: Current opened pages, from most-to-least recent:
2022-01-12T03:16:52.041Z - info: 1. schedule/week1/index
2022-01-12T03:16:53.062Z - info: Rebuilding 1 pages
2022-01-12T03:16:53.585Z - info: Site data built
2022-01-12T03:16:53.586Z - info: Pages rebuilt
2022-01-12T03:16:53.586Z - info: Website regeneration complete! Total build time: 0.525s
2022-01-12T03:17:52.029Z - info: Website generation started at 11:17:50 am
2022-01-12T03:17:57.718Z - info: Building assets...
2022-01-12T03:18:01.934Z - info: Assets built
2022-01-12T03:18:01.934Z - info: Generating pages...
2022-01-12T03:18:10.260Z - debug:  
2022-01-12T03:18:10.262Z - debug:  
2022-01-12T03:18:10.263Z - debug:  
2022-01-12T03:18:12.534Z - debug:  
2022-01-12T03:18:12.534Z - debug:  
2022-01-12T03:18:12.534Z - debug:  
2022-01-12T03:19:53.084Z - debug:  
2022-01-12T03:20:03.799Z - debug:  
2022-01-12T03:20:03.799Z - debug:  
2022-01-12T03:20:08.102Z - info: Pages built
2022-01-12T03:20:08.994Z - info: Site data built
2022-01-12T03:20:08.994Z - info: Website generation complete! Total build time: 138.864s
2022-01-12T03:20:08.994Z - info: Build success!
2022-01-12T03:22:00.671Z - info: The website has been deployed at: https://nus-cs2103-ay2122s2.github.io/website
2022-01-12T06:21:17.138Z - info: Website generation (lazy) started at 2:21:12 pm
2022-01-12T06:21:23.154Z - info: Building assets...
2022-01-12T06:21:27.485Z - info: Assets built
2022-01-12T06:21:27.485Z - info: Generating landing page...
2022-01-12T06:21:29.488Z - info: Landing page built, other pages will be built as you navigate to them!
2022-01-12T06:21:30.548Z - info: Site data built
2022-01-12T06:21:30.548Z - info: Website generation (lazy) complete! Total build time: 18.32s
2022-01-12T06:21:31.441Z - info: Serving "C:\repos\nus-cs2103\cs2103-website-base\_site" at http://127.0.0.1:8080
2022-01-12T06:21:31.441Z - info: Press CTRL+C to stop ...
2022-01-12T06:24:18.544Z - info: Building C:\repos\nus-cs2103\cs2103-website-base\schedule\week1\index as some of its dependencies were changed since the last visit
2022-01-12T06:24:19.314Z - info: Site data built
2022-01-12T06:24:19.314Z - info: Lazy website regeneration complete! Total build time: 0.77s
2022-01-12T06:24:23.630Z - info: Building C:\repos\nus-cs2103\cs2103-website-base\schedule\week1\topics as some of its dependencies were changed since the last visit
2022-01-12T06:24:25.473Z - info: Site data built
2022-01-12T06:24:25.474Z - info: Lazy website regeneration complete! Total build time: 1.843s
2022-01-12T06:24:36.319Z - info: [2:24:36 pm] Reload for file change: C:\repos\nus-cs2103\cs2103-website-base\book\cppToJava\javaWorld\what\text.md
2022-01-12T06:24:36.319Z - info: Synchronizing opened pages list before reload
2022-01-12T06:24:36.319Z - info: Current opened pages, from most-to-least recent:
2022-01-12T06:24:36.320Z - info: 1. schedule/week1/topics
2022-01-12T06:24:37.334Z - info: Rebuilding 1 pages
2022-01-12T06:24:38.613Z - info: Site data built
2022-01-12T06:24:38.613Z - info: Pages rebuilt
2022-01-12T06:24:38.613Z - info: Website regeneration complete! Total build time: 1.28s
2022-01-12T06:25:15.791Z - info: Building C:\repos\nus-cs2103\cs2103-website-base\admin\index as some of its dependencies were changed since the last visit
2022-01-12T06:25:17.445Z - info: Site data built
2022-01-12T06:25:17.445Z - info: Lazy website regeneration complete! Total build time: 1.655s
2022-01-12T06:28:24.194Z - info: [2:28:24 pm] Reload for file change: C:\repos\nus-cs2103\cs2103-website-base\_markbind\variables.md
2022-01-12T06:28:24.194Z - info: Synchronizing opened pages list before reload
2022-01-12T06:28:24.194Z - info: Current opened pages, from most-to-least recent:
2022-01-12T06:28:24.194Z - info: 1. admin/index
2022-01-12T06:28:25.295Z - warn:  Template render error: (unknown path) [Line 1, Column 57]
  expected variable end
    at Object._prettifyError (C:\Users\dcsdcr\AppData\Roaming\npm\node_modules\markbind-cli\node_modules\nunjucks\src\lib.js:36:11)
    at Template.render (C:\Users\dcsdcr\AppData\Roaming\npm\node_modules\markbind-cli\node_modules\@markbind\core\src\patches\nunjucks\context-overrides-frame.js:358:19)
    at Environment.renderString (C:\Users\dcsdcr\AppData\Roaming\npm\node_modules\markbind-cli\node_modules\@markbind\core\src\patches\nunjucks\context-overrides-frame.js:77:15)
    at VariableRenderer.renderString (C:\Users\dcsdcr\AppData\Roaming\npm\node_modules\markbind-cli\node_modules\@markbind\core\src\variables\VariableRenderer.js:46:20)
    at VariableProcessor.renderAndAddUserDefinedVariable (C:\Users\dcsdcr\AppData\Roaming\npm\node_modules\markbind-cli\node_modules\@markbind\core\src\variables\VariableProcessor.js:109:56)
    at Object.<anonymous> (C:\Users\dcsdcr\AppData\Roaming\npm\node_modules\markbind-cli\node_modules\@markbind\core\src\Site\index.js:608:32)
    at initialize.exports.each (C:\Users\dcsdcr\AppData\Roaming\npm\node_modules\markbind-cli\node_modules\cheerio\lib\api\traversing.js:300:24)
    at C:\Users\dcsdcr\AppData\Roaming\npm\node_modules\markbind-cli\node_modules\@markbind\core\src\Site\index.js:605:26
    at Set.forEach (<anonymous>)
    at Site.collectUserDefinedVariablesMap (C:\Users\dcsdcr\AppData\Roaming\npm\node_modules\markbind-cli\node_modules\@markbind\core\src\Site\index.js:583:21)
    at Site.collectUserDefinedVariablesMapIfNeeded (C:\Users\dcsdcr\AppData\Roaming\npm\node_modules\markbind-cli\node_modules\@markbind\core\src\Site\index.js:621:12)
    at Site.regenerateAffectedPages (C:\Users\dcsdcr\AppData\Roaming\npm\node_modules\markbind-cli\node_modules\@markbind\core\src\Site\index.js:1259:40)
    at Site._rebuildAffectedSourceFiles (C:\Users\dcsdcr\AppData\Roaming\npm\node_modules\markbind-cli\node_modules\@markbind\core\src\Site\index.js:747:18)
2022-01-12T06:28:44.719Z - info: [2:28:44 pm] Reload for file change: C:\repos\nus-cs2103\cs2103-website-base\_markbind\variables.md
2022-01-12T06:28:44.719Z - info: Synchronizing opened pages list before reload
2022-01-12T06:28:44.720Z - info: No pages are currently opened
2022-01-12T06:28:45.771Z - warn:  Template render error: (unknown path) [Line 1, Column 57]
  expected variable end
    at Object._prettifyError (C:\Users\dcsdcr\AppData\Roaming\npm\node_modules\markbind-cli\node_modules\nunjucks\src\lib.js:36:11)
    at Template.render (C:\Users\dcsdcr\AppData\Roaming\npm\node_modules\markbind-cli\node_modules\@markbind\core\src\patches\nunjucks\context-overrides-frame.js:358:19)
    at Environment.renderString (C:\Users\dcsdcr\AppData\Roaming\npm\node_modules\markbind-cli\node_modules\@markbind\core\src\patches\nunjucks\context-overrides-frame.js:77:15)
    at VariableRenderer.renderString (C:\Users\dcsdcr\AppData\Roaming\npm\node_modules\markbind-cli\node_modules\@markbind\core\src\variables\VariableRenderer.js:46:20)
    at VariableProcessor.renderAndAddUserDefinedVariable (C:\Users\dcsdcr\AppData\Roaming\npm\node_modules\markbind-cli\node_modules\@markbind\core\src\variables\VariableProcessor.js:109:56)
    at Object.<anonymous> (C:\Users\dcsdcr\AppData\Roaming\npm\node_modules\markbind-cli\node_modules\@markbind\core\src\Site\index.js:608:32)
    at initialize.exports.each (C:\Users\dcsdcr\AppData\Roaming\npm\node_modules\markbind-cli\node_modules\cheerio\lib\api\traversing.js:300:24)
    at C:\Users\dcsdcr\AppData\Roaming\npm\node_modules\markbind-cli\node_modules\@markbind\core\src\Site\index.js:605:26
    at Set.forEach (<anonymous>)
    at Site.collectUserDefinedVariablesMap (C:\Users\dcsdcr\AppData\Roaming\npm\node_modules\markbind-cli\node_modules\@markbind\core\src\Site\index.js:583:21)
    at Site.collectUserDefinedVariablesMapIfNeeded (C:\Users\dcsdcr\AppData\Roaming\npm\node_modules\markbind-cli\node_modules\@markbind\core\src\Site\index.js:621:12)
    at Site.regenerateAffectedPages (C:\Users\dcsdcr\AppData\Roaming\npm\node_modules\markbind-cli\node_modules\@markbind\core\src\Site\index.js:1259:40)
    at Site._rebuildAffectedSourceFiles (C:\Users\dcsdcr\AppData\Roaming\npm\node_modules\markbind-cli\node_modules\@markbind\core\src\Site\index.js:747:18)
2022-01-12T06:28:56.869Z - info: [2:28:56 pm] Reload for file change: C:\repos\nus-cs2103\cs2103-website-base\_markbind\variables.md
2022-01-12T06:28:56.870Z - info: Synchronizing opened pages list before reload
2022-01-12T06:28:56.870Z - info: No pages are currently opened
2022-01-12T06:28:57.939Z - warn: Rebuilding all pages as variables file was changed, or the --force-reload flag was set
2022-01-12T06:28:57.943Z - info: No pages needed to be rebuilt
2022-01-12T06:29:16.008Z - info: Website generation (lazy) started at 2:29:15 pm
2022-01-12T06:29:21.015Z - info: Building assets...
2022-01-12T06:29:25.902Z - info: Assets built
2022-01-12T06:29:25.902Z - info: Generating landing page...
2022-01-12T06:29:27.745Z - info: Landing page built, other pages will be built as you navigate to them!
2022-01-12T06:29:28.603Z - info: Site data built
2022-01-12T06:29:28.603Z - info: Website generation (lazy) complete! Total build time: 12.61s
2022-01-12T06:29:29.292Z - info: Serving "C:\repos\nus-cs2103\cs2103-website-base\_site" at http://127.0.0.1:8080
2022-01-12T06:29:29.292Z - info: Press CTRL+C to stop ...
2022-01-12T06:30:22.004Z - info: Website generation started at 2:30:20 pm
2022-01-12T06:30:26.922Z - info: Building assets...
2022-01-12T06:30:31.403Z - info: Assets built
2022-01-12T06:30:31.404Z - info: Generating pages...
2022-01-12T06:30:42.174Z - debug:  
2022-01-12T06:30:42.174Z - debug:  
2022-01-12T06:30:42.174Z - debug:  
2022-01-12T06:30:42.175Z - debug:  
2022-01-12T06:30:42.175Z - debug:  
2022-01-12T06:31:10.106Z - debug:  
2022-01-12T06:31:54.813Z - info: Pages built
2022-01-12T06:31:55.648Z - info: Site data built
2022-01-12T06:31:55.648Z - info: Website generation complete! Total build time: 95.235s
2022-01-12T06:31:55.648Z - info: Build success!
2022-01-12T06:37:12.083Z - info: The website has been deployed at: https://nus-tic2002-2022.github.io/website
2022-01-12T12:36:05.457Z - info: Website generation started at 8:36:01 pm
2022-01-12T12:36:10.534Z - info: Building assets...
2022-01-12T12:36:15.024Z - info: Assets built
2022-01-12T12:36:15.024Z - info: Generating pages...
2022-01-12T12:36:24.286Z - debug:  
2022-01-12T12:36:24.286Z - debug:  
2022-01-12T12:36:24.286Z - debug:  
2022-01-12T12:36:24.286Z - debug:  
2022-01-12T12:36:24.287Z - debug:  
2022-01-12T12:36:50.972Z - debug:  
2022-01-12T12:37:32.035Z - info: Pages built
2022-01-12T12:37:32.923Z - info: Site data built
2022-01-12T12:37:32.923Z - info: Website generation complete! Total build time: 91.511s
2022-01-12T12:37:32.924Z - info: Build success!
2022-01-12T12:38:54.144Z - info: The website has been deployed at: https://nus-tic2002-2022.github.io/website
