2022-03-08T12:54:21.580Z - info: Website generation started at 8:54:16 pm
2022-03-08T12:54:27.163Z - info: Building assets...
2022-03-08T12:54:31.681Z - info: Assets built
2022-03-08T12:54:31.682Z - info: Generating pages...
2022-03-08T12:54:40.619Z - debug:  
2022-03-08T12:54:40.620Z - debug:  
2022-03-08T12:54:45.951Z - debug:  
2022-03-08T12:54:45.956Z - debug:  
2022-03-08T12:55:03.438Z - debug:  
2022-03-08T12:55:18.867Z - debug:  
2022-03-08T12:56:01.872Z - info: Pages built
2022-03-08T12:56:02.954Z - info: Site data built
2022-03-08T12:56:02.954Z - info: Website generation complete! Total build time: 106.608s
2022-03-08T12:56:02.954Z - info: Build success!
2022-03-08T12:58:01.138Z - info: The website has been deployed at: https://nus-tee3201.github.io/2022
2022-03-08T12:58:47.964Z - info: Website generation started at 8:58:41 pm
2022-03-08T12:58:54.793Z - info: Building assets...
2022-03-08T12:59:00.810Z - info: Assets built
2022-03-08T12:59:00.811Z - info: Generating pages...
2022-03-08T12:59:13.761Z - debug:  
2022-03-08T12:59:13.763Z - debug:  
2022-03-08T12:59:13.764Z - debug:  
2022-03-08T12:59:13.765Z - debug:  
2022-03-08T12:59:13.765Z - debug:  
2022-03-08T12:59:13.765Z - debug:  
2022-03-08T13:01:11.249Z - debug:  
2022-03-08T13:01:24.003Z - debug:  
2022-03-08T13:01:24.003Z - debug:  
2022-03-08T13:01:31.263Z - info: Pages built
2022-03-08T13:01:32.255Z - info: Site data built
2022-03-08T13:01:32.256Z - info: Website generation complete! Total build time: 170.445s
2022-03-08T13:01:32.256Z - info: Build success!
2022-03-08T13:04:13.593Z - info: The website has been deployed at: https://nus-cs2103-ay2122s2.github.io/website
