2022-03-22T05:18:47.412Z - info: Website generation (lazy) started at 1:18:42 pm
2022-03-22T05:18:53.524Z - info: Building assets...
2022-03-22T05:18:58.013Z - info: Assets built
2022-03-22T05:18:58.014Z - info: Generating landing page...
2022-03-22T05:18:58.824Z - info: Landing page built, other pages will be built as you navigate to them!
2022-03-22T05:18:59.908Z - info: Site data built
2022-03-22T05:18:59.908Z - info: Website generation (lazy) complete! Total build time: 17.357s
2022-03-22T05:19:00.888Z - info: Serving "C:\repos\nus-cs2103\cs2103-website-base\_site" at http://127.0.0.1:8080
2022-03-22T05:19:00.888Z - info: Press CTRL+C to stop ...
2022-03-22T05:46:38.357Z - info: Building C:\repos\nus-cs2103\cs2103-website-base\schedule\week10\index as some of its dependencies were changed since the last visit
2022-03-22T05:46:39.148Z - info: Site data built
2022-03-22T05:46:39.149Z - info: Lazy website regeneration complete! Total build time: 0.795s
2022-03-22T05:46:44.149Z - info: Building C:\repos\nus-cs2103\cs2103-website-base\schedule\week11\index as some of its dependencies were changed since the last visit
2022-03-22T05:46:44.604Z - info: Site data built
2022-03-22T05:46:44.605Z - info: Lazy website regeneration complete! Total build time: 0.456s
2022-03-22T05:46:47.283Z - info: Building C:\repos\nus-cs2103\cs2103-website-base\schedule\week11\topics-py as some of its dependencies were changed since the last visit
2022-03-22T05:46:47.583Z - info: Site data built
2022-03-22T05:46:47.583Z - info: Lazy website regeneration complete! Total build time: 0.3s
2022-03-22T05:47:17.889Z - info: [1:47:17 pm] Reload for file change: C:\repos\nus-cs2103\cs2103-website-base\programming\gui\text.md
2022-03-22T05:47:17.889Z - info: Synchronizing opened pages list before reload
2022-03-22T05:47:17.889Z - info: Current opened pages, from most-to-least recent:
2022-03-22T05:47:17.890Z - info: 1. schedule/week11/topics-py
2022-03-22T05:47:18.895Z - info: Rebuilding 1 pages
2022-03-22T05:47:19.090Z - info: Site data built
2022-03-22T05:47:19.091Z - info: Pages rebuilt
2022-03-22T05:47:19.091Z - info: Website regeneration complete! Total build time: 0.197s
2022-03-22T05:47:30.730Z - info: [1:47:30 pm] Reload for file change: C:\repos\nus-cs2103\cs2103-website-base\programming\gui\text.md
2022-03-22T05:47:30.730Z - info: Synchronizing opened pages list before reload
2022-03-22T05:47:30.731Z - info: Current opened pages, from most-to-least recent:
2022-03-22T05:47:30.731Z - info: 1. schedule/week11/topics-py
2022-03-22T05:47:31.745Z - info: Rebuilding 1 pages
2022-03-22T05:47:32.028Z - info: Site data built
2022-03-22T05:47:32.028Z - info: Pages rebuilt
2022-03-22T05:47:32.028Z - info: Website regeneration complete! Total build time: 0.283s
2022-03-22T05:47:42.003Z - info: [1:47:42 pm] Reload for file change: C:\repos\nus-cs2103\cs2103-website-base\programming\gui\text.md
2022-03-22T05:47:42.004Z - info: Synchronizing opened pages list before reload
2022-03-22T05:47:42.004Z - info: Current opened pages, from most-to-least recent:
2022-03-22T05:47:42.004Z - info: 1. schedule/week11/topics-py
2022-03-22T05:47:43.018Z - info: Rebuilding 1 pages
2022-03-22T05:47:43.309Z - info: Site data built
2022-03-22T05:47:43.310Z - info: Pages rebuilt
2022-03-22T05:47:43.310Z - info: Website regeneration complete! Total build time: 0.295s
2022-03-22T05:48:24.687Z - info: Building C:\repos\nus-cs2103\cs2103-website-base\schedule\week11\topics as some of its dependencies were changed since the last visit
2022-03-22T05:48:25.863Z - info: Site data built
2022-03-22T05:48:25.863Z - info: Lazy website regeneration complete! Total build time: 1.177s
2022-03-22T05:49:41.233Z - info: [1:49:41 pm] Reload for file change: C:\repos\nus-cs2103\cs2103-website-base\book\common\references.md
2022-03-22T05:49:41.234Z - info: Synchronizing opened pages list before reload
2022-03-22T05:49:41.234Z - info: Current opened pages, from most-to-least recent:
2022-03-22T05:49:41.234Z - info: 1. schedule/week11/topics
2022-03-22T05:49:42.255Z - info: Rebuilding 1 pages
2022-03-22T05:49:43.429Z - info: Site data built
2022-03-22T05:49:43.429Z - info: Pages rebuilt
2022-03-22T05:49:43.429Z - info: Website regeneration complete! Total build time: 1.176s
2022-03-22T05:51:11.531Z - info: Building C:\repos\nus-cs2103\cs2103-website-base\schedule\week11\admin as some of its dependencies were changed since the last visit
2022-03-22T05:51:11.956Z - info: Site data built
2022-03-22T05:51:11.957Z - info: Lazy website regeneration complete! Total build time: 0.426s
2022-03-22T05:53:36.585Z - info: [1:53:36 pm] Reload for file change: C:\repos\nus-cs2103\cs2103-website-base\schedule\week11\admin-tee3201.mbdf
2022-03-22T05:53:36.586Z - info: Synchronizing opened pages list before reload
2022-03-22T05:53:36.586Z - info: Current opened pages, from most-to-least recent:
2022-03-22T05:53:36.586Z - info: 1. schedule/week11/admin
2022-03-22T05:53:37.602Z - info: Rebuilding 1 pages
2022-03-22T05:53:37.887Z - info: Site data built
2022-03-22T05:53:37.887Z - info: Pages rebuilt
2022-03-22T05:53:37.888Z - info: Website regeneration complete! Total build time: 0.287s
2022-03-22T05:54:14.708Z - info: [1:54:14 pm] Reload for file change: C:\repos\nus-cs2103\cs2103-website-base\schedule\week11\admin-tee3201.mbdf
2022-03-22T05:54:14.708Z - info: Synchronizing opened pages list before reload
2022-03-22T05:54:14.708Z - info: Current opened pages, from most-to-least recent:
2022-03-22T05:54:14.708Z - info: 1. schedule/week11/admin
2022-03-22T05:54:15.724Z - info: Rebuilding 1 pages
2022-03-22T05:54:15.954Z - info: Site data built
2022-03-22T05:54:15.954Z - info: Pages rebuilt
2022-03-22T05:54:15.954Z - info: Website regeneration complete! Total build time: 0.23s
2022-03-22T05:55:15.833Z - info: Website generation started at 1:55:13 pm
2022-03-22T05:55:21.244Z - info: Building assets...
2022-03-22T05:55:25.433Z - info: Assets built
2022-03-22T05:55:25.434Z - info: Generating pages...
2022-03-22T05:55:33.639Z - debug:  
2022-03-22T05:55:33.640Z - debug:  
2022-03-22T05:55:38.284Z - debug:  
2022-03-22T05:55:38.284Z - debug:  
2022-03-22T05:55:54.212Z - debug:  
2022-03-22T05:56:08.458Z - debug:  
2022-03-22T05:56:45.883Z - info: Pages built
2022-03-22T05:56:46.954Z - info: Site data built
2022-03-22T05:56:46.955Z - info: Website generation complete! Total build time: 93.021s
2022-03-22T05:56:46.955Z - info: Build success!
2022-03-22T05:58:38.049Z - info: The website has been deployed at: https://nus-tee3201.github.io/2022
2022-03-22T12:11:48.791Z - info: Website generation started at 8:11:44 pm
2022-03-22T12:11:53.285Z - info: Building assets...
2022-03-22T12:11:56.968Z - info: Assets built
2022-03-22T12:11:56.969Z - info: Generating pages...
2022-03-22T12:12:03.413Z - debug:  
2022-03-22T12:12:03.447Z - debug:  
2022-03-22T12:12:07.657Z - debug:  
2022-03-22T12:12:07.657Z - debug:  
2022-03-22T12:12:22.367Z - debug:  
2022-03-22T12:12:35.413Z - debug:  
2022-03-22T12:13:08.686Z - info: Pages built
2022-03-22T12:13:09.608Z - info: Site data built
2022-03-22T12:13:09.608Z - info: Website generation complete! Total build time: 84.995s
2022-03-22T12:13:09.609Z - info: Build success!
2022-03-22T12:17:07.120Z - info: The website has been deployed at: https://nus-tee3201.github.io/2022
