2022-01-24T12:59:14.791Z - info: Website generation (lazy) started at 8:59:09 pm
2022-01-24T12:59:20.728Z - info: Building assets...
2022-01-24T12:59:25.708Z - info: Assets built
2022-01-24T12:59:25.709Z - info: Generating landing page...
2022-01-24T12:59:26.890Z - info: Landing page built, other pages will be built as you navigate to them!
2022-01-24T12:59:28.021Z - info: Site data built
2022-01-24T12:59:28.021Z - info: Website generation (lazy) complete! Total build time: 18.116s
2022-01-24T12:59:28.938Z - info: Serving "C:\repos\nus-cs2103\cs2103-website-base\_site" at http://127.0.0.1:8080
2022-01-24T12:59:28.939Z - info: Press CTRL+C to stop ...
2022-01-24T13:00:21.816Z - info: Building C:\repos\nus-cs2103\cs2103-website-base\admin\tutorials as some of its dependencies were changed since the last visit
2022-01-24T13:00:22.535Z - info: Site data built
2022-01-24T13:00:22.535Z - info: Lazy website regeneration complete! Total build time: 0.719s
2022-01-24T14:07:01.811Z - info: Website generation started at 10:06:59 pm
2022-01-24T14:07:07.810Z - info: Building assets...
2022-01-24T14:07:12.943Z - info: Assets built
2022-01-24T14:07:12.944Z - info: Generating pages...
2022-01-24T14:07:22.651Z - debug:  
2022-01-24T14:07:24.620Z - debug:  
2022-01-24T14:07:24.621Z - debug:  
2022-01-24T14:07:24.621Z - debug:  
2022-01-24T14:07:24.621Z - debug:  
2022-01-24T14:07:24.621Z - debug:  
2022-01-24T14:09:07.549Z - debug:  
2022-01-24T14:09:19.406Z - debug:  
2022-01-24T14:09:19.409Z - debug:  
2022-01-24T14:09:23.905Z - info: Pages built
2022-01-24T14:09:24.845Z - info: Site data built
2022-01-24T14:09:24.845Z - info: Website generation complete! Total build time: 144.904s
2022-01-24T14:09:24.845Z - info: Build success!
2022-01-24T14:11:34.801Z - info: The website has been deployed at: https://nus-cs2103-ay2122s2.github.io/website
2022-01-24T14:29:29.336Z - info: Website generation started at 10:29:25 pm
2022-01-24T14:29:33.762Z - info: Building assets...
2022-01-24T14:29:37.992Z - info: Assets built
2022-01-24T14:29:37.993Z - info: Generating pages...
2022-01-24T14:29:47.693Z - debug:  
2022-01-24T14:29:47.695Z - debug:  
2022-01-24T14:29:55.510Z - debug:  
2022-01-24T14:29:55.515Z - debug:  
2022-01-24T14:30:17.005Z - debug:  
2022-01-24T14:30:33.942Z - debug:  
2022-01-24T14:31:21.021Z - info: Pages built
2022-01-24T14:31:22.419Z - info: Site data built
2022-01-24T14:31:22.419Z - info: Website generation complete! Total build time: 117.125s
2022-01-24T14:31:22.419Z - info: Build success!
2022-01-24T14:39:34.421Z - info: The website has been deployed at: https://nus-tee3201.github.io/2022
