2022-03-14T16:00:18.665Z - info: Website generation started at 12:00:16 am
2022-03-14T16:00:24.344Z - info: Building assets...
2022-03-14T16:00:29.727Z - info: Assets built
2022-03-14T16:00:29.728Z - info: Generating pages...
2022-03-14T16:00:40.717Z - debug:  
2022-03-14T16:00:40.718Z - debug:  
2022-03-14T16:00:40.718Z - debug:  
2022-03-14T16:00:40.719Z - debug:  
2022-03-14T16:00:40.719Z - debug:  
2022-03-14T16:01:11.808Z - debug:  
2022-03-14T16:02:00.011Z - info: Pages built
2022-03-14T16:02:01.049Z - info: Site data built
2022-03-14T16:02:01.049Z - info: Website generation complete! Total build time: 104.493s
2022-03-14T16:02:01.050Z - info: Build success!
2022-03-14T16:03:29.094Z - info: The website has been deployed at: https://nus-tic2002-2022.github.io/website
2022-03-15T12:00:54.711Z - info: Website generation started at 8:00:50 pm
2022-03-15T12:00:59.876Z - info: Building assets...
2022-03-15T12:01:04.902Z - info: Assets built
2022-03-15T12:01:04.903Z - info: Generating pages...
2022-03-15T12:01:12.999Z - debug:  
2022-03-15T12:01:13.000Z - debug:  
2022-03-15T12:01:17.460Z - debug:  
2022-03-15T12:01:17.829Z - debug:  
2022-03-15T12:01:33.759Z - debug:  
2022-03-15T12:01:47.857Z - debug:  
2022-03-15T12:02:27.317Z - info: Pages built
2022-03-15T12:02:28.367Z - info: Site data built
2022-03-15T12:02:28.367Z - info: Website generation complete! Total build time: 97.996s
2022-03-15T12:02:28.368Z - info: Build success!
2022-03-15T12:06:32.838Z - info: The website has been deployed at: https://nus-tee3201.github.io/2022
