2022-02-27T17:11:23.007Z - info: Website generation started at 1:11:16 am
2022-02-27T17:11:29.300Z - info: Building assets...
2022-02-27T17:11:34.124Z - info: Assets built
2022-02-27T17:11:34.125Z - info: Generating pages...
2022-02-27T17:11:44.541Z - debug:  
2022-02-27T17:11:44.544Z - debug:  
2022-02-27T17:11:44.544Z - debug:  
2022-02-27T17:11:44.544Z - debug:  
2022-02-27T17:11:44.544Z - debug:  
2022-02-27T17:11:44.544Z - debug:  
2022-02-27T17:13:55.043Z - debug:  
2022-02-27T17:14:10.462Z - debug:  
2022-02-27T17:14:10.463Z - debug:  
2022-02-27T17:14:18.400Z - info: Pages built
2022-02-27T17:14:19.531Z - info: Site data built
2022-02-27T17:14:19.532Z - info: Website generation complete! Total build time: 183.335s
2022-02-27T17:14:19.532Z - info: Build success!
2022-02-27T17:16:50.473Z - info: The website has been deployed at: https://nus-cs2103-ay2122s2.github.io/website
2022-02-27T17:22:30.864Z - info: Website generation started at 1:22:25 am
2022-02-27T17:22:36.458Z - info: Building assets...
2022-02-27T17:22:41.905Z - info: Assets built
2022-02-27T17:22:41.905Z - info: Generating pages...
2022-02-27T17:22:53.871Z - debug:  
2022-02-27T17:22:53.873Z - debug:  
2022-02-27T17:22:53.873Z - debug:  
2022-02-27T17:22:53.874Z - debug:  
2022-02-27T17:22:53.874Z - debug:  
2022-02-27T17:23:29.705Z - debug:  
2022-02-27T17:24:23.877Z - info: Pages built
2022-02-27T17:24:25.128Z - info: Site data built
2022-02-27T17:24:25.128Z - info: Website generation complete! Total build time: 119.379s
2022-02-27T17:24:25.128Z - info: Build success!
2022-02-27T17:26:28.474Z - info: The website has been deployed at: https://nus-tic2002-2022.github.io/website
2022-02-27T17:29:59.229Z - info: Website generation started at 1:29:55 am
2022-02-27T17:30:03.746Z - info: Building assets...
2022-02-27T17:30:08.126Z - info: Assets built
2022-02-27T17:30:08.126Z - info: Generating pages...
2022-02-27T17:30:15.191Z - debug:  
2022-02-27T17:30:15.191Z - debug:  
2022-02-27T17:30:20.819Z - debug:  
2022-02-27T17:30:20.819Z - debug:  
2022-02-27T17:30:35.225Z - debug:  
2022-02-27T17:30:50.815Z - debug:  
2022-02-27T17:31:32.445Z - info: Pages built
2022-02-27T17:31:33.478Z - info: Site data built
2022-02-27T17:31:33.478Z - info: Website generation complete! Total build time: 98.051s
2022-02-27T17:31:33.479Z - info: Build success!
2022-02-27T17:33:34.792Z - info: The website has been deployed at: https://nus-tee3201.github.io/2022
2022-02-28T10:49:38.447Z - info: Website generation started at 6:49:33 pm
2022-02-28T10:49:42.997Z - info: Building assets...
2022-02-28T10:49:47.588Z - info: Assets built
2022-02-28T10:49:47.589Z - info: Generating pages...
2022-02-28T10:49:54.898Z - debug:  
2022-02-28T10:49:54.898Z - debug:  
2022-02-28T10:49:59.613Z - debug:  
2022-02-28T10:49:59.772Z - debug:  
2022-02-28T10:50:14.143Z - debug:  
2022-02-28T10:50:25.764Z - debug:  
2022-02-28T10:50:56.861Z - info: Pages built
2022-02-28T10:50:57.714Z - info: Site data built
2022-02-28T10:50:57.714Z - info: Website generation complete! Total build time: 83.823s
2022-02-28T10:50:57.714Z - info: Build success!
2022-02-28T10:53:48.244Z - info: The website has been deployed at: https://nus-tee3201.github.io/2022
