2022-04-14T07:17:38.367Z - info: Website generation (lazy) started at 3:17:33 pm
2022-04-14T07:17:44.026Z - info: Building assets...
2022-04-14T07:17:48.634Z - info: Assets built
2022-04-14T07:17:48.635Z - info: Generating landing page...
2022-04-14T07:17:49.797Z - info: Landing page built, other pages will be built as you navigate to them!
2022-04-14T07:17:50.863Z - info: Site data built
2022-04-14T07:17:50.864Z - info: Website generation (lazy) complete! Total build time: 17.052s
2022-04-14T07:17:51.798Z - info: Serving "C:\repos\nus-cs2103\cs2103-website-base\_site" at http://127.0.0.1:8080
2022-04-14T07:17:51.799Z - info: Press CTRL+C to stop ...
2022-04-14T07:18:18.732Z - info: Building C:\repos\nus-cs2103\cs2103-website-base\admin\index as some of its dependencies were changed since the last visit
2022-04-14T07:18:19.397Z - info: Site data built
2022-04-14T07:18:19.397Z - info: Lazy website regeneration complete! Total build time: 0.665s
2022-04-14T07:18:26.158Z - info: Building C:\repos\nus-cs2103\cs2103-website-base\admin\tp-pe as some of its dependencies were changed since the last visit
2022-04-14T07:18:27.990Z - info: Site data built
2022-04-14T07:18:27.990Z - info: Lazy website regeneration complete! Total build time: 1.832s
2022-04-14T07:20:54.708Z - info: [3:20:54 pm] Reload for file change: C:\repos\nus-cs2103\cs2103-website-base\admin\tp-ped.mbdf
2022-04-14T07:20:54.709Z - info: Synchronizing opened pages list before reload
2022-04-14T07:20:54.710Z - info: Current opened pages, from most-to-least recent:
2022-04-14T07:20:54.713Z - info: 1. admin/tp-pe
2022-04-14T07:20:55.733Z - info: Rebuilding 1 pages
2022-04-14T07:20:57.489Z - info: Site data built
2022-04-14T07:20:57.489Z - info: Pages rebuilt
2022-04-14T07:20:57.490Z - info: Website regeneration complete! Total build time: 1.758s
2022-04-14T07:21:17.367Z - info: [3:21:17 pm] Reload for file change: C:\repos\nus-cs2103\cs2103-website-base\admin\tp-ped.mbdf
2022-04-14T07:21:17.368Z - info: Synchronizing opened pages list before reload
2022-04-14T07:21:17.370Z - info: Current opened pages, from most-to-least recent:
2022-04-14T07:21:17.371Z - info: 1. admin/tp-pe
2022-04-14T07:21:18.386Z - info: Rebuilding 1 pages
2022-04-14T07:21:20.027Z - info: Site data built
2022-04-14T07:21:20.027Z - info: Pages rebuilt
2022-04-14T07:21:20.027Z - info: Website regeneration complete! Total build time: 1.642s
2022-04-14T07:21:49.910Z - info: [3:21:49 pm] Reload for file change: C:\repos\nus-cs2103\cs2103-website-base\admin\tp-ped.mbdf
2022-04-14T07:21:49.911Z - info: Synchronizing opened pages list before reload
2022-04-14T07:21:49.911Z - info: Current opened pages, from most-to-least recent:
2022-04-14T07:21:49.911Z - info: 1. admin/tp-pe
2022-04-14T07:21:50.936Z - info: Rebuilding 1 pages
2022-04-14T07:21:52.568Z - info: Site data built
2022-04-14T07:21:52.568Z - info: Pages rebuilt
2022-04-14T07:21:52.568Z - info: Website regeneration complete! Total build time: 1.634s
2022-04-14T07:22:05.047Z - info: [3:22:05 pm] Reload for file change: C:\repos\nus-cs2103\cs2103-website-base\admin\tp-ped.mbdf
2022-04-14T07:22:05.048Z - info: Synchronizing opened pages list before reload
2022-04-14T07:22:05.048Z - info: Current opened pages, from most-to-least recent:
2022-04-14T07:22:05.048Z - info: 1. admin/tp-pe
2022-04-14T07:22:06.062Z - info: Rebuilding 1 pages
2022-04-14T07:22:07.697Z - info: Site data built
2022-04-14T07:22:07.697Z - info: Pages rebuilt
2022-04-14T07:22:07.697Z - info: Website regeneration complete! Total build time: 1.638s
2022-04-14T07:22:48.279Z - info: [3:22:48 pm] Reload for file change: C:\repos\nus-cs2103\cs2103-website-base\admin\tp-ped.mbdf
2022-04-14T07:22:48.280Z - info: Synchronizing opened pages list before reload
2022-04-14T07:22:48.280Z - info: Current opened pages, from most-to-least recent:
2022-04-14T07:22:48.280Z - info: 1. admin/tp-pe
2022-04-14T07:22:49.296Z - info: Rebuilding 1 pages
2022-04-14T07:22:50.887Z - info: Site data built
2022-04-14T07:22:50.887Z - info: Pages rebuilt
2022-04-14T07:22:50.887Z - info: Website regeneration complete! Total build time: 1.592s
2022-04-14T07:23:01.092Z - info: [3:23:01 pm] Reload for file change: C:\repos\nus-cs2103\cs2103-website-base\admin\tp-ped.mbdf
2022-04-14T07:23:01.092Z - info: Synchronizing opened pages list before reload
2022-04-14T07:23:01.092Z - info: Current opened pages, from most-to-least recent:
2022-04-14T07:23:01.092Z - info: 1. admin/tp-pe
2022-04-14T07:23:02.110Z - info: Rebuilding 1 pages
2022-04-14T07:23:03.785Z - info: Site data built
2022-04-14T07:23:03.785Z - info: Pages rebuilt
2022-04-14T07:23:03.785Z - info: Website regeneration complete! Total build time: 1.676s
2022-04-14T07:25:44.332Z - info: [3:25:44 pm] Reload for file change: C:\repos\nus-cs2103\cs2103-website-base\admin\tp-pe.mbdf
2022-04-14T07:25:44.332Z - info: Synchronizing opened pages list before reload
2022-04-14T07:25:44.333Z - info: Current opened pages, from most-to-least recent:
2022-04-14T07:25:44.333Z - info: 1. admin/tp-pe
2022-04-14T07:25:45.342Z - info: Rebuilding 1 pages
2022-04-14T07:25:46.801Z - info: Site data built
2022-04-14T07:25:46.801Z - info: Pages rebuilt
2022-04-14T07:25:46.801Z - info: Website regeneration complete! Total build time: 1.46s
2022-04-14T07:25:54.012Z - info: [3:25:54 pm] Reload for file change: C:\repos\nus-cs2103\cs2103-website-base\admin\tp-pe.mbdf
2022-04-14T07:25:54.012Z - info: Synchronizing opened pages list before reload
2022-04-14T07:25:54.012Z - info: Current opened pages, from most-to-least recent:
2022-04-14T07:25:54.012Z - info: 1. admin/tp-pe
2022-04-14T07:25:55.024Z - info: Rebuilding 1 pages
2022-04-14T07:25:55.986Z - info: Site data built
2022-04-14T07:25:55.986Z - info: Pages rebuilt
2022-04-14T07:25:55.987Z - info: Website regeneration complete! Total build time: 0.963s
2022-04-14T07:26:35.439Z - info: [3:26:35 pm] Reload for file change: C:\repos\nus-cs2103\cs2103-website-base\admin\tp-pe.mbdf
2022-04-14T07:26:35.440Z - info: Synchronizing opened pages list before reload
2022-04-14T07:26:35.440Z - info: Current opened pages, from most-to-least recent:
2022-04-14T07:26:35.440Z - info: 1. admin/tp-pe
2022-04-14T07:26:36.443Z - info: Rebuilding 1 pages
2022-04-14T07:26:37.778Z - info: Site data built
2022-04-14T07:26:37.779Z - info: Pages rebuilt
2022-04-14T07:26:37.779Z - info: Website regeneration complete! Total build time: 1.336s
2022-04-14T07:26:55.027Z - info: [3:26:55 pm] Reload for file change: C:\repos\nus-cs2103\cs2103-website-base\admin\tp-pe.mbdf
2022-04-14T07:26:55.028Z - info: Synchronizing opened pages list before reload
2022-04-14T07:26:55.028Z - info: Current opened pages, from most-to-least recent:
2022-04-14T07:26:55.028Z - info: 1. admin/tp-pe
2022-04-14T07:26:56.038Z - info: Rebuilding 1 pages
2022-04-14T07:26:57.400Z - info: Site data built
2022-04-14T07:26:57.400Z - info: Pages rebuilt
2022-04-14T07:26:57.401Z - info: Website regeneration complete! Total build time: 1.365s
2022-04-14T07:27:53.572Z - info: Website generation started at 3:27:51 pm
2022-04-14T07:27:59.212Z - info: Building assets...
2022-04-14T07:28:03.501Z - info: Assets built
2022-04-14T07:28:03.501Z - info: Generating pages...
2022-04-14T07:28:14.597Z - debug:  
2022-04-14T07:28:14.598Z - debug:  
2022-04-14T07:28:14.598Z - debug:  
2022-04-14T07:28:14.598Z - debug:  
2022-04-14T07:28:14.598Z - debug:  
2022-04-14T07:28:14.598Z - debug:  
2022-04-14T07:30:03.901Z - debug:  
2022-04-14T07:30:17.497Z - debug:  
2022-04-14T07:30:17.497Z - debug:  
2022-04-14T07:30:24.138Z - info: Pages built
2022-04-14T07:30:25.403Z - info: Site data built
2022-04-14T07:30:25.403Z - info: Website generation complete! Total build time: 154.133s
2022-04-14T07:30:25.403Z - info: Build success!
2022-04-14T07:32:59.233Z - info: The website has been deployed at: https://nus-cs2103-ay2122s2.github.io/website
2022-04-14T07:33:40.814Z - info: Website generation started at 3:33:35 pm
2022-04-14T07:33:46.469Z - info: Building assets...
2022-04-14T07:33:52.223Z - info: Assets built
2022-04-14T07:33:52.223Z - info: Generating pages...
2022-04-14T07:34:02.466Z - debug:  
2022-04-14T07:34:02.467Z - debug:  
2022-04-14T07:34:02.467Z - debug:  
2022-04-14T07:34:02.468Z - debug:  
2022-04-14T07:34:02.468Z - debug:  
2022-04-14T07:34:02.468Z - debug:  
2022-04-14T07:35:33.405Z - debug:  
2022-04-14T07:35:43.801Z - debug:  
2022-04-14T07:35:43.804Z - debug:  
2022-04-14T07:35:46.371Z - info: Pages built
2022-04-14T07:35:47.383Z - info: Site data built
2022-04-14T07:35:47.384Z - info: Website generation complete! Total build time: 132.302s
2022-04-14T07:35:47.384Z - info: Build success!
2022-04-14T07:38:04.234Z - info: The website has been deployed at: https://nus-tic4002-ay2122s2.github.io/website
