2022-05-13T07:33:06.060Z - info: Website generation (lazy) started at 3:33:00 pm
2022-05-13T07:33:11.716Z - info: Building assets...
2022-05-13T07:33:17.262Z - info: Assets built
2022-05-13T07:33:17.263Z - info: Generating landing page...
2022-05-13T07:33:17.940Z - info: Landing page built, other pages will be built as you navigate to them!
2022-05-13T07:33:18.991Z - info: Site data built
2022-05-13T07:33:18.991Z - info: Website generation (lazy) complete! Total build time: 18.504s
2022-05-13T07:33:19.812Z - info: Serving "C:\repos\nus-cs2103\cs2103-website-base\_site" at http://127.0.0.1:8080
2022-05-13T07:33:19.813Z - info: Press CTRL+C to stop ...
2022-05-13T07:39:17.230Z - info: Website generation started at 3:39:15 pm
2022-05-13T07:39:23.679Z - info: Building assets...
2022-05-13T07:39:29.272Z - info: Assets built
2022-05-13T07:39:29.273Z - info: Generating pages...
2022-05-13T07:39:39.077Z - debug:  
2022-05-13T07:39:39.081Z - debug:  
2022-05-13T07:39:39.082Z - debug:  
2022-05-13T07:39:41.300Z - debug:  
2022-05-13T07:39:41.300Z - debug:  
2022-05-13T07:39:41.301Z - debug:  
2022-05-13T07:44:34.569Z - debug:  
2022-05-13T07:45:21.933Z - debug:  
2022-05-13T07:45:22.304Z - debug:  
2022-05-13T07:45:40.681Z - info: Pages built
2022-05-13T07:45:43.393Z - info: Site data built
2022-05-13T07:45:43.393Z - info: Website generation complete! Total build time: 388.331s
2022-05-13T07:45:45.411Z - info: Serving "C:\repos\nus-cs2103\cs2103-website-base\_site" at http://127.0.0.1:8080
2022-05-13T07:45:45.411Z - info: Press CTRL+C to stop ...
2022-05-13T07:47:52.550Z - info: Website generation started at 3:47:35 pm
2022-05-13T07:48:11.145Z - info: Building assets...
2022-05-13T07:48:26.461Z - info: Assets built
2022-05-13T07:48:26.463Z - info: Generating pages...
2022-05-13T07:48:53.758Z - debug:  
2022-05-13T07:48:53.761Z - debug:  
2022-05-13T07:48:53.763Z - debug:  
2022-05-13T07:49:00.408Z - debug:  
2022-05-13T07:49:00.409Z - debug:  
2022-05-13T07:49:00.411Z - debug:  
2022-05-13T07:51:00.805Z - debug:  
2022-05-13T07:51:13.412Z - debug:  
2022-05-13T07:51:13.412Z - debug:  
2022-05-13T07:51:19.009Z - info: Pages built
2022-05-13T07:51:19.969Z - info: Site data built
2022-05-13T07:51:19.969Z - info: Website generation complete! Total build time: 224.131s
2022-05-13T07:51:19.969Z - info: Build success!
2022-05-13T07:53:42.011Z - info: The website has been deployed at: https://nus-cs2103-ay2122s2.github.io/website
2022-05-13T08:04:01.588Z - info: Website generation started at 4:03:56 pm
2022-05-13T08:04:07.336Z - info: Building assets...
