2022-02-07T05:19:54.985Z - info: Website generation (lazy) started at 1:19:51 pm
2022-02-07T05:21:31.359Z - info: Building assets...
2022-02-07T05:22:42.537Z - info: Assets built
2022-02-07T05:22:42.538Z - info: Generating landing page...
2022-02-07T05:22:43.415Z - info: Landing page built, other pages will be built as you navigate to them!
2022-02-07T05:22:45.061Z - info: Site data built
2022-02-07T05:22:45.062Z - info: Website generation (lazy) complete! Total build time: 173.799s
2022-02-07T05:22:46.295Z - info: Serving "C:\repos\nus-cs2103\cs2103-website-base\_site" at http://127.0.0.1:8080
2022-02-07T05:22:46.295Z - info: Press CTRL+C to stop ...
2022-02-07T05:54:16.268Z - info: Website generation (lazy) started at 1:54:14 pm
2022-02-07T05:55:27.546Z - info: Building assets...
2022-02-07T05:56:16.123Z - info: Assets built
2022-02-07T05:56:16.123Z - info: Generating landing page...
2022-02-07T05:56:17.808Z - info: Landing page built, other pages will be built as you navigate to them!
2022-02-07T05:56:18.942Z - info: Site data built
2022-02-07T05:56:18.943Z - info: Website generation (lazy) complete! Total build time: 124.55s
2022-02-07T05:56:19.838Z - info: Serving "C:\repos\nus-cs2103\cs2103-website-base\_site" at http://127.0.0.1:8080
2022-02-07T05:56:19.838Z - info: Press CTRL+C to stop ...
2022-02-07T14:25:37.481Z - info: Website generation (lazy) started at 10:25:35 pm
2022-02-07T14:25:42.161Z - info: Building assets...
2022-02-07T14:25:45.469Z - info: Assets built
2022-02-07T14:25:45.469Z - info: Generating landing page...
2022-02-07T14:25:46.643Z - info: Landing page built, other pages will be built as you navigate to them!
2022-02-07T14:25:47.438Z - info: Site data built
2022-02-07T14:25:47.438Z - info: Website generation (lazy) complete! Total build time: 12.246s
2022-02-07T14:25:48.182Z - info: Serving "C:\repos\nus-cs2103\cs2103-website-base\_site" at http://127.0.0.1:8080
2022-02-07T14:25:48.182Z - info: Press CTRL+C to stop ...
