2022-01-25T14:15:09.190Z - info: Website generation started at 10:15:03 pm
2022-01-25T14:15:15.771Z - info: Building assets...
2022-01-25T14:15:21.103Z - info: Assets built
2022-01-25T14:15:21.103Z - info: Generating pages...
2022-01-25T14:15:30.153Z - debug:  
2022-01-25T14:15:30.725Z - debug:  
2022-01-25T14:15:37.467Z - debug:  
2022-01-25T14:15:37.468Z - debug:  
2022-01-25T14:16:01.697Z - debug:  
2022-01-25T14:16:22.080Z - debug:  
2022-01-25T14:17:21.192Z - info: Pages built
2022-01-25T14:17:22.671Z - info: Site data built
2022-01-25T14:17:22.672Z - info: Website generation complete! Total build time: 138.886s
2022-01-25T14:17:22.672Z - info: Build success!
2022-01-25T14:19:23.793Z - info: The website has been deployed at: https://nus-tee3201.github.io/2022
2022-01-25T14:30:11.387Z - info: Website generation (lazy) started at 10:30:06 pm
2022-01-25T14:30:17.683Z - info: Building assets...
2022-01-25T14:30:22.379Z - info: Assets built
2022-01-25T14:30:22.380Z - info: Generating landing page...
2022-01-25T14:30:23.400Z - info: Landing page built, other pages will be built as you navigate to them!
2022-01-25T14:30:24.482Z - info: Site data built
2022-01-25T14:30:24.483Z - info: Website generation (lazy) complete! Total build time: 18.055s
2022-01-25T14:30:25.420Z - info: Serving "C:\repos\nus-cs2103\cs2103-website-base\_site" at http://127.0.0.1:8080
2022-01-25T14:30:25.420Z - info: Press CTRL+C to stop ...
2022-01-25T14:31:07.175Z - info: [10:31:07 pm] Reload for file change: C:\repos\nus-cs2103\cs2103-website-base\_module-TIC4002\studentData.mbdf
2022-01-25T14:31:07.175Z - info: Synchronizing opened pages list before reload
2022-01-25T14:31:07.176Z - info: Current opened pages, from most-to-least recent:
2022-01-25T14:31:07.176Z - info: 1. index
2022-01-25T14:31:08.180Z - info: Rebuilding 1 pages
2022-01-25T14:31:08.955Z - info: Site data built
2022-01-25T14:31:08.955Z - info: Pages rebuilt
2022-01-25T14:31:08.955Z - info: Website regeneration complete! Total build time: 0.776s
2022-01-25T14:32:14.669Z - info: Building C:\repos\nus-cs2103\cs2103-website-base\admin\ip-showcase as some of its dependencies were changed since the last visit
2022-01-25T14:32:15.015Z - info: Site data built
2022-01-25T14:32:15.015Z - info: Lazy website regeneration complete! Total build time: 0.346s
2022-01-25T14:33:46.988Z - info: [10:33:46 pm] Reload for file change: C:\repos\nus-cs2103\cs2103-website-base\admin\ip-showcase.md
2022-01-25T14:33:46.988Z - info: Synchronizing opened pages list before reload
2022-01-25T14:33:46.988Z - info: Current opened pages, from most-to-least recent:
2022-01-25T14:33:46.988Z - info: 1. admin/ip-showcase
2022-01-25T14:33:48.008Z - info: Rebuilding 1 pages
2022-01-25T14:33:48.224Z - info: Site data built
2022-01-25T14:33:48.224Z - info: Pages rebuilt
2022-01-25T14:33:48.224Z - info: Website regeneration complete! Total build time: 0.218s
2022-01-25T14:33:57.426Z - info: Building C:\repos\nus-cs2103\cs2103-website-base\admin\teamList as some of its dependencies were changed since the last visit
2022-01-25T14:33:57.732Z - info: Site data built
2022-01-25T14:33:57.732Z - info: Lazy website regeneration complete! Total build time: 0.307s
2022-01-25T14:35:58.408Z - info: [10:35:58 pm] Reload for file change: C:\repos\nus-cs2103\cs2103-website-base\admin\teamList.md
2022-01-25T14:35:58.409Z - info: Synchronizing opened pages list before reload
2022-01-25T14:35:58.409Z - info: Current opened pages, from most-to-least recent:
2022-01-25T14:35:58.409Z - info: 1. admin/teamList
2022-01-25T14:35:59.436Z - info: Rebuilding 1 pages
2022-01-25T14:35:59.714Z - info: Site data built
2022-01-25T14:35:59.714Z - info: Pages rebuilt
2022-01-25T14:35:59.714Z - info: Website regeneration complete! Total build time: 0.279s
2022-01-25T14:36:26.912Z - info: [10:36:26 pm] Reload for file change: C:\repos\nus-cs2103\cs2103-website-base\admin\teamList.md
2022-01-25T14:36:26.913Z - info: Synchronizing opened pages list before reload
2022-01-25T14:36:26.913Z - info: Current opened pages, from most-to-least recent:
2022-01-25T14:36:26.913Z - info: 1. admin/teamList
2022-01-25T14:36:27.927Z - info: Rebuilding 1 pages
2022-01-25T14:36:28.057Z - info: Site data built
2022-01-25T14:36:28.057Z - info: Pages rebuilt
2022-01-25T14:36:28.058Z - info: Website regeneration complete! Total build time: 0.131s
2022-01-25T14:37:42.145Z - info: [10:37:42 pm] Reload for file change: C:\repos\nus-cs2103\cs2103-website-base\admin\teamList.md
2022-01-25T14:37:42.145Z - info: Synchronizing opened pages list before reload
2022-01-25T14:37:42.145Z - info: Current opened pages, from most-to-least recent:
2022-01-25T14:37:42.145Z - info: 1. admin/teamList
2022-01-25T14:37:43.151Z - info: Rebuilding 1 pages
2022-01-25T14:37:43.215Z - info: Site data built
2022-01-25T14:37:43.215Z - info: Pages rebuilt
2022-01-25T14:37:43.216Z - info: Website regeneration complete! Total build time: 0.065s
2022-01-25T14:45:33.894Z - info: [10:45:33 pm] Reload for file change: C:\repos\nus-cs2103\cs2103-website-base\_module-TIC4002\studentData.mbdf
2022-01-25T14:45:33.894Z - info: Synchronizing opened pages list before reload
2022-01-25T14:45:33.894Z - info: Current opened pages, from most-to-least recent:
2022-01-25T14:45:33.894Z - info: 1. admin/ip-showcase
2022-01-25T14:45:34.900Z - info: Rebuilding 1 pages
2022-01-25T14:45:35.059Z - info: Site data built
2022-01-25T14:45:35.059Z - info: Pages rebuilt
2022-01-25T14:45:35.059Z - info: Website regeneration complete! Total build time: 0.16s
2022-01-25T14:45:47.943Z - info: [10:45:47 pm] Reload for file change: C:\repos\nus-cs2103\cs2103-website-base\_module-TIC4002\studentData.mbdf
2022-01-25T14:45:47.943Z - info: Synchronizing opened pages list before reload
2022-01-25T14:45:47.943Z - info: Current opened pages, from most-to-least recent:
2022-01-25T14:45:47.943Z - info: 1. admin/ip-showcase
2022-01-25T14:45:48.960Z - info: Rebuilding 1 pages
2022-01-25T14:45:49.119Z - info: Site data built
2022-01-25T14:45:49.119Z - info: Pages rebuilt
2022-01-25T14:45:49.119Z - info: Website regeneration complete! Total build time: 0.16s
2022-01-25T14:45:51.483Z - info: Building C:\repos\nus-cs2103\cs2103-website-base\index as some of its dependencies were changed since the last visit
2022-01-25T14:45:52.238Z - info: Site data built
2022-01-25T14:45:52.238Z - info: Lazy website regeneration complete! Total build time: 0.756s
2022-01-25T14:45:55.396Z - info: Building C:\repos\nus-cs2103\cs2103-website-base\schedule\week4\index as some of its dependencies were changed since the last visit
2022-01-25T14:45:55.998Z - info: Site data built
2022-01-25T14:45:55.998Z - info: Lazy website regeneration complete! Total build time: 0.602s
2022-01-25T14:45:59.340Z - info: Building C:\repos\nus-cs2103\cs2103-website-base\schedule\week4\tutorial as some of its dependencies were changed since the last visit
2022-01-25T14:45:59.548Z - info: Site data built
2022-01-25T14:45:59.549Z - info: Lazy website regeneration complete! Total build time: 0.209s
2022-01-25T14:46:02.548Z - info: Building C:\repos\nus-cs2103\cs2103-website-base\schedule\week4\topics as some of its dependencies were changed since the last visit
2022-01-25T14:46:04.506Z - info: Site data built
2022-01-25T14:46:04.506Z - info: Lazy website regeneration complete! Total build time: 1.958s
2022-01-25T14:46:07.214Z - debug:  
2022-01-25T14:46:18.228Z - info: Building C:\repos\nus-cs2103\cs2103-website-base\schedule\week4\admin as some of its dependencies were changed since the last visit
2022-01-25T14:46:18.489Z - info: Site data built
2022-01-25T14:46:18.489Z - info: Lazy website regeneration complete! Total build time: 0.261s
2022-01-25T14:46:22.810Z - info: Building C:\repos\nus-cs2103\cs2103-website-base\schedule\week4\project as some of its dependencies were changed since the last visit
2022-01-25T14:46:23.975Z - info: Site data built
2022-01-25T14:46:23.975Z - info: Lazy website regeneration complete! Total build time: 1.165s
2022-01-25T14:47:09.513Z - info: Building C:\repos\nus-cs2103\cs2103-website-base\schedule\week5\project as some of its dependencies were changed since the last visit
2022-01-25T14:47:11.539Z - info: Site data built
2022-01-25T14:47:11.539Z - info: Lazy website regeneration complete! Total build time: 2.026s
2022-01-25T14:48:08.362Z - info: [10:48:08 pm] Reload for file change: C:\repos\nus-cs2103\cs2103-website-base\_module-TIC4002\studentData.mbdf
2022-01-25T14:48:08.363Z - info: Synchronizing opened pages list before reload
2022-01-25T14:48:08.363Z - info: Current opened pages, from most-to-least recent:
2022-01-25T14:48:08.363Z - info: 1. schedule/week4/project
2022-01-25T14:48:09.368Z - info: Rebuilding 1 pages
2022-01-25T14:48:10.488Z - info: Site data built
2022-01-25T14:48:10.489Z - info: Pages rebuilt
2022-01-25T14:48:10.489Z - info: Website regeneration complete! Total build time: 1.124s
