2022-04-12T16:52:30.291Z - info: Website generation (lazy) started at 12:52:24 am
2022-04-12T16:52:36.096Z - info: Building assets...
2022-04-12T16:52:42.337Z - info: Assets built
2022-04-12T16:52:42.338Z - info: Generating landing page...
2022-04-12T16:52:43.285Z - info: Landing page built, other pages will be built as you navigate to them!
2022-04-12T16:52:44.498Z - info: Site data built
2022-04-12T16:52:44.498Z - info: Website generation (lazy) complete! Total build time: 19.535s
2022-04-12T16:52:45.405Z - info: Serving "C:\repos\nus-cs2103\cs2103-website-base\_site" at http://127.0.0.1:8080
2022-04-12T16:52:45.405Z - info: Press CTRL+C to stop ...
2022-04-12T16:53:02.157Z - info: Building C:\repos\nus-cs2103\cs2103-website-base\schedule\week13\index as some of its dependencies were changed since the last visit
2022-04-12T16:53:02.702Z - info: Site data built
2022-04-12T16:53:02.702Z - info: Lazy website regeneration complete! Total build time: 0.546s
2022-04-12T16:53:12.822Z - info: Building C:\repos\nus-cs2103\cs2103-website-base\admin\index as some of its dependencies were changed since the last visit
2022-04-12T16:53:14.583Z - info: Site data built
2022-04-12T16:53:14.584Z - info: Lazy website regeneration complete! Total build time: 1.761s
2022-04-12T16:54:01.217Z - info: [12:54:01 am] Reload for file change: C:\repos\nus-cs2103\cs2103-website-base\admin\index-tic2002.mbdf
2022-04-12T16:54:01.218Z - info: Synchronizing opened pages list before reload
2022-04-12T16:54:01.218Z - info: Current opened pages, from most-to-least recent:
2022-04-12T16:54:01.218Z - info: 1. admin/index
2022-04-12T16:54:02.224Z - info: Rebuilding 1 pages
2022-04-12T16:54:03.559Z - info: Site data built
2022-04-12T16:54:03.559Z - info: Pages rebuilt
2022-04-12T16:54:03.560Z - info: Website regeneration complete! Total build time: 1.336s
2022-04-12T16:54:25.559Z - info: [12:54:25 am] Reload for file change: C:\repos\nus-cs2103\cs2103-website-base\admin\index-tic2002.mbdf
2022-04-12T16:54:25.560Z - info: Synchronizing opened pages list before reload
2022-04-12T16:54:25.563Z - info: Current opened pages, from most-to-least recent:
2022-04-12T16:54:25.563Z - info: 1. admin/index
2022-04-12T16:54:26.580Z - info: Rebuilding 1 pages
2022-04-12T16:54:27.873Z - info: Site data built
2022-04-12T16:54:27.874Z - info: Pages rebuilt
2022-04-12T16:54:27.874Z - info: Website regeneration complete! Total build time: 1.295s
2022-04-12T16:55:33.333Z - info: [12:55:33 am] Reload for file change: C:\repos\nus-cs2103\cs2103-website-base\_markbind\variables.md
2022-04-12T16:55:33.333Z - info: Synchronizing opened pages list before reload
2022-04-12T16:55:33.334Z - info: Current opened pages, from most-to-least recent:
2022-04-12T16:55:33.334Z - info: 1. admin/index
2022-04-12T16:55:34.428Z - warn: Rebuilding all pages as variables file was changed, or the --force-reload flag was set
2022-04-12T16:55:34.432Z - info: Rebuilding 1 pages
2022-04-12T16:55:35.771Z - info: Site data built
2022-04-12T16:55:35.771Z - info: Pages rebuilt
2022-04-12T16:55:35.772Z - info: Website regeneration complete! Total build time: 1.433s
2022-04-12T16:55:58.911Z - info: Website generation started at 12:55:56 am
2022-04-12T16:56:05.163Z - info: Building assets...
2022-04-12T16:56:10.987Z - info: Assets built
2022-04-12T16:56:10.988Z - info: Generating pages...
2022-04-12T16:56:23.348Z - debug:  
2022-04-12T16:56:23.348Z - debug:  
2022-04-12T16:56:23.349Z - debug:  
2022-04-12T16:56:23.349Z - debug:  
2022-04-12T16:56:23.349Z - debug:  
2022-04-12T16:56:58.879Z - debug:  
2022-04-12T16:57:50.628Z - info: Pages built
2022-04-12T16:57:52.275Z - info: Site data built
2022-04-12T16:57:52.275Z - info: Website generation complete! Total build time: 115.461s
2022-04-12T16:57:52.275Z - info: Build success!
2022-04-12T17:00:38.905Z - info: The website has been deployed at: https://nus-tic2002-2022.github.io/website
