2022-01-09T16:07:16.333Z - info: Website generation started at 12:07:09 am
2022-01-09T16:07:23.038Z - info: Building assets...
2022-01-09T16:07:29.389Z - info: Assets built
2022-01-09T16:07:29.390Z - info: Generating pages...
2022-01-09T16:07:41.673Z - debug:  
2022-01-09T16:07:41.674Z - debug:  
2022-01-09T16:07:41.674Z - debug:  
2022-01-09T16:07:41.675Z - debug:  
2022-01-09T16:07:41.675Z - debug:  
2022-01-09T16:08:23.491Z - debug:  
2022-01-09T16:09:19.055Z - info: Pages built
2022-01-09T16:09:20.037Z - info: Site data built
2022-01-09T16:09:20.038Z - info: Website generation complete! Total build time: 130.66s
2022-01-09T16:09:20.038Z - info: Build success!
2022-01-09T16:09:34.340Z - info: Deployed at https://nus-tic2002-2022.github.io/website!
2022-01-09T16:13:45.362Z - info: Website generation started at 12:13:40 am
2022-01-09T16:13:50.931Z - info: Building assets...
2022-01-09T16:13:56.118Z - info: Assets built
2022-01-09T16:13:56.119Z - info: Generating pages...
2022-01-09T16:14:04.602Z - debug:  
2022-01-09T16:14:04.614Z - debug:  
2022-01-09T16:14:06.745Z - debug:  
2022-01-09T16:14:06.745Z - debug:  
2022-01-09T16:14:06.746Z - debug:  
2022-01-09T16:14:06.746Z - debug:  
2022-01-09T16:15:46.497Z - debug:  
2022-01-09T16:15:58.108Z - debug:  
2022-01-09T16:15:58.192Z - debug:  
2022-01-09T16:16:01.023Z - info: Pages built
2022-01-09T16:16:01.897Z - info: Site data built
2022-01-09T16:16:01.897Z - info: Website generation complete! Total build time: 141.152s
2022-01-09T16:16:01.897Z - info: Build success!
2022-01-09T16:16:14.236Z - info: Deployed at https://nus-tic4002-ay2122s2.github.io/website!
2022-01-10T10:47:49.230Z - info: Website generation started at 6:47:44 pm
2022-01-10T10:47:55.710Z - info: Building assets...
2022-01-10T10:48:00.191Z - info: Assets built
2022-01-10T10:48:00.192Z - info: Generating pages...
2022-01-10T10:48:09.034Z - debug:  
2022-01-10T10:48:09.035Z - debug:  
2022-01-10T10:48:09.035Z - debug:  
2022-01-10T10:48:09.035Z - debug:  
2022-01-10T10:48:09.035Z - debug:  
2022-01-10T10:48:09.035Z - debug:  
2022-01-10T10:49:56.335Z - debug:  
2022-01-10T10:50:08.091Z - debug:  
2022-01-10T10:50:08.155Z - debug:  
2022-01-10T10:50:12.988Z - info: Pages built
2022-01-10T10:50:14.138Z - info: Site data built
2022-01-10T10:50:14.138Z - info: Website generation complete! Total build time: 149.755s
2022-01-10T10:50:15.021Z - info: Serving "C:\repos\nus-cs2103\cs2103-website-base\_site" at http://127.0.0.1:8080
2022-01-10T10:50:15.021Z - info: Press CTRL+C to stop ...
