2022-04-27T16:35:46.076Z - info: Website generation (lazy) started at 12:35:40 am
2022-04-27T16:35:51.803Z - info: Building assets...
2022-04-27T16:35:56.426Z - info: Assets built
2022-04-27T16:35:56.427Z - info: Generating landing page...
2022-04-27T16:35:57.673Z - info: Landing page built, other pages will be built as you navigate to them!
2022-04-27T16:35:58.648Z - info: Site data built
2022-04-27T16:35:58.648Z - info: Website generation (lazy) complete! Total build time: 17.795s
2022-04-27T16:35:59.545Z - info: Serving "C:\repos\nus-cs2103\cs2103-website-base\_site" at http://127.0.0.1:8080
2022-04-27T16:35:59.545Z - info: Press CTRL+C to stop ...
2022-04-27T16:36:01.719Z - info: [12:36:01 am] Reload for file change: C:\repos\nus-cs2103\cs2103-website-base\admin\tp-pe.mbdf
2022-04-27T16:36:01.720Z - info: Synchronizing opened pages list before reload
2022-04-27T16:36:01.720Z - info: No pages are currently opened
2022-04-27T16:36:06.727Z - info: Assets built
2022-04-27T16:36:24.067Z - info: [12:36:24 am] Reload for file change: C:\repos\nus-cs2103\cs2103-website-base\admin\tp-pe.mbdf
2022-04-27T16:36:24.067Z - info: Synchronizing opened pages list before reload
2022-04-27T16:36:24.068Z - info: Current opened pages, from most-to-least recent:
2022-04-27T16:36:24.068Z - info: 1. index
2022-04-27T16:36:25.089Z - info: Assets built
2022-04-27T16:36:26.165Z - info: Building C:\repos\nus-cs2103\cs2103-website-base\admin\exams as some of its dependencies were changed since the last visit
2022-04-27T16:36:26.602Z - info: Site data built
2022-04-27T16:36:26.602Z - info: Lazy website regeneration complete! Total build time: 0.437s
2022-04-27T16:36:58.403Z - info: [12:36:58 am] Reload for file change: C:\repos\nus-cs2103\cs2103-website-base\admin\tp-pe.mbdf
2022-04-27T16:36:58.403Z - info: Synchronizing opened pages list before reload
2022-04-27T16:36:58.404Z - info: Current opened pages, from most-to-least recent:
2022-04-27T16:36:58.404Z - info: 1. admin/exams
2022-04-27T16:36:59.406Z - info: Rebuilding 1 pages
2022-04-27T16:36:59.587Z - info: Site data built
2022-04-27T16:36:59.588Z - info: Pages rebuilt
2022-04-27T16:36:59.588Z - info: Website regeneration complete! Total build time: 0.183s
2022-04-27T16:37:21.477Z - info: Website generation started at 12:37:19 am
2022-04-27T16:37:25.957Z - info: Building assets...
2022-04-27T16:37:30.620Z - info: Assets built
2022-04-27T16:37:30.621Z - info: Generating pages...
2022-04-27T16:37:40.866Z - debug:  
2022-04-27T16:37:40.867Z - debug:  
2022-04-27T16:37:40.867Z - debug:  
2022-04-27T16:37:40.868Z - debug:  
2022-04-27T16:37:40.868Z - debug:  
2022-04-27T16:37:40.868Z - debug:  
2022-04-27T16:39:25.571Z - debug:  
2022-04-27T16:39:39.179Z - debug:  
2022-04-27T16:39:39.179Z - debug:  
2022-04-27T16:39:45.578Z - info: Pages built
2022-04-27T16:39:46.747Z - info: Site data built
2022-04-27T16:39:46.747Z - info: Website generation complete! Total build time: 146.821s
2022-04-27T16:39:46.747Z - info: Build success!
2022-04-27T16:42:30.535Z - info: The website has been deployed at: https://nus-cs2103-ay2122s2.github.io/website
