2022-02-21T16:59:58.766Z - info: Website generation (lazy) started at 12:59:53 am
2022-02-21T17:00:05.399Z - info: Building assets...
2022-02-21T17:00:09.721Z - info: Assets built
2022-02-21T17:00:09.721Z - info: Generating landing page...
2022-02-21T17:00:10.351Z - info: Landing page built, other pages will be built as you navigate to them!
2022-02-21T17:00:11.790Z - info: Site data built
2022-02-21T17:00:11.790Z - info: Website generation (lazy) complete! Total build time: 18.527s
2022-02-21T17:00:12.667Z - info: Serving "C:\repos\nus-cs2103\cs2103-website-base\_site" at http://127.0.0.1:8080
2022-02-21T17:00:12.668Z - info: Press CTRL+C to stop ...
2022-02-21T17:00:23.873Z - info: Building C:\repos\nus-cs2103\cs2103-website-base\schedule\week6\topics-py as some of its dependencies were changed since the last visit
2022-02-21T17:00:24.637Z - info: Site data built
2022-02-21T17:00:24.637Z - info: Lazy website regeneration complete! Total build time: 0.765s
2022-02-21T17:01:36.980Z - info: [1:01:36 am] Reload for file change: C:\repos\nus-cs2103\cs2103-website-base\programming\files-csv\e-calculateGst.md
2022-02-21T17:01:36.981Z - info: Synchronizing opened pages list before reload
2022-02-21T17:01:36.981Z - info: Current opened pages, from most-to-least recent:
2022-02-21T17:01:36.982Z - info: 1. schedule/week6/topics-py
2022-02-21T17:01:37.985Z - info: Rebuilding 1 pages
2022-02-21T17:01:38.654Z - info: Site data built
2022-02-21T17:01:38.654Z - info: Pages rebuilt
2022-02-21T17:01:38.655Z - info: Website regeneration complete! Total build time: 0.671s
2022-02-21T17:04:21.180Z - info: [1:04:21 am] Reload for file change: C:\repos\nus-cs2103\cs2103-website-base\programming\files-csv\e-calculateGst.md
2022-02-21T17:04:21.181Z - info: Synchronizing opened pages list before reload
2022-02-21T17:04:21.181Z - info: Current opened pages, from most-to-least recent:
2022-02-21T17:04:21.181Z - info: 1. schedule/week6/topics-py
2022-02-21T17:04:22.198Z - info: Rebuilding 1 pages
2022-02-21T17:04:22.762Z - info: Site data built
2022-02-21T17:04:22.762Z - info: Pages rebuilt
2022-02-21T17:04:22.763Z - info: Website regeneration complete! Total build time: 0.567s
2022-02-21T17:06:40.390Z - info: [1:06:40 am] Reload for file change: C:\repos\nus-cs2103\cs2103-website-base\programming\files-csv\e-calculateGst.md
2022-02-21T17:06:40.391Z - info: Synchronizing opened pages list before reload
2022-02-21T17:06:40.391Z - info: Current opened pages, from most-to-least recent:
2022-02-21T17:06:40.391Z - info: 1. schedule/week6/topics-py
2022-02-21T17:06:41.399Z - info: Rebuilding 1 pages
2022-02-21T17:06:42.055Z - info: Site data built
2022-02-21T17:06:42.055Z - info: Pages rebuilt
2022-02-21T17:06:42.055Z - info: Website regeneration complete! Total build time: 0.658s
2022-02-21T17:07:16.228Z - info: [1:07:16 am] Reload for file change: C:\repos\nus-cs2103\cs2103-website-base\programming\files-csv\e-calculateGst.md
2022-02-21T17:07:16.228Z - info: Synchronizing opened pages list before reload
2022-02-21T17:07:16.228Z - info: Current opened pages, from most-to-least recent:
2022-02-21T17:07:16.229Z - info: 1. schedule/week6/topics-py
2022-02-21T17:07:17.231Z - info: Rebuilding 1 pages
2022-02-21T17:07:17.799Z - info: Site data built
2022-02-21T17:07:17.799Z - info: Pages rebuilt
2022-02-21T17:07:17.799Z - info: Website regeneration complete! Total build time: 0.57s
2022-02-21T17:07:33.483Z - info: [1:07:33 am] Reload for file change: C:\repos\nus-cs2103\cs2103-website-base\programming\files-csv\e-calculateGst.md
2022-02-21T17:07:33.483Z - info: Synchronizing opened pages list before reload
2022-02-21T17:07:33.483Z - info: Current opened pages, from most-to-least recent:
2022-02-21T17:07:33.484Z - info: 1. schedule/week6/topics-py
2022-02-21T17:07:34.490Z - info: Rebuilding 1 pages
2022-02-21T17:07:35.243Z - info: Site data built
2022-02-21T17:07:35.244Z - info: Pages rebuilt
2022-02-21T17:07:35.244Z - info: Website regeneration complete! Total build time: 0.755s
2022-02-21T17:07:59.620Z - info: [1:07:59 am] Reload for file change: C:\repos\nus-cs2103\cs2103-website-base\programming\files-csv\e-calculateGst.md
2022-02-21T17:07:59.620Z - info: Synchronizing opened pages list before reload
2022-02-21T17:07:59.620Z - info: Current opened pages, from most-to-least recent:
2022-02-21T17:07:59.621Z - info: 1. schedule/week6/topics-py
2022-02-21T17:08:00.621Z - info: Rebuilding 1 pages
2022-02-21T17:08:01.167Z - info: Site data built
2022-02-21T17:08:01.168Z - info: Pages rebuilt
2022-02-21T17:08:01.168Z - info: Website regeneration complete! Total build time: 0.548s
2022-02-21T17:08:38.026Z - info: Website generation started at 1:08:35 am
2022-02-21T17:08:43.397Z - info: Building assets...
2022-02-21T17:08:47.303Z - info: Assets built
2022-02-21T17:08:47.304Z - info: Generating pages...
2022-02-21T17:08:55.556Z - debug:  
2022-02-21T17:08:55.556Z - debug:  
2022-02-21T17:09:00.820Z - debug:  
2022-02-21T17:09:00.820Z - debug:  
2022-02-21T17:09:17.830Z - debug:  
2022-02-21T17:09:33.307Z - debug:  
2022-02-21T17:10:12.013Z - info: Pages built
2022-02-21T17:10:13.010Z - info: Site data built
2022-02-21T17:10:13.010Z - info: Website generation complete! Total build time: 97.48s
2022-02-21T17:10:13.010Z - info: Build success!
2022-02-21T17:11:48.661Z - info: The website has been deployed at: https://nus-tee3201.github.io/2022
